strtof() fine for cnt == 0
strtof() fine for cnt == 1
strtof() fine for cnt == 2
strtof() fine for cnt == 3
strtof() fine for cnt == 4
strtof() fine for cnt == 5
strtof() fine for cnt == 6
strtof() fine for cnt == 7
strtof() fine for cnt == 8
strtof() fine for cnt == 9
strtof() fine for cnt == 10
strtof() fine for cnt == 11
strtof() fine for cnt == 12
strtof() fine for cnt == 13
strtof() fine for cnt == 14
strtof() fine for cnt == 15
strtof() fine for cnt == 16
strtof() fine for cnt == 17
strtof() fine for cnt == 18
strtof() fine for cnt == 19
strtof() fine for cnt == 20
strtof() fine for cnt == 21
strtof() fine for cnt == 22
strtof() fine for cnt == 23
strtof() fine for cnt == 24
strtof() fine for cnt == 25
strtof() fine for cnt == 26
strtof() fine for cnt == 27
strtof() fine for cnt == 28
strtof() fine for cnt == 29
strtof() fine for cnt == 30
strtof() fine for cnt == 31
strtof() fine for cnt == 32
strtof() fine for cnt == 33
strtof() fine for cnt == 34
strtof() fine for cnt == 35
strtof() fine for cnt == 36
strtof() fine for cnt == 37
strtof() fine for cnt == 38
strtof() fine for cnt == 39
strtof() fine for cnt == 40
strtof() fine for cnt == 41
strtof() fine for cnt == 42
strtof() fine for cnt == 43
strtof() fine for cnt == 44
strtof() fine for cnt == 45
strtof() fine for cnt == 46
strtof() fine for cnt == 47
strtof() fine for cnt == 48
strtof() fine for cnt == 49
strtof() fine for cnt == 50
strtof() fine for cnt == 51
strtof() fine for cnt == 52
strtof() fine for cnt == 53
strtof() fine for cnt == 54
strtof() fine for cnt == 55
strtof() fine for cnt == 56
strtof() fine for cnt == 57
strtof() fine for cnt == 58
strtof() fine for cnt == 59
strtof() fine for cnt == 60
strtof() fine for cnt == 61
strtof() fine for cnt == 62
strtof() fine for cnt == 63
strtof() fine for cnt == 64
strtof() fine for cnt == 65
strtof() fine for cnt == 66
strtof() fine for cnt == 67
strtof() fine for cnt == 68
strtof() fine for cnt == 69
strtof() fine for cnt == 70
strtof() fine for cnt == 71
strtof() fine for cnt == 72
strtof() fine for cnt == 73
strtof() fine for cnt == 74
strtof() fine for cnt == 75
strtof() fine for cnt == 76
strtof() fine for cnt == 77
strtof() fine for cnt == 78
strtof() fine for cnt == 79
strtof() fine for cnt == 80
strtof() fine for cnt == 81
strtof() fine for cnt == 82
strtof() fine for cnt == 83
strtof() fine for cnt == 84
strtof() fine for cnt == 85
strtof() fine for cnt == 86
strtof() fine for cnt == 87
strtof() fine for cnt == 88
strtof() fine for cnt == 89
strtof() fine for cnt == 90
strtof() fine for cnt == 91
strtof() fine for cnt == 92
strtof() fine for cnt == 93
strtof() fine for cnt == 94
strtof() fine for cnt == 95
strtof() fine for cnt == 96
strtof() fine for cnt == 97
strtof() fine for cnt == 98
strtof() fine for cnt == 99
strtof() fine for cnt == 100
strtof() fine for cnt == 101
strtof() fine for cnt == 102
strtof() fine for cnt == 103
strtof() fine for cnt == 104
strtof() fine for cnt == 105
strtof() fine for cnt == 106
strtof() fine for cnt == 107
strtof() fine for cnt == 108
strtof() fine for cnt == 109
strtof() fine for cnt == 110
strtof() fine for cnt == 111
strtof() fine for cnt == 112
strtof() fine for cnt == 113
strtof() fine for cnt == 114
strtof() fine for cnt == 115
strtof() fine for cnt == 116
strtof() fine for cnt == 117
strtof() fine for cnt == 118
strtof() fine for cnt == 119
strtof() fine for cnt == 120
strtof() fine for cnt == 121
strtof() fine for cnt == 122
strtof() fine for cnt == 123
strtof() fine for cnt == 124
strtof() fine for cnt == 125
strtof() fine for cnt == 126
strtof() fine for cnt == 127
strtof() fine for cnt == 128
strtof() fine for cnt == 129
strtof() fine for cnt == 130
strtof() fine for cnt == 131
strtof() fine for cnt == 132
strtof() fine for cnt == 133
strtof() fine for cnt == 134
strtof() fine for cnt == 135
strtof() fine for cnt == 136
strtof() fine for cnt == 137
strtof() fine for cnt == 138
strtof() fine for cnt == 139
strtof() fine for cnt == 140
strtof() fine for cnt == 141
strtof() fine for cnt == 142
strtof() fine for cnt == 143
strtof() fine for cnt == 144
strtof() fine for cnt == 145
strtof() fine for cnt == 146
strtof() fine for cnt == 147
strtof() fine for cnt == 148
strtof() fine for cnt == 149
strtof() fine for cnt == 150
strtof() fine for cnt == 151
strtof() fine for cnt == 152
strtof() fine for cnt == 153
strtof() fine for cnt == 154
strtof() fine for cnt == 155
strtof() fine for cnt == 156
strtof() fine for cnt == 157
strtof() fine for cnt == 158
strtof() fine for cnt == 159
strtof() fine for cnt == 160
strtof() fine for cnt == 161
strtof() fine for cnt == 162
strtof() fine for cnt == 163
strtof() fine for cnt == 164
strtof() fine for cnt == 165
strtof() fine for cnt == 166
strtof() fine for cnt == 167
strtof() fine for cnt == 168
strtof() fine for cnt == 169
strtof() fine for cnt == 170
strtof() fine for cnt == 171
strtof() fine for cnt == 172
strtof() fine for cnt == 173
strtof() fine for cnt == 174
strtof() fine for cnt == 175
strtof() fine for cnt == 176
strtof() fine for cnt == 177
strtof() fine for cnt == 178
strtof() fine for cnt == 179
strtof() fine for cnt == 180
strtof() fine for cnt == 181
strtof() fine for cnt == 182
strtof() fine for cnt == 183
strtof() fine for cnt == 184
strtof() fine for cnt == 185
strtof() fine for cnt == 186
strtof() fine for cnt == 187
strtof() fine for cnt == 188
strtof() fine for cnt == 189
strtof() fine for cnt == 190
strtof() fine for cnt == 191
strtof() fine for cnt == 192
strtof() fine for cnt == 193
strtof() fine for cnt == 194
strtof() fine for cnt == 195
strtof() fine for cnt == 196
strtof() fine for cnt == 197
strtof() fine for cnt == 198
strtof() fine for cnt == 199
strtod() fine for cnt == 0
strtod() fine for cnt == 1
strtod() fine for cnt == 2
strtod() fine for cnt == 3
strtod() fine for cnt == 4
strtod() fine for cnt == 5
strtod() fine for cnt == 6
strtod() fine for cnt == 7
strtod() fine for cnt == 8
strtod() fine for cnt == 9
strtod() fine for cnt == 10
strtod() fine for cnt == 11
strtod() fine for cnt == 12
strtod() fine for cnt == 13
strtod() fine for cnt == 14
strtod() fine for cnt == 15
strtod() fine for cnt == 16
strtod() fine for cnt == 17
strtod() fine for cnt == 18
strtod() fine for cnt == 19
strtod() fine for cnt == 20
strtod() fine for cnt == 21
strtod() fine for cnt == 22
strtod() fine for cnt == 23
strtod() fine for cnt == 24
strtod() fine for cnt == 25
strtod() fine for cnt == 26
strtod() fine for cnt == 27
strtod() fine for cnt == 28
strtod() fine for cnt == 29
strtod() fine for cnt == 30
strtod() fine for cnt == 31
strtod() fine for cnt == 32
strtod() fine for cnt == 33
strtod() fine for cnt == 34
strtod() fine for cnt == 35
strtod() fine for cnt == 36
strtod() fine for cnt == 37
strtod() fine for cnt == 38
strtod() fine for cnt == 39
strtod() fine for cnt == 40
strtod() fine for cnt == 41
strtod() fine for cnt == 42
strtod() fine for cnt == 43
strtod() fine for cnt == 44
strtod() fine for cnt == 45
strtod() fine for cnt == 46
strtod() fine for cnt == 47
strtod() fine for cnt == 48
strtod() fine for cnt == 49
strtod() fine for cnt == 50
strtod() fine for cnt == 51
strtod() fine for cnt == 52
strtod() fine for cnt == 53
strtod() fine for cnt == 54
strtod() fine for cnt == 55
strtod() fine for cnt == 56
strtod() fine for cnt == 57
strtod() fine for cnt == 58
strtod() fine for cnt == 59
strtod() fine for cnt == 60
strtod() fine for cnt == 61
strtod() fine for cnt == 62
strtod() fine for cnt == 63
strtod() fine for cnt == 64
strtod() fine for cnt == 65
strtod() fine for cnt == 66
strtod() fine for cnt == 67
strtod() fine for cnt == 68
strtod() fine for cnt == 69
strtod() fine for cnt == 70
strtod() fine for cnt == 71
strtod() fine for cnt == 72
strtod() fine for cnt == 73
strtod() fine for cnt == 74
strtod() fine for cnt == 75
strtod() fine for cnt == 76
strtod() fine for cnt == 77
strtod() fine for cnt == 78
strtod() fine for cnt == 79
strtod() fine for cnt == 80
strtod() fine for cnt == 81
strtod() fine for cnt == 82
strtod() fine for cnt == 83
strtod() fine for cnt == 84
strtod() fine for cnt == 85
strtod() fine for cnt == 86
strtod() fine for cnt == 87
strtod() fine for cnt == 88
strtod() fine for cnt == 89
strtod() fine for cnt == 90
strtod() fine for cnt == 91
strtod() fine for cnt == 92
strtod() fine for cnt == 93
strtod() fine for cnt == 94
strtod() fine for cnt == 95
strtod() fine for cnt == 96
strtod() fine for cnt == 97
strtod() fine for cnt == 98
strtod() fine for cnt == 99
strtod() fine for cnt == 100
strtod() fine for cnt == 101
strtod() fine for cnt == 102
strtod() fine for cnt == 103
strtod() fine for cnt == 104
strtod() fine for cnt == 105
strtod() fine for cnt == 106
strtod() fine for cnt == 107
strtod() fine for cnt == 108
strtod() fine for cnt == 109
strtod() fine for cnt == 110
strtod() fine for cnt == 111
strtod() fine for cnt == 112
strtod() fine for cnt == 113
strtod() fine for cnt == 114
strtod() fine for cnt == 115
strtod() fine for cnt == 116
strtod() fine for cnt == 117
strtod() fine for cnt == 118
strtod() fine for cnt == 119
strtod() fine for cnt == 120
strtod() fine for cnt == 121
strtod() fine for cnt == 122
strtod() fine for cnt == 123
strtod() fine for cnt == 124
strtod() fine for cnt == 125
strtod() fine for cnt == 126
strtod() fine for cnt == 127
strtod() fine for cnt == 128
strtod() fine for cnt == 129
strtod() fine for cnt == 130
strtod() fine for cnt == 131
strtod() fine for cnt == 132
strtod() fine for cnt == 133
strtod() fine for cnt == 134
strtod() fine for cnt == 135
strtod() fine for cnt == 136
strtod() fine for cnt == 137
strtod() fine for cnt == 138
strtod() fine for cnt == 139
strtod() fine for cnt == 140
strtod() fine for cnt == 141
strtod() fine for cnt == 142
strtod() fine for cnt == 143
strtod() fine for cnt == 144
strtod() fine for cnt == 145
strtod() fine for cnt == 146
strtod() fine for cnt == 147
strtod() fine for cnt == 148
strtod() fine for cnt == 149
strtod() fine for cnt == 150
strtod() fine for cnt == 151
strtod() fine for cnt == 152
strtod() fine for cnt == 153
strtod() fine for cnt == 154
strtod() fine for cnt == 155
strtod() fine for cnt == 156
strtod() fine for cnt == 157
strtod() fine for cnt == 158
strtod() fine for cnt == 159
strtod() fine for cnt == 160
strtod() fine for cnt == 161
strtod() fine for cnt == 162
strtod() fine for cnt == 163
strtod() fine for cnt == 164
strtod() fine for cnt == 165
strtod() fine for cnt == 166
strtod() fine for cnt == 167
strtod() fine for cnt == 168
strtod() fine for cnt == 169
strtod() fine for cnt == 170
strtod() fine for cnt == 171
strtod() fine for cnt == 172
strtod() fine for cnt == 173
strtod() fine for cnt == 174
strtod() fine for cnt == 175
strtod() fine for cnt == 176
strtod() fine for cnt == 177
strtod() fine for cnt == 178
strtod() fine for cnt == 179
strtod() fine for cnt == 180
strtod() fine for cnt == 181
strtod() fine for cnt == 182
strtod() fine for cnt == 183
strtod() fine for cnt == 184
strtod() fine for cnt == 185
strtod() fine for cnt == 186
strtod() fine for cnt == 187
strtod() fine for cnt == 188
strtod() fine for cnt == 189
strtod() fine for cnt == 190
strtod() fine for cnt == 191
strtod() fine for cnt == 192
strtod() fine for cnt == 193
strtod() fine for cnt == 194
strtod() fine for cnt == 195
strtod() fine for cnt == 196
strtod() fine for cnt == 197
strtod() fine for cnt == 198
strtod() fine for cnt == 199
strtold() fine for cnt == 0
strtold() fine for cnt == 1
strtold() fine for cnt == 2
strtold() fine for cnt == 3
strtold() fine for cnt == 4
strtold() fine for cnt == 5
strtold() fine for cnt == 6
strtold() fine for cnt == 7
strtold() fine for cnt == 8
strtold() fine for cnt == 9
strtold() fine for cnt == 10
strtold() fine for cnt == 11
strtold() fine for cnt == 12
strtold() fine for cnt == 13
strtold() fine for cnt == 14
strtold() fine for cnt == 15
strtold() fine for cnt == 16
strtold() fine for cnt == 17
strtold() fine for cnt == 18
strtold() fine for cnt == 19
strtold() fine for cnt == 20
strtold() fine for cnt == 21
strtold() fine for cnt == 22
strtold() fine for cnt == 23
strtold() fine for cnt == 24
strtold() fine for cnt == 25
strtold() fine for cnt == 26
strtold() fine for cnt == 27
strtold() fine for cnt == 28
strtold() fine for cnt == 29
strtold() fine for cnt == 30
strtold() fine for cnt == 31
strtold() fine for cnt == 32
strtold() fine for cnt == 33
strtold() fine for cnt == 34
strtold() fine for cnt == 35
strtold() fine for cnt == 36
strtold() fine for cnt == 37
strtold() fine for cnt == 38
strtold() fine for cnt == 39
strtold() fine for cnt == 40
strtold() fine for cnt == 41
strtold() fine for cnt == 42
strtold() fine for cnt == 43
strtold() fine for cnt == 44
strtold() fine for cnt == 45
strtold() fine for cnt == 46
strtold() fine for cnt == 47
strtold() fine for cnt == 48
strtold() fine for cnt == 49
strtold() fine for cnt == 50
strtold() fine for cnt == 51
strtold() fine for cnt == 52
strtold() fine for cnt == 53
strtold() fine for cnt == 54
strtold() fine for cnt == 55
strtold() fine for cnt == 56
strtold() fine for cnt == 57
strtold() fine for cnt == 58
strtold() fine for cnt == 59
strtold() fine for cnt == 60
strtold() fine for cnt == 61
strtold() fine for cnt == 62
strtold() fine for cnt == 63
strtold() fine for cnt == 64
strtold() fine for cnt == 65
strtold() fine for cnt == 66
strtold() fine for cnt == 67
strtold() fine for cnt == 68
strtold() fine for cnt == 69
strtold() fine for cnt == 70
strtold() fine for cnt == 71
strtold() fine for cnt == 72
strtold() fine for cnt == 73
strtold() fine for cnt == 74
strtold() fine for cnt == 75
strtold() fine for cnt == 76
strtold() fine for cnt == 77
strtold() fine for cnt == 78
strtold() fine for cnt == 79
strtold() fine for cnt == 80
strtold() fine for cnt == 81
strtold() fine for cnt == 82
strtold() fine for cnt == 83
strtold() fine for cnt == 84
strtold() fine for cnt == 85
strtold() fine for cnt == 86
strtold() fine for cnt == 87
strtold() fine for cnt == 88
strtold() fine for cnt == 89
strtold() fine for cnt == 90
strtold() fine for cnt == 91
strtold() fine for cnt == 92
strtold() fine for cnt == 93
strtold() fine for cnt == 94
strtold() fine for cnt == 95
strtold() fine for cnt == 96
strtold() fine for cnt == 97
strtold() fine for cnt == 98
strtold() fine for cnt == 99
strtold() fine for cnt == 100
strtold() fine for cnt == 101
strtold() fine for cnt == 102
strtold() fine for cnt == 103
strtold() fine for cnt == 104
strtold() fine for cnt == 105
strtold() fine for cnt == 106
strtold() fine for cnt == 107
strtold() fine for cnt == 108
strtold() fine for cnt == 109
strtold() fine for cnt == 110
strtold() fine for cnt == 111
strtold() fine for cnt == 112
strtold() fine for cnt == 113
strtold() fine for cnt == 114
strtold() fine for cnt == 115
strtold() fine for cnt == 116
strtold() fine for cnt == 117
strtold() fine for cnt == 118
strtold() fine for cnt == 119
strtold() fine for cnt == 120
strtold() fine for cnt == 121
strtold() fine for cnt == 122
strtold() fine for cnt == 123
strtold() fine for cnt == 124
strtold() fine for cnt == 125
strtold() fine for cnt == 126
strtold() fine for cnt == 127
strtold() fine for cnt == 128
strtold() fine for cnt == 129
strtold() fine for cnt == 130
strtold() fine for cnt == 131
strtold() fine for cnt == 132
strtold() fine for cnt == 133
strtold() fine for cnt == 134
strtold() fine for cnt == 135
strtold() fine for cnt == 136
strtold() fine for cnt == 137
strtold() fine for cnt == 138
strtold() fine for cnt == 139
strtold() fine for cnt == 140
strtold() fine for cnt == 141
strtold() fine for cnt == 142
strtold() fine for cnt == 143
strtold() fine for cnt == 144
strtold() fine for cnt == 145
strtold() fine for cnt == 146
strtold() fine for cnt == 147
strtold() fine for cnt == 148
strtold() fine for cnt == 149
strtold() fine for cnt == 150
strtold() fine for cnt == 151
strtold() fine for cnt == 152
strtold() fine for cnt == 153
strtold() fine for cnt == 154
strtold() fine for cnt == 155
strtold() fine for cnt == 156
strtold() fine for cnt == 157
strtold() fine for cnt == 158
strtold() fine for cnt == 159
strtold() fine for cnt == 160
strtold() fine for cnt == 161
strtold() fine for cnt == 162
strtold() fine for cnt == 163
strtold() fine for cnt == 164
strtold() fine for cnt == 165
strtold() fine for cnt == 166
strtold() fine for cnt == 167
strtold() fine for cnt == 168
strtold() fine for cnt == 169
strtold() fine for cnt == 170
strtold() fine for cnt == 171
strtold() fine for cnt == 172
strtold() fine for cnt == 173
strtold() fine for cnt == 174
strtold() fine for cnt == 175
strtold() fine for cnt == 176
strtold() fine for cnt == 177
strtold() fine for cnt == 178
strtold() fine for cnt == 179
strtold() fine for cnt == 180
strtold() fine for cnt == 181
strtold() fine for cnt == 182
strtold() fine for cnt == 183
strtold() fine for cnt == 184
strtold() fine for cnt == 185
strtold() fine for cnt == 186
strtold() fine for cnt == 187
strtold() fine for cnt == 188
strtold() fine for cnt == 189
strtold() fine for cnt == 190
strtold() fine for cnt == 191
strtold() fine for cnt == 192
strtold() fine for cnt == 193
strtold() fine for cnt == 194
strtold() fine for cnt == 195
strtold() fine for cnt == 196
strtold() fine for cnt == 197
strtold() fine for cnt == 198
strtold() fine for cnt == 199
strtof32() fine for cnt == 0
strtof32() fine for cnt == 1
strtof32() fine for cnt == 2
strtof32() fine for cnt == 3
strtof32() fine for cnt == 4
strtof32() fine for cnt == 5
strtof32() fine for cnt == 6
strtof32() fine for cnt == 7
strtof32() fine for cnt == 8
strtof32() fine for cnt == 9
strtof32() fine for cnt == 10
strtof32() fine for cnt == 11
strtof32() fine for cnt == 12
strtof32() fine for cnt == 13
strtof32() fine for cnt == 14
strtof32() fine for cnt == 15
strtof32() fine for cnt == 16
strtof32() fine for cnt == 17
strtof32() fine for cnt == 18
strtof32() fine for cnt == 19
strtof32() fine for cnt == 20
strtof32() fine for cnt == 21
strtof32() fine for cnt == 22
strtof32() fine for cnt == 23
strtof32() fine for cnt == 24
strtof32() fine for cnt == 25
strtof32() fine for cnt == 26
strtof32() fine for cnt == 27
strtof32() fine for cnt == 28
strtof32() fine for cnt == 29
strtof32() fine for cnt == 30
strtof32() fine for cnt == 31
strtof32() fine for cnt == 32
strtof32() fine for cnt == 33
strtof32() fine for cnt == 34
strtof32() fine for cnt == 35
strtof32() fine for cnt == 36
strtof32() fine for cnt == 37
strtof32() fine for cnt == 38
strtof32() fine for cnt == 39
strtof32() fine for cnt == 40
strtof32() fine for cnt == 41
strtof32() fine for cnt == 42
strtof32() fine for cnt == 43
strtof32() fine for cnt == 44
strtof32() fine for cnt == 45
strtof32() fine for cnt == 46
strtof32() fine for cnt == 47
strtof32() fine for cnt == 48
strtof32() fine for cnt == 49
strtof32() fine for cnt == 50
strtof32() fine for cnt == 51
strtof32() fine for cnt == 52
strtof32() fine for cnt == 53
strtof32() fine for cnt == 54
strtof32() fine for cnt == 55
strtof32() fine for cnt == 56
strtof32() fine for cnt == 57
strtof32() fine for cnt == 58
strtof32() fine for cnt == 59
strtof32() fine for cnt == 60
strtof32() fine for cnt == 61
strtof32() fine for cnt == 62
strtof32() fine for cnt == 63
strtof32() fine for cnt == 64
strtof32() fine for cnt == 65
strtof32() fine for cnt == 66
strtof32() fine for cnt == 67
strtof32() fine for cnt == 68
strtof32() fine for cnt == 69
strtof32() fine for cnt == 70
strtof32() fine for cnt == 71
strtof32() fine for cnt == 72
strtof32() fine for cnt == 73
strtof32() fine for cnt == 74
strtof32() fine for cnt == 75
strtof32() fine for cnt == 76
strtof32() fine for cnt == 77
strtof32() fine for cnt == 78
strtof32() fine for cnt == 79
strtof32() fine for cnt == 80
strtof32() fine for cnt == 81
strtof32() fine for cnt == 82
strtof32() fine for cnt == 83
strtof32() fine for cnt == 84
strtof32() fine for cnt == 85
strtof32() fine for cnt == 86
strtof32() fine for cnt == 87
strtof32() fine for cnt == 88
strtof32() fine for cnt == 89
strtof32() fine for cnt == 90
strtof32() fine for cnt == 91
strtof32() fine for cnt == 92
strtof32() fine for cnt == 93
strtof32() fine for cnt == 94
strtof32() fine for cnt == 95
strtof32() fine for cnt == 96
strtof32() fine for cnt == 97
strtof32() fine for cnt == 98
strtof32() fine for cnt == 99
strtof32() fine for cnt == 100
strtof32() fine for cnt == 101
strtof32() fine for cnt == 102
strtof32() fine for cnt == 103
strtof32() fine for cnt == 104
strtof32() fine for cnt == 105
strtof32() fine for cnt == 106
strtof32() fine for cnt == 107
strtof32() fine for cnt == 108
strtof32() fine for cnt == 109
strtof32() fine for cnt == 110
strtof32() fine for cnt == 111
strtof32() fine for cnt == 112
strtof32() fine for cnt == 113
strtof32() fine for cnt == 114
strtof32() fine for cnt == 115
strtof32() fine for cnt == 116
strtof32() fine for cnt == 117
strtof32() fine for cnt == 118
strtof32() fine for cnt == 119
strtof32() fine for cnt == 120
strtof32() fine for cnt == 121
strtof32() fine for cnt == 122
strtof32() fine for cnt == 123
strtof32() fine for cnt == 124
strtof32() fine for cnt == 125
strtof32() fine for cnt == 126
strtof32() fine for cnt == 127
strtof32() fine for cnt == 128
strtof32() fine for cnt == 129
strtof32() fine for cnt == 130
strtof32() fine for cnt == 131
strtof32() fine for cnt == 132
strtof32() fine for cnt == 133
strtof32() fine for cnt == 134
strtof32() fine for cnt == 135
strtof32() fine for cnt == 136
strtof32() fine for cnt == 137
strtof32() fine for cnt == 138
strtof32() fine for cnt == 139
strtof32() fine for cnt == 140
strtof32() fine for cnt == 141
strtof32() fine for cnt == 142
strtof32() fine for cnt == 143
strtof32() fine for cnt == 144
strtof32() fine for cnt == 145
strtof32() fine for cnt == 146
strtof32() fine for cnt == 147
strtof32() fine for cnt == 148
strtof32() fine for cnt == 149
strtof32() fine for cnt == 150
strtof32() fine for cnt == 151
strtof32() fine for cnt == 152
strtof32() fine for cnt == 153
strtof32() fine for cnt == 154
strtof32() fine for cnt == 155
strtof32() fine for cnt == 156
strtof32() fine for cnt == 157
strtof32() fine for cnt == 158
strtof32() fine for cnt == 159
strtof32() fine for cnt == 160
strtof32() fine for cnt == 161
strtof32() fine for cnt == 162
strtof32() fine for cnt == 163
strtof32() fine for cnt == 164
strtof32() fine for cnt == 165
strtof32() fine for cnt == 166
strtof32() fine for cnt == 167
strtof32() fine for cnt == 168
strtof32() fine for cnt == 169
strtof32() fine for cnt == 170
strtof32() fine for cnt == 171
strtof32() fine for cnt == 172
strtof32() fine for cnt == 173
strtof32() fine for cnt == 174
strtof32() fine for cnt == 175
strtof32() fine for cnt == 176
strtof32() fine for cnt == 177
strtof32() fine for cnt == 178
strtof32() fine for cnt == 179
strtof32() fine for cnt == 180
strtof32() fine for cnt == 181
strtof32() fine for cnt == 182
strtof32() fine for cnt == 183
strtof32() fine for cnt == 184
strtof32() fine for cnt == 185
strtof32() fine for cnt == 186
strtof32() fine for cnt == 187
strtof32() fine for cnt == 188
strtof32() fine for cnt == 189
strtof32() fine for cnt == 190
strtof32() fine for cnt == 191
strtof32() fine for cnt == 192
strtof32() fine for cnt == 193
strtof32() fine for cnt == 194
strtof32() fine for cnt == 195
strtof32() fine for cnt == 196
strtof32() fine for cnt == 197
strtof32() fine for cnt == 198
strtof32() fine for cnt == 199
strtof64() fine for cnt == 0
strtof64() fine for cnt == 1
strtof64() fine for cnt == 2
strtof64() fine for cnt == 3
strtof64() fine for cnt == 4
strtof64() fine for cnt == 5
strtof64() fine for cnt == 6
strtof64() fine for cnt == 7
strtof64() fine for cnt == 8
strtof64() fine for cnt == 9
strtof64() fine for cnt == 10
strtof64() fine for cnt == 11
strtof64() fine for cnt == 12
strtof64() fine for cnt == 13
strtof64() fine for cnt == 14
strtof64() fine for cnt == 15
strtof64() fine for cnt == 16
strtof64() fine for cnt == 17
strtof64() fine for cnt == 18
strtof64() fine for cnt == 19
strtof64() fine for cnt == 20
strtof64() fine for cnt == 21
strtof64() fine for cnt == 22
strtof64() fine for cnt == 23
strtof64() fine for cnt == 24
strtof64() fine for cnt == 25
strtof64() fine for cnt == 26
strtof64() fine for cnt == 27
strtof64() fine for cnt == 28
strtof64() fine for cnt == 29
strtof64() fine for cnt == 30
strtof64() fine for cnt == 31
strtof64() fine for cnt == 32
strtof64() fine for cnt == 33
strtof64() fine for cnt == 34
strtof64() fine for cnt == 35
strtof64() fine for cnt == 36
strtof64() fine for cnt == 37
strtof64() fine for cnt == 38
strtof64() fine for cnt == 39
strtof64() fine for cnt == 40
strtof64() fine for cnt == 41
strtof64() fine for cnt == 42
strtof64() fine for cnt == 43
strtof64() fine for cnt == 44
strtof64() fine for cnt == 45
strtof64() fine for cnt == 46
strtof64() fine for cnt == 47
strtof64() fine for cnt == 48
strtof64() fine for cnt == 49
strtof64() fine for cnt == 50
strtof64() fine for cnt == 51
strtof64() fine for cnt == 52
strtof64() fine for cnt == 53
strtof64() fine for cnt == 54
strtof64() fine for cnt == 55
strtof64() fine for cnt == 56
strtof64() fine for cnt == 57
strtof64() fine for cnt == 58
strtof64() fine for cnt == 59
strtof64() fine for cnt == 60
strtof64() fine for cnt == 61
strtof64() fine for cnt == 62
strtof64() fine for cnt == 63
strtof64() fine for cnt == 64
strtof64() fine for cnt == 65
strtof64() fine for cnt == 66
strtof64() fine for cnt == 67
strtof64() fine for cnt == 68
strtof64() fine for cnt == 69
strtof64() fine for cnt == 70
strtof64() fine for cnt == 71
strtof64() fine for cnt == 72
strtof64() fine for cnt == 73
strtof64() fine for cnt == 74
strtof64() fine for cnt == 75
strtof64() fine for cnt == 76
strtof64() fine for cnt == 77
strtof64() fine for cnt == 78
strtof64() fine for cnt == 79
strtof64() fine for cnt == 80
strtof64() fine for cnt == 81
strtof64() fine for cnt == 82
strtof64() fine for cnt == 83
strtof64() fine for cnt == 84
strtof64() fine for cnt == 85
strtof64() fine for cnt == 86
strtof64() fine for cnt == 87
strtof64() fine for cnt == 88
strtof64() fine for cnt == 89
strtof64() fine for cnt == 90
strtof64() fine for cnt == 91
strtof64() fine for cnt == 92
strtof64() fine for cnt == 93
strtof64() fine for cnt == 94
strtof64() fine for cnt == 95
strtof64() fine for cnt == 96
strtof64() fine for cnt == 97
strtof64() fine for cnt == 98
strtof64() fine for cnt == 99
strtof64() fine for cnt == 100
strtof64() fine for cnt == 101
strtof64() fine for cnt == 102
strtof64() fine for cnt == 103
strtof64() fine for cnt == 104
strtof64() fine for cnt == 105
strtof64() fine for cnt == 106
strtof64() fine for cnt == 107
strtof64() fine for cnt == 108
strtof64() fine for cnt == 109
strtof64() fine for cnt == 110
strtof64() fine for cnt == 111
strtof64() fine for cnt == 112
strtof64() fine for cnt == 113
strtof64() fine for cnt == 114
strtof64() fine for cnt == 115
strtof64() fine for cnt == 116
strtof64() fine for cnt == 117
strtof64() fine for cnt == 118
strtof64() fine for cnt == 119
strtof64() fine for cnt == 120
strtof64() fine for cnt == 121
strtof64() fine for cnt == 122
strtof64() fine for cnt == 123
strtof64() fine for cnt == 124
strtof64() fine for cnt == 125
strtof64() fine for cnt == 126
strtof64() fine for cnt == 127
strtof64() fine for cnt == 128
strtof64() fine for cnt == 129
strtof64() fine for cnt == 130
strtof64() fine for cnt == 131
strtof64() fine for cnt == 132
strtof64() fine for cnt == 133
strtof64() fine for cnt == 134
strtof64() fine for cnt == 135
strtof64() fine for cnt == 136
strtof64() fine for cnt == 137
strtof64() fine for cnt == 138
strtof64() fine for cnt == 139
strtof64() fine for cnt == 140
strtof64() fine for cnt == 141
strtof64() fine for cnt == 142
strtof64() fine for cnt == 143
strtof64() fine for cnt == 144
strtof64() fine for cnt == 145
strtof64() fine for cnt == 146
strtof64() fine for cnt == 147
strtof64() fine for cnt == 148
strtof64() fine for cnt == 149
strtof64() fine for cnt == 150
strtof64() fine for cnt == 151
strtof64() fine for cnt == 152
strtof64() fine for cnt == 153
strtof64() fine for cnt == 154
strtof64() fine for cnt == 155
strtof64() fine for cnt == 156
strtof64() fine for cnt == 157
strtof64() fine for cnt == 158
strtof64() fine for cnt == 159
strtof64() fine for cnt == 160
strtof64() fine for cnt == 161
strtof64() fine for cnt == 162
strtof64() fine for cnt == 163
strtof64() fine for cnt == 164
strtof64() fine for cnt == 165
strtof64() fine for cnt == 166
strtof64() fine for cnt == 167
strtof64() fine for cnt == 168
strtof64() fine for cnt == 169
strtof64() fine for cnt == 170
strtof64() fine for cnt == 171
strtof64() fine for cnt == 172
strtof64() fine for cnt == 173
strtof64() fine for cnt == 174
strtof64() fine for cnt == 175
strtof64() fine for cnt == 176
strtof64() fine for cnt == 177
strtof64() fine for cnt == 178
strtof64() fine for cnt == 179
strtof64() fine for cnt == 180
strtof64() fine for cnt == 181
strtof64() fine for cnt == 182
strtof64() fine for cnt == 183
strtof64() fine for cnt == 184
strtof64() fine for cnt == 185
strtof64() fine for cnt == 186
strtof64() fine for cnt == 187
strtof64() fine for cnt == 188
strtof64() fine for cnt == 189
strtof64() fine for cnt == 190
strtof64() fine for cnt == 191
strtof64() fine for cnt == 192
strtof64() fine for cnt == 193
strtof64() fine for cnt == 194
strtof64() fine for cnt == 195
strtof64() fine for cnt == 196
strtof64() fine for cnt == 197
strtof64() fine for cnt == 198
strtof64() fine for cnt == 199
strtof128() fine for cnt == 0
strtof128() fine for cnt == 1
strtof128() fine for cnt == 2
strtof128() fine for cnt == 3
strtof128() fine for cnt == 4
strtof128() fine for cnt == 5
strtof128() fine for cnt == 6
strtof128() fine for cnt == 7
strtof128() fine for cnt == 8
strtof128() fine for cnt == 9
strtof128() fine for cnt == 10
strtof128() fine for cnt == 11
strtof128() fine for cnt == 12
strtof128() fine for cnt == 13
strtof128() fine for cnt == 14
strtof128() fine for cnt == 15
strtof128() fine for cnt == 16
strtof128() fine for cnt == 17
strtof128() fine for cnt == 18
strtof128() fine for cnt == 19
strtof128() fine for cnt == 20
strtof128() fine for cnt == 21
strtof128() fine for cnt == 22
strtof128() fine for cnt == 23
strtof128() fine for cnt == 24
strtof128() fine for cnt == 25
strtof128() fine for cnt == 26
strtof128() fine for cnt == 27
strtof128() fine for cnt == 28
strtof128() fine for cnt == 29
strtof128() fine for cnt == 30
strtof128() fine for cnt == 31
strtof128() fine for cnt == 32
strtof128() fine for cnt == 33
strtof128() fine for cnt == 34
strtof128() fine for cnt == 35
strtof128() fine for cnt == 36
strtof128() fine for cnt == 37
strtof128() fine for cnt == 38
strtof128() fine for cnt == 39
strtof128() fine for cnt == 40
strtof128() fine for cnt == 41
strtof128() fine for cnt == 42
strtof128() fine for cnt == 43
strtof128() fine for cnt == 44
strtof128() fine for cnt == 45
strtof128() fine for cnt == 46
strtof128() fine for cnt == 47
strtof128() fine for cnt == 48
strtof128() fine for cnt == 49
strtof128() fine for cnt == 50
strtof128() fine for cnt == 51
strtof128() fine for cnt == 52
strtof128() fine for cnt == 53
strtof128() fine for cnt == 54
strtof128() fine for cnt == 55
strtof128() fine for cnt == 56
strtof128() fine for cnt == 57
strtof128() fine for cnt == 58
strtof128() fine for cnt == 59
strtof128() fine for cnt == 60
strtof128() fine for cnt == 61
strtof128() fine for cnt == 62
strtof128() fine for cnt == 63
strtof128() fine for cnt == 64
strtof128() fine for cnt == 65
strtof128() fine for cnt == 66
strtof128() fine for cnt == 67
strtof128() fine for cnt == 68
strtof128() fine for cnt == 69
strtof128() fine for cnt == 70
strtof128() fine for cnt == 71
strtof128() fine for cnt == 72
strtof128() fine for cnt == 73
strtof128() fine for cnt == 74
strtof128() fine for cnt == 75
strtof128() fine for cnt == 76
strtof128() fine for cnt == 77
strtof128() fine for cnt == 78
strtof128() fine for cnt == 79
strtof128() fine for cnt == 80
strtof128() fine for cnt == 81
strtof128() fine for cnt == 82
strtof128() fine for cnt == 83
strtof128() fine for cnt == 84
strtof128() fine for cnt == 85
strtof128() fine for cnt == 86
strtof128() fine for cnt == 87
strtof128() fine for cnt == 88
strtof128() fine for cnt == 89
strtof128() fine for cnt == 90
strtof128() fine for cnt == 91
strtof128() fine for cnt == 92
strtof128() fine for cnt == 93
strtof128() fine for cnt == 94
strtof128() fine for cnt == 95
strtof128() fine for cnt == 96
strtof128() fine for cnt == 97
strtof128() fine for cnt == 98
strtof128() fine for cnt == 99
strtof128() fine for cnt == 100
strtof128() fine for cnt == 101
strtof128() fine for cnt == 102
strtof128() fine for cnt == 103
strtof128() fine for cnt == 104
strtof128() fine for cnt == 105
strtof128() fine for cnt == 106
strtof128() fine for cnt == 107
strtof128() fine for cnt == 108
strtof128() fine for cnt == 109
strtof128() fine for cnt == 110
strtof128() fine for cnt == 111
strtof128() fine for cnt == 112
strtof128() fine for cnt == 113
strtof128() fine for cnt == 114
strtof128() fine for cnt == 115
strtof128() fine for cnt == 116
strtof128() fine for cnt == 117
strtof128() fine for cnt == 118
strtof128() fine for cnt == 119
strtof128() fine for cnt == 120
strtof128() fine for cnt == 121
strtof128() fine for cnt == 122
strtof128() fine for cnt == 123
strtof128() fine for cnt == 124
strtof128() fine for cnt == 125
strtof128() fine for cnt == 126
strtof128() fine for cnt == 127
strtof128() fine for cnt == 128
strtof128() fine for cnt == 129
strtof128() fine for cnt == 130
strtof128() fine for cnt == 131
strtof128() fine for cnt == 132
strtof128() fine for cnt == 133
strtof128() fine for cnt == 134
strtof128() fine for cnt == 135
strtof128() fine for cnt == 136
strtof128() fine for cnt == 137
strtof128() fine for cnt == 138
strtof128() fine for cnt == 139
strtof128() fine for cnt == 140
strtof128() fine for cnt == 141
strtof128() fine for cnt == 142
strtof128() fine for cnt == 143
strtof128() fine for cnt == 144
strtof128() fine for cnt == 145
strtof128() fine for cnt == 146
strtof128() fine for cnt == 147
strtof128() fine for cnt == 148
strtof128() fine for cnt == 149
strtof128() fine for cnt == 150
strtof128() fine for cnt == 151
strtof128() fine for cnt == 152
strtof128() fine for cnt == 153
strtof128() fine for cnt == 154
strtof128() fine for cnt == 155
strtof128() fine for cnt == 156
strtof128() fine for cnt == 157
strtof128() fine for cnt == 158
strtof128() fine for cnt == 159
strtof128() fine for cnt == 160
strtof128() fine for cnt == 161
strtof128() fine for cnt == 162
strtof128() fine for cnt == 163
strtof128() fine for cnt == 164
strtof128() fine for cnt == 165
strtof128() fine for cnt == 166
strtof128() fine for cnt == 167
strtof128() fine for cnt == 168
strtof128() fine for cnt == 169
strtof128() fine for cnt == 170
strtof128() fine for cnt == 171
strtof128() fine for cnt == 172
strtof128() fine for cnt == 173
strtof128() fine for cnt == 174
strtof128() fine for cnt == 175
strtof128() fine for cnt == 176
strtof128() fine for cnt == 177
strtof128() fine for cnt == 178
strtof128() fine for cnt == 179
strtof128() fine for cnt == 180
strtof128() fine for cnt == 181
strtof128() fine for cnt == 182
strtof128() fine for cnt == 183
strtof128() fine for cnt == 184
strtof128() fine for cnt == 185
strtof128() fine for cnt == 186
strtof128() fine for cnt == 187
strtof128() fine for cnt == 188
strtof128() fine for cnt == 189
strtof128() fine for cnt == 190
strtof128() fine for cnt == 191
strtof128() fine for cnt == 192
strtof128() fine for cnt == 193
strtof128() fine for cnt == 194
strtof128() fine for cnt == 195
strtof128() fine for cnt == 196
strtof128() fine for cnt == 197
strtof128() fine for cnt == 198
strtof128() fine for cnt == 199
strtof32x() fine for cnt == 0
strtof32x() fine for cnt == 1
strtof32x() fine for cnt == 2
strtof32x() fine for cnt == 3
strtof32x() fine for cnt == 4
strtof32x() fine for cnt == 5
strtof32x() fine for cnt == 6
strtof32x() fine for cnt == 7
strtof32x() fine for cnt == 8
strtof32x() fine for cnt == 9
strtof32x() fine for cnt == 10
strtof32x() fine for cnt == 11
strtof32x() fine for cnt == 12
strtof32x() fine for cnt == 13
strtof32x() fine for cnt == 14
strtof32x() fine for cnt == 15
strtof32x() fine for cnt == 16
strtof32x() fine for cnt == 17
strtof32x() fine for cnt == 18
strtof32x() fine for cnt == 19
strtof32x() fine for cnt == 20
strtof32x() fine for cnt == 21
strtof32x() fine for cnt == 22
strtof32x() fine for cnt == 23
strtof32x() fine for cnt == 24
strtof32x() fine for cnt == 25
strtof32x() fine for cnt == 26
strtof32x() fine for cnt == 27
strtof32x() fine for cnt == 28
strtof32x() fine for cnt == 29
strtof32x() fine for cnt == 30
strtof32x() fine for cnt == 31
strtof32x() fine for cnt == 32
strtof32x() fine for cnt == 33
strtof32x() fine for cnt == 34
strtof32x() fine for cnt == 35
strtof32x() fine for cnt == 36
strtof32x() fine for cnt == 37
strtof32x() fine for cnt == 38
strtof32x() fine for cnt == 39
strtof32x() fine for cnt == 40
strtof32x() fine for cnt == 41
strtof32x() fine for cnt == 42
strtof32x() fine for cnt == 43
strtof32x() fine for cnt == 44
strtof32x() fine for cnt == 45
strtof32x() fine for cnt == 46
strtof32x() fine for cnt == 47
strtof32x() fine for cnt == 48
strtof32x() fine for cnt == 49
strtof32x() fine for cnt == 50
strtof32x() fine for cnt == 51
strtof32x() fine for cnt == 52
strtof32x() fine for cnt == 53
strtof32x() fine for cnt == 54
strtof32x() fine for cnt == 55
strtof32x() fine for cnt == 56
strtof32x() fine for cnt == 57
strtof32x() fine for cnt == 58
strtof32x() fine for cnt == 59
strtof32x() fine for cnt == 60
strtof32x() fine for cnt == 61
strtof32x() fine for cnt == 62
strtof32x() fine for cnt == 63
strtof32x() fine for cnt == 64
strtof32x() fine for cnt == 65
strtof32x() fine for cnt == 66
strtof32x() fine for cnt == 67
strtof32x() fine for cnt == 68
strtof32x() fine for cnt == 69
strtof32x() fine for cnt == 70
strtof32x() fine for cnt == 71
strtof32x() fine for cnt == 72
strtof32x() fine for cnt == 73
strtof32x() fine for cnt == 74
strtof32x() fine for cnt == 75
strtof32x() fine for cnt == 76
strtof32x() fine for cnt == 77
strtof32x() fine for cnt == 78
strtof32x() fine for cnt == 79
strtof32x() fine for cnt == 80
strtof32x() fine for cnt == 81
strtof32x() fine for cnt == 82
strtof32x() fine for cnt == 83
strtof32x() fine for cnt == 84
strtof32x() fine for cnt == 85
strtof32x() fine for cnt == 86
strtof32x() fine for cnt == 87
strtof32x() fine for cnt == 88
strtof32x() fine for cnt == 89
strtof32x() fine for cnt == 90
strtof32x() fine for cnt == 91
strtof32x() fine for cnt == 92
strtof32x() fine for cnt == 93
strtof32x() fine for cnt == 94
strtof32x() fine for cnt == 95
strtof32x() fine for cnt == 96
strtof32x() fine for cnt == 97
strtof32x() fine for cnt == 98
strtof32x() fine for cnt == 99
strtof32x() fine for cnt == 100
strtof32x() fine for cnt == 101
strtof32x() fine for cnt == 102
strtof32x() fine for cnt == 103
strtof32x() fine for cnt == 104
strtof32x() fine for cnt == 105
strtof32x() fine for cnt == 106
strtof32x() fine for cnt == 107
strtof32x() fine for cnt == 108
strtof32x() fine for cnt == 109
strtof32x() fine for cnt == 110
strtof32x() fine for cnt == 111
strtof32x() fine for cnt == 112
strtof32x() fine for cnt == 113
strtof32x() fine for cnt == 114
strtof32x() fine for cnt == 115
strtof32x() fine for cnt == 116
strtof32x() fine for cnt == 117
strtof32x() fine for cnt == 118
strtof32x() fine for cnt == 119
strtof32x() fine for cnt == 120
strtof32x() fine for cnt == 121
strtof32x() fine for cnt == 122
strtof32x() fine for cnt == 123
strtof32x() fine for cnt == 124
strtof32x() fine for cnt == 125
strtof32x() fine for cnt == 126
strtof32x() fine for cnt == 127
strtof32x() fine for cnt == 128
strtof32x() fine for cnt == 129
strtof32x() fine for cnt == 130
strtof32x() fine for cnt == 131
strtof32x() fine for cnt == 132
strtof32x() fine for cnt == 133
strtof32x() fine for cnt == 134
strtof32x() fine for cnt == 135
strtof32x() fine for cnt == 136
strtof32x() fine for cnt == 137
strtof32x() fine for cnt == 138
strtof32x() fine for cnt == 139
strtof32x() fine for cnt == 140
strtof32x() fine for cnt == 141
strtof32x() fine for cnt == 142
strtof32x() fine for cnt == 143
strtof32x() fine for cnt == 144
strtof32x() fine for cnt == 145
strtof32x() fine for cnt == 146
strtof32x() fine for cnt == 147
strtof32x() fine for cnt == 148
strtof32x() fine for cnt == 149
strtof32x() fine for cnt == 150
strtof32x() fine for cnt == 151
strtof32x() fine for cnt == 152
strtof32x() fine for cnt == 153
strtof32x() fine for cnt == 154
strtof32x() fine for cnt == 155
strtof32x() fine for cnt == 156
strtof32x() fine for cnt == 157
strtof32x() fine for cnt == 158
strtof32x() fine for cnt == 159
strtof32x() fine for cnt == 160
strtof32x() fine for cnt == 161
strtof32x() fine for cnt == 162
strtof32x() fine for cnt == 163
strtof32x() fine for cnt == 164
strtof32x() fine for cnt == 165
strtof32x() fine for cnt == 166
strtof32x() fine for cnt == 167
strtof32x() fine for cnt == 168
strtof32x() fine for cnt == 169
strtof32x() fine for cnt == 170
strtof32x() fine for cnt == 171
strtof32x() fine for cnt == 172
strtof32x() fine for cnt == 173
strtof32x() fine for cnt == 174
strtof32x() fine for cnt == 175
strtof32x() fine for cnt == 176
strtof32x() fine for cnt == 177
strtof32x() fine for cnt == 178
strtof32x() fine for cnt == 179
strtof32x() fine for cnt == 180
strtof32x() fine for cnt == 181
strtof32x() fine for cnt == 182
strtof32x() fine for cnt == 183
strtof32x() fine for cnt == 184
strtof32x() fine for cnt == 185
strtof32x() fine for cnt == 186
strtof32x() fine for cnt == 187
strtof32x() fine for cnt == 188
strtof32x() fine for cnt == 189
strtof32x() fine for cnt == 190
strtof32x() fine for cnt == 191
strtof32x() fine for cnt == 192
strtof32x() fine for cnt == 193
strtof32x() fine for cnt == 194
strtof32x() fine for cnt == 195
strtof32x() fine for cnt == 196
strtof32x() fine for cnt == 197
strtof32x() fine for cnt == 198
strtof32x() fine for cnt == 199
strtof64x() fine for cnt == 0
strtof64x() fine for cnt == 1
strtof64x() fine for cnt == 2
strtof64x() fine for cnt == 3
strtof64x() fine for cnt == 4
strtof64x() fine for cnt == 5
strtof64x() fine for cnt == 6
strtof64x() fine for cnt == 7
strtof64x() fine for cnt == 8
strtof64x() fine for cnt == 9
strtof64x() fine for cnt == 10
strtof64x() fine for cnt == 11
strtof64x() fine for cnt == 12
strtof64x() fine for cnt == 13
strtof64x() fine for cnt == 14
strtof64x() fine for cnt == 15
strtof64x() fine for cnt == 16
strtof64x() fine for cnt == 17
strtof64x() fine for cnt == 18
strtof64x() fine for cnt == 19
strtof64x() fine for cnt == 20
strtof64x() fine for cnt == 21
strtof64x() fine for cnt == 22
strtof64x() fine for cnt == 23
strtof64x() fine for cnt == 24
strtof64x() fine for cnt == 25
strtof64x() fine for cnt == 26
strtof64x() fine for cnt == 27
strtof64x() fine for cnt == 28
strtof64x() fine for cnt == 29
strtof64x() fine for cnt == 30
strtof64x() fine for cnt == 31
strtof64x() fine for cnt == 32
strtof64x() fine for cnt == 33
strtof64x() fine for cnt == 34
strtof64x() fine for cnt == 35
strtof64x() fine for cnt == 36
strtof64x() fine for cnt == 37
strtof64x() fine for cnt == 38
strtof64x() fine for cnt == 39
strtof64x() fine for cnt == 40
strtof64x() fine for cnt == 41
strtof64x() fine for cnt == 42
strtof64x() fine for cnt == 43
strtof64x() fine for cnt == 44
strtof64x() fine for cnt == 45
strtof64x() fine for cnt == 46
strtof64x() fine for cnt == 47
strtof64x() fine for cnt == 48
strtof64x() fine for cnt == 49
strtof64x() fine for cnt == 50
strtof64x() fine for cnt == 51
strtof64x() fine for cnt == 52
strtof64x() fine for cnt == 53
strtof64x() fine for cnt == 54
strtof64x() fine for cnt == 55
strtof64x() fine for cnt == 56
strtof64x() fine for cnt == 57
strtof64x() fine for cnt == 58
strtof64x() fine for cnt == 59
strtof64x() fine for cnt == 60
strtof64x() fine for cnt == 61
strtof64x() fine for cnt == 62
strtof64x() fine for cnt == 63
strtof64x() fine for cnt == 64
strtof64x() fine for cnt == 65
strtof64x() fine for cnt == 66
strtof64x() fine for cnt == 67
strtof64x() fine for cnt == 68
strtof64x() fine for cnt == 69
strtof64x() fine for cnt == 70
strtof64x() fine for cnt == 71
strtof64x() fine for cnt == 72
strtof64x() fine for cnt == 73
strtof64x() fine for cnt == 74
strtof64x() fine for cnt == 75
strtof64x() fine for cnt == 76
strtof64x() fine for cnt == 77
strtof64x() fine for cnt == 78
strtof64x() fine for cnt == 79
strtof64x() fine for cnt == 80
strtof64x() fine for cnt == 81
strtof64x() fine for cnt == 82
strtof64x() fine for cnt == 83
strtof64x() fine for cnt == 84
strtof64x() fine for cnt == 85
strtof64x() fine for cnt == 86
strtof64x() fine for cnt == 87
strtof64x() fine for cnt == 88
strtof64x() fine for cnt == 89
strtof64x() fine for cnt == 90
strtof64x() fine for cnt == 91
strtof64x() fine for cnt == 92
strtof64x() fine for cnt == 93
strtof64x() fine for cnt == 94
strtof64x() fine for cnt == 95
strtof64x() fine for cnt == 96
strtof64x() fine for cnt == 97
strtof64x() fine for cnt == 98
strtof64x() fine for cnt == 99
strtof64x() fine for cnt == 100
strtof64x() fine for cnt == 101
strtof64x() fine for cnt == 102
strtof64x() fine for cnt == 103
strtof64x() fine for cnt == 104
strtof64x() fine for cnt == 105
strtof64x() fine for cnt == 106
strtof64x() fine for cnt == 107
strtof64x() fine for cnt == 108
strtof64x() fine for cnt == 109
strtof64x() fine for cnt == 110
strtof64x() fine for cnt == 111
strtof64x() fine for cnt == 112
strtof64x() fine for cnt == 113
strtof64x() fine for cnt == 114
strtof64x() fine for cnt == 115
strtof64x() fine for cnt == 116
strtof64x() fine for cnt == 117
strtof64x() fine for cnt == 118
strtof64x() fine for cnt == 119
strtof64x() fine for cnt == 120
strtof64x() fine for cnt == 121
strtof64x() fine for cnt == 122
strtof64x() fine for cnt == 123
strtof64x() fine for cnt == 124
strtof64x() fine for cnt == 125
strtof64x() fine for cnt == 126
strtof64x() fine for cnt == 127
strtof64x() fine for cnt == 128
strtof64x() fine for cnt == 129
strtof64x() fine for cnt == 130
strtof64x() fine for cnt == 131
strtof64x() fine for cnt == 132
strtof64x() fine for cnt == 133
strtof64x() fine for cnt == 134
strtof64x() fine for cnt == 135
strtof64x() fine for cnt == 136
strtof64x() fine for cnt == 137
strtof64x() fine for cnt == 138
strtof64x() fine for cnt == 139
strtof64x() fine for cnt == 140
strtof64x() fine for cnt == 141
strtof64x() fine for cnt == 142
strtof64x() fine for cnt == 143
strtof64x() fine for cnt == 144
strtof64x() fine for cnt == 145
strtof64x() fine for cnt == 146
strtof64x() fine for cnt == 147
strtof64x() fine for cnt == 148
strtof64x() fine for cnt == 149
strtof64x() fine for cnt == 150
strtof64x() fine for cnt == 151
strtof64x() fine for cnt == 152
strtof64x() fine for cnt == 153
strtof64x() fine for cnt == 154
strtof64x() fine for cnt == 155
strtof64x() fine for cnt == 156
strtof64x() fine for cnt == 157
strtof64x() fine for cnt == 158
strtof64x() fine for cnt == 159
strtof64x() fine for cnt == 160
strtof64x() fine for cnt == 161
strtof64x() fine for cnt == 162
strtof64x() fine for cnt == 163
strtof64x() fine for cnt == 164
strtof64x() fine for cnt == 165
strtof64x() fine for cnt == 166
strtof64x() fine for cnt == 167
strtof64x() fine for cnt == 168
strtof64x() fine for cnt == 169
strtof64x() fine for cnt == 170
strtof64x() fine for cnt == 171
strtof64x() fine for cnt == 172
strtof64x() fine for cnt == 173
strtof64x() fine for cnt == 174
strtof64x() fine for cnt == 175
strtof64x() fine for cnt == 176
strtof64x() fine for cnt == 177
strtof64x() fine for cnt == 178
strtof64x() fine for cnt == 179
strtof64x() fine for cnt == 180
strtof64x() fine for cnt == 181
strtof64x() fine for cnt == 182
strtof64x() fine for cnt == 183
strtof64x() fine for cnt == 184
strtof64x() fine for cnt == 185
strtof64x() fine for cnt == 186
strtof64x() fine for cnt == 187
strtof64x() fine for cnt == 188
strtof64x() fine for cnt == 189
strtof64x() fine for cnt == 190
strtof64x() fine for cnt == 191
strtof64x() fine for cnt == 192
strtof64x() fine for cnt == 193
strtof64x() fine for cnt == 194
strtof64x() fine for cnt == 195
strtof64x() fine for cnt == 196
strtof64x() fine for cnt == 197
strtof64x() fine for cnt == 198
strtof64x() fine for cnt == 199
