PASS: C: strtof ("NAN(A)")
PASS: C: strtod ("NAN(A)")
PASS: C: strtold ("NAN(A)")
PASS: C: strtof32 ("NAN(A)")
PASS: C: strtof64 ("NAN(A)")
PASS: C: strtof128 ("NAN(A)")
PASS: C: strtof32x ("NAN(A)")
PASS: C: strtof64x ("NAN(A)")
PASS: C: strtof ("NAN(a)")
PASS: C: strtod ("NAN(a)")
PASS: C: strtold ("NAN(a)")
PASS: C: strtof32 ("NAN(a)")
PASS: C: strtof64 ("NAN(a)")
PASS: C: strtof128 ("NAN(a)")
PASS: C: strtof32x ("NAN(a)")
PASS: C: strtof64x ("NAN(a)")
PASS: C: strtof ("NAN(B)")
PASS: C: strtod ("NAN(B)")
PASS: C: strtold ("NAN(B)")
PASS: C: strtof32 ("NAN(B)")
PASS: C: strtof64 ("NAN(B)")
PASS: C: strtof128 ("NAN(B)")
PASS: C: strtof32x ("NAN(B)")
PASS: C: strtof64x ("NAN(B)")
PASS: C: strtof ("NAN(b)")
PASS: C: strtod ("NAN(b)")
PASS: C: strtold ("NAN(b)")
PASS: C: strtof32 ("NAN(b)")
PASS: C: strtof64 ("NAN(b)")
PASS: C: strtof128 ("NAN(b)")
PASS: C: strtof32x ("NAN(b)")
PASS: C: strtof64x ("NAN(b)")
PASS: C: strtof ("NAN(C)")
PASS: C: strtod ("NAN(C)")
PASS: C: strtold ("NAN(C)")
PASS: C: strtof32 ("NAN(C)")
PASS: C: strtof64 ("NAN(C)")
PASS: C: strtof128 ("NAN(C)")
PASS: C: strtof32x ("NAN(C)")
PASS: C: strtof64x ("NAN(C)")
PASS: C: strtof ("NAN(c)")
PASS: C: strtod ("NAN(c)")
PASS: C: strtold ("NAN(c)")
PASS: C: strtof32 ("NAN(c)")
PASS: C: strtof64 ("NAN(c)")
PASS: C: strtof128 ("NAN(c)")
PASS: C: strtof32x ("NAN(c)")
PASS: C: strtof64x ("NAN(c)")
PASS: C: strtof ("NAN(D)")
PASS: C: strtod ("NAN(D)")
PASS: C: strtold ("NAN(D)")
PASS: C: strtof32 ("NAN(D)")
PASS: C: strtof64 ("NAN(D)")
PASS: C: strtof128 ("NAN(D)")
PASS: C: strtof32x ("NAN(D)")
PASS: C: strtof64x ("NAN(D)")
PASS: C: strtof ("NAN(d)")
PASS: C: strtod ("NAN(d)")
PASS: C: strtold ("NAN(d)")
PASS: C: strtof32 ("NAN(d)")
PASS: C: strtof64 ("NAN(d)")
PASS: C: strtof128 ("NAN(d)")
PASS: C: strtof32x ("NAN(d)")
PASS: C: strtof64x ("NAN(d)")
PASS: C: strtof ("NAN(E)")
PASS: C: strtod ("NAN(E)")
PASS: C: strtold ("NAN(E)")
PASS: C: strtof32 ("NAN(E)")
PASS: C: strtof64 ("NAN(E)")
PASS: C: strtof128 ("NAN(E)")
PASS: C: strtof32x ("NAN(E)")
PASS: C: strtof64x ("NAN(E)")
PASS: C: strtof ("NAN(e)")
PASS: C: strtod ("NAN(e)")
PASS: C: strtold ("NAN(e)")
PASS: C: strtof32 ("NAN(e)")
PASS: C: strtof64 ("NAN(e)")
PASS: C: strtof128 ("NAN(e)")
PASS: C: strtof32x ("NAN(e)")
PASS: C: strtof64x ("NAN(e)")
PASS: C: strtof ("NAN(F)")
PASS: C: strtod ("NAN(F)")
PASS: C: strtold ("NAN(F)")
PASS: C: strtof32 ("NAN(F)")
PASS: C: strtof64 ("NAN(F)")
PASS: C: strtof128 ("NAN(F)")
PASS: C: strtof32x ("NAN(F)")
PASS: C: strtof64x ("NAN(F)")
PASS: C: strtof ("NAN(f)")
PASS: C: strtod ("NAN(f)")
PASS: C: strtold ("NAN(f)")
PASS: C: strtof32 ("NAN(f)")
PASS: C: strtof64 ("NAN(f)")
PASS: C: strtof128 ("NAN(f)")
PASS: C: strtof32x ("NAN(f)")
PASS: C: strtof64x ("NAN(f)")
PASS: C: strtof ("NAN(G)")
PASS: C: strtod ("NAN(G)")
PASS: C: strtold ("NAN(G)")
PASS: C: strtof32 ("NAN(G)")
PASS: C: strtof64 ("NAN(G)")
PASS: C: strtof128 ("NAN(G)")
PASS: C: strtof32x ("NAN(G)")
PASS: C: strtof64x ("NAN(G)")
PASS: C: strtof ("NAN(g)")
PASS: C: strtod ("NAN(g)")
PASS: C: strtold ("NAN(g)")
PASS: C: strtof32 ("NAN(g)")
PASS: C: strtof64 ("NAN(g)")
PASS: C: strtof128 ("NAN(g)")
PASS: C: strtof32x ("NAN(g)")
PASS: C: strtof64x ("NAN(g)")
PASS: C: strtof ("NAN(H)")
PASS: C: strtod ("NAN(H)")
PASS: C: strtold ("NAN(H)")
PASS: C: strtof32 ("NAN(H)")
PASS: C: strtof64 ("NAN(H)")
PASS: C: strtof128 ("NAN(H)")
PASS: C: strtof32x ("NAN(H)")
PASS: C: strtof64x ("NAN(H)")
PASS: C: strtof ("NAN(h)")
PASS: C: strtod ("NAN(h)")
PASS: C: strtold ("NAN(h)")
PASS: C: strtof32 ("NAN(h)")
PASS: C: strtof64 ("NAN(h)")
PASS: C: strtof128 ("NAN(h)")
PASS: C: strtof32x ("NAN(h)")
PASS: C: strtof64x ("NAN(h)")
PASS: C: strtof ("NAN(I)")
PASS: C: strtod ("NAN(I)")
PASS: C: strtold ("NAN(I)")
PASS: C: strtof32 ("NAN(I)")
PASS: C: strtof64 ("NAN(I)")
PASS: C: strtof128 ("NAN(I)")
PASS: C: strtof32x ("NAN(I)")
PASS: C: strtof64x ("NAN(I)")
PASS: C: strtof ("NAN(i)")
PASS: C: strtod ("NAN(i)")
PASS: C: strtold ("NAN(i)")
PASS: C: strtof32 ("NAN(i)")
PASS: C: strtof64 ("NAN(i)")
PASS: C: strtof128 ("NAN(i)")
PASS: C: strtof32x ("NAN(i)")
PASS: C: strtof64x ("NAN(i)")
PASS: C: strtof ("NAN(J)")
PASS: C: strtod ("NAN(J)")
PASS: C: strtold ("NAN(J)")
PASS: C: strtof32 ("NAN(J)")
PASS: C: strtof64 ("NAN(J)")
PASS: C: strtof128 ("NAN(J)")
PASS: C: strtof32x ("NAN(J)")
PASS: C: strtof64x ("NAN(J)")
PASS: C: strtof ("NAN(j)")
PASS: C: strtod ("NAN(j)")
PASS: C: strtold ("NAN(j)")
PASS: C: strtof32 ("NAN(j)")
PASS: C: strtof64 ("NAN(j)")
PASS: C: strtof128 ("NAN(j)")
PASS: C: strtof32x ("NAN(j)")
PASS: C: strtof64x ("NAN(j)")
PASS: C: strtof ("NAN(K)")
PASS: C: strtod ("NAN(K)")
PASS: C: strtold ("NAN(K)")
PASS: C: strtof32 ("NAN(K)")
PASS: C: strtof64 ("NAN(K)")
PASS: C: strtof128 ("NAN(K)")
PASS: C: strtof32x ("NAN(K)")
PASS: C: strtof64x ("NAN(K)")
PASS: C: strtof ("NAN(k)")
PASS: C: strtod ("NAN(k)")
PASS: C: strtold ("NAN(k)")
PASS: C: strtof32 ("NAN(k)")
PASS: C: strtof64 ("NAN(k)")
PASS: C: strtof128 ("NAN(k)")
PASS: C: strtof32x ("NAN(k)")
PASS: C: strtof64x ("NAN(k)")
PASS: C: strtof ("NAN(L)")
PASS: C: strtod ("NAN(L)")
PASS: C: strtold ("NAN(L)")
PASS: C: strtof32 ("NAN(L)")
PASS: C: strtof64 ("NAN(L)")
PASS: C: strtof128 ("NAN(L)")
PASS: C: strtof32x ("NAN(L)")
PASS: C: strtof64x ("NAN(L)")
PASS: C: strtof ("NAN(l)")
PASS: C: strtod ("NAN(l)")
PASS: C: strtold ("NAN(l)")
PASS: C: strtof32 ("NAN(l)")
PASS: C: strtof64 ("NAN(l)")
PASS: C: strtof128 ("NAN(l)")
PASS: C: strtof32x ("NAN(l)")
PASS: C: strtof64x ("NAN(l)")
PASS: C: strtof ("NAN(M)")
PASS: C: strtod ("NAN(M)")
PASS: C: strtold ("NAN(M)")
PASS: C: strtof32 ("NAN(M)")
PASS: C: strtof64 ("NAN(M)")
PASS: C: strtof128 ("NAN(M)")
PASS: C: strtof32x ("NAN(M)")
PASS: C: strtof64x ("NAN(M)")
PASS: C: strtof ("NAN(m)")
PASS: C: strtod ("NAN(m)")
PASS: C: strtold ("NAN(m)")
PASS: C: strtof32 ("NAN(m)")
PASS: C: strtof64 ("NAN(m)")
PASS: C: strtof128 ("NAN(m)")
PASS: C: strtof32x ("NAN(m)")
PASS: C: strtof64x ("NAN(m)")
PASS: C: strtof ("NAN(N)")
PASS: C: strtod ("NAN(N)")
PASS: C: strtold ("NAN(N)")
PASS: C: strtof32 ("NAN(N)")
PASS: C: strtof64 ("NAN(N)")
PASS: C: strtof128 ("NAN(N)")
PASS: C: strtof32x ("NAN(N)")
PASS: C: strtof64x ("NAN(N)")
PASS: C: strtof ("NAN(n)")
PASS: C: strtod ("NAN(n)")
PASS: C: strtold ("NAN(n)")
PASS: C: strtof32 ("NAN(n)")
PASS: C: strtof64 ("NAN(n)")
PASS: C: strtof128 ("NAN(n)")
PASS: C: strtof32x ("NAN(n)")
PASS: C: strtof64x ("NAN(n)")
PASS: C: strtof ("NAN(O)")
PASS: C: strtod ("NAN(O)")
PASS: C: strtold ("NAN(O)")
PASS: C: strtof32 ("NAN(O)")
PASS: C: strtof64 ("NAN(O)")
PASS: C: strtof128 ("NAN(O)")
PASS: C: strtof32x ("NAN(O)")
PASS: C: strtof64x ("NAN(O)")
PASS: C: strtof ("NAN(o)")
PASS: C: strtod ("NAN(o)")
PASS: C: strtold ("NAN(o)")
PASS: C: strtof32 ("NAN(o)")
PASS: C: strtof64 ("NAN(o)")
PASS: C: strtof128 ("NAN(o)")
PASS: C: strtof32x ("NAN(o)")
PASS: C: strtof64x ("NAN(o)")
PASS: C: strtof ("NAN(P)")
PASS: C: strtod ("NAN(P)")
PASS: C: strtold ("NAN(P)")
PASS: C: strtof32 ("NAN(P)")
PASS: C: strtof64 ("NAN(P)")
PASS: C: strtof128 ("NAN(P)")
PASS: C: strtof32x ("NAN(P)")
PASS: C: strtof64x ("NAN(P)")
PASS: C: strtof ("NAN(p)")
PASS: C: strtod ("NAN(p)")
PASS: C: strtold ("NAN(p)")
PASS: C: strtof32 ("NAN(p)")
PASS: C: strtof64 ("NAN(p)")
PASS: C: strtof128 ("NAN(p)")
PASS: C: strtof32x ("NAN(p)")
PASS: C: strtof64x ("NAN(p)")
PASS: C: strtof ("NAN(Q)")
PASS: C: strtod ("NAN(Q)")
PASS: C: strtold ("NAN(Q)")
PASS: C: strtof32 ("NAN(Q)")
PASS: C: strtof64 ("NAN(Q)")
PASS: C: strtof128 ("NAN(Q)")
PASS: C: strtof32x ("NAN(Q)")
PASS: C: strtof64x ("NAN(Q)")
PASS: C: strtof ("NAN(q)")
PASS: C: strtod ("NAN(q)")
PASS: C: strtold ("NAN(q)")
PASS: C: strtof32 ("NAN(q)")
PASS: C: strtof64 ("NAN(q)")
PASS: C: strtof128 ("NAN(q)")
PASS: C: strtof32x ("NAN(q)")
PASS: C: strtof64x ("NAN(q)")
PASS: C: strtof ("NAN(R)")
PASS: C: strtod ("NAN(R)")
PASS: C: strtold ("NAN(R)")
PASS: C: strtof32 ("NAN(R)")
PASS: C: strtof64 ("NAN(R)")
PASS: C: strtof128 ("NAN(R)")
PASS: C: strtof32x ("NAN(R)")
PASS: C: strtof64x ("NAN(R)")
PASS: C: strtof ("NAN(r)")
PASS: C: strtod ("NAN(r)")
PASS: C: strtold ("NAN(r)")
PASS: C: strtof32 ("NAN(r)")
PASS: C: strtof64 ("NAN(r)")
PASS: C: strtof128 ("NAN(r)")
PASS: C: strtof32x ("NAN(r)")
PASS: C: strtof64x ("NAN(r)")
PASS: C: strtof ("NAN(S)")
PASS: C: strtod ("NAN(S)")
PASS: C: strtold ("NAN(S)")
PASS: C: strtof32 ("NAN(S)")
PASS: C: strtof64 ("NAN(S)")
PASS: C: strtof128 ("NAN(S)")
PASS: C: strtof32x ("NAN(S)")
PASS: C: strtof64x ("NAN(S)")
PASS: C: strtof ("NAN(s)")
PASS: C: strtod ("NAN(s)")
PASS: C: strtold ("NAN(s)")
PASS: C: strtof32 ("NAN(s)")
PASS: C: strtof64 ("NAN(s)")
PASS: C: strtof128 ("NAN(s)")
PASS: C: strtof32x ("NAN(s)")
PASS: C: strtof64x ("NAN(s)")
PASS: C: strtof ("NAN(T)")
PASS: C: strtod ("NAN(T)")
PASS: C: strtold ("NAN(T)")
PASS: C: strtof32 ("NAN(T)")
PASS: C: strtof64 ("NAN(T)")
PASS: C: strtof128 ("NAN(T)")
PASS: C: strtof32x ("NAN(T)")
PASS: C: strtof64x ("NAN(T)")
PASS: C: strtof ("NAN(t)")
PASS: C: strtod ("NAN(t)")
PASS: C: strtold ("NAN(t)")
PASS: C: strtof32 ("NAN(t)")
PASS: C: strtof64 ("NAN(t)")
PASS: C: strtof128 ("NAN(t)")
PASS: C: strtof32x ("NAN(t)")
PASS: C: strtof64x ("NAN(t)")
PASS: C: strtof ("NAN(U)")
PASS: C: strtod ("NAN(U)")
PASS: C: strtold ("NAN(U)")
PASS: C: strtof32 ("NAN(U)")
PASS: C: strtof64 ("NAN(U)")
PASS: C: strtof128 ("NAN(U)")
PASS: C: strtof32x ("NAN(U)")
PASS: C: strtof64x ("NAN(U)")
PASS: C: strtof ("NAN(u)")
PASS: C: strtod ("NAN(u)")
PASS: C: strtold ("NAN(u)")
PASS: C: strtof32 ("NAN(u)")
PASS: C: strtof64 ("NAN(u)")
PASS: C: strtof128 ("NAN(u)")
PASS: C: strtof32x ("NAN(u)")
PASS: C: strtof64x ("NAN(u)")
PASS: C: strtof ("NAN(V)")
PASS: C: strtod ("NAN(V)")
PASS: C: strtold ("NAN(V)")
PASS: C: strtof32 ("NAN(V)")
PASS: C: strtof64 ("NAN(V)")
PASS: C: strtof128 ("NAN(V)")
PASS: C: strtof32x ("NAN(V)")
PASS: C: strtof64x ("NAN(V)")
PASS: C: strtof ("NAN(v)")
PASS: C: strtod ("NAN(v)")
PASS: C: strtold ("NAN(v)")
PASS: C: strtof32 ("NAN(v)")
PASS: C: strtof64 ("NAN(v)")
PASS: C: strtof128 ("NAN(v)")
PASS: C: strtof32x ("NAN(v)")
PASS: C: strtof64x ("NAN(v)")
PASS: C: strtof ("NAN(W)")
PASS: C: strtod ("NAN(W)")
PASS: C: strtold ("NAN(W)")
PASS: C: strtof32 ("NAN(W)")
PASS: C: strtof64 ("NAN(W)")
PASS: C: strtof128 ("NAN(W)")
PASS: C: strtof32x ("NAN(W)")
PASS: C: strtof64x ("NAN(W)")
PASS: C: strtof ("NAN(w)")
PASS: C: strtod ("NAN(w)")
PASS: C: strtold ("NAN(w)")
PASS: C: strtof32 ("NAN(w)")
PASS: C: strtof64 ("NAN(w)")
PASS: C: strtof128 ("NAN(w)")
PASS: C: strtof32x ("NAN(w)")
PASS: C: strtof64x ("NAN(w)")
PASS: C: strtof ("NAN(X)")
PASS: C: strtod ("NAN(X)")
PASS: C: strtold ("NAN(X)")
PASS: C: strtof32 ("NAN(X)")
PASS: C: strtof64 ("NAN(X)")
PASS: C: strtof128 ("NAN(X)")
PASS: C: strtof32x ("NAN(X)")
PASS: C: strtof64x ("NAN(X)")
PASS: C: strtof ("NAN(x)")
PASS: C: strtod ("NAN(x)")
PASS: C: strtold ("NAN(x)")
PASS: C: strtof32 ("NAN(x)")
PASS: C: strtof64 ("NAN(x)")
PASS: C: strtof128 ("NAN(x)")
PASS: C: strtof32x ("NAN(x)")
PASS: C: strtof64x ("NAN(x)")
PASS: C: strtof ("NAN(Y)")
PASS: C: strtod ("NAN(Y)")
PASS: C: strtold ("NAN(Y)")
PASS: C: strtof32 ("NAN(Y)")
PASS: C: strtof64 ("NAN(Y)")
PASS: C: strtof128 ("NAN(Y)")
PASS: C: strtof32x ("NAN(Y)")
PASS: C: strtof64x ("NAN(Y)")
PASS: C: strtof ("NAN(y)")
PASS: C: strtod ("NAN(y)")
PASS: C: strtold ("NAN(y)")
PASS: C: strtof32 ("NAN(y)")
PASS: C: strtof64 ("NAN(y)")
PASS: C: strtof128 ("NAN(y)")
PASS: C: strtof32x ("NAN(y)")
PASS: C: strtof64x ("NAN(y)")
PASS: C: strtof ("NAN(Z)")
PASS: C: strtod ("NAN(Z)")
PASS: C: strtold ("NAN(Z)")
PASS: C: strtof32 ("NAN(Z)")
PASS: C: strtof64 ("NAN(Z)")
PASS: C: strtof128 ("NAN(Z)")
PASS: C: strtof32x ("NAN(Z)")
PASS: C: strtof64x ("NAN(Z)")
PASS: C: strtof ("NAN(z)")
PASS: C: strtod ("NAN(z)")
PASS: C: strtold ("NAN(z)")
PASS: C: strtof32 ("NAN(z)")
PASS: C: strtof64 ("NAN(z)")
PASS: C: strtof128 ("NAN(z)")
PASS: C: strtof32x ("NAN(z)")
PASS: C: strtof64x ("NAN(z)")
PASS: tr_TR.UTF-8: strtof ("NAN(A)")
PASS: tr_TR.UTF-8: strtod ("NAN(A)")
PASS: tr_TR.UTF-8: strtold ("NAN(A)")
PASS: tr_TR.UTF-8: strtof32 ("NAN(A)")
PASS: tr_TR.UTF-8: strtof64 ("NAN(A)")
PASS: tr_TR.UTF-8: strtof128 ("NAN(A)")
PASS: tr_TR.UTF-8: strtof32x ("NAN(A)")
PASS: tr_TR.UTF-8: strtof64x ("NAN(A)")
PASS: tr_TR.UTF-8: strtof ("NAN(a)")
PASS: tr_TR.UTF-8: strtod ("NAN(a)")
PASS: tr_TR.UTF-8: strtold ("NAN(a)")
PASS: tr_TR.UTF-8: strtof32 ("NAN(a)")
PASS: tr_TR.UTF-8: strtof64 ("NAN(a)")
PASS: tr_TR.UTF-8: strtof128 ("NAN(a)")
PASS: tr_TR.UTF-8: strtof32x ("NAN(a)")
PASS: tr_TR.UTF-8: strtof64x ("NAN(a)")
PASS: tr_TR.UTF-8: strtof ("NAN(B)")
PASS: tr_TR.UTF-8: strtod ("NAN(B)")
PASS: tr_TR.UTF-8: strtold ("NAN(B)")
PASS: tr_TR.UTF-8: strtof32 ("NAN(B)")
PASS: tr_TR.UTF-8: strtof64 ("NAN(B)")
PASS: tr_TR.UTF-8: strtof128 ("NAN(B)")
PASS: tr_TR.UTF-8: strtof32x ("NAN(B)")
PASS: tr_TR.UTF-8: strtof64x ("NAN(B)")
PASS: tr_TR.UTF-8: strtof ("NAN(b)")
PASS: tr_TR.UTF-8: strtod ("NAN(b)")
PASS: tr_TR.UTF-8: strtold ("NAN(b)")
PASS: tr_TR.UTF-8: strtof32 ("NAN(b)")
PASS: tr_TR.UTF-8: strtof64 ("NAN(b)")
PASS: tr_TR.UTF-8: strtof128 ("NAN(b)")
PASS: tr_TR.UTF-8: strtof32x ("NAN(b)")
PASS: tr_TR.UTF-8: strtof64x ("NAN(b)")
PASS: tr_TR.UTF-8: strtof ("NAN(C)")
PASS: tr_TR.UTF-8: strtod ("NAN(C)")
PASS: tr_TR.UTF-8: strtold ("NAN(C)")
PASS: tr_TR.UTF-8: strtof32 ("NAN(C)")
PASS: tr_TR.UTF-8: strtof64 ("NAN(C)")
PASS: tr_TR.UTF-8: strtof128 ("NAN(C)")
PASS: tr_TR.UTF-8: strtof32x ("NAN(C)")
PASS: tr_TR.UTF-8: strtof64x ("NAN(C)")
PASS: tr_TR.UTF-8: strtof ("NAN(c)")
PASS: tr_TR.UTF-8: strtod ("NAN(c)")
PASS: tr_TR.UTF-8: strtold ("NAN(c)")
PASS: tr_TR.UTF-8: strtof32 ("NAN(c)")
PASS: tr_TR.UTF-8: strtof64 ("NAN(c)")
PASS: tr_TR.UTF-8: strtof128 ("NAN(c)")
PASS: tr_TR.UTF-8: strtof32x ("NAN(c)")
PASS: tr_TR.UTF-8: strtof64x ("NAN(c)")
PASS: tr_TR.UTF-8: strtof ("NAN(D)")
PASS: tr_TR.UTF-8: strtod ("NAN(D)")
PASS: tr_TR.UTF-8: strtold ("NAN(D)")
PASS: tr_TR.UTF-8: strtof32 ("NAN(D)")
PASS: tr_TR.UTF-8: strtof64 ("NAN(D)")
PASS: tr_TR.UTF-8: strtof128 ("NAN(D)")
PASS: tr_TR.UTF-8: strtof32x ("NAN(D)")
PASS: tr_TR.UTF-8: strtof64x ("NAN(D)")
PASS: tr_TR.UTF-8: strtof ("NAN(d)")
PASS: tr_TR.UTF-8: strtod ("NAN(d)")
PASS: tr_TR.UTF-8: strtold ("NAN(d)")
PASS: tr_TR.UTF-8: strtof32 ("NAN(d)")
PASS: tr_TR.UTF-8: strtof64 ("NAN(d)")
PASS: tr_TR.UTF-8: strtof128 ("NAN(d)")
PASS: tr_TR.UTF-8: strtof32x ("NAN(d)")
PASS: tr_TR.UTF-8: strtof64x ("NAN(d)")
PASS: tr_TR.UTF-8: strtof ("NAN(E)")
PASS: tr_TR.UTF-8: strtod ("NAN(E)")
PASS: tr_TR.UTF-8: strtold ("NAN(E)")
PASS: tr_TR.UTF-8: strtof32 ("NAN(E)")
PASS: tr_TR.UTF-8: strtof64 ("NAN(E)")
PASS: tr_TR.UTF-8: strtof128 ("NAN(E)")
PASS: tr_TR.UTF-8: strtof32x ("NAN(E)")
PASS: tr_TR.UTF-8: strtof64x ("NAN(E)")
PASS: tr_TR.UTF-8: strtof ("NAN(e)")
PASS: tr_TR.UTF-8: strtod ("NAN(e)")
PASS: tr_TR.UTF-8: strtold ("NAN(e)")
PASS: tr_TR.UTF-8: strtof32 ("NAN(e)")
PASS: tr_TR.UTF-8: strtof64 ("NAN(e)")
PASS: tr_TR.UTF-8: strtof128 ("NAN(e)")
PASS: tr_TR.UTF-8: strtof32x ("NAN(e)")
PASS: tr_TR.UTF-8: strtof64x ("NAN(e)")
PASS: tr_TR.UTF-8: strtof ("NAN(F)")
PASS: tr_TR.UTF-8: strtod ("NAN(F)")
PASS: tr_TR.UTF-8: strtold ("NAN(F)")
PASS: tr_TR.UTF-8: strtof32 ("NAN(F)")
PASS: tr_TR.UTF-8: strtof64 ("NAN(F)")
PASS: tr_TR.UTF-8: strtof128 ("NAN(F)")
PASS: tr_TR.UTF-8: strtof32x ("NAN(F)")
PASS: tr_TR.UTF-8: strtof64x ("NAN(F)")
PASS: tr_TR.UTF-8: strtof ("NAN(f)")
PASS: tr_TR.UTF-8: strtod ("NAN(f)")
PASS: tr_TR.UTF-8: strtold ("NAN(f)")
PASS: tr_TR.UTF-8: strtof32 ("NAN(f)")
PASS: tr_TR.UTF-8: strtof64 ("NAN(f)")
PASS: tr_TR.UTF-8: strtof128 ("NAN(f)")
PASS: tr_TR.UTF-8: strtof32x ("NAN(f)")
PASS: tr_TR.UTF-8: strtof64x ("NAN(f)")
PASS: tr_TR.UTF-8: strtof ("NAN(G)")
PASS: tr_TR.UTF-8: strtod ("NAN(G)")
PASS: tr_TR.UTF-8: strtold ("NAN(G)")
PASS: tr_TR.UTF-8: strtof32 ("NAN(G)")
PASS: tr_TR.UTF-8: strtof64 ("NAN(G)")
PASS: tr_TR.UTF-8: strtof128 ("NAN(G)")
PASS: tr_TR.UTF-8: strtof32x ("NAN(G)")
PASS: tr_TR.UTF-8: strtof64x ("NAN(G)")
PASS: tr_TR.UTF-8: strtof ("NAN(g)")
PASS: tr_TR.UTF-8: strtod ("NAN(g)")
PASS: tr_TR.UTF-8: strtold ("NAN(g)")
PASS: tr_TR.UTF-8: strtof32 ("NAN(g)")
PASS: tr_TR.UTF-8: strtof64 ("NAN(g)")
PASS: tr_TR.UTF-8: strtof128 ("NAN(g)")
PASS: tr_TR.UTF-8: strtof32x ("NAN(g)")
PASS: tr_TR.UTF-8: strtof64x ("NAN(g)")
PASS: tr_TR.UTF-8: strtof ("NAN(H)")
PASS: tr_TR.UTF-8: strtod ("NAN(H)")
PASS: tr_TR.UTF-8: strtold ("NAN(H)")
PASS: tr_TR.UTF-8: strtof32 ("NAN(H)")
PASS: tr_TR.UTF-8: strtof64 ("NAN(H)")
PASS: tr_TR.UTF-8: strtof128 ("NAN(H)")
PASS: tr_TR.UTF-8: strtof32x ("NAN(H)")
PASS: tr_TR.UTF-8: strtof64x ("NAN(H)")
PASS: tr_TR.UTF-8: strtof ("NAN(h)")
PASS: tr_TR.UTF-8: strtod ("NAN(h)")
PASS: tr_TR.UTF-8: strtold ("NAN(h)")
PASS: tr_TR.UTF-8: strtof32 ("NAN(h)")
PASS: tr_TR.UTF-8: strtof64 ("NAN(h)")
PASS: tr_TR.UTF-8: strtof128 ("NAN(h)")
PASS: tr_TR.UTF-8: strtof32x ("NAN(h)")
PASS: tr_TR.UTF-8: strtof64x ("NAN(h)")
PASS: tr_TR.UTF-8: strtof ("NAN(I)")
PASS: tr_TR.UTF-8: strtod ("NAN(I)")
PASS: tr_TR.UTF-8: strtold ("NAN(I)")
PASS: tr_TR.UTF-8: strtof32 ("NAN(I)")
PASS: tr_TR.UTF-8: strtof64 ("NAN(I)")
PASS: tr_TR.UTF-8: strtof128 ("NAN(I)")
PASS: tr_TR.UTF-8: strtof32x ("NAN(I)")
PASS: tr_TR.UTF-8: strtof64x ("NAN(I)")
PASS: tr_TR.UTF-8: strtof ("NAN(i)")
PASS: tr_TR.UTF-8: strtod ("NAN(i)")
PASS: tr_TR.UTF-8: strtold ("NAN(i)")
PASS: tr_TR.UTF-8: strtof32 ("NAN(i)")
PASS: tr_TR.UTF-8: strtof64 ("NAN(i)")
PASS: tr_TR.UTF-8: strtof128 ("NAN(i)")
PASS: tr_TR.UTF-8: strtof32x ("NAN(i)")
PASS: tr_TR.UTF-8: strtof64x ("NAN(i)")
PASS: tr_TR.UTF-8: strtof ("NAN(J)")
PASS: tr_TR.UTF-8: strtod ("NAN(J)")
PASS: tr_TR.UTF-8: strtold ("NAN(J)")
PASS: tr_TR.UTF-8: strtof32 ("NAN(J)")
PASS: tr_TR.UTF-8: strtof64 ("NAN(J)")
PASS: tr_TR.UTF-8: strtof128 ("NAN(J)")
PASS: tr_TR.UTF-8: strtof32x ("NAN(J)")
PASS: tr_TR.UTF-8: strtof64x ("NAN(J)")
PASS: tr_TR.UTF-8: strtof ("NAN(j)")
PASS: tr_TR.UTF-8: strtod ("NAN(j)")
PASS: tr_TR.UTF-8: strtold ("NAN(j)")
PASS: tr_TR.UTF-8: strtof32 ("NAN(j)")
PASS: tr_TR.UTF-8: strtof64 ("NAN(j)")
PASS: tr_TR.UTF-8: strtof128 ("NAN(j)")
PASS: tr_TR.UTF-8: strtof32x ("NAN(j)")
PASS: tr_TR.UTF-8: strtof64x ("NAN(j)")
PASS: tr_TR.UTF-8: strtof ("NAN(K)")
PASS: tr_TR.UTF-8: strtod ("NAN(K)")
PASS: tr_TR.UTF-8: strtold ("NAN(K)")
PASS: tr_TR.UTF-8: strtof32 ("NAN(K)")
PASS: tr_TR.UTF-8: strtof64 ("NAN(K)")
PASS: tr_TR.UTF-8: strtof128 ("NAN(K)")
PASS: tr_TR.UTF-8: strtof32x ("NAN(K)")
PASS: tr_TR.UTF-8: strtof64x ("NAN(K)")
PASS: tr_TR.UTF-8: strtof ("NAN(k)")
PASS: tr_TR.UTF-8: strtod ("NAN(k)")
PASS: tr_TR.UTF-8: strtold ("NAN(k)")
PASS: tr_TR.UTF-8: strtof32 ("NAN(k)")
PASS: tr_TR.UTF-8: strtof64 ("NAN(k)")
PASS: tr_TR.UTF-8: strtof128 ("NAN(k)")
PASS: tr_TR.UTF-8: strtof32x ("NAN(k)")
PASS: tr_TR.UTF-8: strtof64x ("NAN(k)")
PASS: tr_TR.UTF-8: strtof ("NAN(L)")
PASS: tr_TR.UTF-8: strtod ("NAN(L)")
PASS: tr_TR.UTF-8: strtold ("NAN(L)")
PASS: tr_TR.UTF-8: strtof32 ("NAN(L)")
PASS: tr_TR.UTF-8: strtof64 ("NAN(L)")
PASS: tr_TR.UTF-8: strtof128 ("NAN(L)")
PASS: tr_TR.UTF-8: strtof32x ("NAN(L)")
PASS: tr_TR.UTF-8: strtof64x ("NAN(L)")
PASS: tr_TR.UTF-8: strtof ("NAN(l)")
PASS: tr_TR.UTF-8: strtod ("NAN(l)")
PASS: tr_TR.UTF-8: strtold ("NAN(l)")
PASS: tr_TR.UTF-8: strtof32 ("NAN(l)")
PASS: tr_TR.UTF-8: strtof64 ("NAN(l)")
PASS: tr_TR.UTF-8: strtof128 ("NAN(l)")
PASS: tr_TR.UTF-8: strtof32x ("NAN(l)")
PASS: tr_TR.UTF-8: strtof64x ("NAN(l)")
PASS: tr_TR.UTF-8: strtof ("NAN(M)")
PASS: tr_TR.UTF-8: strtod ("NAN(M)")
PASS: tr_TR.UTF-8: strtold ("NAN(M)")
PASS: tr_TR.UTF-8: strtof32 ("NAN(M)")
PASS: tr_TR.UTF-8: strtof64 ("NAN(M)")
PASS: tr_TR.UTF-8: strtof128 ("NAN(M)")
PASS: tr_TR.UTF-8: strtof32x ("NAN(M)")
PASS: tr_TR.UTF-8: strtof64x ("NAN(M)")
PASS: tr_TR.UTF-8: strtof ("NAN(m)")
PASS: tr_TR.UTF-8: strtod ("NAN(m)")
PASS: tr_TR.UTF-8: strtold ("NAN(m)")
PASS: tr_TR.UTF-8: strtof32 ("NAN(m)")
PASS: tr_TR.UTF-8: strtof64 ("NAN(m)")
PASS: tr_TR.UTF-8: strtof128 ("NAN(m)")
PASS: tr_TR.UTF-8: strtof32x ("NAN(m)")
PASS: tr_TR.UTF-8: strtof64x ("NAN(m)")
PASS: tr_TR.UTF-8: strtof ("NAN(N)")
PASS: tr_TR.UTF-8: strtod ("NAN(N)")
PASS: tr_TR.UTF-8: strtold ("NAN(N)")
PASS: tr_TR.UTF-8: strtof32 ("NAN(N)")
PASS: tr_TR.UTF-8: strtof64 ("NAN(N)")
PASS: tr_TR.UTF-8: strtof128 ("NAN(N)")
PASS: tr_TR.UTF-8: strtof32x ("NAN(N)")
PASS: tr_TR.UTF-8: strtof64x ("NAN(N)")
PASS: tr_TR.UTF-8: strtof ("NAN(n)")
PASS: tr_TR.UTF-8: strtod ("NAN(n)")
PASS: tr_TR.UTF-8: strtold ("NAN(n)")
PASS: tr_TR.UTF-8: strtof32 ("NAN(n)")
PASS: tr_TR.UTF-8: strtof64 ("NAN(n)")
PASS: tr_TR.UTF-8: strtof128 ("NAN(n)")
PASS: tr_TR.UTF-8: strtof32x ("NAN(n)")
PASS: tr_TR.UTF-8: strtof64x ("NAN(n)")
PASS: tr_TR.UTF-8: strtof ("NAN(O)")
PASS: tr_TR.UTF-8: strtod ("NAN(O)")
PASS: tr_TR.UTF-8: strtold ("NAN(O)")
PASS: tr_TR.UTF-8: strtof32 ("NAN(O)")
PASS: tr_TR.UTF-8: strtof64 ("NAN(O)")
PASS: tr_TR.UTF-8: strtof128 ("NAN(O)")
PASS: tr_TR.UTF-8: strtof32x ("NAN(O)")
PASS: tr_TR.UTF-8: strtof64x ("NAN(O)")
PASS: tr_TR.UTF-8: strtof ("NAN(o)")
PASS: tr_TR.UTF-8: strtod ("NAN(o)")
PASS: tr_TR.UTF-8: strtold ("NAN(o)")
PASS: tr_TR.UTF-8: strtof32 ("NAN(o)")
PASS: tr_TR.UTF-8: strtof64 ("NAN(o)")
PASS: tr_TR.UTF-8: strtof128 ("NAN(o)")
PASS: tr_TR.UTF-8: strtof32x ("NAN(o)")
PASS: tr_TR.UTF-8: strtof64x ("NAN(o)")
PASS: tr_TR.UTF-8: strtof ("NAN(P)")
PASS: tr_TR.UTF-8: strtod ("NAN(P)")
PASS: tr_TR.UTF-8: strtold ("NAN(P)")
PASS: tr_TR.UTF-8: strtof32 ("NAN(P)")
PASS: tr_TR.UTF-8: strtof64 ("NAN(P)")
PASS: tr_TR.UTF-8: strtof128 ("NAN(P)")
PASS: tr_TR.UTF-8: strtof32x ("NAN(P)")
PASS: tr_TR.UTF-8: strtof64x ("NAN(P)")
PASS: tr_TR.UTF-8: strtof ("NAN(p)")
PASS: tr_TR.UTF-8: strtod ("NAN(p)")
PASS: tr_TR.UTF-8: strtold ("NAN(p)")
PASS: tr_TR.UTF-8: strtof32 ("NAN(p)")
PASS: tr_TR.UTF-8: strtof64 ("NAN(p)")
PASS: tr_TR.UTF-8: strtof128 ("NAN(p)")
PASS: tr_TR.UTF-8: strtof32x ("NAN(p)")
PASS: tr_TR.UTF-8: strtof64x ("NAN(p)")
PASS: tr_TR.UTF-8: strtof ("NAN(Q)")
PASS: tr_TR.UTF-8: strtod ("NAN(Q)")
PASS: tr_TR.UTF-8: strtold ("NAN(Q)")
PASS: tr_TR.UTF-8: strtof32 ("NAN(Q)")
PASS: tr_TR.UTF-8: strtof64 ("NAN(Q)")
PASS: tr_TR.UTF-8: strtof128 ("NAN(Q)")
PASS: tr_TR.UTF-8: strtof32x ("NAN(Q)")
PASS: tr_TR.UTF-8: strtof64x ("NAN(Q)")
PASS: tr_TR.UTF-8: strtof ("NAN(q)")
PASS: tr_TR.UTF-8: strtod ("NAN(q)")
PASS: tr_TR.UTF-8: strtold ("NAN(q)")
PASS: tr_TR.UTF-8: strtof32 ("NAN(q)")
PASS: tr_TR.UTF-8: strtof64 ("NAN(q)")
PASS: tr_TR.UTF-8: strtof128 ("NAN(q)")
PASS: tr_TR.UTF-8: strtof32x ("NAN(q)")
PASS: tr_TR.UTF-8: strtof64x ("NAN(q)")
PASS: tr_TR.UTF-8: strtof ("NAN(R)")
PASS: tr_TR.UTF-8: strtod ("NAN(R)")
PASS: tr_TR.UTF-8: strtold ("NAN(R)")
PASS: tr_TR.UTF-8: strtof32 ("NAN(R)")
PASS: tr_TR.UTF-8: strtof64 ("NAN(R)")
PASS: tr_TR.UTF-8: strtof128 ("NAN(R)")
PASS: tr_TR.UTF-8: strtof32x ("NAN(R)")
PASS: tr_TR.UTF-8: strtof64x ("NAN(R)")
PASS: tr_TR.UTF-8: strtof ("NAN(r)")
PASS: tr_TR.UTF-8: strtod ("NAN(r)")
PASS: tr_TR.UTF-8: strtold ("NAN(r)")
PASS: tr_TR.UTF-8: strtof32 ("NAN(r)")
PASS: tr_TR.UTF-8: strtof64 ("NAN(r)")
PASS: tr_TR.UTF-8: strtof128 ("NAN(r)")
PASS: tr_TR.UTF-8: strtof32x ("NAN(r)")
PASS: tr_TR.UTF-8: strtof64x ("NAN(r)")
PASS: tr_TR.UTF-8: strtof ("NAN(S)")
PASS: tr_TR.UTF-8: strtod ("NAN(S)")
PASS: tr_TR.UTF-8: strtold ("NAN(S)")
PASS: tr_TR.UTF-8: strtof32 ("NAN(S)")
PASS: tr_TR.UTF-8: strtof64 ("NAN(S)")
PASS: tr_TR.UTF-8: strtof128 ("NAN(S)")
PASS: tr_TR.UTF-8: strtof32x ("NAN(S)")
PASS: tr_TR.UTF-8: strtof64x ("NAN(S)")
PASS: tr_TR.UTF-8: strtof ("NAN(s)")
PASS: tr_TR.UTF-8: strtod ("NAN(s)")
PASS: tr_TR.UTF-8: strtold ("NAN(s)")
PASS: tr_TR.UTF-8: strtof32 ("NAN(s)")
PASS: tr_TR.UTF-8: strtof64 ("NAN(s)")
PASS: tr_TR.UTF-8: strtof128 ("NAN(s)")
PASS: tr_TR.UTF-8: strtof32x ("NAN(s)")
PASS: tr_TR.UTF-8: strtof64x ("NAN(s)")
PASS: tr_TR.UTF-8: strtof ("NAN(T)")
PASS: tr_TR.UTF-8: strtod ("NAN(T)")
PASS: tr_TR.UTF-8: strtold ("NAN(T)")
PASS: tr_TR.UTF-8: strtof32 ("NAN(T)")
PASS: tr_TR.UTF-8: strtof64 ("NAN(T)")
PASS: tr_TR.UTF-8: strtof128 ("NAN(T)")
PASS: tr_TR.UTF-8: strtof32x ("NAN(T)")
PASS: tr_TR.UTF-8: strtof64x ("NAN(T)")
PASS: tr_TR.UTF-8: strtof ("NAN(t)")
PASS: tr_TR.UTF-8: strtod ("NAN(t)")
PASS: tr_TR.UTF-8: strtold ("NAN(t)")
PASS: tr_TR.UTF-8: strtof32 ("NAN(t)")
PASS: tr_TR.UTF-8: strtof64 ("NAN(t)")
PASS: tr_TR.UTF-8: strtof128 ("NAN(t)")
PASS: tr_TR.UTF-8: strtof32x ("NAN(t)")
PASS: tr_TR.UTF-8: strtof64x ("NAN(t)")
PASS: tr_TR.UTF-8: strtof ("NAN(U)")
PASS: tr_TR.UTF-8: strtod ("NAN(U)")
PASS: tr_TR.UTF-8: strtold ("NAN(U)")
PASS: tr_TR.UTF-8: strtof32 ("NAN(U)")
PASS: tr_TR.UTF-8: strtof64 ("NAN(U)")
PASS: tr_TR.UTF-8: strtof128 ("NAN(U)")
PASS: tr_TR.UTF-8: strtof32x ("NAN(U)")
PASS: tr_TR.UTF-8: strtof64x ("NAN(U)")
PASS: tr_TR.UTF-8: strtof ("NAN(u)")
PASS: tr_TR.UTF-8: strtod ("NAN(u)")
PASS: tr_TR.UTF-8: strtold ("NAN(u)")
PASS: tr_TR.UTF-8: strtof32 ("NAN(u)")
PASS: tr_TR.UTF-8: strtof64 ("NAN(u)")
PASS: tr_TR.UTF-8: strtof128 ("NAN(u)")
PASS: tr_TR.UTF-8: strtof32x ("NAN(u)")
PASS: tr_TR.UTF-8: strtof64x ("NAN(u)")
PASS: tr_TR.UTF-8: strtof ("NAN(V)")
PASS: tr_TR.UTF-8: strtod ("NAN(V)")
PASS: tr_TR.UTF-8: strtold ("NAN(V)")
PASS: tr_TR.UTF-8: strtof32 ("NAN(V)")
PASS: tr_TR.UTF-8: strtof64 ("NAN(V)")
PASS: tr_TR.UTF-8: strtof128 ("NAN(V)")
PASS: tr_TR.UTF-8: strtof32x ("NAN(V)")
PASS: tr_TR.UTF-8: strtof64x ("NAN(V)")
PASS: tr_TR.UTF-8: strtof ("NAN(v)")
PASS: tr_TR.UTF-8: strtod ("NAN(v)")
PASS: tr_TR.UTF-8: strtold ("NAN(v)")
PASS: tr_TR.UTF-8: strtof32 ("NAN(v)")
PASS: tr_TR.UTF-8: strtof64 ("NAN(v)")
PASS: tr_TR.UTF-8: strtof128 ("NAN(v)")
PASS: tr_TR.UTF-8: strtof32x ("NAN(v)")
PASS: tr_TR.UTF-8: strtof64x ("NAN(v)")
PASS: tr_TR.UTF-8: strtof ("NAN(W)")
PASS: tr_TR.UTF-8: strtod ("NAN(W)")
PASS: tr_TR.UTF-8: strtold ("NAN(W)")
PASS: tr_TR.UTF-8: strtof32 ("NAN(W)")
PASS: tr_TR.UTF-8: strtof64 ("NAN(W)")
PASS: tr_TR.UTF-8: strtof128 ("NAN(W)")
PASS: tr_TR.UTF-8: strtof32x ("NAN(W)")
PASS: tr_TR.UTF-8: strtof64x ("NAN(W)")
PASS: tr_TR.UTF-8: strtof ("NAN(w)")
PASS: tr_TR.UTF-8: strtod ("NAN(w)")
PASS: tr_TR.UTF-8: strtold ("NAN(w)")
PASS: tr_TR.UTF-8: strtof32 ("NAN(w)")
PASS: tr_TR.UTF-8: strtof64 ("NAN(w)")
PASS: tr_TR.UTF-8: strtof128 ("NAN(w)")
PASS: tr_TR.UTF-8: strtof32x ("NAN(w)")
PASS: tr_TR.UTF-8: strtof64x ("NAN(w)")
PASS: tr_TR.UTF-8: strtof ("NAN(X)")
PASS: tr_TR.UTF-8: strtod ("NAN(X)")
PASS: tr_TR.UTF-8: strtold ("NAN(X)")
PASS: tr_TR.UTF-8: strtof32 ("NAN(X)")
PASS: tr_TR.UTF-8: strtof64 ("NAN(X)")
PASS: tr_TR.UTF-8: strtof128 ("NAN(X)")
PASS: tr_TR.UTF-8: strtof32x ("NAN(X)")
PASS: tr_TR.UTF-8: strtof64x ("NAN(X)")
PASS: tr_TR.UTF-8: strtof ("NAN(x)")
PASS: tr_TR.UTF-8: strtod ("NAN(x)")
PASS: tr_TR.UTF-8: strtold ("NAN(x)")
PASS: tr_TR.UTF-8: strtof32 ("NAN(x)")
PASS: tr_TR.UTF-8: strtof64 ("NAN(x)")
PASS: tr_TR.UTF-8: strtof128 ("NAN(x)")
PASS: tr_TR.UTF-8: strtof32x ("NAN(x)")
PASS: tr_TR.UTF-8: strtof64x ("NAN(x)")
PASS: tr_TR.UTF-8: strtof ("NAN(Y)")
PASS: tr_TR.UTF-8: strtod ("NAN(Y)")
PASS: tr_TR.UTF-8: strtold ("NAN(Y)")
PASS: tr_TR.UTF-8: strtof32 ("NAN(Y)")
PASS: tr_TR.UTF-8: strtof64 ("NAN(Y)")
PASS: tr_TR.UTF-8: strtof128 ("NAN(Y)")
PASS: tr_TR.UTF-8: strtof32x ("NAN(Y)")
PASS: tr_TR.UTF-8: strtof64x ("NAN(Y)")
PASS: tr_TR.UTF-8: strtof ("NAN(y)")
PASS: tr_TR.UTF-8: strtod ("NAN(y)")
PASS: tr_TR.UTF-8: strtold ("NAN(y)")
PASS: tr_TR.UTF-8: strtof32 ("NAN(y)")
PASS: tr_TR.UTF-8: strtof64 ("NAN(y)")
PASS: tr_TR.UTF-8: strtof128 ("NAN(y)")
PASS: tr_TR.UTF-8: strtof32x ("NAN(y)")
PASS: tr_TR.UTF-8: strtof64x ("NAN(y)")
PASS: tr_TR.UTF-8: strtof ("NAN(Z)")
PASS: tr_TR.UTF-8: strtod ("NAN(Z)")
PASS: tr_TR.UTF-8: strtold ("NAN(Z)")
PASS: tr_TR.UTF-8: strtof32 ("NAN(Z)")
PASS: tr_TR.UTF-8: strtof64 ("NAN(Z)")
PASS: tr_TR.UTF-8: strtof128 ("NAN(Z)")
PASS: tr_TR.UTF-8: strtof32x ("NAN(Z)")
PASS: tr_TR.UTF-8: strtof64x ("NAN(Z)")
PASS: tr_TR.UTF-8: strtof ("NAN(z)")
PASS: tr_TR.UTF-8: strtod ("NAN(z)")
PASS: tr_TR.UTF-8: strtold ("NAN(z)")
PASS: tr_TR.UTF-8: strtof32 ("NAN(z)")
PASS: tr_TR.UTF-8: strtof64 ("NAN(z)")
PASS: tr_TR.UTF-8: strtof128 ("NAN(z)")
PASS: tr_TR.UTF-8: strtof32x ("NAN(z)")
PASS: tr_TR.UTF-8: strtof64x ("NAN(z)")
PASS: tr_TR.ISO-8859-9: strtof ("NAN(A)")
PASS: tr_TR.ISO-8859-9: strtod ("NAN(A)")
PASS: tr_TR.ISO-8859-9: strtold ("NAN(A)")
PASS: tr_TR.ISO-8859-9: strtof32 ("NAN(A)")
PASS: tr_TR.ISO-8859-9: strtof64 ("NAN(A)")
PASS: tr_TR.ISO-8859-9: strtof128 ("NAN(A)")
PASS: tr_TR.ISO-8859-9: strtof32x ("NAN(A)")
PASS: tr_TR.ISO-8859-9: strtof64x ("NAN(A)")
PASS: tr_TR.ISO-8859-9: strtof ("NAN(a)")
PASS: tr_TR.ISO-8859-9: strtod ("NAN(a)")
PASS: tr_TR.ISO-8859-9: strtold ("NAN(a)")
PASS: tr_TR.ISO-8859-9: strtof32 ("NAN(a)")
PASS: tr_TR.ISO-8859-9: strtof64 ("NAN(a)")
PASS: tr_TR.ISO-8859-9: strtof128 ("NAN(a)")
PASS: tr_TR.ISO-8859-9: strtof32x ("NAN(a)")
PASS: tr_TR.ISO-8859-9: strtof64x ("NAN(a)")
PASS: tr_TR.ISO-8859-9: strtof ("NAN(B)")
PASS: tr_TR.ISO-8859-9: strtod ("NAN(B)")
PASS: tr_TR.ISO-8859-9: strtold ("NAN(B)")
PASS: tr_TR.ISO-8859-9: strtof32 ("NAN(B)")
PASS: tr_TR.ISO-8859-9: strtof64 ("NAN(B)")
PASS: tr_TR.ISO-8859-9: strtof128 ("NAN(B)")
PASS: tr_TR.ISO-8859-9: strtof32x ("NAN(B)")
PASS: tr_TR.ISO-8859-9: strtof64x ("NAN(B)")
PASS: tr_TR.ISO-8859-9: strtof ("NAN(b)")
PASS: tr_TR.ISO-8859-9: strtod ("NAN(b)")
PASS: tr_TR.ISO-8859-9: strtold ("NAN(b)")
PASS: tr_TR.ISO-8859-9: strtof32 ("NAN(b)")
PASS: tr_TR.ISO-8859-9: strtof64 ("NAN(b)")
PASS: tr_TR.ISO-8859-9: strtof128 ("NAN(b)")
PASS: tr_TR.ISO-8859-9: strtof32x ("NAN(b)")
PASS: tr_TR.ISO-8859-9: strtof64x ("NAN(b)")
PASS: tr_TR.ISO-8859-9: strtof ("NAN(C)")
PASS: tr_TR.ISO-8859-9: strtod ("NAN(C)")
PASS: tr_TR.ISO-8859-9: strtold ("NAN(C)")
PASS: tr_TR.ISO-8859-9: strtof32 ("NAN(C)")
PASS: tr_TR.ISO-8859-9: strtof64 ("NAN(C)")
PASS: tr_TR.ISO-8859-9: strtof128 ("NAN(C)")
PASS: tr_TR.ISO-8859-9: strtof32x ("NAN(C)")
PASS: tr_TR.ISO-8859-9: strtof64x ("NAN(C)")
PASS: tr_TR.ISO-8859-9: strtof ("NAN(c)")
PASS: tr_TR.ISO-8859-9: strtod ("NAN(c)")
PASS: tr_TR.ISO-8859-9: strtold ("NAN(c)")
PASS: tr_TR.ISO-8859-9: strtof32 ("NAN(c)")
PASS: tr_TR.ISO-8859-9: strtof64 ("NAN(c)")
PASS: tr_TR.ISO-8859-9: strtof128 ("NAN(c)")
PASS: tr_TR.ISO-8859-9: strtof32x ("NAN(c)")
PASS: tr_TR.ISO-8859-9: strtof64x ("NAN(c)")
PASS: tr_TR.ISO-8859-9: strtof ("NAN(D)")
PASS: tr_TR.ISO-8859-9: strtod ("NAN(D)")
PASS: tr_TR.ISO-8859-9: strtold ("NAN(D)")
PASS: tr_TR.ISO-8859-9: strtof32 ("NAN(D)")
PASS: tr_TR.ISO-8859-9: strtof64 ("NAN(D)")
PASS: tr_TR.ISO-8859-9: strtof128 ("NAN(D)")
PASS: tr_TR.ISO-8859-9: strtof32x ("NAN(D)")
PASS: tr_TR.ISO-8859-9: strtof64x ("NAN(D)")
PASS: tr_TR.ISO-8859-9: strtof ("NAN(d)")
PASS: tr_TR.ISO-8859-9: strtod ("NAN(d)")
PASS: tr_TR.ISO-8859-9: strtold ("NAN(d)")
PASS: tr_TR.ISO-8859-9: strtof32 ("NAN(d)")
PASS: tr_TR.ISO-8859-9: strtof64 ("NAN(d)")
PASS: tr_TR.ISO-8859-9: strtof128 ("NAN(d)")
PASS: tr_TR.ISO-8859-9: strtof32x ("NAN(d)")
PASS: tr_TR.ISO-8859-9: strtof64x ("NAN(d)")
PASS: tr_TR.ISO-8859-9: strtof ("NAN(E)")
PASS: tr_TR.ISO-8859-9: strtod ("NAN(E)")
PASS: tr_TR.ISO-8859-9: strtold ("NAN(E)")
PASS: tr_TR.ISO-8859-9: strtof32 ("NAN(E)")
PASS: tr_TR.ISO-8859-9: strtof64 ("NAN(E)")
PASS: tr_TR.ISO-8859-9: strtof128 ("NAN(E)")
PASS: tr_TR.ISO-8859-9: strtof32x ("NAN(E)")
PASS: tr_TR.ISO-8859-9: strtof64x ("NAN(E)")
PASS: tr_TR.ISO-8859-9: strtof ("NAN(e)")
PASS: tr_TR.ISO-8859-9: strtod ("NAN(e)")
PASS: tr_TR.ISO-8859-9: strtold ("NAN(e)")
PASS: tr_TR.ISO-8859-9: strtof32 ("NAN(e)")
PASS: tr_TR.ISO-8859-9: strtof64 ("NAN(e)")
PASS: tr_TR.ISO-8859-9: strtof128 ("NAN(e)")
PASS: tr_TR.ISO-8859-9: strtof32x ("NAN(e)")
PASS: tr_TR.ISO-8859-9: strtof64x ("NAN(e)")
PASS: tr_TR.ISO-8859-9: strtof ("NAN(F)")
PASS: tr_TR.ISO-8859-9: strtod ("NAN(F)")
PASS: tr_TR.ISO-8859-9: strtold ("NAN(F)")
PASS: tr_TR.ISO-8859-9: strtof32 ("NAN(F)")
PASS: tr_TR.ISO-8859-9: strtof64 ("NAN(F)")
PASS: tr_TR.ISO-8859-9: strtof128 ("NAN(F)")
PASS: tr_TR.ISO-8859-9: strtof32x ("NAN(F)")
PASS: tr_TR.ISO-8859-9: strtof64x ("NAN(F)")
PASS: tr_TR.ISO-8859-9: strtof ("NAN(f)")
PASS: tr_TR.ISO-8859-9: strtod ("NAN(f)")
PASS: tr_TR.ISO-8859-9: strtold ("NAN(f)")
PASS: tr_TR.ISO-8859-9: strtof32 ("NAN(f)")
PASS: tr_TR.ISO-8859-9: strtof64 ("NAN(f)")
PASS: tr_TR.ISO-8859-9: strtof128 ("NAN(f)")
PASS: tr_TR.ISO-8859-9: strtof32x ("NAN(f)")
PASS: tr_TR.ISO-8859-9: strtof64x ("NAN(f)")
PASS: tr_TR.ISO-8859-9: strtof ("NAN(G)")
PASS: tr_TR.ISO-8859-9: strtod ("NAN(G)")
PASS: tr_TR.ISO-8859-9: strtold ("NAN(G)")
PASS: tr_TR.ISO-8859-9: strtof32 ("NAN(G)")
PASS: tr_TR.ISO-8859-9: strtof64 ("NAN(G)")
PASS: tr_TR.ISO-8859-9: strtof128 ("NAN(G)")
PASS: tr_TR.ISO-8859-9: strtof32x ("NAN(G)")
PASS: tr_TR.ISO-8859-9: strtof64x ("NAN(G)")
PASS: tr_TR.ISO-8859-9: strtof ("NAN(g)")
PASS: tr_TR.ISO-8859-9: strtod ("NAN(g)")
PASS: tr_TR.ISO-8859-9: strtold ("NAN(g)")
PASS: tr_TR.ISO-8859-9: strtof32 ("NAN(g)")
PASS: tr_TR.ISO-8859-9: strtof64 ("NAN(g)")
PASS: tr_TR.ISO-8859-9: strtof128 ("NAN(g)")
PASS: tr_TR.ISO-8859-9: strtof32x ("NAN(g)")
PASS: tr_TR.ISO-8859-9: strtof64x ("NAN(g)")
PASS: tr_TR.ISO-8859-9: strtof ("NAN(H)")
PASS: tr_TR.ISO-8859-9: strtod ("NAN(H)")
PASS: tr_TR.ISO-8859-9: strtold ("NAN(H)")
PASS: tr_TR.ISO-8859-9: strtof32 ("NAN(H)")
PASS: tr_TR.ISO-8859-9: strtof64 ("NAN(H)")
PASS: tr_TR.ISO-8859-9: strtof128 ("NAN(H)")
PASS: tr_TR.ISO-8859-9: strtof32x ("NAN(H)")
PASS: tr_TR.ISO-8859-9: strtof64x ("NAN(H)")
PASS: tr_TR.ISO-8859-9: strtof ("NAN(h)")
PASS: tr_TR.ISO-8859-9: strtod ("NAN(h)")
PASS: tr_TR.ISO-8859-9: strtold ("NAN(h)")
PASS: tr_TR.ISO-8859-9: strtof32 ("NAN(h)")
PASS: tr_TR.ISO-8859-9: strtof64 ("NAN(h)")
PASS: tr_TR.ISO-8859-9: strtof128 ("NAN(h)")
PASS: tr_TR.ISO-8859-9: strtof32x ("NAN(h)")
PASS: tr_TR.ISO-8859-9: strtof64x ("NAN(h)")
PASS: tr_TR.ISO-8859-9: strtof ("NAN(I)")
PASS: tr_TR.ISO-8859-9: strtod ("NAN(I)")
PASS: tr_TR.ISO-8859-9: strtold ("NAN(I)")
PASS: tr_TR.ISO-8859-9: strtof32 ("NAN(I)")
PASS: tr_TR.ISO-8859-9: strtof64 ("NAN(I)")
PASS: tr_TR.ISO-8859-9: strtof128 ("NAN(I)")
PASS: tr_TR.ISO-8859-9: strtof32x ("NAN(I)")
PASS: tr_TR.ISO-8859-9: strtof64x ("NAN(I)")
PASS: tr_TR.ISO-8859-9: strtof ("NAN(i)")
PASS: tr_TR.ISO-8859-9: strtod ("NAN(i)")
PASS: tr_TR.ISO-8859-9: strtold ("NAN(i)")
PASS: tr_TR.ISO-8859-9: strtof32 ("NAN(i)")
PASS: tr_TR.ISO-8859-9: strtof64 ("NAN(i)")
PASS: tr_TR.ISO-8859-9: strtof128 ("NAN(i)")
PASS: tr_TR.ISO-8859-9: strtof32x ("NAN(i)")
PASS: tr_TR.ISO-8859-9: strtof64x ("NAN(i)")
PASS: tr_TR.ISO-8859-9: strtof ("NAN(J)")
PASS: tr_TR.ISO-8859-9: strtod ("NAN(J)")
PASS: tr_TR.ISO-8859-9: strtold ("NAN(J)")
PASS: tr_TR.ISO-8859-9: strtof32 ("NAN(J)")
PASS: tr_TR.ISO-8859-9: strtof64 ("NAN(J)")
PASS: tr_TR.ISO-8859-9: strtof128 ("NAN(J)")
PASS: tr_TR.ISO-8859-9: strtof32x ("NAN(J)")
PASS: tr_TR.ISO-8859-9: strtof64x ("NAN(J)")
PASS: tr_TR.ISO-8859-9: strtof ("NAN(j)")
PASS: tr_TR.ISO-8859-9: strtod ("NAN(j)")
PASS: tr_TR.ISO-8859-9: strtold ("NAN(j)")
PASS: tr_TR.ISO-8859-9: strtof32 ("NAN(j)")
PASS: tr_TR.ISO-8859-9: strtof64 ("NAN(j)")
PASS: tr_TR.ISO-8859-9: strtof128 ("NAN(j)")
PASS: tr_TR.ISO-8859-9: strtof32x ("NAN(j)")
PASS: tr_TR.ISO-8859-9: strtof64x ("NAN(j)")
PASS: tr_TR.ISO-8859-9: strtof ("NAN(K)")
PASS: tr_TR.ISO-8859-9: strtod ("NAN(K)")
PASS: tr_TR.ISO-8859-9: strtold ("NAN(K)")
PASS: tr_TR.ISO-8859-9: strtof32 ("NAN(K)")
PASS: tr_TR.ISO-8859-9: strtof64 ("NAN(K)")
PASS: tr_TR.ISO-8859-9: strtof128 ("NAN(K)")
PASS: tr_TR.ISO-8859-9: strtof32x ("NAN(K)")
PASS: tr_TR.ISO-8859-9: strtof64x ("NAN(K)")
PASS: tr_TR.ISO-8859-9: strtof ("NAN(k)")
PASS: tr_TR.ISO-8859-9: strtod ("NAN(k)")
PASS: tr_TR.ISO-8859-9: strtold ("NAN(k)")
PASS: tr_TR.ISO-8859-9: strtof32 ("NAN(k)")
PASS: tr_TR.ISO-8859-9: strtof64 ("NAN(k)")
PASS: tr_TR.ISO-8859-9: strtof128 ("NAN(k)")
PASS: tr_TR.ISO-8859-9: strtof32x ("NAN(k)")
PASS: tr_TR.ISO-8859-9: strtof64x ("NAN(k)")
PASS: tr_TR.ISO-8859-9: strtof ("NAN(L)")
PASS: tr_TR.ISO-8859-9: strtod ("NAN(L)")
PASS: tr_TR.ISO-8859-9: strtold ("NAN(L)")
PASS: tr_TR.ISO-8859-9: strtof32 ("NAN(L)")
PASS: tr_TR.ISO-8859-9: strtof64 ("NAN(L)")
PASS: tr_TR.ISO-8859-9: strtof128 ("NAN(L)")
PASS: tr_TR.ISO-8859-9: strtof32x ("NAN(L)")
PASS: tr_TR.ISO-8859-9: strtof64x ("NAN(L)")
PASS: tr_TR.ISO-8859-9: strtof ("NAN(l)")
PASS: tr_TR.ISO-8859-9: strtod ("NAN(l)")
PASS: tr_TR.ISO-8859-9: strtold ("NAN(l)")
PASS: tr_TR.ISO-8859-9: strtof32 ("NAN(l)")
PASS: tr_TR.ISO-8859-9: strtof64 ("NAN(l)")
PASS: tr_TR.ISO-8859-9: strtof128 ("NAN(l)")
PASS: tr_TR.ISO-8859-9: strtof32x ("NAN(l)")
PASS: tr_TR.ISO-8859-9: strtof64x ("NAN(l)")
PASS: tr_TR.ISO-8859-9: strtof ("NAN(M)")
PASS: tr_TR.ISO-8859-9: strtod ("NAN(M)")
PASS: tr_TR.ISO-8859-9: strtold ("NAN(M)")
PASS: tr_TR.ISO-8859-9: strtof32 ("NAN(M)")
PASS: tr_TR.ISO-8859-9: strtof64 ("NAN(M)")
PASS: tr_TR.ISO-8859-9: strtof128 ("NAN(M)")
PASS: tr_TR.ISO-8859-9: strtof32x ("NAN(M)")
PASS: tr_TR.ISO-8859-9: strtof64x ("NAN(M)")
PASS: tr_TR.ISO-8859-9: strtof ("NAN(m)")
PASS: tr_TR.ISO-8859-9: strtod ("NAN(m)")
PASS: tr_TR.ISO-8859-9: strtold ("NAN(m)")
PASS: tr_TR.ISO-8859-9: strtof32 ("NAN(m)")
PASS: tr_TR.ISO-8859-9: strtof64 ("NAN(m)")
PASS: tr_TR.ISO-8859-9: strtof128 ("NAN(m)")
PASS: tr_TR.ISO-8859-9: strtof32x ("NAN(m)")
PASS: tr_TR.ISO-8859-9: strtof64x ("NAN(m)")
PASS: tr_TR.ISO-8859-9: strtof ("NAN(N)")
PASS: tr_TR.ISO-8859-9: strtod ("NAN(N)")
PASS: tr_TR.ISO-8859-9: strtold ("NAN(N)")
PASS: tr_TR.ISO-8859-9: strtof32 ("NAN(N)")
PASS: tr_TR.ISO-8859-9: strtof64 ("NAN(N)")
PASS: tr_TR.ISO-8859-9: strtof128 ("NAN(N)")
PASS: tr_TR.ISO-8859-9: strtof32x ("NAN(N)")
PASS: tr_TR.ISO-8859-9: strtof64x ("NAN(N)")
PASS: tr_TR.ISO-8859-9: strtof ("NAN(n)")
PASS: tr_TR.ISO-8859-9: strtod ("NAN(n)")
PASS: tr_TR.ISO-8859-9: strtold ("NAN(n)")
PASS: tr_TR.ISO-8859-9: strtof32 ("NAN(n)")
PASS: tr_TR.ISO-8859-9: strtof64 ("NAN(n)")
PASS: tr_TR.ISO-8859-9: strtof128 ("NAN(n)")
PASS: tr_TR.ISO-8859-9: strtof32x ("NAN(n)")
PASS: tr_TR.ISO-8859-9: strtof64x ("NAN(n)")
PASS: tr_TR.ISO-8859-9: strtof ("NAN(O)")
PASS: tr_TR.ISO-8859-9: strtod ("NAN(O)")
PASS: tr_TR.ISO-8859-9: strtold ("NAN(O)")
PASS: tr_TR.ISO-8859-9: strtof32 ("NAN(O)")
PASS: tr_TR.ISO-8859-9: strtof64 ("NAN(O)")
PASS: tr_TR.ISO-8859-9: strtof128 ("NAN(O)")
PASS: tr_TR.ISO-8859-9: strtof32x ("NAN(O)")
PASS: tr_TR.ISO-8859-9: strtof64x ("NAN(O)")
PASS: tr_TR.ISO-8859-9: strtof ("NAN(o)")
PASS: tr_TR.ISO-8859-9: strtod ("NAN(o)")
PASS: tr_TR.ISO-8859-9: strtold ("NAN(o)")
PASS: tr_TR.ISO-8859-9: strtof32 ("NAN(o)")
PASS: tr_TR.ISO-8859-9: strtof64 ("NAN(o)")
PASS: tr_TR.ISO-8859-9: strtof128 ("NAN(o)")
PASS: tr_TR.ISO-8859-9: strtof32x ("NAN(o)")
PASS: tr_TR.ISO-8859-9: strtof64x ("NAN(o)")
PASS: tr_TR.ISO-8859-9: strtof ("NAN(P)")
PASS: tr_TR.ISO-8859-9: strtod ("NAN(P)")
PASS: tr_TR.ISO-8859-9: strtold ("NAN(P)")
PASS: tr_TR.ISO-8859-9: strtof32 ("NAN(P)")
PASS: tr_TR.ISO-8859-9: strtof64 ("NAN(P)")
PASS: tr_TR.ISO-8859-9: strtof128 ("NAN(P)")
PASS: tr_TR.ISO-8859-9: strtof32x ("NAN(P)")
PASS: tr_TR.ISO-8859-9: strtof64x ("NAN(P)")
PASS: tr_TR.ISO-8859-9: strtof ("NAN(p)")
PASS: tr_TR.ISO-8859-9: strtod ("NAN(p)")
PASS: tr_TR.ISO-8859-9: strtold ("NAN(p)")
PASS: tr_TR.ISO-8859-9: strtof32 ("NAN(p)")
PASS: tr_TR.ISO-8859-9: strtof64 ("NAN(p)")
PASS: tr_TR.ISO-8859-9: strtof128 ("NAN(p)")
PASS: tr_TR.ISO-8859-9: strtof32x ("NAN(p)")
PASS: tr_TR.ISO-8859-9: strtof64x ("NAN(p)")
PASS: tr_TR.ISO-8859-9: strtof ("NAN(Q)")
PASS: tr_TR.ISO-8859-9: strtod ("NAN(Q)")
PASS: tr_TR.ISO-8859-9: strtold ("NAN(Q)")
PASS: tr_TR.ISO-8859-9: strtof32 ("NAN(Q)")
PASS: tr_TR.ISO-8859-9: strtof64 ("NAN(Q)")
PASS: tr_TR.ISO-8859-9: strtof128 ("NAN(Q)")
PASS: tr_TR.ISO-8859-9: strtof32x ("NAN(Q)")
PASS: tr_TR.ISO-8859-9: strtof64x ("NAN(Q)")
PASS: tr_TR.ISO-8859-9: strtof ("NAN(q)")
PASS: tr_TR.ISO-8859-9: strtod ("NAN(q)")
PASS: tr_TR.ISO-8859-9: strtold ("NAN(q)")
PASS: tr_TR.ISO-8859-9: strtof32 ("NAN(q)")
PASS: tr_TR.ISO-8859-9: strtof64 ("NAN(q)")
PASS: tr_TR.ISO-8859-9: strtof128 ("NAN(q)")
PASS: tr_TR.ISO-8859-9: strtof32x ("NAN(q)")
PASS: tr_TR.ISO-8859-9: strtof64x ("NAN(q)")
PASS: tr_TR.ISO-8859-9: strtof ("NAN(R)")
PASS: tr_TR.ISO-8859-9: strtod ("NAN(R)")
PASS: tr_TR.ISO-8859-9: strtold ("NAN(R)")
PASS: tr_TR.ISO-8859-9: strtof32 ("NAN(R)")
PASS: tr_TR.ISO-8859-9: strtof64 ("NAN(R)")
PASS: tr_TR.ISO-8859-9: strtof128 ("NAN(R)")
PASS: tr_TR.ISO-8859-9: strtof32x ("NAN(R)")
PASS: tr_TR.ISO-8859-9: strtof64x ("NAN(R)")
PASS: tr_TR.ISO-8859-9: strtof ("NAN(r)")
PASS: tr_TR.ISO-8859-9: strtod ("NAN(r)")
PASS: tr_TR.ISO-8859-9: strtold ("NAN(r)")
PASS: tr_TR.ISO-8859-9: strtof32 ("NAN(r)")
PASS: tr_TR.ISO-8859-9: strtof64 ("NAN(r)")
PASS: tr_TR.ISO-8859-9: strtof128 ("NAN(r)")
PASS: tr_TR.ISO-8859-9: strtof32x ("NAN(r)")
PASS: tr_TR.ISO-8859-9: strtof64x ("NAN(r)")
PASS: tr_TR.ISO-8859-9: strtof ("NAN(S)")
PASS: tr_TR.ISO-8859-9: strtod ("NAN(S)")
PASS: tr_TR.ISO-8859-9: strtold ("NAN(S)")
PASS: tr_TR.ISO-8859-9: strtof32 ("NAN(S)")
PASS: tr_TR.ISO-8859-9: strtof64 ("NAN(S)")
PASS: tr_TR.ISO-8859-9: strtof128 ("NAN(S)")
PASS: tr_TR.ISO-8859-9: strtof32x ("NAN(S)")
PASS: tr_TR.ISO-8859-9: strtof64x ("NAN(S)")
PASS: tr_TR.ISO-8859-9: strtof ("NAN(s)")
PASS: tr_TR.ISO-8859-9: strtod ("NAN(s)")
PASS: tr_TR.ISO-8859-9: strtold ("NAN(s)")
PASS: tr_TR.ISO-8859-9: strtof32 ("NAN(s)")
PASS: tr_TR.ISO-8859-9: strtof64 ("NAN(s)")
PASS: tr_TR.ISO-8859-9: strtof128 ("NAN(s)")
PASS: tr_TR.ISO-8859-9: strtof32x ("NAN(s)")
PASS: tr_TR.ISO-8859-9: strtof64x ("NAN(s)")
PASS: tr_TR.ISO-8859-9: strtof ("NAN(T)")
PASS: tr_TR.ISO-8859-9: strtod ("NAN(T)")
PASS: tr_TR.ISO-8859-9: strtold ("NAN(T)")
PASS: tr_TR.ISO-8859-9: strtof32 ("NAN(T)")
PASS: tr_TR.ISO-8859-9: strtof64 ("NAN(T)")
PASS: tr_TR.ISO-8859-9: strtof128 ("NAN(T)")
PASS: tr_TR.ISO-8859-9: strtof32x ("NAN(T)")
PASS: tr_TR.ISO-8859-9: strtof64x ("NAN(T)")
PASS: tr_TR.ISO-8859-9: strtof ("NAN(t)")
PASS: tr_TR.ISO-8859-9: strtod ("NAN(t)")
PASS: tr_TR.ISO-8859-9: strtold ("NAN(t)")
PASS: tr_TR.ISO-8859-9: strtof32 ("NAN(t)")
PASS: tr_TR.ISO-8859-9: strtof64 ("NAN(t)")
PASS: tr_TR.ISO-8859-9: strtof128 ("NAN(t)")
PASS: tr_TR.ISO-8859-9: strtof32x ("NAN(t)")
PASS: tr_TR.ISO-8859-9: strtof64x ("NAN(t)")
PASS: tr_TR.ISO-8859-9: strtof ("NAN(U)")
PASS: tr_TR.ISO-8859-9: strtod ("NAN(U)")
PASS: tr_TR.ISO-8859-9: strtold ("NAN(U)")
PASS: tr_TR.ISO-8859-9: strtof32 ("NAN(U)")
PASS: tr_TR.ISO-8859-9: strtof64 ("NAN(U)")
PASS: tr_TR.ISO-8859-9: strtof128 ("NAN(U)")
PASS: tr_TR.ISO-8859-9: strtof32x ("NAN(U)")
PASS: tr_TR.ISO-8859-9: strtof64x ("NAN(U)")
PASS: tr_TR.ISO-8859-9: strtof ("NAN(u)")
PASS: tr_TR.ISO-8859-9: strtod ("NAN(u)")
PASS: tr_TR.ISO-8859-9: strtold ("NAN(u)")
PASS: tr_TR.ISO-8859-9: strtof32 ("NAN(u)")
PASS: tr_TR.ISO-8859-9: strtof64 ("NAN(u)")
PASS: tr_TR.ISO-8859-9: strtof128 ("NAN(u)")
PASS: tr_TR.ISO-8859-9: strtof32x ("NAN(u)")
PASS: tr_TR.ISO-8859-9: strtof64x ("NAN(u)")
PASS: tr_TR.ISO-8859-9: strtof ("NAN(V)")
PASS: tr_TR.ISO-8859-9: strtod ("NAN(V)")
PASS: tr_TR.ISO-8859-9: strtold ("NAN(V)")
PASS: tr_TR.ISO-8859-9: strtof32 ("NAN(V)")
PASS: tr_TR.ISO-8859-9: strtof64 ("NAN(V)")
PASS: tr_TR.ISO-8859-9: strtof128 ("NAN(V)")
PASS: tr_TR.ISO-8859-9: strtof32x ("NAN(V)")
PASS: tr_TR.ISO-8859-9: strtof64x ("NAN(V)")
PASS: tr_TR.ISO-8859-9: strtof ("NAN(v)")
PASS: tr_TR.ISO-8859-9: strtod ("NAN(v)")
PASS: tr_TR.ISO-8859-9: strtold ("NAN(v)")
PASS: tr_TR.ISO-8859-9: strtof32 ("NAN(v)")
PASS: tr_TR.ISO-8859-9: strtof64 ("NAN(v)")
PASS: tr_TR.ISO-8859-9: strtof128 ("NAN(v)")
PASS: tr_TR.ISO-8859-9: strtof32x ("NAN(v)")
PASS: tr_TR.ISO-8859-9: strtof64x ("NAN(v)")
PASS: tr_TR.ISO-8859-9: strtof ("NAN(W)")
PASS: tr_TR.ISO-8859-9: strtod ("NAN(W)")
PASS: tr_TR.ISO-8859-9: strtold ("NAN(W)")
PASS: tr_TR.ISO-8859-9: strtof32 ("NAN(W)")
PASS: tr_TR.ISO-8859-9: strtof64 ("NAN(W)")
PASS: tr_TR.ISO-8859-9: strtof128 ("NAN(W)")
PASS: tr_TR.ISO-8859-9: strtof32x ("NAN(W)")
PASS: tr_TR.ISO-8859-9: strtof64x ("NAN(W)")
PASS: tr_TR.ISO-8859-9: strtof ("NAN(w)")
PASS: tr_TR.ISO-8859-9: strtod ("NAN(w)")
PASS: tr_TR.ISO-8859-9: strtold ("NAN(w)")
PASS: tr_TR.ISO-8859-9: strtof32 ("NAN(w)")
PASS: tr_TR.ISO-8859-9: strtof64 ("NAN(w)")
PASS: tr_TR.ISO-8859-9: strtof128 ("NAN(w)")
PASS: tr_TR.ISO-8859-9: strtof32x ("NAN(w)")
PASS: tr_TR.ISO-8859-9: strtof64x ("NAN(w)")
PASS: tr_TR.ISO-8859-9: strtof ("NAN(X)")
PASS: tr_TR.ISO-8859-9: strtod ("NAN(X)")
PASS: tr_TR.ISO-8859-9: strtold ("NAN(X)")
PASS: tr_TR.ISO-8859-9: strtof32 ("NAN(X)")
PASS: tr_TR.ISO-8859-9: strtof64 ("NAN(X)")
PASS: tr_TR.ISO-8859-9: strtof128 ("NAN(X)")
PASS: tr_TR.ISO-8859-9: strtof32x ("NAN(X)")
PASS: tr_TR.ISO-8859-9: strtof64x ("NAN(X)")
PASS: tr_TR.ISO-8859-9: strtof ("NAN(x)")
PASS: tr_TR.ISO-8859-9: strtod ("NAN(x)")
PASS: tr_TR.ISO-8859-9: strtold ("NAN(x)")
PASS: tr_TR.ISO-8859-9: strtof32 ("NAN(x)")
PASS: tr_TR.ISO-8859-9: strtof64 ("NAN(x)")
PASS: tr_TR.ISO-8859-9: strtof128 ("NAN(x)")
PASS: tr_TR.ISO-8859-9: strtof32x ("NAN(x)")
PASS: tr_TR.ISO-8859-9: strtof64x ("NAN(x)")
PASS: tr_TR.ISO-8859-9: strtof ("NAN(Y)")
PASS: tr_TR.ISO-8859-9: strtod ("NAN(Y)")
PASS: tr_TR.ISO-8859-9: strtold ("NAN(Y)")
PASS: tr_TR.ISO-8859-9: strtof32 ("NAN(Y)")
PASS: tr_TR.ISO-8859-9: strtof64 ("NAN(Y)")
PASS: tr_TR.ISO-8859-9: strtof128 ("NAN(Y)")
PASS: tr_TR.ISO-8859-9: strtof32x ("NAN(Y)")
PASS: tr_TR.ISO-8859-9: strtof64x ("NAN(Y)")
PASS: tr_TR.ISO-8859-9: strtof ("NAN(y)")
PASS: tr_TR.ISO-8859-9: strtod ("NAN(y)")
PASS: tr_TR.ISO-8859-9: strtold ("NAN(y)")
PASS: tr_TR.ISO-8859-9: strtof32 ("NAN(y)")
PASS: tr_TR.ISO-8859-9: strtof64 ("NAN(y)")
PASS: tr_TR.ISO-8859-9: strtof128 ("NAN(y)")
PASS: tr_TR.ISO-8859-9: strtof32x ("NAN(y)")
PASS: tr_TR.ISO-8859-9: strtof64x ("NAN(y)")
PASS: tr_TR.ISO-8859-9: strtof ("NAN(Z)")
PASS: tr_TR.ISO-8859-9: strtod ("NAN(Z)")
PASS: tr_TR.ISO-8859-9: strtold ("NAN(Z)")
PASS: tr_TR.ISO-8859-9: strtof32 ("NAN(Z)")
PASS: tr_TR.ISO-8859-9: strtof64 ("NAN(Z)")
PASS: tr_TR.ISO-8859-9: strtof128 ("NAN(Z)")
PASS: tr_TR.ISO-8859-9: strtof32x ("NAN(Z)")
PASS: tr_TR.ISO-8859-9: strtof64x ("NAN(Z)")
PASS: tr_TR.ISO-8859-9: strtof ("NAN(z)")
PASS: tr_TR.ISO-8859-9: strtod ("NAN(z)")
PASS: tr_TR.ISO-8859-9: strtold ("NAN(z)")
PASS: tr_TR.ISO-8859-9: strtof32 ("NAN(z)")
PASS: tr_TR.ISO-8859-9: strtof64 ("NAN(z)")
PASS: tr_TR.ISO-8859-9: strtof128 ("NAN(z)")
PASS: tr_TR.ISO-8859-9: strtof32x ("NAN(z)")
PASS: tr_TR.ISO-8859-9: strtof64x ("NAN(z)")
