width of int8_t OK
width of int16_t OK
width of int32_t OK
width of int64_t OK
width of uint8_t OK
width of uint16_t OK
width of uint32_t OK
width of uint64_t OK
width of int_least8_t OK
width of int_least16_t OK
width of int_least32_t OK
width of int_least64_t OK
width of uint_least8_t OK
width of uint_least16_t OK
width of uint_least32_t OK
width of uint_least64_t OK
width of int_fast8_t OK
width of int_fast16_t OK
width of int_fast32_t OK
width of int_fast64_t OK
width of uint_fast8_t OK
width of uint_fast16_t OK
width of uint_fast32_t OK
width of uint_fast64_t OK
width of intptr_t OK
width of uintptr_t OK
width of intmax_t OK
width of uintmax_t OK
width of ptrdiff_t OK
width of sig_atomic_t OK
width of size_t OK
width of wchar_t OK
width of wint_t OK
