NaN(blabla)something
NaN(blabla)something
NaN(blabla)something
NaN(blabla)something
NaN(blabla)something
NaN(blabla)something
NaN(blabla)something
NaN(blabla)something
NaN(1234)something
NaN(1234)something
NaN(1234)something
NaN(1234)something
NaN(1234)something
NaN(1234)something
NaN(1234)something
NaN(1234)something
NaN(4294967295)something
NaN(4294967295)something
NaN(4294967295)something
NaN(4294967295)something
NaN(4294967295)something
NaN(4294967295)something
NaN(4294967295)something
NaN(4294967295)something
NaN(18446744073709551615)something
NaN(18446744073709551615)something
NaN(18446744073709551615)something
NaN(18446744073709551615)something
NaN(18446744073709551615)something
NaN(18446744073709551615)something
NaN(18446744073709551615)something
NaN(18446744073709551615)something
NaN(0)something
NaN(0)something
NaN(0)something
NaN(0)something
NaN(0)something
NaN(0)something
NaN(0)something
NaN(0)something
