OK: from: "ANSI_X3.110", to: "UTF-8//TRANSLIT//IGNORE", input "\x00\x23", flags "-c"
OK: from: "ARMSCII-8", to: "UTF-8//TRANSLIT//IGNORE", input "\x00\xa1", flags "-c"
OK: from: "ASMO_449", to: "UTF-8//TRANSLIT//IGNORE", input "\x00\xa1", flags "-c"
OK: from: "BIG5", to: "UTF-8//TRANSLIT//IGNORE", input "\x00\x81", flags "-c"
OK: from: "BIG5HKSCS", to: "UTF-8//TRANSLIT//IGNORE", input "\x00\xff", flags "-c"
OK: from: "BRF", to: "UTF-8//TRANSLIT//IGNORE", input "\x00\xff", flags "-c"
OK: from: "BS_4730", to: "UTF-8//TRANSLIT//IGNORE", input "\x00\xff", flags "-c"
OK: from: "CP1250", to: "UTF-8//TRANSLIT//IGNORE", input "\x00\x81", flags "-c"
OK: from: "CP1251", to: "UTF-8//TRANSLIT//IGNORE", input "\x00\x98", flags "-c"
OK: from: "CP1252", to: "UTF-8//TRANSLIT//IGNORE", input "\x00\x81", flags "-c"
OK: from: "CP1253", to: "UTF-8//TRANSLIT//IGNORE", input "\x00\x81", flags "-c"
OK: from: "CP1254", to: "UTF-8//TRANSLIT//IGNORE", input "\x00\x81", flags "-c"
OK: from: "CP1255", to: "UTF-8//TRANSLIT//IGNORE", input "\x00\x81", flags "-c"
OK: from: "CP1257", to: "UTF-8//TRANSLIT//IGNORE", input "\x00\x81", flags "-c"
OK: from: "CP1258", to: "UTF-8//TRANSLIT//IGNORE", input "\x00\x81", flags "-c"
OK: from: "CP932", to: "UTF-8//TRANSLIT//IGNORE", input "\xff\xff", flags "-c"
OK: from: "CSA_Z243.4-1985-1", to: "UTF-8//TRANSLIT//IGNORE", input "\xff\xff", flags "-c"
OK: from: "CSA_Z243.4-1985-2", to: "UTF-8//TRANSLIT//IGNORE", input "\xff\xff", flags "-c"
OK: from: "DEC-MCS", to: "UTF-8//TRANSLIT//IGNORE", input "\xff\xff", flags "-c"
OK: from: "DIN_66003", to: "UTF-8//TRANSLIT//IGNORE", input "\xff\xff", flags "-c"
OK: from: "DS_2089", to: "UTF-8//TRANSLIT//IGNORE", input "\xff\xff", flags "-c"
OK: from: "EBCDIC-AT-DE", to: "UTF-8//TRANSLIT//IGNORE", input "\x00\x41", flags "-c"
OK: from: "EBCDIC-AT-DE-A", to: "UTF-8//TRANSLIT//IGNORE", input "\x00\x41", flags "-c"
OK: from: "EBCDIC-CA-FR", to: "UTF-8//TRANSLIT//IGNORE", input "\x00\x41", flags "-c"
OK: from: "EBCDIC-DK-NO", to: "UTF-8//TRANSLIT//IGNORE", input "\x00\x41", flags "-c"
OK: from: "EBCDIC-DK-NO-A", to: "UTF-8//TRANSLIT//IGNORE", input "\x00\x41", flags "-c"
OK: from: "EBCDIC-ES", to: "UTF-8//TRANSLIT//IGNORE", input "\x00\x41", flags "-c"
OK: from: "EBCDIC-ES-A", to: "UTF-8//TRANSLIT//IGNORE", input "\x00\x41", flags "-c"
OK: from: "EBCDIC-ES-S", to: "UTF-8//TRANSLIT//IGNORE", input "\x00\x41", flags "-c"
OK: from: "EBCDIC-FI-SE", to: "UTF-8//TRANSLIT//IGNORE", input "\x00\x41", flags "-c"
OK: from: "EBCDIC-FI-SE-A", to: "UTF-8//TRANSLIT//IGNORE", input "\x00\x41", flags "-c"
OK: from: "EBCDIC-FR", to: "UTF-8//TRANSLIT//IGNORE", input "\x00\x41", flags "-c"
OK: from: "EBCDIC-IS-FRISS", to: "UTF-8//TRANSLIT//IGNORE", input "\x00\x41", flags "-c"
OK: from: "EBCDIC-IT", to: "UTF-8//TRANSLIT//IGNORE", input "\x00\x41", flags "-c"
OK: from: "EBCDIC-PT", to: "UTF-8//TRANSLIT//IGNORE", input "\x00\x41", flags "-c"
OK: from: "EBCDIC-UK", to: "UTF-8//TRANSLIT//IGNORE", input "\x00\x41", flags "-c"
OK: from: "EBCDIC-US", to: "UTF-8//TRANSLIT//IGNORE", input "\x00\x41", flags "-c"
OK: from: "ES", to: "UTF-8//TRANSLIT//IGNORE", input "\xff\xff", flags "-c"
OK: from: "ES2", to: "UTF-8//TRANSLIT//IGNORE", input "\xff\xff", flags "-c"
OK: from: "EUC-CN", to: "UTF-8//TRANSLIT//IGNORE", input "\xff\xff", flags "-c"
OK: from: "EUC-JISX0213", to: "UTF-8//TRANSLIT//IGNORE", input "\xff\xff", flags "-c"
OK: from: "EUC-JP", to: "UTF-8//TRANSLIT//IGNORE", input "\xff\xff", flags "-c"
OK: from: "EUC-JP-MS", to: "UTF-8//TRANSLIT//IGNORE", input "\xff\xff", flags "-c"
OK: from: "EUC-KR", to: "UTF-8//TRANSLIT//IGNORE", input "\xff\xff", flags "-c"
OK: from: "EUC-TW", to: "UTF-8//TRANSLIT//IGNORE", input "\xff\xff", flags "-c"
OK: from: "GB18030", to: "UTF-8//TRANSLIT//IGNORE", input "\xff\xff", flags "-c"
OK: from: "GB_1988-80", to: "UTF-8//TRANSLIT//IGNORE", input "\xff\xff", flags "-c"
OK: from: "GBK", to: "UTF-8//TRANSLIT//IGNORE", input "\xff\xff", flags "-c"
OK: from: "GOST_19768-74", to: "UTF-8//TRANSLIT//IGNORE", input "\xff\xff", flags "-c"
OK: from: "GREEK7", to: "UTF-8//TRANSLIT//IGNORE", input "\xff\xff", flags "-c"
OK: from: "GREEK7-OLD", to: "UTF-8//TRANSLIT//IGNORE", input "\xff\xff", flags "-c"
OK: from: "GREEK-CCITT", to: "UTF-8//TRANSLIT//IGNORE", input "\xff\xff", flags "-c"
OK: from: "HP-GREEK8", to: "UTF-8//TRANSLIT//IGNORE", input "\xff\xff", flags "-c"
OK: from: "HP-ROMAN8", to: "UTF-8//TRANSLIT//IGNORE", input "\xff\xff", flags "-c"
OK: from: "HP-ROMAN9", to: "UTF-8//TRANSLIT//IGNORE", input "\xff\xff", flags "-c"
OK: from: "HP-THAI8", to: "UTF-8//TRANSLIT//IGNORE", input "\xff\xff", flags "-c"
OK: from: "HP-TURKISH8", to: "UTF-8//TRANSLIT//IGNORE", input "\xff\xff", flags "-c"
OK: from: "IBM038", to: "UTF-8//TRANSLIT//IGNORE", input "\x00\x41", flags "-c"
OK: from: "IBM1004", to: "UTF-8//TRANSLIT//IGNORE", input "\x00\x80", flags "-c"
OK: from: "IBM1008", to: "UTF-8//TRANSLIT//IGNORE", input "\x00\xff", flags "-c"
OK: from: "IBM1046", to: "UTF-8//TRANSLIT//IGNORE", input "\xff\xff", flags "-c"
OK: from: "IBM1132", to: "UTF-8//TRANSLIT//IGNORE", input "\x00\x51", flags "-c"
OK: from: "IBM1133", to: "UTF-8//TRANSLIT//IGNORE", input "\x00\xa0", flags "-c"
OK: from: "IBM1137", to: "UTF-8//TRANSLIT//IGNORE", input "\x00\xce", flags "-c"
OK: from: "IBM1161", to: "UTF-8//TRANSLIT//IGNORE", input "\x00\x80", flags "-c"
OK: from: "IBM1162", to: "UTF-8//TRANSLIT//IGNORE", input "\x00\xdb", flags "-c"
OK: from: "IBM12712", to: "UTF-8//TRANSLIT//IGNORE", input "\x00\x70", flags "-c"
OK: from: "IBM1364", to: "UTF-8", input "\x00\x0f", flags "-c"
OK: from: "IBM1364", to: "UTF-8", input "\x0e\x0e", flags "-c"
OK: from: "IBM1371", to: "UTF-8", input "\x00\x0f", flags "-c"
OK: from: "IBM1371", to: "UTF-8", input "\x0e\x0e", flags "-c"
OK: from: "IBM1388", to: "UTF-8", input "\x00\x0f", flags "-c"
OK: from: "IBM1388", to: "UTF-8", input "\x0e\x0e", flags "-c"
OK: from: "IBM1390", to: "UTF-8", input "\x00\x0f", flags "-c"
OK: from: "IBM1390", to: "UTF-8", input "\x0e\x0e", flags "-c"
OK: from: "IBM1399", to: "UTF-8", input "\x00\x0f", flags "-c"
OK: from: "IBM1399", to: "UTF-8", input "\x0e\x0e", flags "-c"
OK: from: "IBM16804", to: "UTF-8//TRANSLIT//IGNORE", input "\x00\x53", flags "-c"
OK: from: "IBM274", to: "UTF-8//TRANSLIT//IGNORE", input "\x00\x41", flags "-c"
OK: from: "IBM275", to: "UTF-8//TRANSLIT//IGNORE", input "\x00\x41", flags "-c"
OK: from: "IBM281", to: "UTF-8//TRANSLIT//IGNORE", input "\x00\x41", flags "-c"
OK: from: "IBM290", to: "UTF-8//TRANSLIT//IGNORE", input "\x00\x57", flags "-c"
OK: from: "IBM420", to: "UTF-8//TRANSLIT//IGNORE", input "\x00\x45", flags "-c"
OK: from: "IBM423", to: "UTF-8//TRANSLIT//IGNORE", input "\x00\x68", flags "-c"
OK: from: "IBM424", to: "UTF-8//TRANSLIT//IGNORE", input "\x00\x70", flags "-c"
OK: from: "IBM4517", to: "UTF-8//TRANSLIT//IGNORE", input "\x00\x53", flags "-c"
OK: from: "IBM4899", to: "UTF-8//TRANSLIT//IGNORE", input "\x00\x53", flags "-c"
OK: from: "IBM4909", to: "UTF-8//TRANSLIT//IGNORE", input "\x00\xa5", flags "-c"
OK: from: "IBM4971", to: "UTF-8//TRANSLIT//IGNORE", input "\x00\xdc", flags "-c"
OK: from: "IBM803", to: "UTF-8//TRANSLIT//IGNORE", input "\x00\x41", flags "-c"
OK: from: "IBM851", to: "UTF-8//TRANSLIT//IGNORE", input "\x00\x91", flags "-c"
OK: from: "IBM856", to: "UTF-8//TRANSLIT//IGNORE", input "\x00\x9b", flags "-c"
OK: from: "IBM857", to: "UTF-8//TRANSLIT//IGNORE", input "\x00\xd5", flags "-c"
OK: from: "IBM864", to: "UTF-8//TRANSLIT//IGNORE", input "\xff\xff", flags "-c"
OK: from: "IBM868", to: "UTF-8//TRANSLIT//IGNORE", input "\x00\x94", flags "-c"
OK: from: "IBM869", to: "UTF-8//TRANSLIT//IGNORE", input "\x00\x94", flags "-c"
OK: from: "IBM874", to: "UTF-8//TRANSLIT//IGNORE", input "\xff\xff", flags "-c"
OK: from: "IBM875", to: "UTF-8//TRANSLIT//IGNORE", input "\x00\x6a", flags "-c"
OK: from: "IBM880", to: "UTF-8//TRANSLIT//IGNORE", input "\x00\x41", flags "-c"
OK: from: "IBM891", to: "UTF-8//TRANSLIT//IGNORE", input "\x00\x80", flags "-c"
OK: from: "IBM903", to: "UTF-8//TRANSLIT//IGNORE", input "\xff\xff", flags "-c"
OK: from: "IBM904", to: "UTF-8//TRANSLIT//IGNORE", input "\xff\xff", flags "-c"
OK: from: "IBM905", to: "UTF-8//TRANSLIT//IGNORE", input "\x00\x41", flags "-c"
OK: from: "IBM9066", to: "UTF-8//TRANSLIT//IGNORE", input "\x00\x80", flags "-c"
OK: from: "IBM918", to: "UTF-8//TRANSLIT//IGNORE", input "\x00\x48", flags "-c"
OK: from: "IBM930", to: "UTF-8//TRANSLIT//IGNORE", input "\x00\x57", flags "-c"
OK: from: "IBM932", to: "UTF-8//TRANSLIT//IGNORE", input "\x00\x80", flags "-c"
OK: from: "IBM933", to: "UTF-8//TRANSLIT//IGNORE", input "\x00\x41", flags "-c"
OK: from: "IBM935", to: "UTF-8//TRANSLIT//IGNORE", input "\x00\x41", flags "-c"
OK: from: "IBM937", to: "UTF-8//TRANSLIT//IGNORE", input "\x00\x41", flags "-c"
OK: from: "IBM939", to: "UTF-8//TRANSLIT//IGNORE", input "\x00\x41", flags "-c"
OK: from: "IBM943", to: "UTF-8//TRANSLIT//IGNORE", input "\x00\x80", flags "-c"
OK: from: "INIS", to: "UTF-8//TRANSLIT//IGNORE", input "\xff\xff", flags "-c"
OK: from: "INIS-8", to: "UTF-8//TRANSLIT//IGNORE", input "\xff\xff", flags "-c"
OK: from: "INIS-CYRILLIC", to: "UTF-8//TRANSLIT//IGNORE", input "\xff\xff", flags "-c"
OK: from: "ISIRI-3342", to: "UTF-8//TRANSLIT//IGNORE", input "\x00\xec", flags "-c"
OK: from: "ISO_10367-BOX", to: "UTF-8//TRANSLIT//IGNORE", input "\x00\xec", flags "-c"
OK: from: "ISO-2022-CN", to: "UTF-8//TRANSLIT//IGNORE", input "\xff\xff", flags "-c"
OK: from: "ISO-2022-CN-EXT", to: "UTF-8//TRANSLIT//IGNORE", input "\xff\xff", flags "-c"
OK: from: "ISO-2022-JP", to: "UTF-8//TRANSLIT//IGNORE", input "\xff\xff", flags "-c"
OK: from: "ISO-2022-JP-2", to: "UTF-8//TRANSLIT//IGNORE", input "\xff\xff", flags "-c"
OK: from: "ISO-2022-JP-3", to: "UTF-8//TRANSLIT//IGNORE", input "\xff\xff", flags "-c"
OK: from: "ISO-2022-KR", to: "UTF-8//TRANSLIT//IGNORE", input "\xff\xff", flags "-c"
OK: from: "ISO_2033", to: "UTF-8//TRANSLIT//IGNORE", input "\xff\xff", flags "-c"
OK: from: "ISO_5427", to: "UTF-8//TRANSLIT//IGNORE", input "\xff\xff", flags "-c"
OK: from: "ISO_5427-EXT", to: "UTF-8//TRANSLIT//IGNORE", input "\xff\xff", flags "-c"
OK: from: "ISO_5428", to: "UTF-8//TRANSLIT//IGNORE", input "\xff\xff", flags "-c"
OK: from: "ISO_6937", to: "UTF-8//TRANSLIT//IGNORE", input "\x00\xa4", flags "-c"
OK: from: "ISO_6937-2", to: "UTF-8//TRANSLIT//IGNORE", input "\x00\xa0", flags "-c"
OK: from: "ISO-8859-11", to: "UTF-8//TRANSLIT//IGNORE", input "\xff\xff", flags "-c"
OK: from: "ISO-8859-3", to: "UTF-8//TRANSLIT//IGNORE", input "\x00\xa5", flags "-c"
OK: from: "ISO-8859-6", to: "UTF-8//TRANSLIT//IGNORE", input "\xff\xff", flags "-c"
OK: from: "ISO-8859-7", to: "UTF-8//TRANSLIT//IGNORE", input "\xff\xff", flags "-c"
OK: from: "ISO-8859-8", to: "UTF-8//TRANSLIT//IGNORE", input "\xff\xff", flags "-c"
OK: from: "ISO-IR-197", to: "UTF-8//TRANSLIT//IGNORE", input "\x00\x80", flags "-c"
OK: from: "ISO-IR-209", to: "UTF-8//TRANSLIT//IGNORE", input "\x00\x80", flags "-c"
OK: from: "IT", to: "UTF-8//TRANSLIT//IGNORE", input "\x00\x80", flags "-c"
OK: from: "JIS_C6220-1969-RO", to: "UTF-8//TRANSLIT//IGNORE", input "\x00\x80", flags "-c"
OK: from: "JIS_C6229-1984-B", to: "UTF-8//TRANSLIT//IGNORE", input "\x00\x80", flags "-c"
OK: from: "JOHAB", to: "UTF-8//TRANSLIT//IGNORE", input "\x00\x80", flags "-c"
OK: from: "JUS_I.B1.002", to: "UTF-8//TRANSLIT//IGNORE", input "\x00\x80", flags "-c"
OK: from: "KOI-8", to: "UTF-8//TRANSLIT//IGNORE", input "\x00\x80", flags "-c"
OK: from: "KOI8-T", to: "UTF-8//TRANSLIT//IGNORE", input "\x00\x88", flags "-c"
OK: from: "KSC5636", to: "UTF-8//TRANSLIT//IGNORE", input "\xff\xff", flags "-c"
OK: from: "LATIN-GREEK", to: "UTF-8//TRANSLIT//IGNORE", input "\xff\xff", flags "-c"
OK: from: "LATIN-GREEK-1", to: "UTF-8//TRANSLIT//IGNORE", input "\xff\xff", flags "-c"
OK: from: "MAC-IS", to: "UTF-8//TRANSLIT//IGNORE", input "\x00\xf6", flags "-c"
OK: from: "MSZ_7795.3", to: "UTF-8//TRANSLIT//IGNORE", input "\xff\xff", flags "-c"
OK: from: "NATS-DANO", to: "UTF-8//TRANSLIT//IGNORE", input "\xff\xff", flags "-c"
OK: from: "NATS-SEFI", to: "UTF-8//TRANSLIT//IGNORE", input "\xff\xff", flags "-c"
OK: from: "NC_NC00-10", to: "UTF-8//TRANSLIT//IGNORE", input "\xff\xff", flags "-c"
OK: from: "NF_Z_62-010", to: "UTF-8//TRANSLIT//IGNORE", input "\xff\xff", flags "-c"
OK: from: "NF_Z_62-010_1973", to: "UTF-8//TRANSLIT//IGNORE", input "\xff\xff", flags "-c"
OK: from: "NS_4551-1", to: "UTF-8//TRANSLIT//IGNORE", input "\xff\xff", flags "-c"
OK: from: "NS_4551-2", to: "UTF-8//TRANSLIT//IGNORE", input "\xff\xff", flags "-c"
OK: from: "PT", to: "UTF-8//TRANSLIT//IGNORE", input "\xff\xff", flags "-c"
OK: from: "PT2", to: "UTF-8//TRANSLIT//IGNORE", input "\xff\xff", flags "-c"
OK: from: "RK1048", to: "UTF-8//TRANSLIT//IGNORE", input "\x00\x98", flags "-c"
OK: from: "SEN_850200_B", to: "UTF-8//TRANSLIT//IGNORE", input "\x00\x98", flags "-c"
OK: from: "SEN_850200_C", to: "UTF-8//TRANSLIT//IGNORE", input "\x00\x98", flags "-c"
OK: from: "Shift_JISX0213", to: "UTF-8//TRANSLIT//IGNORE", input "\x00\x80", flags "-c"
OK: from: "SJIS", to: "UTF-8//TRANSLIT//IGNORE", input "\x00\x80", flags "-c"
OK: from: "T.61-8BIT", to: "UTF-8//TRANSLIT//IGNORE", input "\x00\x23", flags "-c"
OK: from: "TIS-620", to: "UTF-8//TRANSLIT//IGNORE", input "\xff\xff", flags "-c"
OK: from: "TSCII", to: "UTF-8//TRANSLIT//IGNORE", input "\xff\xff", flags "-c"
OK: from: "UHC", to: "UTF-8//TRANSLIT//IGNORE", input "\xff\xff", flags "-c"
OK: from: "UNICODE", to: "UTF-8//TRANSLIT//IGNORE", input "\x00\xd8", flags "-c"
OK: from: "UTF-16", to: "UTF-8//TRANSLIT//IGNORE", input "\x00\xdc", flags "-c"
OK: from: "UTF-16BE", to: "UTF-8//TRANSLIT//IGNORE", input "\xdc\x00", flags "-c"
OK: from: "UTF-16LE", to: "UTF-8//TRANSLIT//IGNORE", input "\x00\xdc", flags "-c"
OK: from: "UTF-7", to: "UTF-8//TRANSLIT//IGNORE", input "\xff\xff", flags "-c"
OK: from: "WIN-SAMI-2", to: "UTF-8//TRANSLIT//IGNORE", input "\x00\x81", flags "-c"
PASS: from: "INVALID", to: "INVALID", input "\x00\x00", flags "", return code 1
PASS: from: "INVALID", to: "UTF-8", input "\x00\x00", flags "", return code 1
PASS: from: "UTF-8", to: "INVALID", input "\x00\x00", flags "", return code 1
