wctrans:de_DE.ISO-8859-1:1:1:2:S:PASSED
wctrans:de_DE.ISO-8859-1:2:1:2:S:PASSED
wctrans:de_DE.ISO-8859-1:3:1:2:S:PASSED
wctype:de_DE.ISO-8859-1:4:1:3:S:PASSED
wctype:de_DE.ISO-8859-1:5:1:3:S:PASSED
wctrans:de_DE.ISO-8859-1:6:1:2:S:PASSED
wctrans:en_US.ANSI_X3.4-1968:1:1:2:S:PASSED
wctrans:en_US.ANSI_X3.4-1968:2:1:2:S:PASSED
wctrans:en_US.ANSI_X3.4-1968:3:1:2:S:PASSED
wctype:en_US.ANSI_X3.4-1968:4:1:3:S:PASSED
wctype:en_US.ANSI_X3.4-1968:5:1:3:S:PASSED
wctrans:en_US.ANSI_X3.4-1968:6:1:2:S:PASSED
wctrans:ja_JP.EUC-JP:1:1:2:S:PASSED
wctrans:ja_JP.EUC-JP:2:1:2:S:PASSED
wctrans:ja_JP.EUC-JP:3:1:2:S:PASSED
wctype:ja_JP.EUC-JP:4:1:3:S:PASSED
wctype:ja_JP.EUC-JP:5:1:3:S:PASSED
wctrans:ja_JP.EUC-JP:6:1:2:S:PASSED
wctype:ja_JP.EUC-JP:7:1:3:S:PASSED
wctype:ja_JP.EUC-JP:8:1:3:S:PASSED
