PASS: Availability of <math.h>
PASS: Combined <math.h> test
PASSCOMBINED: Availability of macro HUGE_VAL
PASSCOMBINED: Availability of constant HUGE_VAL
PASSCOMBINED: Type of symbol HUGE_VAL
PASSCOMBINED: Availability of macro fpclassify
PASSCOMBINED: Availability of macro isfinite
PASSCOMBINED: Availability of macro isinf
PASSCOMBINED: Availability of macro isnan
PASSCOMBINED: Availability of macro isnormal
PASSCOMBINED: Availability of macro signbit
PASSCOMBINED: Availability of macro isgreater
PASSCOMBINED: Availability of macro isgreaterequal
PASSCOMBINED: Availability of macro isless
PASSCOMBINED: Availability of macro islessequal
PASSCOMBINED: Availability of macro islessgreater
PASSCOMBINED: Availability of macro isunordered
PASSCOMBINED: Availability of type float_t
PASSCOMBINED: Availability of type double_t
PASSCOMBINED: Availability of constant M_E
PASSCOMBINED: Availability of constant M_LOG2E
PASSCOMBINED: Availability of constant M_LOG10E
PASSCOMBINED: Availability of constant M_LN2
PASSCOMBINED: Availability of constant M_LN10
PASSCOMBINED: Availability of constant M_PI
PASSCOMBINED: Availability of constant M_PI_2
PASSCOMBINED: Availability of constant M_PI_4
PASSCOMBINED: Availability of constant M_1_PI
PASSCOMBINED: Availability of constant M_2_PI
PASSCOMBINED: Availability of constant M_2_SQRTPI
PASSCOMBINED: Availability of constant M_SQRT2
PASSCOMBINED: Availability of constant M_SQRT1_2
PASSCOMBINED: Availability of constant MAXFLOAT
PASSCOMBINED: Availability of macro HUGE_VALF
PASSCOMBINED: Availability of constant HUGE_VALF
PASSCOMBINED: Type of symbol HUGE_VALF
PASSCOMBINED: Availability of macro HUGE_VALL
PASSCOMBINED: Availability of constant HUGE_VALL
PASSCOMBINED: Type of symbol HUGE_VALL
PASSCOMBINED: Availability of macro INFINITY
PASSCOMBINED: Availability of constant INFINITY
PASSCOMBINED: Type of symbol INFINITY
PASSCOMBINED: Availability of macro NAN
PASSCOMBINED: Availability of constant NAN
PASSCOMBINED: Type of symbol NAN
PASSCOMBINED: Availability of macro FP_INFINITE
PASSCOMBINED: Availability of constant FP_INFINITE
PASSCOMBINED: #if usability of symbol FP_INFINITE
PASSCOMBINED: Availability of macro FP_NAN
PASSCOMBINED: Availability of constant FP_NAN
PASSCOMBINED: #if usability of symbol FP_NAN
PASSCOMBINED: Availability of macro FP_NORMAL
PASSCOMBINED: Availability of constant FP_NORMAL
PASSCOMBINED: #if usability of symbol FP_NORMAL
PASSCOMBINED: Availability of macro FP_SUBNORMAL
PASSCOMBINED: Availability of constant FP_SUBNORMAL
PASSCOMBINED: #if usability of symbol FP_SUBNORMAL
PASSCOMBINED: Availability of macro FP_ZERO
PASSCOMBINED: Availability of constant FP_ZERO
PASSCOMBINED: #if usability of symbol FP_ZERO
/tmp/tmpw9k6ri77/test.c:3:3: error: #error "Macro FP_FAST_FMA not defined"
 # error "Macro FP_FAST_FMA not defined"
   ^~~~~
MISSING: Availability of macro FP_FAST_FMA
/tmp/tmpw9k6ri77/test.c:3:3: error: #error "Macro FP_FAST_FMAF not defined"
 # error "Macro FP_FAST_FMAF not defined"
   ^~~~~
MISSING: Availability of macro FP_FAST_FMAF
/tmp/tmpw9k6ri77/test.c:3:3: error: #error "Macro FP_FAST_FMAL not defined"
 # error "Macro FP_FAST_FMAL not defined"
   ^~~~~
MISSING: Availability of macro FP_FAST_FMAL
PASSCOMBINED: Availability of macro FP_ILOGB0
PASSCOMBINED: Availability of constant FP_ILOGB0
PASSCOMBINED: #if usability of symbol FP_ILOGB0
PASSCOMBINED: Availability of macro FP_ILOGBNAN
PASSCOMBINED: Availability of constant FP_ILOGBNAN
PASSCOMBINED: #if usability of symbol FP_ILOGBNAN
PASSCOMBINED: Availability of macro MATH_ERRNO
PASSCOMBINED: Availability of constant MATH_ERRNO
PASSCOMBINED: #if usability of symbol MATH_ERRNO
PASSCOMBINED: Type of symbol MATH_ERRNO
PASSCOMBINED: Value of symbol MATH_ERRNO
PASSCOMBINED: Availability of macro MATH_ERREXCEPT
PASSCOMBINED: Availability of constant MATH_ERREXCEPT
PASSCOMBINED: #if usability of symbol MATH_ERREXCEPT
PASSCOMBINED: Type of symbol MATH_ERREXCEPT
PASSCOMBINED: Value of symbol MATH_ERREXCEPT
PASSCOMBINED: Availability of macro math_errhandling
PASSCOMBINED: Type of symbol math_errhandling
PASSCOMBINED: Availability of function acos
PASSCOMBINED: Type of function acos
PASSCOMBINED: Availability of function asin
PASSCOMBINED: Type of function asin
PASSCOMBINED: Availability of function atan
PASSCOMBINED: Type of function atan
PASSCOMBINED: Availability of function atan2
PASSCOMBINED: Type of function atan2
PASSCOMBINED: Availability of function ceil
PASSCOMBINED: Type of function ceil
PASSCOMBINED: Availability of function copysign
PASSCOMBINED: Type of function copysign
PASSCOMBINED: Availability of function cos
PASSCOMBINED: Type of function cos
PASSCOMBINED: Availability of function cosh
PASSCOMBINED: Type of function cosh
PASSCOMBINED: Availability of function exp
PASSCOMBINED: Type of function exp
PASSCOMBINED: Availability of function exp2
PASSCOMBINED: Type of function exp2
PASSCOMBINED: Availability of function fabs
PASSCOMBINED: Type of function fabs
PASSCOMBINED: Availability of function floor
PASSCOMBINED: Type of function floor
PASSCOMBINED: Availability of function fmod
PASSCOMBINED: Type of function fmod
PASSCOMBINED: Availability of function frexp
PASSCOMBINED: Type of function frexp
PASSCOMBINED: Availability of function ldexp
PASSCOMBINED: Type of function ldexp
PASSCOMBINED: Availability of function log
PASSCOMBINED: Type of function log
PASSCOMBINED: Availability of function log10
PASSCOMBINED: Type of function log10
PASSCOMBINED: Availability of function log2
PASSCOMBINED: Type of function log2
PASSCOMBINED: Availability of function modf
PASSCOMBINED: Type of function modf
PASSCOMBINED: Availability of function pow
PASSCOMBINED: Type of function pow
PASSCOMBINED: Availability of function sin
PASSCOMBINED: Type of function sin
PASSCOMBINED: Availability of function sinh
PASSCOMBINED: Type of function sinh
PASSCOMBINED: Availability of function sqrt
PASSCOMBINED: Type of function sqrt
PASSCOMBINED: Availability of function tan
PASSCOMBINED: Type of function tan
PASSCOMBINED: Availability of function tanh
PASSCOMBINED: Type of function tanh
PASSCOMBINED: Availability of function erf
PASSCOMBINED: Type of function erf
PASSCOMBINED: Availability of function erfc
PASSCOMBINED: Type of function erfc
PASSCOMBINED: Availability of function hypot
PASSCOMBINED: Type of function hypot
PASSCOMBINED: Availability of function j0
PASSCOMBINED: Type of function j0
PASSCOMBINED: Availability of function j1
PASSCOMBINED: Type of function j1
PASSCOMBINED: Availability of function jn
PASSCOMBINED: Type of function jn
PASSCOMBINED: Availability of function lgamma
PASSCOMBINED: Type of function lgamma
PASSCOMBINED: Availability of function tgamma
PASSCOMBINED: Type of function tgamma
PASSCOMBINED: Availability of function y0
PASSCOMBINED: Type of function y0
PASSCOMBINED: Availability of function y1
PASSCOMBINED: Type of function y1
PASSCOMBINED: Availability of function yn
PASSCOMBINED: Type of function yn
PASSCOMBINED: Availability of function acosh
PASSCOMBINED: Type of function acosh
PASSCOMBINED: Availability of function asinh
PASSCOMBINED: Type of function asinh
PASSCOMBINED: Availability of function atanh
PASSCOMBINED: Type of function atanh
PASSCOMBINED: Availability of function cbrt
PASSCOMBINED: Type of function cbrt
PASSCOMBINED: Availability of function expm1
PASSCOMBINED: Type of function expm1
PASSCOMBINED: Availability of function ilogb
PASSCOMBINED: Type of function ilogb
PASSCOMBINED: Availability of function log1p
PASSCOMBINED: Type of function log1p
PASSCOMBINED: Availability of function logb
PASSCOMBINED: Type of function logb
PASSCOMBINED: Availability of function nextafter
PASSCOMBINED: Type of function nextafter
PASSCOMBINED: Availability of function nexttoward
PASSCOMBINED: Type of function nexttoward
PASSCOMBINED: Availability of function nearbyint
PASSCOMBINED: Type of function nearbyint
PASSCOMBINED: Availability of function remainder
PASSCOMBINED: Type of function remainder
PASSCOMBINED: Availability of function rint
PASSCOMBINED: Type of function rint
PASSCOMBINED: Availability of function round
PASSCOMBINED: Type of function round
PASSCOMBINED: Availability of function trunc
PASSCOMBINED: Type of function trunc
PASSCOMBINED: Availability of function lrint
PASSCOMBINED: Type of function lrint
PASSCOMBINED: Availability of function llrint
PASSCOMBINED: Type of function llrint
PASSCOMBINED: Availability of function lround
PASSCOMBINED: Type of function lround
PASSCOMBINED: Availability of function llround
PASSCOMBINED: Type of function llround
PASSCOMBINED: Availability of function remquo
PASSCOMBINED: Type of function remquo
PASSCOMBINED: Availability of function scalbn
PASSCOMBINED: Type of function scalbn
PASSCOMBINED: Availability of function scalbln
PASSCOMBINED: Type of function scalbln
PASSCOMBINED: Availability of function fdim
PASSCOMBINED: Type of function fdim
PASSCOMBINED: Availability of function fmax
PASSCOMBINED: Type of function fmax
PASSCOMBINED: Availability of function fmin
PASSCOMBINED: Type of function fmin
PASSCOMBINED: Availability of function fma
PASSCOMBINED: Type of function fma
PASSCOMBINED: Availability of function nan
PASSCOMBINED: Type of function nan
PASSCOMBINED: Availability of function acosf
PASSCOMBINED: Type of function acosf
PASSCOMBINED: Availability of function asinf
PASSCOMBINED: Type of function asinf
PASSCOMBINED: Availability of function atanf
PASSCOMBINED: Type of function atanf
PASSCOMBINED: Availability of function atan2f
PASSCOMBINED: Type of function atan2f
PASSCOMBINED: Availability of function ceilf
PASSCOMBINED: Type of function ceilf
PASSCOMBINED: Availability of function copysignf
PASSCOMBINED: Type of function copysignf
PASSCOMBINED: Availability of function cosf
PASSCOMBINED: Type of function cosf
PASSCOMBINED: Availability of function coshf
PASSCOMBINED: Type of function coshf
PASSCOMBINED: Availability of function expf
PASSCOMBINED: Type of function expf
PASSCOMBINED: Availability of function exp2f
PASSCOMBINED: Type of function exp2f
PASSCOMBINED: Availability of function fabsf
PASSCOMBINED: Type of function fabsf
PASSCOMBINED: Availability of function floorf
PASSCOMBINED: Type of function floorf
PASSCOMBINED: Availability of function fmodf
PASSCOMBINED: Type of function fmodf
PASSCOMBINED: Availability of function frexpf
PASSCOMBINED: Type of function frexpf
PASSCOMBINED: Availability of function ldexpf
PASSCOMBINED: Type of function ldexpf
PASSCOMBINED: Availability of function logf
PASSCOMBINED: Type of function logf
PASSCOMBINED: Availability of function log10f
PASSCOMBINED: Type of function log10f
PASSCOMBINED: Availability of function log2f
PASSCOMBINED: Type of function log2f
PASSCOMBINED: Availability of function modff
PASSCOMBINED: Type of function modff
PASSCOMBINED: Availability of function powf
PASSCOMBINED: Type of function powf
PASSCOMBINED: Availability of function sinf
PASSCOMBINED: Type of function sinf
PASSCOMBINED: Availability of function sinhf
PASSCOMBINED: Type of function sinhf
PASSCOMBINED: Availability of function sqrtf
PASSCOMBINED: Type of function sqrtf
PASSCOMBINED: Availability of function tanf
PASSCOMBINED: Type of function tanf
PASSCOMBINED: Availability of function tanhf
PASSCOMBINED: Type of function tanhf
PASSCOMBINED: Availability of function erff
PASSCOMBINED: Type of function erff
PASSCOMBINED: Availability of function erfcf
PASSCOMBINED: Type of function erfcf
PASSCOMBINED: Availability of function hypotf
PASSCOMBINED: Type of function hypotf
PASSCOMBINED: Availability of function lgammaf
PASSCOMBINED: Type of function lgammaf
PASSCOMBINED: Availability of function tgammaf
PASSCOMBINED: Type of function tgammaf
PASSCOMBINED: Availability of function acoshf
PASSCOMBINED: Type of function acoshf
PASSCOMBINED: Availability of function asinhf
PASSCOMBINED: Type of function asinhf
PASSCOMBINED: Availability of function atanhf
PASSCOMBINED: Type of function atanhf
PASSCOMBINED: Availability of function cbrtf
PASSCOMBINED: Type of function cbrtf
PASSCOMBINED: Availability of function expm1f
PASSCOMBINED: Type of function expm1f
PASSCOMBINED: Availability of function ilogbf
PASSCOMBINED: Type of function ilogbf
PASSCOMBINED: Availability of function log1pf
PASSCOMBINED: Type of function log1pf
PASSCOMBINED: Availability of function logbf
PASSCOMBINED: Type of function logbf
PASSCOMBINED: Availability of function nextafterf
PASSCOMBINED: Type of function nextafterf
PASSCOMBINED: Availability of function nexttowardf
PASSCOMBINED: Type of function nexttowardf
PASSCOMBINED: Availability of function nearbyintf
PASSCOMBINED: Type of function nearbyintf
PASSCOMBINED: Availability of function remainderf
PASSCOMBINED: Type of function remainderf
PASSCOMBINED: Availability of function rintf
PASSCOMBINED: Type of function rintf
PASSCOMBINED: Availability of function roundf
PASSCOMBINED: Type of function roundf
PASSCOMBINED: Availability of function truncf
PASSCOMBINED: Type of function truncf
PASSCOMBINED: Availability of function lrintf
PASSCOMBINED: Type of function lrintf
PASSCOMBINED: Availability of function llrintf
PASSCOMBINED: Type of function llrintf
PASSCOMBINED: Availability of function lroundf
PASSCOMBINED: Type of function lroundf
PASSCOMBINED: Availability of function llroundf
PASSCOMBINED: Type of function llroundf
PASSCOMBINED: Availability of function remquof
PASSCOMBINED: Type of function remquof
PASSCOMBINED: Availability of function scalbnf
PASSCOMBINED: Type of function scalbnf
PASSCOMBINED: Availability of function scalblnf
PASSCOMBINED: Type of function scalblnf
PASSCOMBINED: Availability of function fdimf
PASSCOMBINED: Type of function fdimf
PASSCOMBINED: Availability of function fmaxf
PASSCOMBINED: Type of function fmaxf
PASSCOMBINED: Availability of function fminf
PASSCOMBINED: Type of function fminf
PASSCOMBINED: Availability of function fmaf
PASSCOMBINED: Type of function fmaf
PASSCOMBINED: Availability of function nanf
PASSCOMBINED: Type of function nanf
PASSCOMBINED: Availability of function acosl
PASSCOMBINED: Type of function acosl
PASSCOMBINED: Availability of function asinl
PASSCOMBINED: Type of function asinl
PASSCOMBINED: Availability of function atanl
PASSCOMBINED: Type of function atanl
PASSCOMBINED: Availability of function atan2l
PASSCOMBINED: Type of function atan2l
PASSCOMBINED: Availability of function ceill
PASSCOMBINED: Type of function ceill
PASSCOMBINED: Availability of function copysignl
PASSCOMBINED: Type of function copysignl
PASSCOMBINED: Availability of function cosl
PASSCOMBINED: Type of function cosl
PASSCOMBINED: Availability of function coshl
PASSCOMBINED: Type of function coshl
PASSCOMBINED: Availability of function expl
PASSCOMBINED: Type of function expl
PASSCOMBINED: Availability of function exp2l
PASSCOMBINED: Type of function exp2l
PASSCOMBINED: Availability of function fabsl
PASSCOMBINED: Type of function fabsl
PASSCOMBINED: Availability of function floorl
PASSCOMBINED: Type of function floorl
PASSCOMBINED: Availability of function fmodl
PASSCOMBINED: Type of function fmodl
PASSCOMBINED: Availability of function frexpl
PASSCOMBINED: Type of function frexpl
PASSCOMBINED: Availability of function ldexpl
PASSCOMBINED: Type of function ldexpl
PASSCOMBINED: Availability of function logl
PASSCOMBINED: Type of function logl
PASSCOMBINED: Availability of function log10l
PASSCOMBINED: Type of function log10l
PASSCOMBINED: Availability of function log2l
PASSCOMBINED: Type of function log2l
PASSCOMBINED: Availability of function modfl
PASSCOMBINED: Type of function modfl
PASSCOMBINED: Availability of function powl
PASSCOMBINED: Type of function powl
PASSCOMBINED: Availability of function sinl
PASSCOMBINED: Type of function sinl
PASSCOMBINED: Availability of function sinhl
PASSCOMBINED: Type of function sinhl
PASSCOMBINED: Availability of function sqrtl
PASSCOMBINED: Type of function sqrtl
PASSCOMBINED: Availability of function tanl
PASSCOMBINED: Type of function tanl
PASSCOMBINED: Availability of function tanhl
PASSCOMBINED: Type of function tanhl
PASSCOMBINED: Availability of function erfl
PASSCOMBINED: Type of function erfl
PASSCOMBINED: Availability of function erfcl
PASSCOMBINED: Type of function erfcl
PASSCOMBINED: Availability of function hypotl
PASSCOMBINED: Type of function hypotl
PASSCOMBINED: Availability of function lgammal
PASSCOMBINED: Type of function lgammal
PASSCOMBINED: Availability of function tgammal
PASSCOMBINED: Type of function tgammal
PASSCOMBINED: Availability of function acoshl
PASSCOMBINED: Type of function acoshl
PASSCOMBINED: Availability of function asinhl
PASSCOMBINED: Type of function asinhl
PASSCOMBINED: Availability of function atanhl
PASSCOMBINED: Type of function atanhl
PASSCOMBINED: Availability of function cbrtl
PASSCOMBINED: Type of function cbrtl
PASSCOMBINED: Availability of function expm1l
PASSCOMBINED: Type of function expm1l
PASSCOMBINED: Availability of function ilogbl
PASSCOMBINED: Type of function ilogbl
PASSCOMBINED: Availability of function log1pl
PASSCOMBINED: Type of function log1pl
PASSCOMBINED: Availability of function logbl
PASSCOMBINED: Type of function logbl
PASSCOMBINED: Availability of function nextafterl
PASSCOMBINED: Type of function nextafterl
PASSCOMBINED: Availability of function nexttowardl
PASSCOMBINED: Type of function nexttowardl
PASSCOMBINED: Availability of function nearbyintl
PASSCOMBINED: Type of function nearbyintl
PASSCOMBINED: Availability of function remainderl
PASSCOMBINED: Type of function remainderl
PASSCOMBINED: Availability of function rintl
PASSCOMBINED: Type of function rintl
PASSCOMBINED: Availability of function roundl
PASSCOMBINED: Type of function roundl
PASSCOMBINED: Availability of function truncl
PASSCOMBINED: Type of function truncl
PASSCOMBINED: Availability of function lrintl
PASSCOMBINED: Type of function lrintl
PASSCOMBINED: Availability of function llrintl
PASSCOMBINED: Type of function llrintl
PASSCOMBINED: Availability of function lroundl
PASSCOMBINED: Type of function lroundl
PASSCOMBINED: Availability of function llroundl
PASSCOMBINED: Type of function llroundl
PASSCOMBINED: Availability of function remquol
PASSCOMBINED: Type of function remquol
PASSCOMBINED: Availability of function scalbnl
PASSCOMBINED: Type of function scalbnl
PASSCOMBINED: Availability of function scalblnl
PASSCOMBINED: Type of function scalblnl
PASSCOMBINED: Availability of function fdiml
PASSCOMBINED: Type of function fdiml
PASSCOMBINED: Availability of function fmaxl
PASSCOMBINED: Type of function fmaxl
PASSCOMBINED: Availability of function fminl
PASSCOMBINED: Type of function fminl
PASSCOMBINED: Availability of function fmal
PASSCOMBINED: Type of function fmal
PASSCOMBINED: Availability of function nanl
PASSCOMBINED: Type of function nanl
PASS: Namespace of <math.h>
----------------------------------------------------------------------------
  Total number of tests   :  447
  Number of failed tests  :    0
  Number of xfailed tests :    0
  Number of skipped tests :    0
