:: libintl.h
::::
:::: -D_DEFAULT_SOURCE=1
:::: -D_GNU_SOURCE=1
:::: -D_XOPEN_SOURCE=700
:::: -std=c++98
:::: -std=c++98 -D_DEFAULT_SOURCE=1
:::: -std=c++98 -D_GNU_SOURCE=1
:::: -std=c++98 -D_XOPEN_SOURCE=700
:::: -std=gnu++98
:::: -std=gnu++98 -D_DEFAULT_SOURCE=1
:::: -std=gnu++98 -D_GNU_SOURCE=1
:::: -std=gnu++98 -D_XOPEN_SOURCE=700
:::: -std=c++11
:::: -std=c++11 -D_DEFAULT_SOURCE=1
:::: -std=c++11 -D_GNU_SOURCE=1
:::: -std=c++11 -D_XOPEN_SOURCE=700
:::: -std=gnu++11
:::: -std=gnu++11 -D_DEFAULT_SOURCE=1
:::: -std=gnu++11 -D_GNU_SOURCE=1
:::: -std=gnu++11 -D_XOPEN_SOURCE=700
