PASS: Availability of <pthread.h>
PASS: Combined <pthread.h> test
PASSCOMBINED: Availability of constant PTHREAD_CANCEL_ASYNCHRONOUS
PASSCOMBINED: Availability of constant PTHREAD_CANCEL_ENABLE
PASSCOMBINED: Availability of constant PTHREAD_CANCEL_DEFERRED
PASSCOMBINED: Availability of constant PTHREAD_CANCEL_DISABLE
PASSCOMBINED: Availability of constant PTHREAD_CANCELED
PASSCOMBINED: Availability of macro PTHREAD_COND_INITIALIZER
PASSCOMBINED: Availability of constant PTHREAD_CREATE_DETACHED
PASSCOMBINED: Availability of constant PTHREAD_CREATE_JOINABLE
PASSCOMBINED: Availability of constant PTHREAD_EXPLICIT_SCHED
PASSCOMBINED: Availability of constant PTHREAD_INHERIT_SCHED
PASSCOMBINED: Availability of constant PTHREAD_ONCE_INIT
PASS: Availability of constant PTHREAD_PRIO_INHERIT
PASS: Availability of constant PTHREAD_PRIO_NONE
PASS: Availability of constant PTHREAD_PRIO_PROTECT
PASSCOMBINED: Availability of constant PTHREAD_PROCESS_SHARED
PASSCOMBINED: Availability of constant PTHREAD_PROCESS_PRIVATE
PASSCOMBINED: Availability of constant PTHREAD_SCOPE_PROCESS
PASSCOMBINED: Availability of constant PTHREAD_SCOPE_SYSTEM
PASSCOMBINED: Availability of macro PTHREAD_MUTEX_INITIALIZER
PASSCOMBINED: Availability of constant PTHREAD_MUTEX_DEFAULT
PASSCOMBINED: Availability of constant PTHREAD_MUTEX_ERRORCHECK
PASSCOMBINED: Availability of constant PTHREAD_MUTEX_NORMAL
PASSCOMBINED: Availability of constant PTHREAD_MUTEX_RECURSIVE
PASSCOMBINED: Availability of macro PTHREAD_RWLOCK_INITIALIZER
PASSCOMBINED: Availability of type pthread_attr_t
PASSCOMBINED: Availability of type pthread_barrier_t
PASSCOMBINED: Availability of type pthread_barrierattr_t
PASSCOMBINED: Availability of type pthread_cond_t
PASSCOMBINED: Availability of type pthread_condattr_t
PASSCOMBINED: Availability of type pthread_key_t
PASSCOMBINED: Availability of type pthread_mutex_t
PASSCOMBINED: Availability of type pthread_mutexattr_t
PASSCOMBINED: Availability of type pthread_once_t
PASSCOMBINED: Availability of type pthread_rwlock_t
PASSCOMBINED: Availability of type pthread_rwlockattr_t
PASSCOMBINED: Availability of type pthread_spinlock_t
PASSCOMBINED: Availability of type pthread_t
PASSCOMBINED: Availability of function pthread_atfork
PASSCOMBINED: Type of function pthread_atfork
PASSCOMBINED: Availability of function pthread_attr_destroy
PASSCOMBINED: Type of function pthread_attr_destroy
PASSCOMBINED: Availability of function pthread_attr_getdetachstate
PASSCOMBINED: Type of function pthread_attr_getdetachstate
PASSCOMBINED: Availability of function pthread_attr_getguardsize
PASSCOMBINED: Type of function pthread_attr_getguardsize
PASSCOMBINED: Availability of function pthread_attr_getinheritsched
PASSCOMBINED: Type of function pthread_attr_getinheritsched
PASSCOMBINED: Availability of function pthread_attr_getschedparam
PASSCOMBINED: Type of function pthread_attr_getschedparam
PASSCOMBINED: Availability of function pthread_attr_getschedpolicy
PASSCOMBINED: Type of function pthread_attr_getschedpolicy
PASSCOMBINED: Availability of function pthread_attr_getscope
PASSCOMBINED: Type of function pthread_attr_getscope
PASSCOMBINED: Availability of function pthread_attr_getstackaddr
PASSCOMBINED: Type of function pthread_attr_getstackaddr
PASSCOMBINED: Availability of function pthread_attr_getstacksize
PASSCOMBINED: Type of function pthread_attr_getstacksize
PASSCOMBINED: Availability of function pthread_attr_init
PASSCOMBINED: Type of function pthread_attr_init
PASSCOMBINED: Availability of function pthread_attr_setdetachstate
PASSCOMBINED: Type of function pthread_attr_setdetachstate
PASSCOMBINED: Availability of function pthread_attr_setguardsize
PASSCOMBINED: Type of function pthread_attr_setguardsize
PASSCOMBINED: Availability of function pthread_attr_setinheritsched
PASSCOMBINED: Type of function pthread_attr_setinheritsched
PASSCOMBINED: Availability of function pthread_attr_setschedparam
PASSCOMBINED: Type of function pthread_attr_setschedparam
PASSCOMBINED: Availability of function pthread_attr_setschedpolicy
PASSCOMBINED: Type of function pthread_attr_setschedpolicy
PASSCOMBINED: Availability of function pthread_attr_setscope
PASSCOMBINED: Type of function pthread_attr_setscope
PASSCOMBINED: Availability of function pthread_attr_setstackaddr
PASSCOMBINED: Type of function pthread_attr_setstackaddr
PASSCOMBINED: Availability of function pthread_attr_setstacksize
PASSCOMBINED: Type of function pthread_attr_setstacksize
PASSCOMBINED: Availability of function pthread_barrier_destroy
PASSCOMBINED: Type of function pthread_barrier_destroy
PASSCOMBINED: Availability of function pthread_barrier_init
PASSCOMBINED: Type of function pthread_barrier_init
PASSCOMBINED: Availability of function pthread_barrier_wait
PASSCOMBINED: Type of function pthread_barrier_wait
PASSCOMBINED: Availability of function pthread_barrierattr_destroy
PASSCOMBINED: Type of function pthread_barrierattr_destroy
PASSCOMBINED: Availability of function pthread_barrierattr_getpshared
PASSCOMBINED: Type of function pthread_barrierattr_getpshared
PASSCOMBINED: Availability of function pthread_barrierattr_init
PASSCOMBINED: Type of function pthread_barrierattr_init
PASSCOMBINED: Availability of function pthread_barrierattr_setpshared
PASSCOMBINED: Type of function pthread_barrierattr_setpshared
PASSCOMBINED: Availability of function pthread_cancel
PASSCOMBINED: Type of function pthread_cancel
PASSCOMBINED: Availability of macro pthread_cleanup_push
PASSCOMBINED: Availability of macro pthread_cleanup_pop
PASSCOMBINED: Availability of function pthread_cond_broadcast
PASSCOMBINED: Type of function pthread_cond_broadcast
PASSCOMBINED: Availability of function pthread_cond_destroy
PASSCOMBINED: Type of function pthread_cond_destroy
PASSCOMBINED: Availability of function pthread_cond_init
PASSCOMBINED: Type of function pthread_cond_init
PASSCOMBINED: Availability of function pthread_cond_signal
PASSCOMBINED: Type of function pthread_cond_signal
PASSCOMBINED: Availability of function pthread_cond_timedwait
PASSCOMBINED: Type of function pthread_cond_timedwait
PASSCOMBINED: Availability of function pthread_cond_wait
PASSCOMBINED: Type of function pthread_cond_wait
PASSCOMBINED: Availability of function pthread_condattr_destroy
PASSCOMBINED: Type of function pthread_condattr_destroy
PASSCOMBINED: Availability of function pthread_condattr_getpshared
PASSCOMBINED: Type of function pthread_condattr_getpshared
PASSCOMBINED: Availability of function pthread_condattr_init
PASSCOMBINED: Type of function pthread_condattr_init
PASSCOMBINED: Availability of function pthread_condattr_setpshared
PASSCOMBINED: Type of function pthread_condattr_setpshared
PASSCOMBINED: Availability of function pthread_create
PASSCOMBINED: Type of function pthread_create
PASSCOMBINED: Availability of function pthread_detach
PASSCOMBINED: Type of function pthread_detach
PASSCOMBINED: Availability of function pthread_equal
PASSCOMBINED: Type of function pthread_equal
PASSCOMBINED: Availability of function pthread_exit
PASSCOMBINED: Type of function pthread_exit
PASSCOMBINED: Availability of function pthread_getconcurrency
PASSCOMBINED: Type of function pthread_getconcurrency
PASSCOMBINED: Availability of function pthread_getcpuclockid
PASSCOMBINED: Type of function pthread_getcpuclockid
PASSCOMBINED: Availability of function pthread_getschedparam
PASSCOMBINED: Type of function pthread_getschedparam
PASSCOMBINED: Availability of function pthread_getspecific
PASSCOMBINED: Type of function pthread_getspecific
PASSCOMBINED: Availability of function pthread_join
PASSCOMBINED: Type of function pthread_join
PASSCOMBINED: Availability of function pthread_key_create
PASSCOMBINED: Type of function pthread_key_create
PASSCOMBINED: Availability of function pthread_key_delete
PASSCOMBINED: Type of function pthread_key_delete
PASSCOMBINED: Availability of function pthread_mutex_destroy
PASSCOMBINED: Type of function pthread_mutex_destroy
PASS: Availability of function pthread_mutex_getprioceiling
PASS: Type of function pthread_mutex_getprioceiling
PASSCOMBINED: Availability of function pthread_mutex_init
PASSCOMBINED: Type of function pthread_mutex_init
PASSCOMBINED: Availability of function pthread_mutex_lock
PASSCOMBINED: Type of function pthread_mutex_lock
PASS: Availability of function pthread_mutex_setprioceiling
PASS: Type of function pthread_mutex_setprioceiling
PASSCOMBINED: Availability of function pthread_mutex_timedlock
PASSCOMBINED: Type of function pthread_mutex_timedlock
PASSCOMBINED: Availability of function pthread_mutex_trylock
PASSCOMBINED: Type of function pthread_mutex_trylock
PASSCOMBINED: Availability of function pthread_mutex_unlock
PASSCOMBINED: Type of function pthread_mutex_unlock
PASSCOMBINED: Availability of function pthread_mutexattr_destroy
PASSCOMBINED: Type of function pthread_mutexattr_destroy
PASS: Availability of function pthread_mutexattr_getprioceiling
PASS: Type of function pthread_mutexattr_getprioceiling
PASS: Availability of function pthread_mutexattr_getprotocol
PASS: Type of function pthread_mutexattr_getprotocol
PASSCOMBINED: Availability of function pthread_mutexattr_getpshared
PASSCOMBINED: Type of function pthread_mutexattr_getpshared
PASSCOMBINED: Availability of function pthread_mutexattr_gettype
PASSCOMBINED: Type of function pthread_mutexattr_gettype
PASSCOMBINED: Availability of function pthread_mutexattr_init
PASSCOMBINED: Type of function pthread_mutexattr_init
PASS: Availability of function pthread_mutexattr_setprioceiling
PASS: Type of function pthread_mutexattr_setprioceiling
PASS: Availability of function pthread_mutexattr_setprotocol
PASS: Type of function pthread_mutexattr_setprotocol
PASSCOMBINED: Availability of function pthread_mutexattr_setpshared
PASSCOMBINED: Type of function pthread_mutexattr_setpshared
PASSCOMBINED: Availability of function pthread_mutexattr_settype
PASSCOMBINED: Type of function pthread_mutexattr_settype
PASSCOMBINED: Availability of function pthread_once
PASSCOMBINED: Type of function pthread_once
PASSCOMBINED: Availability of function pthread_rwlock_init
PASSCOMBINED: Type of function pthread_rwlock_init
PASSCOMBINED: Availability of function pthread_rwlock_rdlock
PASSCOMBINED: Type of function pthread_rwlock_rdlock
PASSCOMBINED: Availability of function pthread_rwlock_timedrdlock
PASSCOMBINED: Type of function pthread_rwlock_timedrdlock
PASSCOMBINED: Availability of function pthread_rwlock_timedwrlock
PASSCOMBINED: Type of function pthread_rwlock_timedwrlock
PASSCOMBINED: Availability of function pthread_rwlock_tryrdlock
PASSCOMBINED: Type of function pthread_rwlock_tryrdlock
PASSCOMBINED: Availability of function pthread_rwlock_trywrlock
PASSCOMBINED: Type of function pthread_rwlock_trywrlock
PASSCOMBINED: Availability of function pthread_rwlock_unlock
PASSCOMBINED: Type of function pthread_rwlock_unlock
PASSCOMBINED: Availability of function pthread_rwlock_wrlock
PASSCOMBINED: Type of function pthread_rwlock_wrlock
PASSCOMBINED: Availability of function pthread_rwlockattr_destroy
PASSCOMBINED: Type of function pthread_rwlockattr_destroy
PASSCOMBINED: Availability of function pthread_rwlockattr_getpshared
PASSCOMBINED: Type of function pthread_rwlockattr_getpshared
PASSCOMBINED: Availability of function pthread_rwlockattr_init
PASSCOMBINED: Type of function pthread_rwlockattr_init
PASSCOMBINED: Availability of function pthread_rwlockattr_setpshared
PASSCOMBINED: Type of function pthread_rwlockattr_setpshared
PASSCOMBINED: Availability of function pthread_self
PASSCOMBINED: Type of function pthread_self
PASSCOMBINED: Availability of function pthread_setcancelstate
PASSCOMBINED: Type of function pthread_setcancelstate
PASSCOMBINED: Availability of function pthread_setcanceltype
PASSCOMBINED: Type of function pthread_setcanceltype
PASSCOMBINED: Availability of function pthread_setconcurrency
PASSCOMBINED: Type of function pthread_setconcurrency
PASSCOMBINED: Availability of function pthread_setschedparam
PASSCOMBINED: Type of function pthread_setschedparam
PASSCOMBINED: Availability of function pthread_setspecific
PASSCOMBINED: Type of function pthread_setspecific
PASSCOMBINED: Availability of function pthread_spin_destroy
PASSCOMBINED: Type of function pthread_spin_destroy
PASSCOMBINED: Availability of function pthread_spin_init
PASSCOMBINED: Type of function pthread_spin_init
PASSCOMBINED: Availability of function pthread_spin_lock
PASSCOMBINED: Type of function pthread_spin_lock
PASSCOMBINED: Availability of function pthread_spin_trylock
PASSCOMBINED: Type of function pthread_spin_trylock
PASSCOMBINED: Availability of function pthread_spin_unlock
PASSCOMBINED: Type of function pthread_spin_unlock
PASSCOMBINED: Availability of function pthread_testcancel
PASSCOMBINED: Type of function pthread_testcancel
PASS: Namespace of <pthread.h>
----------------------------------------------------------------------------
  Total number of tests   :  223
  Number of failed tests  :    0
  Number of xfailed tests :    0
  Number of skipped tests :    0
