/home/mritunjya/rooms/cryptography/crypto-hack/crackmes-one/glibc-2.34/build/elf/ld.so.phdr: OK
/home/mritunjya/rooms/cryptography/crypto-hack/crackmes-one/glibc-2.34/build/libc.so.phdr: OK
/home/mritunjya/rooms/cryptography/crypto-hack/crackmes-one/glibc-2.34/build/crypt/libcrypt.so.phdr: OK
/home/mritunjya/rooms/cryptography/crypto-hack/crackmes-one/glibc-2.34/build/debug/libSegFault.so.phdr: OK
/home/mritunjya/rooms/cryptography/crypto-hack/crackmes-one/glibc-2.34/build/debug/libpcprofile.so.phdr: OK
/home/mritunjya/rooms/cryptography/crypto-hack/crackmes-one/glibc-2.34/build/dlfcn/libdl.so.phdr: OK
/home/mritunjya/rooms/cryptography/crypto-hack/crackmes-one/glibc-2.34/build/hesiod/libnss_hesiod.so.phdr: OK
/home/mritunjya/rooms/cryptography/crypto-hack/crackmes-one/glibc-2.34/build/iconvdata/ANSI_X3.110.so.phdr: OK
/home/mritunjya/rooms/cryptography/crypto-hack/crackmes-one/glibc-2.34/build/iconvdata/ARMSCII-8.so.phdr: OK
/home/mritunjya/rooms/cryptography/crypto-hack/crackmes-one/glibc-2.34/build/iconvdata/ASMO_449.so.phdr: OK
/home/mritunjya/rooms/cryptography/crypto-hack/crackmes-one/glibc-2.34/build/iconvdata/BIG5.so.phdr: OK
/home/mritunjya/rooms/cryptography/crypto-hack/crackmes-one/glibc-2.34/build/iconvdata/BIG5HKSCS.so.phdr: OK
/home/mritunjya/rooms/cryptography/crypto-hack/crackmes-one/glibc-2.34/build/iconvdata/BRF.so.phdr: OK
/home/mritunjya/rooms/cryptography/crypto-hack/crackmes-one/glibc-2.34/build/iconvdata/CP10007.so.phdr: OK
/home/mritunjya/rooms/cryptography/crypto-hack/crackmes-one/glibc-2.34/build/iconvdata/CP1125.so.phdr: OK
/home/mritunjya/rooms/cryptography/crypto-hack/crackmes-one/glibc-2.34/build/iconvdata/CP1250.so.phdr: OK
/home/mritunjya/rooms/cryptography/crypto-hack/crackmes-one/glibc-2.34/build/iconvdata/CP1251.so.phdr: OK
/home/mritunjya/rooms/cryptography/crypto-hack/crackmes-one/glibc-2.34/build/iconvdata/CP1252.so.phdr: OK
/home/mritunjya/rooms/cryptography/crypto-hack/crackmes-one/glibc-2.34/build/iconvdata/CP1253.so.phdr: OK
/home/mritunjya/rooms/cryptography/crypto-hack/crackmes-one/glibc-2.34/build/iconvdata/CP1254.so.phdr: OK
/home/mritunjya/rooms/cryptography/crypto-hack/crackmes-one/glibc-2.34/build/iconvdata/CP1255.so.phdr: OK
/home/mritunjya/rooms/cryptography/crypto-hack/crackmes-one/glibc-2.34/build/iconvdata/CP1256.so.phdr: OK
/home/mritunjya/rooms/cryptography/crypto-hack/crackmes-one/glibc-2.34/build/iconvdata/CP1257.so.phdr: OK
/home/mritunjya/rooms/cryptography/crypto-hack/crackmes-one/glibc-2.34/build/iconvdata/CP1258.so.phdr: OK
/home/mritunjya/rooms/cryptography/crypto-hack/crackmes-one/glibc-2.34/build/iconvdata/CP737.so.phdr: OK
/home/mritunjya/rooms/cryptography/crypto-hack/crackmes-one/glibc-2.34/build/iconvdata/CP770.so.phdr: OK
/home/mritunjya/rooms/cryptography/crypto-hack/crackmes-one/glibc-2.34/build/iconvdata/CP771.so.phdr: OK
/home/mritunjya/rooms/cryptography/crypto-hack/crackmes-one/glibc-2.34/build/iconvdata/CP772.so.phdr: OK
/home/mritunjya/rooms/cryptography/crypto-hack/crackmes-one/glibc-2.34/build/iconvdata/CP773.so.phdr: OK
/home/mritunjya/rooms/cryptography/crypto-hack/crackmes-one/glibc-2.34/build/iconvdata/CP774.so.phdr: OK
/home/mritunjya/rooms/cryptography/crypto-hack/crackmes-one/glibc-2.34/build/iconvdata/CP775.so.phdr: OK
/home/mritunjya/rooms/cryptography/crypto-hack/crackmes-one/glibc-2.34/build/iconvdata/CP932.so.phdr: OK
/home/mritunjya/rooms/cryptography/crypto-hack/crackmes-one/glibc-2.34/build/iconvdata/CSN_369103.so.phdr: OK
/home/mritunjya/rooms/cryptography/crypto-hack/crackmes-one/glibc-2.34/build/iconvdata/CWI.so.phdr: OK
/home/mritunjya/rooms/cryptography/crypto-hack/crackmes-one/glibc-2.34/build/iconvdata/DEC-MCS.so.phdr: OK
/home/mritunjya/rooms/cryptography/crypto-hack/crackmes-one/glibc-2.34/build/iconvdata/EBCDIC-AT-DE-A.so.phdr: OK
/home/mritunjya/rooms/cryptography/crypto-hack/crackmes-one/glibc-2.34/build/iconvdata/EBCDIC-AT-DE.so.phdr: OK
/home/mritunjya/rooms/cryptography/crypto-hack/crackmes-one/glibc-2.34/build/iconvdata/EBCDIC-CA-FR.so.phdr: OK
/home/mritunjya/rooms/cryptography/crypto-hack/crackmes-one/glibc-2.34/build/iconvdata/EBCDIC-DK-NO-A.so.phdr: OK
/home/mritunjya/rooms/cryptography/crypto-hack/crackmes-one/glibc-2.34/build/iconvdata/EBCDIC-DK-NO.so.phdr: OK
/home/mritunjya/rooms/cryptography/crypto-hack/crackmes-one/glibc-2.34/build/iconvdata/EBCDIC-ES-A.so.phdr: OK
/home/mritunjya/rooms/cryptography/crypto-hack/crackmes-one/glibc-2.34/build/iconvdata/EBCDIC-ES-S.so.phdr: OK
/home/mritunjya/rooms/cryptography/crypto-hack/crackmes-one/glibc-2.34/build/iconvdata/EBCDIC-ES.so.phdr: OK
/home/mritunjya/rooms/cryptography/crypto-hack/crackmes-one/glibc-2.34/build/iconvdata/EBCDIC-FI-SE-A.so.phdr: OK
/home/mritunjya/rooms/cryptography/crypto-hack/crackmes-one/glibc-2.34/build/iconvdata/EBCDIC-FI-SE.so.phdr: OK
/home/mritunjya/rooms/cryptography/crypto-hack/crackmes-one/glibc-2.34/build/iconvdata/EBCDIC-FR.so.phdr: OK
/home/mritunjya/rooms/cryptography/crypto-hack/crackmes-one/glibc-2.34/build/iconvdata/EBCDIC-IS-FRISS.so.phdr: OK
/home/mritunjya/rooms/cryptography/crypto-hack/crackmes-one/glibc-2.34/build/iconvdata/EBCDIC-IT.so.phdr: OK
/home/mritunjya/rooms/cryptography/crypto-hack/crackmes-one/glibc-2.34/build/iconvdata/EBCDIC-PT.so.phdr: OK
/home/mritunjya/rooms/cryptography/crypto-hack/crackmes-one/glibc-2.34/build/iconvdata/EBCDIC-UK.so.phdr: OK
/home/mritunjya/rooms/cryptography/crypto-hack/crackmes-one/glibc-2.34/build/iconvdata/EBCDIC-US.so.phdr: OK
/home/mritunjya/rooms/cryptography/crypto-hack/crackmes-one/glibc-2.34/build/iconvdata/ECMA-CYRILLIC.so.phdr: OK
/home/mritunjya/rooms/cryptography/crypto-hack/crackmes-one/glibc-2.34/build/iconvdata/EUC-CN.so.phdr: OK
/home/mritunjya/rooms/cryptography/crypto-hack/crackmes-one/glibc-2.34/build/iconvdata/EUC-JISX0213.so.phdr: OK
/home/mritunjya/rooms/cryptography/crypto-hack/crackmes-one/glibc-2.34/build/iconvdata/EUC-JP-MS.so.phdr: OK
/home/mritunjya/rooms/cryptography/crypto-hack/crackmes-one/glibc-2.34/build/iconvdata/EUC-JP.so.phdr: OK
/home/mritunjya/rooms/cryptography/crypto-hack/crackmes-one/glibc-2.34/build/iconvdata/EUC-KR.so.phdr: OK
/home/mritunjya/rooms/cryptography/crypto-hack/crackmes-one/glibc-2.34/build/iconvdata/EUC-TW.so.phdr: OK
/home/mritunjya/rooms/cryptography/crypto-hack/crackmes-one/glibc-2.34/build/iconvdata/GB18030.so.phdr: OK
/home/mritunjya/rooms/cryptography/crypto-hack/crackmes-one/glibc-2.34/build/iconvdata/GBBIG5.so.phdr: OK
/home/mritunjya/rooms/cryptography/crypto-hack/crackmes-one/glibc-2.34/build/iconvdata/GBGBK.so.phdr: OK
/home/mritunjya/rooms/cryptography/crypto-hack/crackmes-one/glibc-2.34/build/iconvdata/GBK.so.phdr: OK
/home/mritunjya/rooms/cryptography/crypto-hack/crackmes-one/glibc-2.34/build/iconvdata/GEORGIAN-ACADEMY.so.phdr: OK
/home/mritunjya/rooms/cryptography/crypto-hack/crackmes-one/glibc-2.34/build/iconvdata/GEORGIAN-PS.so.phdr: OK
/home/mritunjya/rooms/cryptography/crypto-hack/crackmes-one/glibc-2.34/build/iconvdata/GOST_19768-74.so.phdr: OK
/home/mritunjya/rooms/cryptography/crypto-hack/crackmes-one/glibc-2.34/build/iconvdata/GREEK-CCITT.so.phdr: OK
/home/mritunjya/rooms/cryptography/crypto-hack/crackmes-one/glibc-2.34/build/iconvdata/GREEK7-OLD.so.phdr: OK
/home/mritunjya/rooms/cryptography/crypto-hack/crackmes-one/glibc-2.34/build/iconvdata/GREEK7.so.phdr: OK
/home/mritunjya/rooms/cryptography/crypto-hack/crackmes-one/glibc-2.34/build/iconvdata/HP-GREEK8.so.phdr: OK
/home/mritunjya/rooms/cryptography/crypto-hack/crackmes-one/glibc-2.34/build/iconvdata/HP-ROMAN8.so.phdr: OK
/home/mritunjya/rooms/cryptography/crypto-hack/crackmes-one/glibc-2.34/build/iconvdata/HP-ROMAN9.so.phdr: OK
/home/mritunjya/rooms/cryptography/crypto-hack/crackmes-one/glibc-2.34/build/iconvdata/HP-THAI8.so.phdr: OK
/home/mritunjya/rooms/cryptography/crypto-hack/crackmes-one/glibc-2.34/build/iconvdata/HP-TURKISH8.so.phdr: OK
/home/mritunjya/rooms/cryptography/crypto-hack/crackmes-one/glibc-2.34/build/iconvdata/IBM037.so.phdr: OK
/home/mritunjya/rooms/cryptography/crypto-hack/crackmes-one/glibc-2.34/build/iconvdata/IBM038.so.phdr: OK
/home/mritunjya/rooms/cryptography/crypto-hack/crackmes-one/glibc-2.34/build/iconvdata/IBM1004.so.phdr: OK
/home/mritunjya/rooms/cryptography/crypto-hack/crackmes-one/glibc-2.34/build/iconvdata/IBM1008.so.phdr: OK
/home/mritunjya/rooms/cryptography/crypto-hack/crackmes-one/glibc-2.34/build/iconvdata/IBM1008_420.so.phdr: OK
/home/mritunjya/rooms/cryptography/crypto-hack/crackmes-one/glibc-2.34/build/iconvdata/IBM1025.so.phdr: OK
/home/mritunjya/rooms/cryptography/crypto-hack/crackmes-one/glibc-2.34/build/iconvdata/IBM1026.so.phdr: OK
/home/mritunjya/rooms/cryptography/crypto-hack/crackmes-one/glibc-2.34/build/iconvdata/IBM1046.so.phdr: OK
/home/mritunjya/rooms/cryptography/crypto-hack/crackmes-one/glibc-2.34/build/iconvdata/IBM1047.so.phdr: OK
/home/mritunjya/rooms/cryptography/crypto-hack/crackmes-one/glibc-2.34/build/iconvdata/IBM1097.so.phdr: OK
/home/mritunjya/rooms/cryptography/crypto-hack/crackmes-one/glibc-2.34/build/iconvdata/IBM1112.so.phdr: OK
/home/mritunjya/rooms/cryptography/crypto-hack/crackmes-one/glibc-2.34/build/iconvdata/IBM1122.so.phdr: OK
/home/mritunjya/rooms/cryptography/crypto-hack/crackmes-one/glibc-2.34/build/iconvdata/IBM1123.so.phdr: OK
/home/mritunjya/rooms/cryptography/crypto-hack/crackmes-one/glibc-2.34/build/iconvdata/IBM1124.so.phdr: OK
/home/mritunjya/rooms/cryptography/crypto-hack/crackmes-one/glibc-2.34/build/iconvdata/IBM1129.so.phdr: OK
/home/mritunjya/rooms/cryptography/crypto-hack/crackmes-one/glibc-2.34/build/iconvdata/IBM1130.so.phdr: OK
/home/mritunjya/rooms/cryptography/crypto-hack/crackmes-one/glibc-2.34/build/iconvdata/IBM1132.so.phdr: OK
/home/mritunjya/rooms/cryptography/crypto-hack/crackmes-one/glibc-2.34/build/iconvdata/IBM1133.so.phdr: OK
/home/mritunjya/rooms/cryptography/crypto-hack/crackmes-one/glibc-2.34/build/iconvdata/IBM1137.so.phdr: OK
/home/mritunjya/rooms/cryptography/crypto-hack/crackmes-one/glibc-2.34/build/iconvdata/IBM1140.so.phdr: OK
/home/mritunjya/rooms/cryptography/crypto-hack/crackmes-one/glibc-2.34/build/iconvdata/IBM1141.so.phdr: OK
/home/mritunjya/rooms/cryptography/crypto-hack/crackmes-one/glibc-2.34/build/iconvdata/IBM1142.so.phdr: OK
/home/mritunjya/rooms/cryptography/crypto-hack/crackmes-one/glibc-2.34/build/iconvdata/IBM1143.so.phdr: OK
/home/mritunjya/rooms/cryptography/crypto-hack/crackmes-one/glibc-2.34/build/iconvdata/IBM1144.so.phdr: OK
/home/mritunjya/rooms/cryptography/crypto-hack/crackmes-one/glibc-2.34/build/iconvdata/IBM1145.so.phdr: OK
/home/mritunjya/rooms/cryptography/crypto-hack/crackmes-one/glibc-2.34/build/iconvdata/IBM1146.so.phdr: OK
/home/mritunjya/rooms/cryptography/crypto-hack/crackmes-one/glibc-2.34/build/iconvdata/IBM1147.so.phdr: OK
/home/mritunjya/rooms/cryptography/crypto-hack/crackmes-one/glibc-2.34/build/iconvdata/IBM1148.so.phdr: OK
/home/mritunjya/rooms/cryptography/crypto-hack/crackmes-one/glibc-2.34/build/iconvdata/IBM1149.so.phdr: OK
/home/mritunjya/rooms/cryptography/crypto-hack/crackmes-one/glibc-2.34/build/iconvdata/IBM1153.so.phdr: OK
/home/mritunjya/rooms/cryptography/crypto-hack/crackmes-one/glibc-2.34/build/iconvdata/IBM1154.so.phdr: OK
/home/mritunjya/rooms/cryptography/crypto-hack/crackmes-one/glibc-2.34/build/iconvdata/IBM1155.so.phdr: OK
/home/mritunjya/rooms/cryptography/crypto-hack/crackmes-one/glibc-2.34/build/iconvdata/IBM1156.so.phdr: OK
/home/mritunjya/rooms/cryptography/crypto-hack/crackmes-one/glibc-2.34/build/iconvdata/IBM1157.so.phdr: OK
/home/mritunjya/rooms/cryptography/crypto-hack/crackmes-one/glibc-2.34/build/iconvdata/IBM1158.so.phdr: OK
/home/mritunjya/rooms/cryptography/crypto-hack/crackmes-one/glibc-2.34/build/iconvdata/IBM1160.so.phdr: OK
/home/mritunjya/rooms/cryptography/crypto-hack/crackmes-one/glibc-2.34/build/iconvdata/IBM1161.so.phdr: OK
/home/mritunjya/rooms/cryptography/crypto-hack/crackmes-one/glibc-2.34/build/iconvdata/IBM1162.so.phdr: OK
/home/mritunjya/rooms/cryptography/crypto-hack/crackmes-one/glibc-2.34/build/iconvdata/IBM1163.so.phdr: OK
/home/mritunjya/rooms/cryptography/crypto-hack/crackmes-one/glibc-2.34/build/iconvdata/IBM1164.so.phdr: OK
/home/mritunjya/rooms/cryptography/crypto-hack/crackmes-one/glibc-2.34/build/iconvdata/IBM1166.so.phdr: OK
/home/mritunjya/rooms/cryptography/crypto-hack/crackmes-one/glibc-2.34/build/iconvdata/IBM1167.so.phdr: OK
/home/mritunjya/rooms/cryptography/crypto-hack/crackmes-one/glibc-2.34/build/iconvdata/IBM12712.so.phdr: OK
/home/mritunjya/rooms/cryptography/crypto-hack/crackmes-one/glibc-2.34/build/iconvdata/IBM1364.so.phdr: OK
/home/mritunjya/rooms/cryptography/crypto-hack/crackmes-one/glibc-2.34/build/iconvdata/IBM1371.so.phdr: OK
/home/mritunjya/rooms/cryptography/crypto-hack/crackmes-one/glibc-2.34/build/iconvdata/IBM1388.so.phdr: OK
/home/mritunjya/rooms/cryptography/crypto-hack/crackmes-one/glibc-2.34/build/iconvdata/IBM1390.so.phdr: OK
/home/mritunjya/rooms/cryptography/crypto-hack/crackmes-one/glibc-2.34/build/iconvdata/IBM1399.so.phdr: OK
/home/mritunjya/rooms/cryptography/crypto-hack/crackmes-one/glibc-2.34/build/iconvdata/IBM16804.so.phdr: OK
/home/mritunjya/rooms/cryptography/crypto-hack/crackmes-one/glibc-2.34/build/iconvdata/IBM256.so.phdr: OK
/home/mritunjya/rooms/cryptography/crypto-hack/crackmes-one/glibc-2.34/build/iconvdata/IBM273.so.phdr: OK
/home/mritunjya/rooms/cryptography/crypto-hack/crackmes-one/glibc-2.34/build/iconvdata/IBM274.so.phdr: OK
/home/mritunjya/rooms/cryptography/crypto-hack/crackmes-one/glibc-2.34/build/iconvdata/IBM275.so.phdr: OK
/home/mritunjya/rooms/cryptography/crypto-hack/crackmes-one/glibc-2.34/build/iconvdata/IBM277.so.phdr: OK
/home/mritunjya/rooms/cryptography/crypto-hack/crackmes-one/glibc-2.34/build/iconvdata/IBM278.so.phdr: OK
/home/mritunjya/rooms/cryptography/crypto-hack/crackmes-one/glibc-2.34/build/iconvdata/IBM280.so.phdr: OK
/home/mritunjya/rooms/cryptography/crypto-hack/crackmes-one/glibc-2.34/build/iconvdata/IBM281.so.phdr: OK
/home/mritunjya/rooms/cryptography/crypto-hack/crackmes-one/glibc-2.34/build/iconvdata/IBM284.so.phdr: OK
/home/mritunjya/rooms/cryptography/crypto-hack/crackmes-one/glibc-2.34/build/iconvdata/IBM285.so.phdr: OK
/home/mritunjya/rooms/cryptography/crypto-hack/crackmes-one/glibc-2.34/build/iconvdata/IBM290.so.phdr: OK
/home/mritunjya/rooms/cryptography/crypto-hack/crackmes-one/glibc-2.34/build/iconvdata/IBM297.so.phdr: OK
/home/mritunjya/rooms/cryptography/crypto-hack/crackmes-one/glibc-2.34/build/iconvdata/IBM420.so.phdr: OK
/home/mritunjya/rooms/cryptography/crypto-hack/crackmes-one/glibc-2.34/build/iconvdata/IBM423.so.phdr: OK
/home/mritunjya/rooms/cryptography/crypto-hack/crackmes-one/glibc-2.34/build/iconvdata/IBM424.so.phdr: OK
/home/mritunjya/rooms/cryptography/crypto-hack/crackmes-one/glibc-2.34/build/iconvdata/IBM437.so.phdr: OK
/home/mritunjya/rooms/cryptography/crypto-hack/crackmes-one/glibc-2.34/build/iconvdata/IBM4517.so.phdr: OK
/home/mritunjya/rooms/cryptography/crypto-hack/crackmes-one/glibc-2.34/build/iconvdata/IBM4899.so.phdr: OK
/home/mritunjya/rooms/cryptography/crypto-hack/crackmes-one/glibc-2.34/build/iconvdata/IBM4909.so.phdr: OK
/home/mritunjya/rooms/cryptography/crypto-hack/crackmes-one/glibc-2.34/build/iconvdata/IBM4971.so.phdr: OK
/home/mritunjya/rooms/cryptography/crypto-hack/crackmes-one/glibc-2.34/build/iconvdata/IBM500.so.phdr: OK
/home/mritunjya/rooms/cryptography/crypto-hack/crackmes-one/glibc-2.34/build/iconvdata/IBM5347.so.phdr: OK
/home/mritunjya/rooms/cryptography/crypto-hack/crackmes-one/glibc-2.34/build/iconvdata/IBM803.so.phdr: OK
/home/mritunjya/rooms/cryptography/crypto-hack/crackmes-one/glibc-2.34/build/iconvdata/IBM850.so.phdr: OK
/home/mritunjya/rooms/cryptography/crypto-hack/crackmes-one/glibc-2.34/build/iconvdata/IBM851.so.phdr: OK
/home/mritunjya/rooms/cryptography/crypto-hack/crackmes-one/glibc-2.34/build/iconvdata/IBM852.so.phdr: OK
/home/mritunjya/rooms/cryptography/crypto-hack/crackmes-one/glibc-2.34/build/iconvdata/IBM855.so.phdr: OK
/home/mritunjya/rooms/cryptography/crypto-hack/crackmes-one/glibc-2.34/build/iconvdata/IBM856.so.phdr: OK
/home/mritunjya/rooms/cryptography/crypto-hack/crackmes-one/glibc-2.34/build/iconvdata/IBM857.so.phdr: OK
/home/mritunjya/rooms/cryptography/crypto-hack/crackmes-one/glibc-2.34/build/iconvdata/IBM858.so.phdr: OK
/home/mritunjya/rooms/cryptography/crypto-hack/crackmes-one/glibc-2.34/build/iconvdata/IBM860.so.phdr: OK
/home/mritunjya/rooms/cryptography/crypto-hack/crackmes-one/glibc-2.34/build/iconvdata/IBM861.so.phdr: OK
/home/mritunjya/rooms/cryptography/crypto-hack/crackmes-one/glibc-2.34/build/iconvdata/IBM862.so.phdr: OK
/home/mritunjya/rooms/cryptography/crypto-hack/crackmes-one/glibc-2.34/build/iconvdata/IBM863.so.phdr: OK
/home/mritunjya/rooms/cryptography/crypto-hack/crackmes-one/glibc-2.34/build/iconvdata/IBM864.so.phdr: OK
/home/mritunjya/rooms/cryptography/crypto-hack/crackmes-one/glibc-2.34/build/iconvdata/IBM865.so.phdr: OK
/home/mritunjya/rooms/cryptography/crypto-hack/crackmes-one/glibc-2.34/build/iconvdata/IBM866.so.phdr: OK
/home/mritunjya/rooms/cryptography/crypto-hack/crackmes-one/glibc-2.34/build/iconvdata/IBM866NAV.so.phdr: OK
/home/mritunjya/rooms/cryptography/crypto-hack/crackmes-one/glibc-2.34/build/iconvdata/IBM868.so.phdr: OK
/home/mritunjya/rooms/cryptography/crypto-hack/crackmes-one/glibc-2.34/build/iconvdata/IBM869.so.phdr: OK
/home/mritunjya/rooms/cryptography/crypto-hack/crackmes-one/glibc-2.34/build/iconvdata/IBM870.so.phdr: OK
/home/mritunjya/rooms/cryptography/crypto-hack/crackmes-one/glibc-2.34/build/iconvdata/IBM871.so.phdr: OK
/home/mritunjya/rooms/cryptography/crypto-hack/crackmes-one/glibc-2.34/build/iconvdata/IBM874.so.phdr: OK
/home/mritunjya/rooms/cryptography/crypto-hack/crackmes-one/glibc-2.34/build/iconvdata/IBM875.so.phdr: OK
/home/mritunjya/rooms/cryptography/crypto-hack/crackmes-one/glibc-2.34/build/iconvdata/IBM880.so.phdr: OK
/home/mritunjya/rooms/cryptography/crypto-hack/crackmes-one/glibc-2.34/build/iconvdata/IBM891.so.phdr: OK
/home/mritunjya/rooms/cryptography/crypto-hack/crackmes-one/glibc-2.34/build/iconvdata/IBM901.so.phdr: OK
/home/mritunjya/rooms/cryptography/crypto-hack/crackmes-one/glibc-2.34/build/iconvdata/IBM902.so.phdr: OK
/home/mritunjya/rooms/cryptography/crypto-hack/crackmes-one/glibc-2.34/build/iconvdata/IBM903.so.phdr: OK
/home/mritunjya/rooms/cryptography/crypto-hack/crackmes-one/glibc-2.34/build/iconvdata/IBM9030.so.phdr: OK
/home/mritunjya/rooms/cryptography/crypto-hack/crackmes-one/glibc-2.34/build/iconvdata/IBM904.so.phdr: OK
/home/mritunjya/rooms/cryptography/crypto-hack/crackmes-one/glibc-2.34/build/iconvdata/IBM905.so.phdr: OK
/home/mritunjya/rooms/cryptography/crypto-hack/crackmes-one/glibc-2.34/build/iconvdata/IBM9066.so.phdr: OK
/home/mritunjya/rooms/cryptography/crypto-hack/crackmes-one/glibc-2.34/build/iconvdata/IBM918.so.phdr: OK
/home/mritunjya/rooms/cryptography/crypto-hack/crackmes-one/glibc-2.34/build/iconvdata/IBM921.so.phdr: OK
/home/mritunjya/rooms/cryptography/crypto-hack/crackmes-one/glibc-2.34/build/iconvdata/IBM922.so.phdr: OK
/home/mritunjya/rooms/cryptography/crypto-hack/crackmes-one/glibc-2.34/build/iconvdata/IBM930.so.phdr: OK
/home/mritunjya/rooms/cryptography/crypto-hack/crackmes-one/glibc-2.34/build/iconvdata/IBM932.so.phdr: OK
/home/mritunjya/rooms/cryptography/crypto-hack/crackmes-one/glibc-2.34/build/iconvdata/IBM933.so.phdr: OK
/home/mritunjya/rooms/cryptography/crypto-hack/crackmes-one/glibc-2.34/build/iconvdata/IBM935.so.phdr: OK
/home/mritunjya/rooms/cryptography/crypto-hack/crackmes-one/glibc-2.34/build/iconvdata/IBM937.so.phdr: OK
/home/mritunjya/rooms/cryptography/crypto-hack/crackmes-one/glibc-2.34/build/iconvdata/IBM939.so.phdr: OK
/home/mritunjya/rooms/cryptography/crypto-hack/crackmes-one/glibc-2.34/build/iconvdata/IBM943.so.phdr: OK
/home/mritunjya/rooms/cryptography/crypto-hack/crackmes-one/glibc-2.34/build/iconvdata/IBM9448.so.phdr: OK
/home/mritunjya/rooms/cryptography/crypto-hack/crackmes-one/glibc-2.34/build/iconvdata/IEC_P27-1.so.phdr: OK
/home/mritunjya/rooms/cryptography/crypto-hack/crackmes-one/glibc-2.34/build/iconvdata/INIS-8.so.phdr: OK
/home/mritunjya/rooms/cryptography/crypto-hack/crackmes-one/glibc-2.34/build/iconvdata/INIS-CYRILLIC.so.phdr: OK
/home/mritunjya/rooms/cryptography/crypto-hack/crackmes-one/glibc-2.34/build/iconvdata/INIS.so.phdr: OK
/home/mritunjya/rooms/cryptography/crypto-hack/crackmes-one/glibc-2.34/build/iconvdata/ISIRI-3342.so.phdr: OK
/home/mritunjya/rooms/cryptography/crypto-hack/crackmes-one/glibc-2.34/build/iconvdata/ISO-2022-CN-EXT.so.phdr: OK
/home/mritunjya/rooms/cryptography/crypto-hack/crackmes-one/glibc-2.34/build/iconvdata/ISO-2022-CN.so.phdr: OK
/home/mritunjya/rooms/cryptography/crypto-hack/crackmes-one/glibc-2.34/build/iconvdata/ISO-2022-JP-3.so.phdr: OK
/home/mritunjya/rooms/cryptography/crypto-hack/crackmes-one/glibc-2.34/build/iconvdata/ISO-2022-JP.so.phdr: OK
/home/mritunjya/rooms/cryptography/crypto-hack/crackmes-one/glibc-2.34/build/iconvdata/ISO-2022-KR.so.phdr: OK
/home/mritunjya/rooms/cryptography/crypto-hack/crackmes-one/glibc-2.34/build/iconvdata/ISO-IR-197.so.phdr: OK
/home/mritunjya/rooms/cryptography/crypto-hack/crackmes-one/glibc-2.34/build/iconvdata/ISO-IR-209.so.phdr: OK
/home/mritunjya/rooms/cryptography/crypto-hack/crackmes-one/glibc-2.34/build/iconvdata/ISO646.so.phdr: OK
/home/mritunjya/rooms/cryptography/crypto-hack/crackmes-one/glibc-2.34/build/iconvdata/ISO8859-1.so.phdr: OK
/home/mritunjya/rooms/cryptography/crypto-hack/crackmes-one/glibc-2.34/build/iconvdata/ISO8859-10.so.phdr: OK
/home/mritunjya/rooms/cryptography/crypto-hack/crackmes-one/glibc-2.34/build/iconvdata/ISO8859-11.so.phdr: OK
/home/mritunjya/rooms/cryptography/crypto-hack/crackmes-one/glibc-2.34/build/iconvdata/ISO8859-13.so.phdr: OK
/home/mritunjya/rooms/cryptography/crypto-hack/crackmes-one/glibc-2.34/build/iconvdata/ISO8859-14.so.phdr: OK
/home/mritunjya/rooms/cryptography/crypto-hack/crackmes-one/glibc-2.34/build/iconvdata/ISO8859-15.so.phdr: OK
/home/mritunjya/rooms/cryptography/crypto-hack/crackmes-one/glibc-2.34/build/iconvdata/ISO8859-16.so.phdr: OK
/home/mritunjya/rooms/cryptography/crypto-hack/crackmes-one/glibc-2.34/build/iconvdata/ISO8859-2.so.phdr: OK
/home/mritunjya/rooms/cryptography/crypto-hack/crackmes-one/glibc-2.34/build/iconvdata/ISO8859-3.so.phdr: OK
/home/mritunjya/rooms/cryptography/crypto-hack/crackmes-one/glibc-2.34/build/iconvdata/ISO8859-4.so.phdr: OK
/home/mritunjya/rooms/cryptography/crypto-hack/crackmes-one/glibc-2.34/build/iconvdata/ISO8859-5.so.phdr: OK
/home/mritunjya/rooms/cryptography/crypto-hack/crackmes-one/glibc-2.34/build/iconvdata/ISO8859-6.so.phdr: OK
/home/mritunjya/rooms/cryptography/crypto-hack/crackmes-one/glibc-2.34/build/iconvdata/ISO8859-7.so.phdr: OK
/home/mritunjya/rooms/cryptography/crypto-hack/crackmes-one/glibc-2.34/build/iconvdata/ISO8859-8.so.phdr: OK
/home/mritunjya/rooms/cryptography/crypto-hack/crackmes-one/glibc-2.34/build/iconvdata/ISO8859-9.so.phdr: OK
/home/mritunjya/rooms/cryptography/crypto-hack/crackmes-one/glibc-2.34/build/iconvdata/ISO8859-9E.so.phdr: OK
/home/mritunjya/rooms/cryptography/crypto-hack/crackmes-one/glibc-2.34/build/iconvdata/ISO_10367-BOX.so.phdr: OK
/home/mritunjya/rooms/cryptography/crypto-hack/crackmes-one/glibc-2.34/build/iconvdata/ISO_11548-1.so.phdr: OK
/home/mritunjya/rooms/cryptography/crypto-hack/crackmes-one/glibc-2.34/build/iconvdata/ISO_2033.so.phdr: OK
/home/mritunjya/rooms/cryptography/crypto-hack/crackmes-one/glibc-2.34/build/iconvdata/ISO_5427-EXT.so.phdr: OK
/home/mritunjya/rooms/cryptography/crypto-hack/crackmes-one/glibc-2.34/build/iconvdata/ISO_5427.so.phdr: OK
/home/mritunjya/rooms/cryptography/crypto-hack/crackmes-one/glibc-2.34/build/iconvdata/ISO_5428.so.phdr: OK
/home/mritunjya/rooms/cryptography/crypto-hack/crackmes-one/glibc-2.34/build/iconvdata/ISO_6937-2.so.phdr: OK
/home/mritunjya/rooms/cryptography/crypto-hack/crackmes-one/glibc-2.34/build/iconvdata/ISO_6937.so.phdr: OK
/home/mritunjya/rooms/cryptography/crypto-hack/crackmes-one/glibc-2.34/build/iconvdata/JOHAB.so.phdr: OK
/home/mritunjya/rooms/cryptography/crypto-hack/crackmes-one/glibc-2.34/build/iconvdata/KOI-8.so.phdr: OK
/home/mritunjya/rooms/cryptography/crypto-hack/crackmes-one/glibc-2.34/build/iconvdata/KOI8-R.so.phdr: OK
/home/mritunjya/rooms/cryptography/crypto-hack/crackmes-one/glibc-2.34/build/iconvdata/KOI8-RU.so.phdr: OK
/home/mritunjya/rooms/cryptography/crypto-hack/crackmes-one/glibc-2.34/build/iconvdata/KOI8-T.so.phdr: OK
/home/mritunjya/rooms/cryptography/crypto-hack/crackmes-one/glibc-2.34/build/iconvdata/KOI8-U.so.phdr: OK
/home/mritunjya/rooms/cryptography/crypto-hack/crackmes-one/glibc-2.34/build/iconvdata/LATIN-GREEK-1.so.phdr: OK
/home/mritunjya/rooms/cryptography/crypto-hack/crackmes-one/glibc-2.34/build/iconvdata/LATIN-GREEK.so.phdr: OK
/home/mritunjya/rooms/cryptography/crypto-hack/crackmes-one/glibc-2.34/build/iconvdata/MAC-CENTRALEUROPE.so.phdr: OK
/home/mritunjya/rooms/cryptography/crypto-hack/crackmes-one/glibc-2.34/build/iconvdata/MAC-IS.so.phdr: OK
/home/mritunjya/rooms/cryptography/crypto-hack/crackmes-one/glibc-2.34/build/iconvdata/MAC-SAMI.so.phdr: OK
/home/mritunjya/rooms/cryptography/crypto-hack/crackmes-one/glibc-2.34/build/iconvdata/MAC-UK.so.phdr: OK
/home/mritunjya/rooms/cryptography/crypto-hack/crackmes-one/glibc-2.34/build/iconvdata/MACINTOSH.so.phdr: OK
/home/mritunjya/rooms/cryptography/crypto-hack/crackmes-one/glibc-2.34/build/iconvdata/MIK.so.phdr: OK
/home/mritunjya/rooms/cryptography/crypto-hack/crackmes-one/glibc-2.34/build/iconvdata/NATS-DANO.so.phdr: OK
/home/mritunjya/rooms/cryptography/crypto-hack/crackmes-one/glibc-2.34/build/iconvdata/NATS-SEFI.so.phdr: OK
/home/mritunjya/rooms/cryptography/crypto-hack/crackmes-one/glibc-2.34/build/iconvdata/PT154.so.phdr: OK
/home/mritunjya/rooms/cryptography/crypto-hack/crackmes-one/glibc-2.34/build/iconvdata/RK1048.so.phdr: OK
/home/mritunjya/rooms/cryptography/crypto-hack/crackmes-one/glibc-2.34/build/iconvdata/SAMI-WS2.so.phdr: OK
/home/mritunjya/rooms/cryptography/crypto-hack/crackmes-one/glibc-2.34/build/iconvdata/SHIFT_JISX0213.so.phdr: OK
/home/mritunjya/rooms/cryptography/crypto-hack/crackmes-one/glibc-2.34/build/iconvdata/SJIS.so.phdr: OK
/home/mritunjya/rooms/cryptography/crypto-hack/crackmes-one/glibc-2.34/build/iconvdata/T.61.so.phdr: OK
/home/mritunjya/rooms/cryptography/crypto-hack/crackmes-one/glibc-2.34/build/iconvdata/TCVN5712-1.so.phdr: OK
/home/mritunjya/rooms/cryptography/crypto-hack/crackmes-one/glibc-2.34/build/iconvdata/TIS-620.so.phdr: OK
/home/mritunjya/rooms/cryptography/crypto-hack/crackmes-one/glibc-2.34/build/iconvdata/TSCII.so.phdr: OK
/home/mritunjya/rooms/cryptography/crypto-hack/crackmes-one/glibc-2.34/build/iconvdata/UHC.so.phdr: OK
/home/mritunjya/rooms/cryptography/crypto-hack/crackmes-one/glibc-2.34/build/iconvdata/UNICODE.so.phdr: OK
/home/mritunjya/rooms/cryptography/crypto-hack/crackmes-one/glibc-2.34/build/iconvdata/UTF-16.so.phdr: OK
/home/mritunjya/rooms/cryptography/crypto-hack/crackmes-one/glibc-2.34/build/iconvdata/UTF-32.so.phdr: OK
/home/mritunjya/rooms/cryptography/crypto-hack/crackmes-one/glibc-2.34/build/iconvdata/UTF-7.so.phdr: OK
/home/mritunjya/rooms/cryptography/crypto-hack/crackmes-one/glibc-2.34/build/iconvdata/VISCII.so.phdr: OK
/home/mritunjya/rooms/cryptography/crypto-hack/crackmes-one/glibc-2.34/build/iconvdata/libCNS.so.phdr: OK
/home/mritunjya/rooms/cryptography/crypto-hack/crackmes-one/glibc-2.34/build/iconvdata/libGB.so.phdr: OK
/home/mritunjya/rooms/cryptography/crypto-hack/crackmes-one/glibc-2.34/build/iconvdata/libISOIR165.so.phdr: OK
/home/mritunjya/rooms/cryptography/crypto-hack/crackmes-one/glibc-2.34/build/iconvdata/libJIS.so.phdr: OK
/home/mritunjya/rooms/cryptography/crypto-hack/crackmes-one/glibc-2.34/build/iconvdata/libJISX0213.so.phdr: OK
/home/mritunjya/rooms/cryptography/crypto-hack/crackmes-one/glibc-2.34/build/iconvdata/libKSC.so.phdr: OK
/home/mritunjya/rooms/cryptography/crypto-hack/crackmes-one/glibc-2.34/build/locale/libBrokenLocale.so.phdr: OK
/home/mritunjya/rooms/cryptography/crypto-hack/crackmes-one/glibc-2.34/build/login/libutil.so.phdr: OK
/home/mritunjya/rooms/cryptography/crypto-hack/crackmes-one/glibc-2.34/build/malloc/libc_malloc_debug.so.phdr: OK
/home/mritunjya/rooms/cryptography/crypto-hack/crackmes-one/glibc-2.34/build/malloc/libmemusage.so.phdr: OK
/home/mritunjya/rooms/cryptography/crypto-hack/crackmes-one/glibc-2.34/build/math/libm.so.phdr: OK
/home/mritunjya/rooms/cryptography/crypto-hack/crackmes-one/glibc-2.34/build/mathvec/libmvec.so.phdr: OK
/home/mritunjya/rooms/cryptography/crypto-hack/crackmes-one/glibc-2.34/build/nis/libnsl.so.phdr: OK
/home/mritunjya/rooms/cryptography/crypto-hack/crackmes-one/glibc-2.34/build/nptl/libpthread.so.phdr: OK
/home/mritunjya/rooms/cryptography/crypto-hack/crackmes-one/glibc-2.34/build/nptl_db/libthread_db.so.phdr: OK
/home/mritunjya/rooms/cryptography/crypto-hack/crackmes-one/glibc-2.34/build/nss/libnss_compat.so.phdr: OK
/home/mritunjya/rooms/cryptography/crypto-hack/crackmes-one/glibc-2.34/build/nss/libnss_db.so.phdr: OK
/home/mritunjya/rooms/cryptography/crypto-hack/crackmes-one/glibc-2.34/build/nss/libnss_files.so.phdr: OK
/home/mritunjya/rooms/cryptography/crypto-hack/crackmes-one/glibc-2.34/build/nss/libnss_test1.so.phdr: OK
/home/mritunjya/rooms/cryptography/crypto-hack/crackmes-one/glibc-2.34/build/nss/libnss_test2.so.phdr: OK
/home/mritunjya/rooms/cryptography/crypto-hack/crackmes-one/glibc-2.34/build/resolv/libanl.so.phdr: OK
/home/mritunjya/rooms/cryptography/crypto-hack/crackmes-one/glibc-2.34/build/resolv/libnss_dns.so.phdr: OK
/home/mritunjya/rooms/cryptography/crypto-hack/crackmes-one/glibc-2.34/build/resolv/libresolv.so.phdr: OK
/home/mritunjya/rooms/cryptography/crypto-hack/crackmes-one/glibc-2.34/build/rt/librt.so.phdr: OK
