/home/mritunjya/rooms/cryptography/crypto-hack/crackmes-one/glibc-2.34/build/elf/ld.so.dynsym: OK
/home/mritunjya/rooms/cryptography/crypto-hack/crackmes-one/glibc-2.34/build/libc.so.dynsym: OK
/home/mritunjya/rooms/cryptography/crypto-hack/crackmes-one/glibc-2.34/build/crypt/libcrypt.so.dynsym: OK
/home/mritunjya/rooms/cryptography/crypto-hack/crackmes-one/glibc-2.34/build/debug/libSegFault.so.dynsym: OK
/home/mritunjya/rooms/cryptography/crypto-hack/crackmes-one/glibc-2.34/build/debug/libpcprofile.so.dynsym: OK
/home/mritunjya/rooms/cryptography/crypto-hack/crackmes-one/glibc-2.34/build/dlfcn/libdl.so.dynsym: OK
/home/mritunjya/rooms/cryptography/crypto-hack/crackmes-one/glibc-2.34/build/hesiod/libnss_hesiod.so.dynsym: OK
/home/mritunjya/rooms/cryptography/crypto-hack/crackmes-one/glibc-2.34/build/iconvdata/ANSI_X3.110.so.dynsym: OK
/home/mritunjya/rooms/cryptography/crypto-hack/crackmes-one/glibc-2.34/build/iconvdata/ARMSCII-8.so.dynsym: OK
/home/mritunjya/rooms/cryptography/crypto-hack/crackmes-one/glibc-2.34/build/iconvdata/ASMO_449.so.dynsym: OK
/home/mritunjya/rooms/cryptography/crypto-hack/crackmes-one/glibc-2.34/build/iconvdata/BIG5.so.dynsym: OK
/home/mritunjya/rooms/cryptography/crypto-hack/crackmes-one/glibc-2.34/build/iconvdata/BIG5HKSCS.so.dynsym: OK
/home/mritunjya/rooms/cryptography/crypto-hack/crackmes-one/glibc-2.34/build/iconvdata/BRF.so.dynsym: OK
/home/mritunjya/rooms/cryptography/crypto-hack/crackmes-one/glibc-2.34/build/iconvdata/CP10007.so.dynsym: OK
/home/mritunjya/rooms/cryptography/crypto-hack/crackmes-one/glibc-2.34/build/iconvdata/CP1125.so.dynsym: OK
/home/mritunjya/rooms/cryptography/crypto-hack/crackmes-one/glibc-2.34/build/iconvdata/CP1250.so.dynsym: OK
/home/mritunjya/rooms/cryptography/crypto-hack/crackmes-one/glibc-2.34/build/iconvdata/CP1251.so.dynsym: OK
/home/mritunjya/rooms/cryptography/crypto-hack/crackmes-one/glibc-2.34/build/iconvdata/CP1252.so.dynsym: OK
/home/mritunjya/rooms/cryptography/crypto-hack/crackmes-one/glibc-2.34/build/iconvdata/CP1253.so.dynsym: OK
/home/mritunjya/rooms/cryptography/crypto-hack/crackmes-one/glibc-2.34/build/iconvdata/CP1254.so.dynsym: OK
/home/mritunjya/rooms/cryptography/crypto-hack/crackmes-one/glibc-2.34/build/iconvdata/CP1255.so.dynsym: OK
/home/mritunjya/rooms/cryptography/crypto-hack/crackmes-one/glibc-2.34/build/iconvdata/CP1256.so.dynsym: OK
/home/mritunjya/rooms/cryptography/crypto-hack/crackmes-one/glibc-2.34/build/iconvdata/CP1257.so.dynsym: OK
/home/mritunjya/rooms/cryptography/crypto-hack/crackmes-one/glibc-2.34/build/iconvdata/CP1258.so.dynsym: OK
/home/mritunjya/rooms/cryptography/crypto-hack/crackmes-one/glibc-2.34/build/iconvdata/CP737.so.dynsym: OK
/home/mritunjya/rooms/cryptography/crypto-hack/crackmes-one/glibc-2.34/build/iconvdata/CP770.so.dynsym: OK
/home/mritunjya/rooms/cryptography/crypto-hack/crackmes-one/glibc-2.34/build/iconvdata/CP771.so.dynsym: OK
/home/mritunjya/rooms/cryptography/crypto-hack/crackmes-one/glibc-2.34/build/iconvdata/CP772.so.dynsym: OK
/home/mritunjya/rooms/cryptography/crypto-hack/crackmes-one/glibc-2.34/build/iconvdata/CP773.so.dynsym: OK
/home/mritunjya/rooms/cryptography/crypto-hack/crackmes-one/glibc-2.34/build/iconvdata/CP774.so.dynsym: OK
/home/mritunjya/rooms/cryptography/crypto-hack/crackmes-one/glibc-2.34/build/iconvdata/CP775.so.dynsym: OK
/home/mritunjya/rooms/cryptography/crypto-hack/crackmes-one/glibc-2.34/build/iconvdata/CP932.so.dynsym: OK
/home/mritunjya/rooms/cryptography/crypto-hack/crackmes-one/glibc-2.34/build/iconvdata/CSN_369103.so.dynsym: OK
/home/mritunjya/rooms/cryptography/crypto-hack/crackmes-one/glibc-2.34/build/iconvdata/CWI.so.dynsym: OK
/home/mritunjya/rooms/cryptography/crypto-hack/crackmes-one/glibc-2.34/build/iconvdata/DEC-MCS.so.dynsym: OK
/home/mritunjya/rooms/cryptography/crypto-hack/crackmes-one/glibc-2.34/build/iconvdata/EBCDIC-AT-DE-A.so.dynsym: OK
/home/mritunjya/rooms/cryptography/crypto-hack/crackmes-one/glibc-2.34/build/iconvdata/EBCDIC-AT-DE.so.dynsym: OK
/home/mritunjya/rooms/cryptography/crypto-hack/crackmes-one/glibc-2.34/build/iconvdata/EBCDIC-CA-FR.so.dynsym: OK
/home/mritunjya/rooms/cryptography/crypto-hack/crackmes-one/glibc-2.34/build/iconvdata/EBCDIC-DK-NO-A.so.dynsym: OK
/home/mritunjya/rooms/cryptography/crypto-hack/crackmes-one/glibc-2.34/build/iconvdata/EBCDIC-DK-NO.so.dynsym: OK
/home/mritunjya/rooms/cryptography/crypto-hack/crackmes-one/glibc-2.34/build/iconvdata/EBCDIC-ES-A.so.dynsym: OK
/home/mritunjya/rooms/cryptography/crypto-hack/crackmes-one/glibc-2.34/build/iconvdata/EBCDIC-ES-S.so.dynsym: OK
/home/mritunjya/rooms/cryptography/crypto-hack/crackmes-one/glibc-2.34/build/iconvdata/EBCDIC-ES.so.dynsym: OK
/home/mritunjya/rooms/cryptography/crypto-hack/crackmes-one/glibc-2.34/build/iconvdata/EBCDIC-FI-SE-A.so.dynsym: OK
/home/mritunjya/rooms/cryptography/crypto-hack/crackmes-one/glibc-2.34/build/iconvdata/EBCDIC-FI-SE.so.dynsym: OK
/home/mritunjya/rooms/cryptography/crypto-hack/crackmes-one/glibc-2.34/build/iconvdata/EBCDIC-FR.so.dynsym: OK
/home/mritunjya/rooms/cryptography/crypto-hack/crackmes-one/glibc-2.34/build/iconvdata/EBCDIC-IS-FRISS.so.dynsym: OK
/home/mritunjya/rooms/cryptography/crypto-hack/crackmes-one/glibc-2.34/build/iconvdata/EBCDIC-IT.so.dynsym: OK
/home/mritunjya/rooms/cryptography/crypto-hack/crackmes-one/glibc-2.34/build/iconvdata/EBCDIC-PT.so.dynsym: OK
/home/mritunjya/rooms/cryptography/crypto-hack/crackmes-one/glibc-2.34/build/iconvdata/EBCDIC-UK.so.dynsym: OK
/home/mritunjya/rooms/cryptography/crypto-hack/crackmes-one/glibc-2.34/build/iconvdata/EBCDIC-US.so.dynsym: OK
/home/mritunjya/rooms/cryptography/crypto-hack/crackmes-one/glibc-2.34/build/iconvdata/ECMA-CYRILLIC.so.dynsym: OK
/home/mritunjya/rooms/cryptography/crypto-hack/crackmes-one/glibc-2.34/build/iconvdata/EUC-CN.so.dynsym: OK
/home/mritunjya/rooms/cryptography/crypto-hack/crackmes-one/glibc-2.34/build/iconvdata/EUC-JISX0213.so.dynsym: OK
/home/mritunjya/rooms/cryptography/crypto-hack/crackmes-one/glibc-2.34/build/iconvdata/EUC-JP-MS.so.dynsym: OK
/home/mritunjya/rooms/cryptography/crypto-hack/crackmes-one/glibc-2.34/build/iconvdata/EUC-JP.so.dynsym: OK
/home/mritunjya/rooms/cryptography/crypto-hack/crackmes-one/glibc-2.34/build/iconvdata/EUC-KR.so.dynsym: OK
/home/mritunjya/rooms/cryptography/crypto-hack/crackmes-one/glibc-2.34/build/iconvdata/EUC-TW.so.dynsym: OK
/home/mritunjya/rooms/cryptography/crypto-hack/crackmes-one/glibc-2.34/build/iconvdata/GB18030.so.dynsym: OK
/home/mritunjya/rooms/cryptography/crypto-hack/crackmes-one/glibc-2.34/build/iconvdata/GBBIG5.so.dynsym: OK
/home/mritunjya/rooms/cryptography/crypto-hack/crackmes-one/glibc-2.34/build/iconvdata/GBGBK.so.dynsym: OK
/home/mritunjya/rooms/cryptography/crypto-hack/crackmes-one/glibc-2.34/build/iconvdata/GBK.so.dynsym: OK
/home/mritunjya/rooms/cryptography/crypto-hack/crackmes-one/glibc-2.34/build/iconvdata/GEORGIAN-ACADEMY.so.dynsym: OK
/home/mritunjya/rooms/cryptography/crypto-hack/crackmes-one/glibc-2.34/build/iconvdata/GEORGIAN-PS.so.dynsym: OK
/home/mritunjya/rooms/cryptography/crypto-hack/crackmes-one/glibc-2.34/build/iconvdata/GOST_19768-74.so.dynsym: OK
/home/mritunjya/rooms/cryptography/crypto-hack/crackmes-one/glibc-2.34/build/iconvdata/GREEK-CCITT.so.dynsym: OK
/home/mritunjya/rooms/cryptography/crypto-hack/crackmes-one/glibc-2.34/build/iconvdata/GREEK7-OLD.so.dynsym: OK
/home/mritunjya/rooms/cryptography/crypto-hack/crackmes-one/glibc-2.34/build/iconvdata/GREEK7.so.dynsym: OK
/home/mritunjya/rooms/cryptography/crypto-hack/crackmes-one/glibc-2.34/build/iconvdata/HP-GREEK8.so.dynsym: OK
/home/mritunjya/rooms/cryptography/crypto-hack/crackmes-one/glibc-2.34/build/iconvdata/HP-ROMAN8.so.dynsym: OK
/home/mritunjya/rooms/cryptography/crypto-hack/crackmes-one/glibc-2.34/build/iconvdata/HP-ROMAN9.so.dynsym: OK
/home/mritunjya/rooms/cryptography/crypto-hack/crackmes-one/glibc-2.34/build/iconvdata/HP-THAI8.so.dynsym: OK
/home/mritunjya/rooms/cryptography/crypto-hack/crackmes-one/glibc-2.34/build/iconvdata/HP-TURKISH8.so.dynsym: OK
/home/mritunjya/rooms/cryptography/crypto-hack/crackmes-one/glibc-2.34/build/iconvdata/IBM037.so.dynsym: OK
/home/mritunjya/rooms/cryptography/crypto-hack/crackmes-one/glibc-2.34/build/iconvdata/IBM038.so.dynsym: OK
/home/mritunjya/rooms/cryptography/crypto-hack/crackmes-one/glibc-2.34/build/iconvdata/IBM1004.so.dynsym: OK
/home/mritunjya/rooms/cryptography/crypto-hack/crackmes-one/glibc-2.34/build/iconvdata/IBM1008.so.dynsym: OK
/home/mritunjya/rooms/cryptography/crypto-hack/crackmes-one/glibc-2.34/build/iconvdata/IBM1008_420.so.dynsym: OK
/home/mritunjya/rooms/cryptography/crypto-hack/crackmes-one/glibc-2.34/build/iconvdata/IBM1025.so.dynsym: OK
/home/mritunjya/rooms/cryptography/crypto-hack/crackmes-one/glibc-2.34/build/iconvdata/IBM1026.so.dynsym: OK
/home/mritunjya/rooms/cryptography/crypto-hack/crackmes-one/glibc-2.34/build/iconvdata/IBM1046.so.dynsym: OK
/home/mritunjya/rooms/cryptography/crypto-hack/crackmes-one/glibc-2.34/build/iconvdata/IBM1047.so.dynsym: OK
/home/mritunjya/rooms/cryptography/crypto-hack/crackmes-one/glibc-2.34/build/iconvdata/IBM1097.so.dynsym: OK
/home/mritunjya/rooms/cryptography/crypto-hack/crackmes-one/glibc-2.34/build/iconvdata/IBM1112.so.dynsym: OK
/home/mritunjya/rooms/cryptography/crypto-hack/crackmes-one/glibc-2.34/build/iconvdata/IBM1122.so.dynsym: OK
/home/mritunjya/rooms/cryptography/crypto-hack/crackmes-one/glibc-2.34/build/iconvdata/IBM1123.so.dynsym: OK
/home/mritunjya/rooms/cryptography/crypto-hack/crackmes-one/glibc-2.34/build/iconvdata/IBM1124.so.dynsym: OK
/home/mritunjya/rooms/cryptography/crypto-hack/crackmes-one/glibc-2.34/build/iconvdata/IBM1129.so.dynsym: OK
/home/mritunjya/rooms/cryptography/crypto-hack/crackmes-one/glibc-2.34/build/iconvdata/IBM1130.so.dynsym: OK
/home/mritunjya/rooms/cryptography/crypto-hack/crackmes-one/glibc-2.34/build/iconvdata/IBM1132.so.dynsym: OK
/home/mritunjya/rooms/cryptography/crypto-hack/crackmes-one/glibc-2.34/build/iconvdata/IBM1133.so.dynsym: OK
/home/mritunjya/rooms/cryptography/crypto-hack/crackmes-one/glibc-2.34/build/iconvdata/IBM1137.so.dynsym: OK
/home/mritunjya/rooms/cryptography/crypto-hack/crackmes-one/glibc-2.34/build/iconvdata/IBM1140.so.dynsym: OK
/home/mritunjya/rooms/cryptography/crypto-hack/crackmes-one/glibc-2.34/build/iconvdata/IBM1141.so.dynsym: OK
/home/mritunjya/rooms/cryptography/crypto-hack/crackmes-one/glibc-2.34/build/iconvdata/IBM1142.so.dynsym: OK
/home/mritunjya/rooms/cryptography/crypto-hack/crackmes-one/glibc-2.34/build/iconvdata/IBM1143.so.dynsym: OK
/home/mritunjya/rooms/cryptography/crypto-hack/crackmes-one/glibc-2.34/build/iconvdata/IBM1144.so.dynsym: OK
/home/mritunjya/rooms/cryptography/crypto-hack/crackmes-one/glibc-2.34/build/iconvdata/IBM1145.so.dynsym: OK
/home/mritunjya/rooms/cryptography/crypto-hack/crackmes-one/glibc-2.34/build/iconvdata/IBM1146.so.dynsym: OK
/home/mritunjya/rooms/cryptography/crypto-hack/crackmes-one/glibc-2.34/build/iconvdata/IBM1147.so.dynsym: OK
/home/mritunjya/rooms/cryptography/crypto-hack/crackmes-one/glibc-2.34/build/iconvdata/IBM1148.so.dynsym: OK
/home/mritunjya/rooms/cryptography/crypto-hack/crackmes-one/glibc-2.34/build/iconvdata/IBM1149.so.dynsym: OK
/home/mritunjya/rooms/cryptography/crypto-hack/crackmes-one/glibc-2.34/build/iconvdata/IBM1153.so.dynsym: OK
/home/mritunjya/rooms/cryptography/crypto-hack/crackmes-one/glibc-2.34/build/iconvdata/IBM1154.so.dynsym: OK
/home/mritunjya/rooms/cryptography/crypto-hack/crackmes-one/glibc-2.34/build/iconvdata/IBM1155.so.dynsym: OK
/home/mritunjya/rooms/cryptography/crypto-hack/crackmes-one/glibc-2.34/build/iconvdata/IBM1156.so.dynsym: OK
/home/mritunjya/rooms/cryptography/crypto-hack/crackmes-one/glibc-2.34/build/iconvdata/IBM1157.so.dynsym: OK
/home/mritunjya/rooms/cryptography/crypto-hack/crackmes-one/glibc-2.34/build/iconvdata/IBM1158.so.dynsym: OK
/home/mritunjya/rooms/cryptography/crypto-hack/crackmes-one/glibc-2.34/build/iconvdata/IBM1160.so.dynsym: OK
/home/mritunjya/rooms/cryptography/crypto-hack/crackmes-one/glibc-2.34/build/iconvdata/IBM1161.so.dynsym: OK
/home/mritunjya/rooms/cryptography/crypto-hack/crackmes-one/glibc-2.34/build/iconvdata/IBM1162.so.dynsym: OK
/home/mritunjya/rooms/cryptography/crypto-hack/crackmes-one/glibc-2.34/build/iconvdata/IBM1163.so.dynsym: OK
/home/mritunjya/rooms/cryptography/crypto-hack/crackmes-one/glibc-2.34/build/iconvdata/IBM1164.so.dynsym: OK
/home/mritunjya/rooms/cryptography/crypto-hack/crackmes-one/glibc-2.34/build/iconvdata/IBM1166.so.dynsym: OK
/home/mritunjya/rooms/cryptography/crypto-hack/crackmes-one/glibc-2.34/build/iconvdata/IBM1167.so.dynsym: OK
/home/mritunjya/rooms/cryptography/crypto-hack/crackmes-one/glibc-2.34/build/iconvdata/IBM12712.so.dynsym: OK
/home/mritunjya/rooms/cryptography/crypto-hack/crackmes-one/glibc-2.34/build/iconvdata/IBM1364.so.dynsym: OK
/home/mritunjya/rooms/cryptography/crypto-hack/crackmes-one/glibc-2.34/build/iconvdata/IBM1371.so.dynsym: OK
/home/mritunjya/rooms/cryptography/crypto-hack/crackmes-one/glibc-2.34/build/iconvdata/IBM1388.so.dynsym: OK
/home/mritunjya/rooms/cryptography/crypto-hack/crackmes-one/glibc-2.34/build/iconvdata/IBM1390.so.dynsym: OK
/home/mritunjya/rooms/cryptography/crypto-hack/crackmes-one/glibc-2.34/build/iconvdata/IBM1399.so.dynsym: OK
/home/mritunjya/rooms/cryptography/crypto-hack/crackmes-one/glibc-2.34/build/iconvdata/IBM16804.so.dynsym: OK
/home/mritunjya/rooms/cryptography/crypto-hack/crackmes-one/glibc-2.34/build/iconvdata/IBM256.so.dynsym: OK
/home/mritunjya/rooms/cryptography/crypto-hack/crackmes-one/glibc-2.34/build/iconvdata/IBM273.so.dynsym: OK
/home/mritunjya/rooms/cryptography/crypto-hack/crackmes-one/glibc-2.34/build/iconvdata/IBM274.so.dynsym: OK
/home/mritunjya/rooms/cryptography/crypto-hack/crackmes-one/glibc-2.34/build/iconvdata/IBM275.so.dynsym: OK
/home/mritunjya/rooms/cryptography/crypto-hack/crackmes-one/glibc-2.34/build/iconvdata/IBM277.so.dynsym: OK
/home/mritunjya/rooms/cryptography/crypto-hack/crackmes-one/glibc-2.34/build/iconvdata/IBM278.so.dynsym: OK
/home/mritunjya/rooms/cryptography/crypto-hack/crackmes-one/glibc-2.34/build/iconvdata/IBM280.so.dynsym: OK
/home/mritunjya/rooms/cryptography/crypto-hack/crackmes-one/glibc-2.34/build/iconvdata/IBM281.so.dynsym: OK
/home/mritunjya/rooms/cryptography/crypto-hack/crackmes-one/glibc-2.34/build/iconvdata/IBM284.so.dynsym: OK
/home/mritunjya/rooms/cryptography/crypto-hack/crackmes-one/glibc-2.34/build/iconvdata/IBM285.so.dynsym: OK
/home/mritunjya/rooms/cryptography/crypto-hack/crackmes-one/glibc-2.34/build/iconvdata/IBM290.so.dynsym: OK
/home/mritunjya/rooms/cryptography/crypto-hack/crackmes-one/glibc-2.34/build/iconvdata/IBM297.so.dynsym: OK
/home/mritunjya/rooms/cryptography/crypto-hack/crackmes-one/glibc-2.34/build/iconvdata/IBM420.so.dynsym: OK
/home/mritunjya/rooms/cryptography/crypto-hack/crackmes-one/glibc-2.34/build/iconvdata/IBM423.so.dynsym: OK
/home/mritunjya/rooms/cryptography/crypto-hack/crackmes-one/glibc-2.34/build/iconvdata/IBM424.so.dynsym: OK
/home/mritunjya/rooms/cryptography/crypto-hack/crackmes-one/glibc-2.34/build/iconvdata/IBM437.so.dynsym: OK
/home/mritunjya/rooms/cryptography/crypto-hack/crackmes-one/glibc-2.34/build/iconvdata/IBM4517.so.dynsym: OK
/home/mritunjya/rooms/cryptography/crypto-hack/crackmes-one/glibc-2.34/build/iconvdata/IBM4899.so.dynsym: OK
/home/mritunjya/rooms/cryptography/crypto-hack/crackmes-one/glibc-2.34/build/iconvdata/IBM4909.so.dynsym: OK
/home/mritunjya/rooms/cryptography/crypto-hack/crackmes-one/glibc-2.34/build/iconvdata/IBM4971.so.dynsym: OK
/home/mritunjya/rooms/cryptography/crypto-hack/crackmes-one/glibc-2.34/build/iconvdata/IBM500.so.dynsym: OK
/home/mritunjya/rooms/cryptography/crypto-hack/crackmes-one/glibc-2.34/build/iconvdata/IBM5347.so.dynsym: OK
/home/mritunjya/rooms/cryptography/crypto-hack/crackmes-one/glibc-2.34/build/iconvdata/IBM803.so.dynsym: OK
/home/mritunjya/rooms/cryptography/crypto-hack/crackmes-one/glibc-2.34/build/iconvdata/IBM850.so.dynsym: OK
/home/mritunjya/rooms/cryptography/crypto-hack/crackmes-one/glibc-2.34/build/iconvdata/IBM851.so.dynsym: OK
/home/mritunjya/rooms/cryptography/crypto-hack/crackmes-one/glibc-2.34/build/iconvdata/IBM852.so.dynsym: OK
/home/mritunjya/rooms/cryptography/crypto-hack/crackmes-one/glibc-2.34/build/iconvdata/IBM855.so.dynsym: OK
/home/mritunjya/rooms/cryptography/crypto-hack/crackmes-one/glibc-2.34/build/iconvdata/IBM856.so.dynsym: OK
/home/mritunjya/rooms/cryptography/crypto-hack/crackmes-one/glibc-2.34/build/iconvdata/IBM857.so.dynsym: OK
/home/mritunjya/rooms/cryptography/crypto-hack/crackmes-one/glibc-2.34/build/iconvdata/IBM858.so.dynsym: OK
/home/mritunjya/rooms/cryptography/crypto-hack/crackmes-one/glibc-2.34/build/iconvdata/IBM860.so.dynsym: OK
/home/mritunjya/rooms/cryptography/crypto-hack/crackmes-one/glibc-2.34/build/iconvdata/IBM861.so.dynsym: OK
/home/mritunjya/rooms/cryptography/crypto-hack/crackmes-one/glibc-2.34/build/iconvdata/IBM862.so.dynsym: OK
/home/mritunjya/rooms/cryptography/crypto-hack/crackmes-one/glibc-2.34/build/iconvdata/IBM863.so.dynsym: OK
/home/mritunjya/rooms/cryptography/crypto-hack/crackmes-one/glibc-2.34/build/iconvdata/IBM864.so.dynsym: OK
/home/mritunjya/rooms/cryptography/crypto-hack/crackmes-one/glibc-2.34/build/iconvdata/IBM865.so.dynsym: OK
/home/mritunjya/rooms/cryptography/crypto-hack/crackmes-one/glibc-2.34/build/iconvdata/IBM866.so.dynsym: OK
/home/mritunjya/rooms/cryptography/crypto-hack/crackmes-one/glibc-2.34/build/iconvdata/IBM866NAV.so.dynsym: OK
/home/mritunjya/rooms/cryptography/crypto-hack/crackmes-one/glibc-2.34/build/iconvdata/IBM868.so.dynsym: OK
/home/mritunjya/rooms/cryptography/crypto-hack/crackmes-one/glibc-2.34/build/iconvdata/IBM869.so.dynsym: OK
/home/mritunjya/rooms/cryptography/crypto-hack/crackmes-one/glibc-2.34/build/iconvdata/IBM870.so.dynsym: OK
/home/mritunjya/rooms/cryptography/crypto-hack/crackmes-one/glibc-2.34/build/iconvdata/IBM871.so.dynsym: OK
/home/mritunjya/rooms/cryptography/crypto-hack/crackmes-one/glibc-2.34/build/iconvdata/IBM874.so.dynsym: OK
/home/mritunjya/rooms/cryptography/crypto-hack/crackmes-one/glibc-2.34/build/iconvdata/IBM875.so.dynsym: OK
/home/mritunjya/rooms/cryptography/crypto-hack/crackmes-one/glibc-2.34/build/iconvdata/IBM880.so.dynsym: OK
/home/mritunjya/rooms/cryptography/crypto-hack/crackmes-one/glibc-2.34/build/iconvdata/IBM891.so.dynsym: OK
/home/mritunjya/rooms/cryptography/crypto-hack/crackmes-one/glibc-2.34/build/iconvdata/IBM901.so.dynsym: OK
/home/mritunjya/rooms/cryptography/crypto-hack/crackmes-one/glibc-2.34/build/iconvdata/IBM902.so.dynsym: OK
/home/mritunjya/rooms/cryptography/crypto-hack/crackmes-one/glibc-2.34/build/iconvdata/IBM903.so.dynsym: OK
/home/mritunjya/rooms/cryptography/crypto-hack/crackmes-one/glibc-2.34/build/iconvdata/IBM9030.so.dynsym: OK
/home/mritunjya/rooms/cryptography/crypto-hack/crackmes-one/glibc-2.34/build/iconvdata/IBM904.so.dynsym: OK
/home/mritunjya/rooms/cryptography/crypto-hack/crackmes-one/glibc-2.34/build/iconvdata/IBM905.so.dynsym: OK
/home/mritunjya/rooms/cryptography/crypto-hack/crackmes-one/glibc-2.34/build/iconvdata/IBM9066.so.dynsym: OK
/home/mritunjya/rooms/cryptography/crypto-hack/crackmes-one/glibc-2.34/build/iconvdata/IBM918.so.dynsym: OK
/home/mritunjya/rooms/cryptography/crypto-hack/crackmes-one/glibc-2.34/build/iconvdata/IBM921.so.dynsym: OK
/home/mritunjya/rooms/cryptography/crypto-hack/crackmes-one/glibc-2.34/build/iconvdata/IBM922.so.dynsym: OK
/home/mritunjya/rooms/cryptography/crypto-hack/crackmes-one/glibc-2.34/build/iconvdata/IBM930.so.dynsym: OK
/home/mritunjya/rooms/cryptography/crypto-hack/crackmes-one/glibc-2.34/build/iconvdata/IBM932.so.dynsym: OK
/home/mritunjya/rooms/cryptography/crypto-hack/crackmes-one/glibc-2.34/build/iconvdata/IBM933.so.dynsym: OK
/home/mritunjya/rooms/cryptography/crypto-hack/crackmes-one/glibc-2.34/build/iconvdata/IBM935.so.dynsym: OK
/home/mritunjya/rooms/cryptography/crypto-hack/crackmes-one/glibc-2.34/build/iconvdata/IBM937.so.dynsym: OK
/home/mritunjya/rooms/cryptography/crypto-hack/crackmes-one/glibc-2.34/build/iconvdata/IBM939.so.dynsym: OK
/home/mritunjya/rooms/cryptography/crypto-hack/crackmes-one/glibc-2.34/build/iconvdata/IBM943.so.dynsym: OK
/home/mritunjya/rooms/cryptography/crypto-hack/crackmes-one/glibc-2.34/build/iconvdata/IBM9448.so.dynsym: OK
/home/mritunjya/rooms/cryptography/crypto-hack/crackmes-one/glibc-2.34/build/iconvdata/IEC_P27-1.so.dynsym: OK
/home/mritunjya/rooms/cryptography/crypto-hack/crackmes-one/glibc-2.34/build/iconvdata/INIS-8.so.dynsym: OK
/home/mritunjya/rooms/cryptography/crypto-hack/crackmes-one/glibc-2.34/build/iconvdata/INIS-CYRILLIC.so.dynsym: OK
/home/mritunjya/rooms/cryptography/crypto-hack/crackmes-one/glibc-2.34/build/iconvdata/INIS.so.dynsym: OK
/home/mritunjya/rooms/cryptography/crypto-hack/crackmes-one/glibc-2.34/build/iconvdata/ISIRI-3342.so.dynsym: OK
/home/mritunjya/rooms/cryptography/crypto-hack/crackmes-one/glibc-2.34/build/iconvdata/ISO-2022-CN-EXT.so.dynsym: OK
/home/mritunjya/rooms/cryptography/crypto-hack/crackmes-one/glibc-2.34/build/iconvdata/ISO-2022-CN.so.dynsym: OK
/home/mritunjya/rooms/cryptography/crypto-hack/crackmes-one/glibc-2.34/build/iconvdata/ISO-2022-JP-3.so.dynsym: OK
/home/mritunjya/rooms/cryptography/crypto-hack/crackmes-one/glibc-2.34/build/iconvdata/ISO-2022-JP.so.dynsym: OK
/home/mritunjya/rooms/cryptography/crypto-hack/crackmes-one/glibc-2.34/build/iconvdata/ISO-2022-KR.so.dynsym: OK
/home/mritunjya/rooms/cryptography/crypto-hack/crackmes-one/glibc-2.34/build/iconvdata/ISO-IR-197.so.dynsym: OK
/home/mritunjya/rooms/cryptography/crypto-hack/crackmes-one/glibc-2.34/build/iconvdata/ISO-IR-209.so.dynsym: OK
/home/mritunjya/rooms/cryptography/crypto-hack/crackmes-one/glibc-2.34/build/iconvdata/ISO646.so.dynsym: OK
/home/mritunjya/rooms/cryptography/crypto-hack/crackmes-one/glibc-2.34/build/iconvdata/ISO8859-1.so.dynsym: OK
/home/mritunjya/rooms/cryptography/crypto-hack/crackmes-one/glibc-2.34/build/iconvdata/ISO8859-10.so.dynsym: OK
/home/mritunjya/rooms/cryptography/crypto-hack/crackmes-one/glibc-2.34/build/iconvdata/ISO8859-11.so.dynsym: OK
/home/mritunjya/rooms/cryptography/crypto-hack/crackmes-one/glibc-2.34/build/iconvdata/ISO8859-13.so.dynsym: OK
/home/mritunjya/rooms/cryptography/crypto-hack/crackmes-one/glibc-2.34/build/iconvdata/ISO8859-14.so.dynsym: OK
/home/mritunjya/rooms/cryptography/crypto-hack/crackmes-one/glibc-2.34/build/iconvdata/ISO8859-15.so.dynsym: OK
/home/mritunjya/rooms/cryptography/crypto-hack/crackmes-one/glibc-2.34/build/iconvdata/ISO8859-16.so.dynsym: OK
/home/mritunjya/rooms/cryptography/crypto-hack/crackmes-one/glibc-2.34/build/iconvdata/ISO8859-2.so.dynsym: OK
/home/mritunjya/rooms/cryptography/crypto-hack/crackmes-one/glibc-2.34/build/iconvdata/ISO8859-3.so.dynsym: OK
/home/mritunjya/rooms/cryptography/crypto-hack/crackmes-one/glibc-2.34/build/iconvdata/ISO8859-4.so.dynsym: OK
/home/mritunjya/rooms/cryptography/crypto-hack/crackmes-one/glibc-2.34/build/iconvdata/ISO8859-5.so.dynsym: OK
/home/mritunjya/rooms/cryptography/crypto-hack/crackmes-one/glibc-2.34/build/iconvdata/ISO8859-6.so.dynsym: OK
/home/mritunjya/rooms/cryptography/crypto-hack/crackmes-one/glibc-2.34/build/iconvdata/ISO8859-7.so.dynsym: OK
/home/mritunjya/rooms/cryptography/crypto-hack/crackmes-one/glibc-2.34/build/iconvdata/ISO8859-8.so.dynsym: OK
/home/mritunjya/rooms/cryptography/crypto-hack/crackmes-one/glibc-2.34/build/iconvdata/ISO8859-9.so.dynsym: OK
/home/mritunjya/rooms/cryptography/crypto-hack/crackmes-one/glibc-2.34/build/iconvdata/ISO8859-9E.so.dynsym: OK
/home/mritunjya/rooms/cryptography/crypto-hack/crackmes-one/glibc-2.34/build/iconvdata/ISO_10367-BOX.so.dynsym: OK
/home/mritunjya/rooms/cryptography/crypto-hack/crackmes-one/glibc-2.34/build/iconvdata/ISO_11548-1.so.dynsym: OK
/home/mritunjya/rooms/cryptography/crypto-hack/crackmes-one/glibc-2.34/build/iconvdata/ISO_2033.so.dynsym: OK
/home/mritunjya/rooms/cryptography/crypto-hack/crackmes-one/glibc-2.34/build/iconvdata/ISO_5427-EXT.so.dynsym: OK
/home/mritunjya/rooms/cryptography/crypto-hack/crackmes-one/glibc-2.34/build/iconvdata/ISO_5427.so.dynsym: OK
/home/mritunjya/rooms/cryptography/crypto-hack/crackmes-one/glibc-2.34/build/iconvdata/ISO_5428.so.dynsym: OK
/home/mritunjya/rooms/cryptography/crypto-hack/crackmes-one/glibc-2.34/build/iconvdata/ISO_6937-2.so.dynsym: OK
/home/mritunjya/rooms/cryptography/crypto-hack/crackmes-one/glibc-2.34/build/iconvdata/ISO_6937.so.dynsym: OK
/home/mritunjya/rooms/cryptography/crypto-hack/crackmes-one/glibc-2.34/build/iconvdata/JOHAB.so.dynsym: OK
/home/mritunjya/rooms/cryptography/crypto-hack/crackmes-one/glibc-2.34/build/iconvdata/KOI-8.so.dynsym: OK
/home/mritunjya/rooms/cryptography/crypto-hack/crackmes-one/glibc-2.34/build/iconvdata/KOI8-R.so.dynsym: OK
/home/mritunjya/rooms/cryptography/crypto-hack/crackmes-one/glibc-2.34/build/iconvdata/KOI8-RU.so.dynsym: OK
/home/mritunjya/rooms/cryptography/crypto-hack/crackmes-one/glibc-2.34/build/iconvdata/KOI8-T.so.dynsym: OK
/home/mritunjya/rooms/cryptography/crypto-hack/crackmes-one/glibc-2.34/build/iconvdata/KOI8-U.so.dynsym: OK
/home/mritunjya/rooms/cryptography/crypto-hack/crackmes-one/glibc-2.34/build/iconvdata/LATIN-GREEK-1.so.dynsym: OK
/home/mritunjya/rooms/cryptography/crypto-hack/crackmes-one/glibc-2.34/build/iconvdata/LATIN-GREEK.so.dynsym: OK
/home/mritunjya/rooms/cryptography/crypto-hack/crackmes-one/glibc-2.34/build/iconvdata/MAC-CENTRALEUROPE.so.dynsym: OK
/home/mritunjya/rooms/cryptography/crypto-hack/crackmes-one/glibc-2.34/build/iconvdata/MAC-IS.so.dynsym: OK
/home/mritunjya/rooms/cryptography/crypto-hack/crackmes-one/glibc-2.34/build/iconvdata/MAC-SAMI.so.dynsym: OK
/home/mritunjya/rooms/cryptography/crypto-hack/crackmes-one/glibc-2.34/build/iconvdata/MAC-UK.so.dynsym: OK
/home/mritunjya/rooms/cryptography/crypto-hack/crackmes-one/glibc-2.34/build/iconvdata/MACINTOSH.so.dynsym: OK
/home/mritunjya/rooms/cryptography/crypto-hack/crackmes-one/glibc-2.34/build/iconvdata/MIK.so.dynsym: OK
/home/mritunjya/rooms/cryptography/crypto-hack/crackmes-one/glibc-2.34/build/iconvdata/NATS-DANO.so.dynsym: OK
/home/mritunjya/rooms/cryptography/crypto-hack/crackmes-one/glibc-2.34/build/iconvdata/NATS-SEFI.so.dynsym: OK
/home/mritunjya/rooms/cryptography/crypto-hack/crackmes-one/glibc-2.34/build/iconvdata/PT154.so.dynsym: OK
/home/mritunjya/rooms/cryptography/crypto-hack/crackmes-one/glibc-2.34/build/iconvdata/RK1048.so.dynsym: OK
/home/mritunjya/rooms/cryptography/crypto-hack/crackmes-one/glibc-2.34/build/iconvdata/SAMI-WS2.so.dynsym: OK
/home/mritunjya/rooms/cryptography/crypto-hack/crackmes-one/glibc-2.34/build/iconvdata/SHIFT_JISX0213.so.dynsym: OK
/home/mritunjya/rooms/cryptography/crypto-hack/crackmes-one/glibc-2.34/build/iconvdata/SJIS.so.dynsym: OK
/home/mritunjya/rooms/cryptography/crypto-hack/crackmes-one/glibc-2.34/build/iconvdata/T.61.so.dynsym: OK
/home/mritunjya/rooms/cryptography/crypto-hack/crackmes-one/glibc-2.34/build/iconvdata/TCVN5712-1.so.dynsym: OK
/home/mritunjya/rooms/cryptography/crypto-hack/crackmes-one/glibc-2.34/build/iconvdata/TIS-620.so.dynsym: OK
/home/mritunjya/rooms/cryptography/crypto-hack/crackmes-one/glibc-2.34/build/iconvdata/TSCII.so.dynsym: OK
/home/mritunjya/rooms/cryptography/crypto-hack/crackmes-one/glibc-2.34/build/iconvdata/UHC.so.dynsym: OK
/home/mritunjya/rooms/cryptography/crypto-hack/crackmes-one/glibc-2.34/build/iconvdata/UNICODE.so.dynsym: OK
/home/mritunjya/rooms/cryptography/crypto-hack/crackmes-one/glibc-2.34/build/iconvdata/UTF-16.so.dynsym: OK
/home/mritunjya/rooms/cryptography/crypto-hack/crackmes-one/glibc-2.34/build/iconvdata/UTF-32.so.dynsym: OK
/home/mritunjya/rooms/cryptography/crypto-hack/crackmes-one/glibc-2.34/build/iconvdata/UTF-7.so.dynsym: OK
/home/mritunjya/rooms/cryptography/crypto-hack/crackmes-one/glibc-2.34/build/iconvdata/VISCII.so.dynsym: OK
/home/mritunjya/rooms/cryptography/crypto-hack/crackmes-one/glibc-2.34/build/iconvdata/libCNS.so.dynsym: OK
/home/mritunjya/rooms/cryptography/crypto-hack/crackmes-one/glibc-2.34/build/iconvdata/libGB.so.dynsym: OK
/home/mritunjya/rooms/cryptography/crypto-hack/crackmes-one/glibc-2.34/build/iconvdata/libISOIR165.so.dynsym: OK
/home/mritunjya/rooms/cryptography/crypto-hack/crackmes-one/glibc-2.34/build/iconvdata/libJIS.so.dynsym: OK
/home/mritunjya/rooms/cryptography/crypto-hack/crackmes-one/glibc-2.34/build/iconvdata/libJISX0213.so.dynsym: OK
/home/mritunjya/rooms/cryptography/crypto-hack/crackmes-one/glibc-2.34/build/iconvdata/libKSC.so.dynsym: OK
/home/mritunjya/rooms/cryptography/crypto-hack/crackmes-one/glibc-2.34/build/locale/libBrokenLocale.so.dynsym: OK
/home/mritunjya/rooms/cryptography/crypto-hack/crackmes-one/glibc-2.34/build/login/libutil.so.dynsym: OK
/home/mritunjya/rooms/cryptography/crypto-hack/crackmes-one/glibc-2.34/build/malloc/libc_malloc_debug.so.dynsym: OK
/home/mritunjya/rooms/cryptography/crypto-hack/crackmes-one/glibc-2.34/build/malloc/libmemusage.so.dynsym: OK
/home/mritunjya/rooms/cryptography/crypto-hack/crackmes-one/glibc-2.34/build/math/libm.so.dynsym: OK
/home/mritunjya/rooms/cryptography/crypto-hack/crackmes-one/glibc-2.34/build/mathvec/libmvec.so.dynsym: OK
/home/mritunjya/rooms/cryptography/crypto-hack/crackmes-one/glibc-2.34/build/nis/libnsl.so.dynsym: OK
/home/mritunjya/rooms/cryptography/crypto-hack/crackmes-one/glibc-2.34/build/nptl/libpthread.so.dynsym: OK
/home/mritunjya/rooms/cryptography/crypto-hack/crackmes-one/glibc-2.34/build/nptl_db/libthread_db.so.dynsym: OK
/home/mritunjya/rooms/cryptography/crypto-hack/crackmes-one/glibc-2.34/build/nss/libnss_compat.so.dynsym: OK
/home/mritunjya/rooms/cryptography/crypto-hack/crackmes-one/glibc-2.34/build/nss/libnss_db.so.dynsym: OK
/home/mritunjya/rooms/cryptography/crypto-hack/crackmes-one/glibc-2.34/build/nss/libnss_files.so.dynsym: OK
/home/mritunjya/rooms/cryptography/crypto-hack/crackmes-one/glibc-2.34/build/nss/libnss_test1.so.dynsym: OK
/home/mritunjya/rooms/cryptography/crypto-hack/crackmes-one/glibc-2.34/build/nss/libnss_test2.so.dynsym: OK
/home/mritunjya/rooms/cryptography/crypto-hack/crackmes-one/glibc-2.34/build/resolv/libanl.so.dynsym: OK
/home/mritunjya/rooms/cryptography/crypto-hack/crackmes-one/glibc-2.34/build/resolv/libnss_dns.so.dynsym: OK
/home/mritunjya/rooms/cryptography/crypto-hack/crackmes-one/glibc-2.34/build/resolv/libresolv.so.dynsym: OK
/home/mritunjya/rooms/cryptography/crypto-hack/crackmes-one/glibc-2.34/build/rt/librt.so.dynsym: OK
