CPU features:
  SSE3
  PCLMULQDQ
  DTES64
  MONITOR
  DS_CPL
  VMX
  EIST
  TM2
  SSSE3
  SDBG
  FMA
  CMPXCHG16B
  XTPRUPDCTRL
  PDCM
  PCID
  SSE4_1
  SSE4_2
  X2APIC
  MOVBE
  POPCNT
  TSC_DEADLINE
  AES
  XSAVE
  OSXSAVE
  AVX
  F16C
  RDRAND
  FPU
  VME
  DE
  PSE
  TSC
  MSR
  PAE
  MCE
  CX8
  APIC
  SEP
  MTRR
  PGE
  MCA
  CMOV
  PAT
  PSE_36
  CLFSH
  DS
  ACPI
  MMX
  FXSR
  SSE
  SSE2
  SS
  HTT
  TM
  PBE
  FSGSBASE
  TSC_ADJUST
  SGX
  BMI1
  AVX2
  SMEP
  BMI2
  ERMS
  INVPCID
  DEPR_FPU_CS_DS
  MPX
  RDSEED
  ADX
  SMAP
  CLFLUSHOPT
  TRACE
  SGX_LC
  MD_CLEAR
  RTM_ALWAYS_ABORT
  IBRS_IBPB
  STIBP
  L1D_FLUSH
  ARCH_CAPABILITIES
  SSBD
  LAHF64_SAHF64
  LZCNT
  PREFETCHW
  SYSCALL_SYSRET
  NX
  PAGE1GB
  RDTSCP
  LM
  XSAVEOPT
  XSAVEC
  XGETBV_ECX_1
  XSAVES
  INVARIANT_TSC
Possible CPU features:
  SSE3
  PCLMULQDQ
  SSSE3
  FMA
  CMPXCHG16B
  SSE4_1
  SSE4_2
  MOVBE
  POPCNT
  AES
  XSAVE
  OSXSAVE
  AVX
  F16C
  RDRAND
  TSC
  CX8
  CMOV
  CLFSH
  MMX
  FXSR
  SSE
  SSE2
  HTT
  BMI1
  AVX2
  BMI2
  ERMS
  RDSEED
  ADX
  CLFLUSHOPT
  RTM_ALWAYS_ABORT
  LAHF64_SAHF64
  LZCNT
  PREFETCHW
  RDTSCP
  XSAVEOPT
  XSAVEC
  XGETBV_ECX_1
