lookup 0x00007ffeae5fb000 0xffffffffffff4ef0 -> 0x00007ffeae5fb000 0x0000000000000a10 /0 __vdso_clock_gettime
lookup 0x00007ffeae5fb000 0xffffffffffff4ef0 -> 0x00007ffeae5fb000 0x0000000000000690 /0 __vdso_gettimeofday
lookup 0x00007ffeae5fb000 0xffffffffffff4ef0 -> 0x00007ffeae5fb000 0x00000000000009e0 /0 __vdso_time
lookup 0x00007ffeae5fb000 0xffffffffffff4ef0 -> 0x00007ffeae5fb000 0x0000000000000e90 /0 __vdso_getcpu
lookup 0x00007ffeae5fb000 0xffffffffffff4ef0 -> 0x00007ffeae5fb000 0x0000000000000e30 /0 __vdso_clock_getres
	/home/mritunjya/rooms/cryptography/crypto-hack/crackmes-one/glibc-2.34/build/elf/tst-prelink => /home/mritunjya/rooms/cryptography/crypto-hack/crackmes-one/glibc-2.34/build/elf/tst-prelink (0x0000000000400000, 0x0000000000000000)
	libc.so.6 => /home/mritunjya/rooms/cryptography/crypto-hack/crackmes-one/glibc-2.34/build/libc.so.6 (0x00007fba1402b000, 0x00007fba1402b000) TLS(0x1, 0x0000000000000090)
	/home/mritunjya/rooms/cryptography/crypto-hack/crackmes-one/lib/ld-linux-x86-64.so.2 => /home/mritunjya/rooms/cryptography/crypto-hack/crackmes-one/glibc-2.34/build/elf/ld-linux-x86-64.so.2 (0x00007fba14230000, 0x00007fba14230000)
lookup 0x00007fba1402b000 0x00000000000131f8 -> 0x00007fba1402b000 0x00000000001fd000 /0 _res
lookup 0x00007fba1402b000 0x000000000000ad80 -> 0x00007fba1402b000 0x00000000002025a0 /0 svc_max_pollfd
lookup 0x00007fba1402b000 0x00000000000109d8 -> 0x00007fba1402b000 0x00000000001f44f8 /0 obstack_alloc_failed_handler
lookup 0x00007fba1402b000 0x0000000000014410 -> 0x00007fba1402b000 0x00000000001f37f0 /0 __ctype_toupper
lookup 0x00007fba1402b000 0x0000000000019f60 -> 0x00007fba1402b000 0x00000000001fc170 /0 loc1
lookup 0x00007fba1402b000 0x00000000000089f8 -> 0x00007fba14230000 0x0000000000030c20 /0 _dl_argv
lookup 0x00007fba1402b000 0x0000000000018658 -> 0x00007fba1402b000 0x00000000001fc178 /0 __libc_single_threaded
lookup 0x00007fba1402b000 0x0000000000011368 -> 0x00007fba1402b000 0x000000000009b010 /0 free
lookup 0x00007fba1402b000 0x0000000000018d00 -> 0x00007fba1402b000 0x00000000001fbdc0 /0 re_syntax_options
lookup 0x00007fba1402b000 0x00000000000175f0 -> 0x00007fba1402b000 0x00000000002025c0 /0 rpc_createerr
conflict 0x00007fba1402b000 0x0000000000010de0 -> 0x0000000000400000 0x0000000000407170 x 0x00007fba1402b000 0x00000000001f4848 /0 stdout
lookup 0x00007fba1402b000 0x0000000000008d58 -> 0x00007fba1402b000 0x00000000001f37e0 /0 __ctype32_toupper
lookup 0x00007fba1402b000 0x0000000000014ef0 -> 0x00007fba1402b000 0x00000000001f33f0 /0 opterr
lookup 0x00007fba1402b000 0x000000000000a678 -> 0x00007fba1402b000 0x00000000001fb4a0 /0 getdate_err
lookup 0x00007fba1402b000 0x000000000000b230 -> 0x00007fba1402b000 0x00000000001fbed8 /0 __curbrk
lookup 0x00007fba1402b000 0x0000000000019ff0 -> 0x00007fba1402b000 0x00000000001fc168 /0 loc2
lookup 0x00007fba1402b000 0x000000000000abe8 -> 0x00007fba1402b000 0x00000000001f4518 /0 program_invocation_name
lookup 0x00007fba1402b000 0x0000000000012850 -> 0x00007fba1402b000 0x00000000001f31c0 /0 __fpu_control
lookup 0x00007fba1402b000 0x0000000000008a28 -> 0x00007fba14230000 0x0000000000031e38 /0 __libc_enable_secure
lookup 0x00007fba1402b000 0x0000000000013c78 -> 0x00007fba1402b000 0x00000000001f4680 /0 _IO_2_1_stderr_
lookup 0x00007fba1402b000 0x0000000000013c78 -> 0x00007fba1402b000 0x00000000001f4680 /0 _IO_2_1_stderr_
lookup 0x00007fba1402b000 0x0000000000017de8 -> 0x00007fba1402b000 0x00000000001fcb38 /0 __rcmd_errstr
lookup 0x00007fba1402b000 0x0000000000012a78 -> 0x00007fba1402b000 0x00000000001f3808 /0 __ctype_b
lookup 0x00007fba1402b000 0x0000000000015808 -> 0x00007fba1402b000 0x00000000001fc148 /0 error_print_progname
lookup 0x00007fba1402b000 0x0000000000015b80 -> 0x00007fba1402b000 0x00000000001f4840 /0 stderr
lookup 0x00007fba1402b000 0x00000000000094c0 -> 0x00007fba1402b000 0x00000000001f33b0 /0 obstack_exit_failure
lookup 0x00007fba1402b000 0x0000000000008a70 -> 0x00007fba14230000 0x0000000000031e30 /0 __libc_stack_end
lookup 0x00007fba1402b000 0x0000000000018f10 -> 0x00007fba1402b000 0x0000000000202720 /0 __key_encryptsession_pk_LOCAL
lookup 0x00007fba1402b000 0x0000000000008a88 -> 0x00007fba14230000 0x0000000000030c40 /0 _rtld_global_ro
lookup 0x00007fba1402b000 0x0000000000016cd8 -> 0x00007fba1402b000 0x00000000001fc6c0 /0 argp_program_version
lookup 0x00007fba1402b000 0x000000000000e128 -> 0x00007fba1402b000 0x0000000000202680 /0 svcauthdes_stats
lookup 0x00007fba1402b000 0x0000000000009c70 -> 0x00007fba1402b000 0x00000000001f34c8 /0 __check_rhosts_file
lookup 0x00007fba1402b000 0x00000000000173c8 -> 0x00007fba1402b000 0x00000000001f33f4 /0 optind
lookup 0x00007fba1402b000 0x00000000000160a8 -> 0x00007fba1402b000 0x00000000001f3a80 /0 _IO_2_1_stdin_
lookup 0x00007fba1402b000 0x00000000000160a8 -> 0x00007fba1402b000 0x00000000001f3a80 /0 _IO_2_1_stdin_
lookup 0x00007fba1402b000 0x0000000000013870 -> 0x00007fba1402b000 0x00000000001f4510 /0 program_invocation_short_name
lookup 0x00007fba1402b000 0x0000000000008d88 -> 0x00007fba1402b000 0x00000000001f37e8 /0 __ctype32_tolower
lookup 0x00007fba1402b000 0x0000000000019630 -> 0x00007fba1402b000 0x00000000001fc144 /0 error_message_count
lookup 0x00007fba1402b000 0x000000000000dab0 -> 0x00007fba1402b000 0x00000000001f33ec /0 optopt
lookup 0x00007fba1402b000 0x0000000000012dc0 -> 0x00007fba1402b000 0x00000000001f3800 /0 __ctype32_b
lookup 0x00007fba1402b000 0x00000000000162d0 -> 0x00007fba1402b000 0x00000000001f5a60 /0 _nl_msg_cat_cntr
lookup 0x00007fba1402b000 0x000000000000d2b8 -> 0x00007fba1402b000 0x00000000001fb3a8 /0 __daylight
lookup 0x00007fba1402b000 0x000000000000b8a8 -> 0x00007fba1402b000 0x00000000001f5998 /0 _nl_domain_bindings
lookup 0x00007fba1402b000 0x000000000000eb00 -> 0x00007fba1402b000 0x00000000001fc6b0 /0 argp_program_bug_address
lookup 0x00007fba1402b000 0x000000000000ab28 -> 0x00007fba1402b000 0x000000000005d930 /0 _IO_funlockfile
lookup 0x00007fba1402b000 0x000000000001a140 -> 0x00007fba1402b000 0x00000000002025e0 /0 svc_fdset
lookup 0x00007fba1402b000 0x0000000000010648 -> 0x00007fba1402b000 0x0000000000000040 /4 __libc_dlerror_result
lookup 0x00007fba1402b000 0x00000000000146f8 -> 0x00007fba1402b000 0x00000000001f4850 /0 stdin
lookup 0x00007fba1402b000 0x0000000000016ee8 -> 0x00007fba1402b000 0x00000000001fb3a0 /0 __timezone
lookup 0x00007fba1402b000 0x0000000000014470 -> 0x00007fba1402b000 0x00000000001f37f8 /0 __ctype_tolower
lookup 0x00007fba1402b000 0x000000000000c388 -> 0x00007fba1402b000 0x00000000001f4760 /0 _IO_2_1_stdout_
lookup 0x00007fba1402b000 0x000000000000c388 -> 0x00007fba1402b000 0x00000000001f4760 /0 _IO_2_1_stdout_
lookup 0x00007fba1402b000 0x0000000000010618 -> 0x00007fba1402b000 0x00000000001f4500 /0 __tzname
lookup 0x00007fba1402b000 0x0000000000012508 -> 0x00007fba1402b000 0x00000000001fc140 /0 error_one_per_line
lookup 0x00007fba1402b000 0x00000000000101b0 -> 0x00007fba1402b000 0x00000000001fcfa0 /0 _res_hconf
lookup 0x00007fba1402b000 0x0000000000016b88 -> 0x00007fba1402b000 0x0000000000202718 /0 __key_decryptsession_pk_LOCAL
lookup 0x00007fba1402b000 0x0000000000008b18 -> 0x00007fba14230000 0x0000000000032040 /0 _rtld_global
lookup 0x00007fba1402b000 0x0000000000008b18 -> 0x00007fba14230000 0x0000000000032040 /0 _rtld_global
lookup 0x00007fba1402b000 0x0000000000009aa8 -> 0x00007fba1402b000 0x00000000001f4510 /0 __progname
lookup 0x00007fba1402b000 0x0000000000017bd8 -> 0x00007fba1402b000 0x00000000001f22c0 /0 h_errlist
lookup 0x00007fba1402b000 0x000000000000cd48 -> 0x00007fba1402b000 0x00000000001fbec0 /0 __environ
lookup 0x00007fba1402b000 0x000000000000e020 -> 0x00007fba1402b000 0x00000000001f34c4 /0 argp_err_exit_status
lookup 0x00007fba1402b000 0x0000000000012370 -> 0x00007fba1402b000 0x00000000002025a8 /0 svc_pollfd
lookup 0x00007fba1402b000 0x000000000000bda0 -> 0x00007fba1402b000 0x00000000001f4518 /0 __progname_full
lookup 0x00007fba1402b000 0x000000000000b848 -> 0x00007fba1402b000 0x00000000001fc6c8 /0 argp_program_version_hook
lookup 0x00007fba1402b000 0x0000000000010270 -> 0x00007fba1402b000 0x00000000001fbe20 /0 optarg
lookup 0x00007fba1402b000 0x000000000000acf0 -> 0x00007fba1402b000 0x000000000009aac0 /0 malloc
lookup 0x0000000000400000 0x0000000000000748 -> 0x00007fba1402b000 0x000000000002d560 /0 __libc_start_main
lookup 0x0000000000400000 0x0000000000000bc8 -> 0x0000000000400000 0x0000000000407170 /0 stdout
lookup 0x0000000000400000 0x0000000000000bb0 -> 0x00007fba1402b000 0x000000000009c160 /0 mallopt
lookup 0x0000000000400000 0x0000000000000838 -> 0x00007fba1402b000 0x00000000001f33f4 /0 optind
lookup 0x0000000000400000 0x0000000000000940 -> 0x00007fba1402b000 0x00000000001fbe20 /0 optarg
lookup 0x0000000000400000 0x0000000000000b50 -> 0x00007fba1402b000 0x00000000001f4510 /0 program_invocation_short_name
lookup 0x0000000000400000 0x0000000000000be0 -> 0x00007fba1402b000 0x0000000000044200 /0 __cxa_finalize
lookup 0x0000000000400000 0x0000000000000b98 -> 0x00007fba1402b000 0x00000000001f4840 /0 stderr
lookup 0x0000000000400000 0x0000000000000bc8 -> 0x00007fba1402b000 0x00000000001f4848 /2 stdout
lookup 0x00007fba14230000 0x00000000000005a0 -> 0x00007fba14230000 0x0000000000033100 /0 _r_debug
conflict 0x00007fba14230000 0x0000000000000528 -> 0x00007fba1402b000 0x00000000001531d0 x 0x00007fba14230000 0x000000000001e010 /1 _dl_catch_exception
conflict 0x00007fba14230000 0x00000000000004c8 -> 0x00007fba1402b000 0x0000000000153130 x 0x00007fba14230000 0x000000000001de60 /1 _dl_signal_exception
conflict 0x00007fba14230000 0x00000000000006c0 -> 0x00007fba1402b000 0x0000000000153180 x 0x00007fba14230000 0x000000000001deb0 /1 _dl_signal_error
conflict 0x00007fba14230000 0x0000000000000558 -> 0x00007fba1402b000 0x00000000001532c0 x 0x00007fba14230000 0x000000000001e100 /1 _dl_catch_error
