round 1
round 2
round 3
round 4
round 5
round 6
round 7
round 8
round 9
round 10
round 11
round 12
round 13
round 14
round 15
round 16
round 17
round 18
round 19
round 20
round 21
round 22
round 23
round 24
round 25
round 26
round 27
round 28
round 29
round 30
round 31
round 32
round 33
round 34
round 35
round 36
round 37
round 38
round 39
round 40
round 41
round 42
round 43
round 44
round 45
round 46
round 47
round 48
round 49
round 50
round 51
round 52
round 53
round 54
round 55
round 56
round 57
round 58
round 59
round 60
round 61
round 62
round 63
round 64
round 65
round 66
round 67
round 68
round 69
round 70
round 71
round 72
round 73
round 74
round 75
round 76
round 77
round 78
round 79
round 80
round 81
round 82
round 83
round 84
round 85
round 86
round 87
round 88
round 89
round 90
round 91
round 92
round 93
round 94
round 95
round 96
round 97
round 98
round 99
round 100
round 101
round 102
round 103
round 104
round 105
round 106
round 107
round 108
round 109
round 110
round 111
round 112
round 113
round 114
round 115
round 116
round 117
round 118
round 119
round 120
round 121
round 122
round 123
round 124
round 125
round 126
round 127
round 128
round 129
round 130
round 131
round 132
round 133
round 134
round 135
round 136
round 137
round 138
round 139
round 140
round 141
round 142
round 143
round 144
round 145
round 146
round 147
round 148
round 149
round 150
round 151
round 152
round 153
round 154
round 155
round 156
round 157
round 158
round 159
round 160
round 161
round 162
round 163
round 164
round 165
round 166
round 167
round 168
round 169
round 170
round 171
round 172
round 173
round 174
round 175
round 176
round 177
round 178
round 179
round 180
round 181
round 182
round 183
round 184
round 185
round 186
round 187
round 188
round 189
round 190
round 191
round 192
round 193
round 194
round 195
round 196
round 197
round 198
round 199
round 200
round 201
round 202
round 203
round 204
round 205
round 206
round 207
round 208
round 209
round 210
round 211
round 212
round 213
round 214
round 215
round 216
round 217
round 218
round 219
round 220
round 221
round 222
round 223
round 224
round 225
round 226
round 227
round 228
round 229
round 230
round 231
round 232
round 233
round 234
round 235
round 236
round 237
round 238
round 239
round 240
round 241
round 242
round 243
round 244
round 245
round 246
round 247
round 248
round 249
round 250
round 251
round 252
round 253
round 254
round 255
round 256
round 257
round 258
round 259
round 260
round 261
round 262
round 263
round 264
round 265
round 266
round 267
round 268
round 269
round 270
round 271
round 272
round 273
round 274
round 275
round 276
round 277
round 278
round 279
round 280
round 281
round 282
round 283
round 284
round 285
round 286
round 287
round 288
round 289
round 290
round 291
round 292
round 293
round 294
round 295
round 296
round 297
round 298
round 299
round 300
round 301
round 302
round 303
round 304
round 305
round 306
round 307
round 308
round 309
round 310
round 311
round 312
round 313
round 314
round 315
round 316
round 317
round 318
round 319
round 320
round 321
round 322
round 323
round 324
round 325
round 326
round 327
round 328
round 329
round 330
round 331
round 332
round 333
round 334
round 335
round 336
round 337
round 338
round 339
round 340
round 341
round 342
round 343
round 344
round 345
round 346
round 347
round 348
round 349
round 350
round 351
round 352
round 353
round 354
round 355
round 356
round 357
round 358
round 359
round 360
round 361
round 362
round 363
round 364
round 365
round 366
round 367
round 368
round 369
round 370
round 371
round 372
round 373
round 374
round 375
round 376
round 377
round 378
round 379
round 380
round 381
round 382
round 383
round 384
round 385
round 386
round 387
round 388
round 389
round 390
round 391
round 392
round 393
round 394
round 395
round 396
round 397
round 398
round 399
round 400
round 401
round 402
round 403
round 404
round 405
round 406
round 407
round 408
round 409
round 410
round 411
round 412
round 413
round 414
round 415
round 416
round 417
round 418
round 419
round 420
round 421
round 422
round 423
round 424
round 425
round 426
round 427
round 428
round 429
round 430
round 431
round 432
round 433
round 434
round 435
round 436
round 437
round 438
round 439
round 440
round 441
round 442
round 443
round 444
round 445
round 446
round 447
round 448
round 449
round 450
round 451
round 452
round 453
round 454
round 455
round 456
round 457
round 458
round 459
round 460
round 461
round 462
round 463
round 464
round 465
round 466
round 467
round 468
round 469
round 470
round 471
round 472
round 473
round 474
round 475
round 476
round 477
round 478
round 479
round 480
round 481
round 482
round 483
round 484
round 485
round 486
round 487
round 488
round 489
round 490
round 491
round 492
round 493
round 494
round 495
round 496
round 497
round 498
round 499
round 500
round 501
round 502
round 503
round 504
round 505
round 506
round 507
round 508
round 509
round 510
round 511
round 512
round 513
round 514
round 515
round 516
round 517
round 518
round 519
round 520
round 521
round 522
round 523
round 524
round 525
round 526
round 527
round 528
round 529
round 530
round 531
round 532
round 533
round 534
round 535
round 536
round 537
round 538
round 539
round 540
round 541
round 542
round 543
round 544
round 545
round 546
round 547
round 548
round 549
round 550
round 551
round 552
round 553
round 554
round 555
round 556
round 557
round 558
round 559
round 560
round 561
round 562
round 563
round 564
round 565
round 566
round 567
round 568
round 569
round 570
round 571
round 572
round 573
round 574
round 575
round 576
round 577
round 578
round 579
round 580
round 581
round 582
round 583
round 584
round 585
round 586
round 587
round 588
round 589
round 590
round 591
round 592
round 593
round 594
round 595
round 596
round 597
round 598
round 599
round 600
round 601
round 602
round 603
round 604
round 605
round 606
round 607
round 608
round 609
round 610
round 611
round 612
round 613
round 614
round 615
round 616
round 617
round 618
round 619
round 620
round 621
round 622
round 623
round 624
round 625
round 626
round 627
round 628
round 629
round 630
round 631
round 632
round 633
round 634
round 635
round 636
round 637
round 638
round 639
round 640
round 641
round 642
round 643
round 644
round 645
round 646
round 647
round 648
round 649
round 650
round 651
round 652
round 653
round 654
round 655
round 656
round 657
round 658
round 659
round 660
round 661
round 662
round 663
round 664
round 665
round 666
round 667
round 668
round 669
round 670
round 671
round 672
round 673
round 674
round 675
round 676
round 677
round 678
round 679
round 680
round 681
round 682
round 683
round 684
round 685
round 686
round 687
round 688
round 689
round 690
round 691
round 692
round 693
round 694
round 695
round 696
round 697
round 698
round 699
round 700
round 701
round 702
round 703
round 704
round 705
round 706
round 707
round 708
round 709
round 710
round 711
round 712
round 713
round 714
round 715
round 716
round 717
round 718
round 719
round 720
round 721
round 722
round 723
round 724
round 725
round 726
round 727
round 728
round 729
round 730
round 731
round 732
round 733
round 734
round 735
round 736
round 737
round 738
round 739
round 740
round 741
round 742
round 743
round 744
round 745
round 746
round 747
round 748
round 749
round 750
round 751
round 752
round 753
round 754
round 755
round 756
round 757
round 758
round 759
round 760
round 761
round 762
round 763
round 764
round 765
round 766
round 767
round 768
round 769
round 770
round 771
round 772
round 773
round 774
round 775
round 776
round 777
round 778
round 779
round 780
round 781
round 782
round 783
round 784
round 785
round 786
round 787
round 788
round 789
round 790
round 791
round 792
round 793
round 794
round 795
round 796
round 797
round 798
round 799
round 800
round 801
round 802
round 803
round 804
round 805
round 806
round 807
round 808
round 809
round 810
round 811
round 812
round 813
round 814
round 815
round 816
round 817
round 818
round 819
round 820
round 821
round 822
round 823
round 824
round 825
round 826
round 827
round 828
round 829
round 830
round 831
round 832
round 833
round 834
round 835
round 836
round 837
round 838
round 839
round 840
round 841
round 842
round 843
round 844
round 845
round 846
round 847
round 848
round 849
round 850
round 851
round 852
round 853
round 854
round 855
round 856
round 857
round 858
round 859
round 860
round 861
round 862
round 863
round 864
round 865
round 866
round 867
round 868
round 869
round 870
round 871
round 872
round 873
round 874
round 875
round 876
round 877
round 878
round 879
round 880
round 881
round 882
round 883
round 884
round 885
round 886
round 887
round 888
round 889
round 890
round 891
round 892
round 893
round 894
round 895
round 896
round 897
round 898
round 899
round 900
round 901
round 902
round 903
round 904
round 905
round 906
round 907
round 908
round 909
round 910
round 911
round 912
round 913
round 914
round 915
round 916
round 917
round 918
round 919
round 920
round 921
round 922
round 923
round 924
round 925
round 926
round 927
round 928
round 929
round 930
round 931
round 932
round 933
round 934
round 935
round 936
round 937
round 938
round 939
round 940
round 941
round 942
round 943
round 944
round 945
round 946
round 947
round 948
round 949
round 950
round 951
round 952
round 953
round 954
round 955
round 956
round 957
round 958
round 959
round 960
round 961
round 962
round 963
round 964
round 965
round 966
round 967
round 968
round 969
round 970
round 971
round 972
round 973
round 974
round 975
round 976
round 977
round 978
round 979
round 980
round 981
round 982
round 983
round 984
round 985
round 986
round 987
round 988
round 989
round 990
round 991
round 992
round 993
round 994
round 995
round 996
round 997
round 998
round 999
round 1000
