PASS: C: wcstof (L"NAN(A)")
PASS: C: wcstod (L"NAN(A)")
PASS: C: wcstold (L"NAN(A)")
PASS: C: wcstof32 (L"NAN(A)")
PASS: C: wcstof64 (L"NAN(A)")
PASS: C: wcstof128 (L"NAN(A)")
PASS: C: wcstof32x (L"NAN(A)")
PASS: C: wcstof64x (L"NAN(A)")
PASS: C: wcstof (L"NAN(a)")
PASS: C: wcstod (L"NAN(a)")
PASS: C: wcstold (L"NAN(a)")
PASS: C: wcstof32 (L"NAN(a)")
PASS: C: wcstof64 (L"NAN(a)")
PASS: C: wcstof128 (L"NAN(a)")
PASS: C: wcstof32x (L"NAN(a)")
PASS: C: wcstof64x (L"NAN(a)")
PASS: C: wcstof (L"NAN(B)")
PASS: C: wcstod (L"NAN(B)")
PASS: C: wcstold (L"NAN(B)")
PASS: C: wcstof32 (L"NAN(B)")
PASS: C: wcstof64 (L"NAN(B)")
PASS: C: wcstof128 (L"NAN(B)")
PASS: C: wcstof32x (L"NAN(B)")
PASS: C: wcstof64x (L"NAN(B)")
PASS: C: wcstof (L"NAN(b)")
PASS: C: wcstod (L"NAN(b)")
PASS: C: wcstold (L"NAN(b)")
PASS: C: wcstof32 (L"NAN(b)")
PASS: C: wcstof64 (L"NAN(b)")
PASS: C: wcstof128 (L"NAN(b)")
PASS: C: wcstof32x (L"NAN(b)")
PASS: C: wcstof64x (L"NAN(b)")
PASS: C: wcstof (L"NAN(C)")
PASS: C: wcstod (L"NAN(C)")
PASS: C: wcstold (L"NAN(C)")
PASS: C: wcstof32 (L"NAN(C)")
PASS: C: wcstof64 (L"NAN(C)")
PASS: C: wcstof128 (L"NAN(C)")
PASS: C: wcstof32x (L"NAN(C)")
PASS: C: wcstof64x (L"NAN(C)")
PASS: C: wcstof (L"NAN(c)")
PASS: C: wcstod (L"NAN(c)")
PASS: C: wcstold (L"NAN(c)")
PASS: C: wcstof32 (L"NAN(c)")
PASS: C: wcstof64 (L"NAN(c)")
PASS: C: wcstof128 (L"NAN(c)")
PASS: C: wcstof32x (L"NAN(c)")
PASS: C: wcstof64x (L"NAN(c)")
PASS: C: wcstof (L"NAN(D)")
PASS: C: wcstod (L"NAN(D)")
PASS: C: wcstold (L"NAN(D)")
PASS: C: wcstof32 (L"NAN(D)")
PASS: C: wcstof64 (L"NAN(D)")
PASS: C: wcstof128 (L"NAN(D)")
PASS: C: wcstof32x (L"NAN(D)")
PASS: C: wcstof64x (L"NAN(D)")
PASS: C: wcstof (L"NAN(d)")
PASS: C: wcstod (L"NAN(d)")
PASS: C: wcstold (L"NAN(d)")
PASS: C: wcstof32 (L"NAN(d)")
PASS: C: wcstof64 (L"NAN(d)")
PASS: C: wcstof128 (L"NAN(d)")
PASS: C: wcstof32x (L"NAN(d)")
PASS: C: wcstof64x (L"NAN(d)")
PASS: C: wcstof (L"NAN(E)")
PASS: C: wcstod (L"NAN(E)")
PASS: C: wcstold (L"NAN(E)")
PASS: C: wcstof32 (L"NAN(E)")
PASS: C: wcstof64 (L"NAN(E)")
PASS: C: wcstof128 (L"NAN(E)")
PASS: C: wcstof32x (L"NAN(E)")
PASS: C: wcstof64x (L"NAN(E)")
PASS: C: wcstof (L"NAN(e)")
PASS: C: wcstod (L"NAN(e)")
PASS: C: wcstold (L"NAN(e)")
PASS: C: wcstof32 (L"NAN(e)")
PASS: C: wcstof64 (L"NAN(e)")
PASS: C: wcstof128 (L"NAN(e)")
PASS: C: wcstof32x (L"NAN(e)")
PASS: C: wcstof64x (L"NAN(e)")
PASS: C: wcstof (L"NAN(F)")
PASS: C: wcstod (L"NAN(F)")
PASS: C: wcstold (L"NAN(F)")
PASS: C: wcstof32 (L"NAN(F)")
PASS: C: wcstof64 (L"NAN(F)")
PASS: C: wcstof128 (L"NAN(F)")
PASS: C: wcstof32x (L"NAN(F)")
PASS: C: wcstof64x (L"NAN(F)")
PASS: C: wcstof (L"NAN(f)")
PASS: C: wcstod (L"NAN(f)")
PASS: C: wcstold (L"NAN(f)")
PASS: C: wcstof32 (L"NAN(f)")
PASS: C: wcstof64 (L"NAN(f)")
PASS: C: wcstof128 (L"NAN(f)")
PASS: C: wcstof32x (L"NAN(f)")
PASS: C: wcstof64x (L"NAN(f)")
PASS: C: wcstof (L"NAN(G)")
PASS: C: wcstod (L"NAN(G)")
PASS: C: wcstold (L"NAN(G)")
PASS: C: wcstof32 (L"NAN(G)")
PASS: C: wcstof64 (L"NAN(G)")
PASS: C: wcstof128 (L"NAN(G)")
PASS: C: wcstof32x (L"NAN(G)")
PASS: C: wcstof64x (L"NAN(G)")
PASS: C: wcstof (L"NAN(g)")
PASS: C: wcstod (L"NAN(g)")
PASS: C: wcstold (L"NAN(g)")
PASS: C: wcstof32 (L"NAN(g)")
PASS: C: wcstof64 (L"NAN(g)")
PASS: C: wcstof128 (L"NAN(g)")
PASS: C: wcstof32x (L"NAN(g)")
PASS: C: wcstof64x (L"NAN(g)")
PASS: C: wcstof (L"NAN(H)")
PASS: C: wcstod (L"NAN(H)")
PASS: C: wcstold (L"NAN(H)")
PASS: C: wcstof32 (L"NAN(H)")
PASS: C: wcstof64 (L"NAN(H)")
PASS: C: wcstof128 (L"NAN(H)")
PASS: C: wcstof32x (L"NAN(H)")
PASS: C: wcstof64x (L"NAN(H)")
PASS: C: wcstof (L"NAN(h)")
PASS: C: wcstod (L"NAN(h)")
PASS: C: wcstold (L"NAN(h)")
PASS: C: wcstof32 (L"NAN(h)")
PASS: C: wcstof64 (L"NAN(h)")
PASS: C: wcstof128 (L"NAN(h)")
PASS: C: wcstof32x (L"NAN(h)")
PASS: C: wcstof64x (L"NAN(h)")
PASS: C: wcstof (L"NAN(I)")
PASS: C: wcstod (L"NAN(I)")
PASS: C: wcstold (L"NAN(I)")
PASS: C: wcstof32 (L"NAN(I)")
PASS: C: wcstof64 (L"NAN(I)")
PASS: C: wcstof128 (L"NAN(I)")
PASS: C: wcstof32x (L"NAN(I)")
PASS: C: wcstof64x (L"NAN(I)")
PASS: C: wcstof (L"NAN(i)")
PASS: C: wcstod (L"NAN(i)")
PASS: C: wcstold (L"NAN(i)")
PASS: C: wcstof32 (L"NAN(i)")
PASS: C: wcstof64 (L"NAN(i)")
PASS: C: wcstof128 (L"NAN(i)")
PASS: C: wcstof32x (L"NAN(i)")
PASS: C: wcstof64x (L"NAN(i)")
PASS: C: wcstof (L"NAN(J)")
PASS: C: wcstod (L"NAN(J)")
PASS: C: wcstold (L"NAN(J)")
PASS: C: wcstof32 (L"NAN(J)")
PASS: C: wcstof64 (L"NAN(J)")
PASS: C: wcstof128 (L"NAN(J)")
PASS: C: wcstof32x (L"NAN(J)")
PASS: C: wcstof64x (L"NAN(J)")
PASS: C: wcstof (L"NAN(j)")
PASS: C: wcstod (L"NAN(j)")
PASS: C: wcstold (L"NAN(j)")
PASS: C: wcstof32 (L"NAN(j)")
PASS: C: wcstof64 (L"NAN(j)")
PASS: C: wcstof128 (L"NAN(j)")
PASS: C: wcstof32x (L"NAN(j)")
PASS: C: wcstof64x (L"NAN(j)")
PASS: C: wcstof (L"NAN(K)")
PASS: C: wcstod (L"NAN(K)")
PASS: C: wcstold (L"NAN(K)")
PASS: C: wcstof32 (L"NAN(K)")
PASS: C: wcstof64 (L"NAN(K)")
PASS: C: wcstof128 (L"NAN(K)")
PASS: C: wcstof32x (L"NAN(K)")
PASS: C: wcstof64x (L"NAN(K)")
PASS: C: wcstof (L"NAN(k)")
PASS: C: wcstod (L"NAN(k)")
PASS: C: wcstold (L"NAN(k)")
PASS: C: wcstof32 (L"NAN(k)")
PASS: C: wcstof64 (L"NAN(k)")
PASS: C: wcstof128 (L"NAN(k)")
PASS: C: wcstof32x (L"NAN(k)")
PASS: C: wcstof64x (L"NAN(k)")
PASS: C: wcstof (L"NAN(L)")
PASS: C: wcstod (L"NAN(L)")
PASS: C: wcstold (L"NAN(L)")
PASS: C: wcstof32 (L"NAN(L)")
PASS: C: wcstof64 (L"NAN(L)")
PASS: C: wcstof128 (L"NAN(L)")
PASS: C: wcstof32x (L"NAN(L)")
PASS: C: wcstof64x (L"NAN(L)")
PASS: C: wcstof (L"NAN(l)")
PASS: C: wcstod (L"NAN(l)")
PASS: C: wcstold (L"NAN(l)")
PASS: C: wcstof32 (L"NAN(l)")
PASS: C: wcstof64 (L"NAN(l)")
PASS: C: wcstof128 (L"NAN(l)")
PASS: C: wcstof32x (L"NAN(l)")
PASS: C: wcstof64x (L"NAN(l)")
PASS: C: wcstof (L"NAN(M)")
PASS: C: wcstod (L"NAN(M)")
PASS: C: wcstold (L"NAN(M)")
PASS: C: wcstof32 (L"NAN(M)")
PASS: C: wcstof64 (L"NAN(M)")
PASS: C: wcstof128 (L"NAN(M)")
PASS: C: wcstof32x (L"NAN(M)")
PASS: C: wcstof64x (L"NAN(M)")
PASS: C: wcstof (L"NAN(m)")
PASS: C: wcstod (L"NAN(m)")
PASS: C: wcstold (L"NAN(m)")
PASS: C: wcstof32 (L"NAN(m)")
PASS: C: wcstof64 (L"NAN(m)")
PASS: C: wcstof128 (L"NAN(m)")
PASS: C: wcstof32x (L"NAN(m)")
PASS: C: wcstof64x (L"NAN(m)")
PASS: C: wcstof (L"NAN(N)")
PASS: C: wcstod (L"NAN(N)")
PASS: C: wcstold (L"NAN(N)")
PASS: C: wcstof32 (L"NAN(N)")
PASS: C: wcstof64 (L"NAN(N)")
PASS: C: wcstof128 (L"NAN(N)")
PASS: C: wcstof32x (L"NAN(N)")
PASS: C: wcstof64x (L"NAN(N)")
PASS: C: wcstof (L"NAN(n)")
PASS: C: wcstod (L"NAN(n)")
PASS: C: wcstold (L"NAN(n)")
PASS: C: wcstof32 (L"NAN(n)")
PASS: C: wcstof64 (L"NAN(n)")
PASS: C: wcstof128 (L"NAN(n)")
PASS: C: wcstof32x (L"NAN(n)")
PASS: C: wcstof64x (L"NAN(n)")
PASS: C: wcstof (L"NAN(O)")
PASS: C: wcstod (L"NAN(O)")
PASS: C: wcstold (L"NAN(O)")
PASS: C: wcstof32 (L"NAN(O)")
PASS: C: wcstof64 (L"NAN(O)")
PASS: C: wcstof128 (L"NAN(O)")
PASS: C: wcstof32x (L"NAN(O)")
PASS: C: wcstof64x (L"NAN(O)")
PASS: C: wcstof (L"NAN(o)")
PASS: C: wcstod (L"NAN(o)")
PASS: C: wcstold (L"NAN(o)")
PASS: C: wcstof32 (L"NAN(o)")
PASS: C: wcstof64 (L"NAN(o)")
PASS: C: wcstof128 (L"NAN(o)")
PASS: C: wcstof32x (L"NAN(o)")
PASS: C: wcstof64x (L"NAN(o)")
PASS: C: wcstof (L"NAN(P)")
PASS: C: wcstod (L"NAN(P)")
PASS: C: wcstold (L"NAN(P)")
PASS: C: wcstof32 (L"NAN(P)")
PASS: C: wcstof64 (L"NAN(P)")
PASS: C: wcstof128 (L"NAN(P)")
PASS: C: wcstof32x (L"NAN(P)")
PASS: C: wcstof64x (L"NAN(P)")
PASS: C: wcstof (L"NAN(p)")
PASS: C: wcstod (L"NAN(p)")
PASS: C: wcstold (L"NAN(p)")
PASS: C: wcstof32 (L"NAN(p)")
PASS: C: wcstof64 (L"NAN(p)")
PASS: C: wcstof128 (L"NAN(p)")
PASS: C: wcstof32x (L"NAN(p)")
PASS: C: wcstof64x (L"NAN(p)")
PASS: C: wcstof (L"NAN(Q)")
PASS: C: wcstod (L"NAN(Q)")
PASS: C: wcstold (L"NAN(Q)")
PASS: C: wcstof32 (L"NAN(Q)")
PASS: C: wcstof64 (L"NAN(Q)")
PASS: C: wcstof128 (L"NAN(Q)")
PASS: C: wcstof32x (L"NAN(Q)")
PASS: C: wcstof64x (L"NAN(Q)")
PASS: C: wcstof (L"NAN(q)")
PASS: C: wcstod (L"NAN(q)")
PASS: C: wcstold (L"NAN(q)")
PASS: C: wcstof32 (L"NAN(q)")
PASS: C: wcstof64 (L"NAN(q)")
PASS: C: wcstof128 (L"NAN(q)")
PASS: C: wcstof32x (L"NAN(q)")
PASS: C: wcstof64x (L"NAN(q)")
PASS: C: wcstof (L"NAN(R)")
PASS: C: wcstod (L"NAN(R)")
PASS: C: wcstold (L"NAN(R)")
PASS: C: wcstof32 (L"NAN(R)")
PASS: C: wcstof64 (L"NAN(R)")
PASS: C: wcstof128 (L"NAN(R)")
PASS: C: wcstof32x (L"NAN(R)")
PASS: C: wcstof64x (L"NAN(R)")
PASS: C: wcstof (L"NAN(r)")
PASS: C: wcstod (L"NAN(r)")
PASS: C: wcstold (L"NAN(r)")
PASS: C: wcstof32 (L"NAN(r)")
PASS: C: wcstof64 (L"NAN(r)")
PASS: C: wcstof128 (L"NAN(r)")
PASS: C: wcstof32x (L"NAN(r)")
PASS: C: wcstof64x (L"NAN(r)")
PASS: C: wcstof (L"NAN(S)")
PASS: C: wcstod (L"NAN(S)")
PASS: C: wcstold (L"NAN(S)")
PASS: C: wcstof32 (L"NAN(S)")
PASS: C: wcstof64 (L"NAN(S)")
PASS: C: wcstof128 (L"NAN(S)")
PASS: C: wcstof32x (L"NAN(S)")
PASS: C: wcstof64x (L"NAN(S)")
PASS: C: wcstof (L"NAN(s)")
PASS: C: wcstod (L"NAN(s)")
PASS: C: wcstold (L"NAN(s)")
PASS: C: wcstof32 (L"NAN(s)")
PASS: C: wcstof64 (L"NAN(s)")
PASS: C: wcstof128 (L"NAN(s)")
PASS: C: wcstof32x (L"NAN(s)")
PASS: C: wcstof64x (L"NAN(s)")
PASS: C: wcstof (L"NAN(T)")
PASS: C: wcstod (L"NAN(T)")
PASS: C: wcstold (L"NAN(T)")
PASS: C: wcstof32 (L"NAN(T)")
PASS: C: wcstof64 (L"NAN(T)")
PASS: C: wcstof128 (L"NAN(T)")
PASS: C: wcstof32x (L"NAN(T)")
PASS: C: wcstof64x (L"NAN(T)")
PASS: C: wcstof (L"NAN(t)")
PASS: C: wcstod (L"NAN(t)")
PASS: C: wcstold (L"NAN(t)")
PASS: C: wcstof32 (L"NAN(t)")
PASS: C: wcstof64 (L"NAN(t)")
PASS: C: wcstof128 (L"NAN(t)")
PASS: C: wcstof32x (L"NAN(t)")
PASS: C: wcstof64x (L"NAN(t)")
PASS: C: wcstof (L"NAN(U)")
PASS: C: wcstod (L"NAN(U)")
PASS: C: wcstold (L"NAN(U)")
PASS: C: wcstof32 (L"NAN(U)")
PASS: C: wcstof64 (L"NAN(U)")
PASS: C: wcstof128 (L"NAN(U)")
PASS: C: wcstof32x (L"NAN(U)")
PASS: C: wcstof64x (L"NAN(U)")
PASS: C: wcstof (L"NAN(u)")
PASS: C: wcstod (L"NAN(u)")
PASS: C: wcstold (L"NAN(u)")
PASS: C: wcstof32 (L"NAN(u)")
PASS: C: wcstof64 (L"NAN(u)")
PASS: C: wcstof128 (L"NAN(u)")
PASS: C: wcstof32x (L"NAN(u)")
PASS: C: wcstof64x (L"NAN(u)")
PASS: C: wcstof (L"NAN(V)")
PASS: C: wcstod (L"NAN(V)")
PASS: C: wcstold (L"NAN(V)")
PASS: C: wcstof32 (L"NAN(V)")
PASS: C: wcstof64 (L"NAN(V)")
PASS: C: wcstof128 (L"NAN(V)")
PASS: C: wcstof32x (L"NAN(V)")
PASS: C: wcstof64x (L"NAN(V)")
PASS: C: wcstof (L"NAN(v)")
PASS: C: wcstod (L"NAN(v)")
PASS: C: wcstold (L"NAN(v)")
PASS: C: wcstof32 (L"NAN(v)")
PASS: C: wcstof64 (L"NAN(v)")
PASS: C: wcstof128 (L"NAN(v)")
PASS: C: wcstof32x (L"NAN(v)")
PASS: C: wcstof64x (L"NAN(v)")
PASS: C: wcstof (L"NAN(W)")
PASS: C: wcstod (L"NAN(W)")
PASS: C: wcstold (L"NAN(W)")
PASS: C: wcstof32 (L"NAN(W)")
PASS: C: wcstof64 (L"NAN(W)")
PASS: C: wcstof128 (L"NAN(W)")
PASS: C: wcstof32x (L"NAN(W)")
PASS: C: wcstof64x (L"NAN(W)")
PASS: C: wcstof (L"NAN(w)")
PASS: C: wcstod (L"NAN(w)")
PASS: C: wcstold (L"NAN(w)")
PASS: C: wcstof32 (L"NAN(w)")
PASS: C: wcstof64 (L"NAN(w)")
PASS: C: wcstof128 (L"NAN(w)")
PASS: C: wcstof32x (L"NAN(w)")
PASS: C: wcstof64x (L"NAN(w)")
PASS: C: wcstof (L"NAN(X)")
PASS: C: wcstod (L"NAN(X)")
PASS: C: wcstold (L"NAN(X)")
PASS: C: wcstof32 (L"NAN(X)")
PASS: C: wcstof64 (L"NAN(X)")
PASS: C: wcstof128 (L"NAN(X)")
PASS: C: wcstof32x (L"NAN(X)")
PASS: C: wcstof64x (L"NAN(X)")
PASS: C: wcstof (L"NAN(x)")
PASS: C: wcstod (L"NAN(x)")
PASS: C: wcstold (L"NAN(x)")
PASS: C: wcstof32 (L"NAN(x)")
PASS: C: wcstof64 (L"NAN(x)")
PASS: C: wcstof128 (L"NAN(x)")
PASS: C: wcstof32x (L"NAN(x)")
PASS: C: wcstof64x (L"NAN(x)")
PASS: C: wcstof (L"NAN(Y)")
PASS: C: wcstod (L"NAN(Y)")
PASS: C: wcstold (L"NAN(Y)")
PASS: C: wcstof32 (L"NAN(Y)")
PASS: C: wcstof64 (L"NAN(Y)")
PASS: C: wcstof128 (L"NAN(Y)")
PASS: C: wcstof32x (L"NAN(Y)")
PASS: C: wcstof64x (L"NAN(Y)")
PASS: C: wcstof (L"NAN(y)")
PASS: C: wcstod (L"NAN(y)")
PASS: C: wcstold (L"NAN(y)")
PASS: C: wcstof32 (L"NAN(y)")
PASS: C: wcstof64 (L"NAN(y)")
PASS: C: wcstof128 (L"NAN(y)")
PASS: C: wcstof32x (L"NAN(y)")
PASS: C: wcstof64x (L"NAN(y)")
PASS: C: wcstof (L"NAN(Z)")
PASS: C: wcstod (L"NAN(Z)")
PASS: C: wcstold (L"NAN(Z)")
PASS: C: wcstof32 (L"NAN(Z)")
PASS: C: wcstof64 (L"NAN(Z)")
PASS: C: wcstof128 (L"NAN(Z)")
PASS: C: wcstof32x (L"NAN(Z)")
PASS: C: wcstof64x (L"NAN(Z)")
PASS: C: wcstof (L"NAN(z)")
PASS: C: wcstod (L"NAN(z)")
PASS: C: wcstold (L"NAN(z)")
PASS: C: wcstof32 (L"NAN(z)")
PASS: C: wcstof64 (L"NAN(z)")
PASS: C: wcstof128 (L"NAN(z)")
PASS: C: wcstof32x (L"NAN(z)")
PASS: C: wcstof64x (L"NAN(z)")
PASS: tr_TR.UTF-8: wcstof (L"NAN(A)")
PASS: tr_TR.UTF-8: wcstod (L"NAN(A)")
PASS: tr_TR.UTF-8: wcstold (L"NAN(A)")
PASS: tr_TR.UTF-8: wcstof32 (L"NAN(A)")
PASS: tr_TR.UTF-8: wcstof64 (L"NAN(A)")
PASS: tr_TR.UTF-8: wcstof128 (L"NAN(A)")
PASS: tr_TR.UTF-8: wcstof32x (L"NAN(A)")
PASS: tr_TR.UTF-8: wcstof64x (L"NAN(A)")
PASS: tr_TR.UTF-8: wcstof (L"NAN(a)")
PASS: tr_TR.UTF-8: wcstod (L"NAN(a)")
PASS: tr_TR.UTF-8: wcstold (L"NAN(a)")
PASS: tr_TR.UTF-8: wcstof32 (L"NAN(a)")
PASS: tr_TR.UTF-8: wcstof64 (L"NAN(a)")
PASS: tr_TR.UTF-8: wcstof128 (L"NAN(a)")
PASS: tr_TR.UTF-8: wcstof32x (L"NAN(a)")
PASS: tr_TR.UTF-8: wcstof64x (L"NAN(a)")
PASS: tr_TR.UTF-8: wcstof (L"NAN(B)")
PASS: tr_TR.UTF-8: wcstod (L"NAN(B)")
PASS: tr_TR.UTF-8: wcstold (L"NAN(B)")
PASS: tr_TR.UTF-8: wcstof32 (L"NAN(B)")
PASS: tr_TR.UTF-8: wcstof64 (L"NAN(B)")
PASS: tr_TR.UTF-8: wcstof128 (L"NAN(B)")
PASS: tr_TR.UTF-8: wcstof32x (L"NAN(B)")
PASS: tr_TR.UTF-8: wcstof64x (L"NAN(B)")
PASS: tr_TR.UTF-8: wcstof (L"NAN(b)")
PASS: tr_TR.UTF-8: wcstod (L"NAN(b)")
PASS: tr_TR.UTF-8: wcstold (L"NAN(b)")
PASS: tr_TR.UTF-8: wcstof32 (L"NAN(b)")
PASS: tr_TR.UTF-8: wcstof64 (L"NAN(b)")
PASS: tr_TR.UTF-8: wcstof128 (L"NAN(b)")
PASS: tr_TR.UTF-8: wcstof32x (L"NAN(b)")
PASS: tr_TR.UTF-8: wcstof64x (L"NAN(b)")
PASS: tr_TR.UTF-8: wcstof (L"NAN(C)")
PASS: tr_TR.UTF-8: wcstod (L"NAN(C)")
PASS: tr_TR.UTF-8: wcstold (L"NAN(C)")
PASS: tr_TR.UTF-8: wcstof32 (L"NAN(C)")
PASS: tr_TR.UTF-8: wcstof64 (L"NAN(C)")
PASS: tr_TR.UTF-8: wcstof128 (L"NAN(C)")
PASS: tr_TR.UTF-8: wcstof32x (L"NAN(C)")
PASS: tr_TR.UTF-8: wcstof64x (L"NAN(C)")
PASS: tr_TR.UTF-8: wcstof (L"NAN(c)")
PASS: tr_TR.UTF-8: wcstod (L"NAN(c)")
PASS: tr_TR.UTF-8: wcstold (L"NAN(c)")
PASS: tr_TR.UTF-8: wcstof32 (L"NAN(c)")
PASS: tr_TR.UTF-8: wcstof64 (L"NAN(c)")
PASS: tr_TR.UTF-8: wcstof128 (L"NAN(c)")
PASS: tr_TR.UTF-8: wcstof32x (L"NAN(c)")
PASS: tr_TR.UTF-8: wcstof64x (L"NAN(c)")
PASS: tr_TR.UTF-8: wcstof (L"NAN(D)")
PASS: tr_TR.UTF-8: wcstod (L"NAN(D)")
PASS: tr_TR.UTF-8: wcstold (L"NAN(D)")
PASS: tr_TR.UTF-8: wcstof32 (L"NAN(D)")
PASS: tr_TR.UTF-8: wcstof64 (L"NAN(D)")
PASS: tr_TR.UTF-8: wcstof128 (L"NAN(D)")
PASS: tr_TR.UTF-8: wcstof32x (L"NAN(D)")
PASS: tr_TR.UTF-8: wcstof64x (L"NAN(D)")
PASS: tr_TR.UTF-8: wcstof (L"NAN(d)")
PASS: tr_TR.UTF-8: wcstod (L"NAN(d)")
PASS: tr_TR.UTF-8: wcstold (L"NAN(d)")
PASS: tr_TR.UTF-8: wcstof32 (L"NAN(d)")
PASS: tr_TR.UTF-8: wcstof64 (L"NAN(d)")
PASS: tr_TR.UTF-8: wcstof128 (L"NAN(d)")
PASS: tr_TR.UTF-8: wcstof32x (L"NAN(d)")
PASS: tr_TR.UTF-8: wcstof64x (L"NAN(d)")
PASS: tr_TR.UTF-8: wcstof (L"NAN(E)")
PASS: tr_TR.UTF-8: wcstod (L"NAN(E)")
PASS: tr_TR.UTF-8: wcstold (L"NAN(E)")
PASS: tr_TR.UTF-8: wcstof32 (L"NAN(E)")
PASS: tr_TR.UTF-8: wcstof64 (L"NAN(E)")
PASS: tr_TR.UTF-8: wcstof128 (L"NAN(E)")
PASS: tr_TR.UTF-8: wcstof32x (L"NAN(E)")
PASS: tr_TR.UTF-8: wcstof64x (L"NAN(E)")
PASS: tr_TR.UTF-8: wcstof (L"NAN(e)")
PASS: tr_TR.UTF-8: wcstod (L"NAN(e)")
PASS: tr_TR.UTF-8: wcstold (L"NAN(e)")
PASS: tr_TR.UTF-8: wcstof32 (L"NAN(e)")
PASS: tr_TR.UTF-8: wcstof64 (L"NAN(e)")
PASS: tr_TR.UTF-8: wcstof128 (L"NAN(e)")
PASS: tr_TR.UTF-8: wcstof32x (L"NAN(e)")
PASS: tr_TR.UTF-8: wcstof64x (L"NAN(e)")
PASS: tr_TR.UTF-8: wcstof (L"NAN(F)")
PASS: tr_TR.UTF-8: wcstod (L"NAN(F)")
PASS: tr_TR.UTF-8: wcstold (L"NAN(F)")
PASS: tr_TR.UTF-8: wcstof32 (L"NAN(F)")
PASS: tr_TR.UTF-8: wcstof64 (L"NAN(F)")
PASS: tr_TR.UTF-8: wcstof128 (L"NAN(F)")
PASS: tr_TR.UTF-8: wcstof32x (L"NAN(F)")
PASS: tr_TR.UTF-8: wcstof64x (L"NAN(F)")
PASS: tr_TR.UTF-8: wcstof (L"NAN(f)")
PASS: tr_TR.UTF-8: wcstod (L"NAN(f)")
PASS: tr_TR.UTF-8: wcstold (L"NAN(f)")
PASS: tr_TR.UTF-8: wcstof32 (L"NAN(f)")
PASS: tr_TR.UTF-8: wcstof64 (L"NAN(f)")
PASS: tr_TR.UTF-8: wcstof128 (L"NAN(f)")
PASS: tr_TR.UTF-8: wcstof32x (L"NAN(f)")
PASS: tr_TR.UTF-8: wcstof64x (L"NAN(f)")
PASS: tr_TR.UTF-8: wcstof (L"NAN(G)")
PASS: tr_TR.UTF-8: wcstod (L"NAN(G)")
PASS: tr_TR.UTF-8: wcstold (L"NAN(G)")
PASS: tr_TR.UTF-8: wcstof32 (L"NAN(G)")
PASS: tr_TR.UTF-8: wcstof64 (L"NAN(G)")
PASS: tr_TR.UTF-8: wcstof128 (L"NAN(G)")
PASS: tr_TR.UTF-8: wcstof32x (L"NAN(G)")
PASS: tr_TR.UTF-8: wcstof64x (L"NAN(G)")
PASS: tr_TR.UTF-8: wcstof (L"NAN(g)")
PASS: tr_TR.UTF-8: wcstod (L"NAN(g)")
PASS: tr_TR.UTF-8: wcstold (L"NAN(g)")
PASS: tr_TR.UTF-8: wcstof32 (L"NAN(g)")
PASS: tr_TR.UTF-8: wcstof64 (L"NAN(g)")
PASS: tr_TR.UTF-8: wcstof128 (L"NAN(g)")
PASS: tr_TR.UTF-8: wcstof32x (L"NAN(g)")
PASS: tr_TR.UTF-8: wcstof64x (L"NAN(g)")
PASS: tr_TR.UTF-8: wcstof (L"NAN(H)")
PASS: tr_TR.UTF-8: wcstod (L"NAN(H)")
PASS: tr_TR.UTF-8: wcstold (L"NAN(H)")
PASS: tr_TR.UTF-8: wcstof32 (L"NAN(H)")
PASS: tr_TR.UTF-8: wcstof64 (L"NAN(H)")
PASS: tr_TR.UTF-8: wcstof128 (L"NAN(H)")
PASS: tr_TR.UTF-8: wcstof32x (L"NAN(H)")
PASS: tr_TR.UTF-8: wcstof64x (L"NAN(H)")
PASS: tr_TR.UTF-8: wcstof (L"NAN(h)")
PASS: tr_TR.UTF-8: wcstod (L"NAN(h)")
PASS: tr_TR.UTF-8: wcstold (L"NAN(h)")
PASS: tr_TR.UTF-8: wcstof32 (L"NAN(h)")
PASS: tr_TR.UTF-8: wcstof64 (L"NAN(h)")
PASS: tr_TR.UTF-8: wcstof128 (L"NAN(h)")
PASS: tr_TR.UTF-8: wcstof32x (L"NAN(h)")
PASS: tr_TR.UTF-8: wcstof64x (L"NAN(h)")
PASS: tr_TR.UTF-8: wcstof (L"NAN(I)")
PASS: tr_TR.UTF-8: wcstod (L"NAN(I)")
PASS: tr_TR.UTF-8: wcstold (L"NAN(I)")
PASS: tr_TR.UTF-8: wcstof32 (L"NAN(I)")
PASS: tr_TR.UTF-8: wcstof64 (L"NAN(I)")
PASS: tr_TR.UTF-8: wcstof128 (L"NAN(I)")
PASS: tr_TR.UTF-8: wcstof32x (L"NAN(I)")
PASS: tr_TR.UTF-8: wcstof64x (L"NAN(I)")
PASS: tr_TR.UTF-8: wcstof (L"NAN(i)")
PASS: tr_TR.UTF-8: wcstod (L"NAN(i)")
PASS: tr_TR.UTF-8: wcstold (L"NAN(i)")
PASS: tr_TR.UTF-8: wcstof32 (L"NAN(i)")
PASS: tr_TR.UTF-8: wcstof64 (L"NAN(i)")
PASS: tr_TR.UTF-8: wcstof128 (L"NAN(i)")
PASS: tr_TR.UTF-8: wcstof32x (L"NAN(i)")
PASS: tr_TR.UTF-8: wcstof64x (L"NAN(i)")
PASS: tr_TR.UTF-8: wcstof (L"NAN(J)")
PASS: tr_TR.UTF-8: wcstod (L"NAN(J)")
PASS: tr_TR.UTF-8: wcstold (L"NAN(J)")
PASS: tr_TR.UTF-8: wcstof32 (L"NAN(J)")
PASS: tr_TR.UTF-8: wcstof64 (L"NAN(J)")
PASS: tr_TR.UTF-8: wcstof128 (L"NAN(J)")
PASS: tr_TR.UTF-8: wcstof32x (L"NAN(J)")
PASS: tr_TR.UTF-8: wcstof64x (L"NAN(J)")
PASS: tr_TR.UTF-8: wcstof (L"NAN(j)")
PASS: tr_TR.UTF-8: wcstod (L"NAN(j)")
PASS: tr_TR.UTF-8: wcstold (L"NAN(j)")
PASS: tr_TR.UTF-8: wcstof32 (L"NAN(j)")
PASS: tr_TR.UTF-8: wcstof64 (L"NAN(j)")
PASS: tr_TR.UTF-8: wcstof128 (L"NAN(j)")
PASS: tr_TR.UTF-8: wcstof32x (L"NAN(j)")
PASS: tr_TR.UTF-8: wcstof64x (L"NAN(j)")
PASS: tr_TR.UTF-8: wcstof (L"NAN(K)")
PASS: tr_TR.UTF-8: wcstod (L"NAN(K)")
PASS: tr_TR.UTF-8: wcstold (L"NAN(K)")
PASS: tr_TR.UTF-8: wcstof32 (L"NAN(K)")
PASS: tr_TR.UTF-8: wcstof64 (L"NAN(K)")
PASS: tr_TR.UTF-8: wcstof128 (L"NAN(K)")
PASS: tr_TR.UTF-8: wcstof32x (L"NAN(K)")
PASS: tr_TR.UTF-8: wcstof64x (L"NAN(K)")
PASS: tr_TR.UTF-8: wcstof (L"NAN(k)")
PASS: tr_TR.UTF-8: wcstod (L"NAN(k)")
PASS: tr_TR.UTF-8: wcstold (L"NAN(k)")
PASS: tr_TR.UTF-8: wcstof32 (L"NAN(k)")
PASS: tr_TR.UTF-8: wcstof64 (L"NAN(k)")
PASS: tr_TR.UTF-8: wcstof128 (L"NAN(k)")
PASS: tr_TR.UTF-8: wcstof32x (L"NAN(k)")
PASS: tr_TR.UTF-8: wcstof64x (L"NAN(k)")
PASS: tr_TR.UTF-8: wcstof (L"NAN(L)")
PASS: tr_TR.UTF-8: wcstod (L"NAN(L)")
PASS: tr_TR.UTF-8: wcstold (L"NAN(L)")
PASS: tr_TR.UTF-8: wcstof32 (L"NAN(L)")
PASS: tr_TR.UTF-8: wcstof64 (L"NAN(L)")
PASS: tr_TR.UTF-8: wcstof128 (L"NAN(L)")
PASS: tr_TR.UTF-8: wcstof32x (L"NAN(L)")
PASS: tr_TR.UTF-8: wcstof64x (L"NAN(L)")
PASS: tr_TR.UTF-8: wcstof (L"NAN(l)")
PASS: tr_TR.UTF-8: wcstod (L"NAN(l)")
PASS: tr_TR.UTF-8: wcstold (L"NAN(l)")
PASS: tr_TR.UTF-8: wcstof32 (L"NAN(l)")
PASS: tr_TR.UTF-8: wcstof64 (L"NAN(l)")
PASS: tr_TR.UTF-8: wcstof128 (L"NAN(l)")
PASS: tr_TR.UTF-8: wcstof32x (L"NAN(l)")
PASS: tr_TR.UTF-8: wcstof64x (L"NAN(l)")
PASS: tr_TR.UTF-8: wcstof (L"NAN(M)")
PASS: tr_TR.UTF-8: wcstod (L"NAN(M)")
PASS: tr_TR.UTF-8: wcstold (L"NAN(M)")
PASS: tr_TR.UTF-8: wcstof32 (L"NAN(M)")
PASS: tr_TR.UTF-8: wcstof64 (L"NAN(M)")
PASS: tr_TR.UTF-8: wcstof128 (L"NAN(M)")
PASS: tr_TR.UTF-8: wcstof32x (L"NAN(M)")
PASS: tr_TR.UTF-8: wcstof64x (L"NAN(M)")
PASS: tr_TR.UTF-8: wcstof (L"NAN(m)")
PASS: tr_TR.UTF-8: wcstod (L"NAN(m)")
PASS: tr_TR.UTF-8: wcstold (L"NAN(m)")
PASS: tr_TR.UTF-8: wcstof32 (L"NAN(m)")
PASS: tr_TR.UTF-8: wcstof64 (L"NAN(m)")
PASS: tr_TR.UTF-8: wcstof128 (L"NAN(m)")
PASS: tr_TR.UTF-8: wcstof32x (L"NAN(m)")
PASS: tr_TR.UTF-8: wcstof64x (L"NAN(m)")
PASS: tr_TR.UTF-8: wcstof (L"NAN(N)")
PASS: tr_TR.UTF-8: wcstod (L"NAN(N)")
PASS: tr_TR.UTF-8: wcstold (L"NAN(N)")
PASS: tr_TR.UTF-8: wcstof32 (L"NAN(N)")
PASS: tr_TR.UTF-8: wcstof64 (L"NAN(N)")
PASS: tr_TR.UTF-8: wcstof128 (L"NAN(N)")
PASS: tr_TR.UTF-8: wcstof32x (L"NAN(N)")
PASS: tr_TR.UTF-8: wcstof64x (L"NAN(N)")
PASS: tr_TR.UTF-8: wcstof (L"NAN(n)")
PASS: tr_TR.UTF-8: wcstod (L"NAN(n)")
PASS: tr_TR.UTF-8: wcstold (L"NAN(n)")
PASS: tr_TR.UTF-8: wcstof32 (L"NAN(n)")
PASS: tr_TR.UTF-8: wcstof64 (L"NAN(n)")
PASS: tr_TR.UTF-8: wcstof128 (L"NAN(n)")
PASS: tr_TR.UTF-8: wcstof32x (L"NAN(n)")
PASS: tr_TR.UTF-8: wcstof64x (L"NAN(n)")
PASS: tr_TR.UTF-8: wcstof (L"NAN(O)")
PASS: tr_TR.UTF-8: wcstod (L"NAN(O)")
PASS: tr_TR.UTF-8: wcstold (L"NAN(O)")
PASS: tr_TR.UTF-8: wcstof32 (L"NAN(O)")
PASS: tr_TR.UTF-8: wcstof64 (L"NAN(O)")
PASS: tr_TR.UTF-8: wcstof128 (L"NAN(O)")
PASS: tr_TR.UTF-8: wcstof32x (L"NAN(O)")
PASS: tr_TR.UTF-8: wcstof64x (L"NAN(O)")
PASS: tr_TR.UTF-8: wcstof (L"NAN(o)")
PASS: tr_TR.UTF-8: wcstod (L"NAN(o)")
PASS: tr_TR.UTF-8: wcstold (L"NAN(o)")
PASS: tr_TR.UTF-8: wcstof32 (L"NAN(o)")
PASS: tr_TR.UTF-8: wcstof64 (L"NAN(o)")
PASS: tr_TR.UTF-8: wcstof128 (L"NAN(o)")
PASS: tr_TR.UTF-8: wcstof32x (L"NAN(o)")
PASS: tr_TR.UTF-8: wcstof64x (L"NAN(o)")
PASS: tr_TR.UTF-8: wcstof (L"NAN(P)")
PASS: tr_TR.UTF-8: wcstod (L"NAN(P)")
PASS: tr_TR.UTF-8: wcstold (L"NAN(P)")
PASS: tr_TR.UTF-8: wcstof32 (L"NAN(P)")
PASS: tr_TR.UTF-8: wcstof64 (L"NAN(P)")
PASS: tr_TR.UTF-8: wcstof128 (L"NAN(P)")
PASS: tr_TR.UTF-8: wcstof32x (L"NAN(P)")
PASS: tr_TR.UTF-8: wcstof64x (L"NAN(P)")
PASS: tr_TR.UTF-8: wcstof (L"NAN(p)")
PASS: tr_TR.UTF-8: wcstod (L"NAN(p)")
PASS: tr_TR.UTF-8: wcstold (L"NAN(p)")
PASS: tr_TR.UTF-8: wcstof32 (L"NAN(p)")
PASS: tr_TR.UTF-8: wcstof64 (L"NAN(p)")
PASS: tr_TR.UTF-8: wcstof128 (L"NAN(p)")
PASS: tr_TR.UTF-8: wcstof32x (L"NAN(p)")
PASS: tr_TR.UTF-8: wcstof64x (L"NAN(p)")
PASS: tr_TR.UTF-8: wcstof (L"NAN(Q)")
PASS: tr_TR.UTF-8: wcstod (L"NAN(Q)")
PASS: tr_TR.UTF-8: wcstold (L"NAN(Q)")
PASS: tr_TR.UTF-8: wcstof32 (L"NAN(Q)")
PASS: tr_TR.UTF-8: wcstof64 (L"NAN(Q)")
PASS: tr_TR.UTF-8: wcstof128 (L"NAN(Q)")
PASS: tr_TR.UTF-8: wcstof32x (L"NAN(Q)")
PASS: tr_TR.UTF-8: wcstof64x (L"NAN(Q)")
PASS: tr_TR.UTF-8: wcstof (L"NAN(q)")
PASS: tr_TR.UTF-8: wcstod (L"NAN(q)")
PASS: tr_TR.UTF-8: wcstold (L"NAN(q)")
PASS: tr_TR.UTF-8: wcstof32 (L"NAN(q)")
PASS: tr_TR.UTF-8: wcstof64 (L"NAN(q)")
PASS: tr_TR.UTF-8: wcstof128 (L"NAN(q)")
PASS: tr_TR.UTF-8: wcstof32x (L"NAN(q)")
PASS: tr_TR.UTF-8: wcstof64x (L"NAN(q)")
PASS: tr_TR.UTF-8: wcstof (L"NAN(R)")
PASS: tr_TR.UTF-8: wcstod (L"NAN(R)")
PASS: tr_TR.UTF-8: wcstold (L"NAN(R)")
PASS: tr_TR.UTF-8: wcstof32 (L"NAN(R)")
PASS: tr_TR.UTF-8: wcstof64 (L"NAN(R)")
PASS: tr_TR.UTF-8: wcstof128 (L"NAN(R)")
PASS: tr_TR.UTF-8: wcstof32x (L"NAN(R)")
PASS: tr_TR.UTF-8: wcstof64x (L"NAN(R)")
PASS: tr_TR.UTF-8: wcstof (L"NAN(r)")
PASS: tr_TR.UTF-8: wcstod (L"NAN(r)")
PASS: tr_TR.UTF-8: wcstold (L"NAN(r)")
PASS: tr_TR.UTF-8: wcstof32 (L"NAN(r)")
PASS: tr_TR.UTF-8: wcstof64 (L"NAN(r)")
PASS: tr_TR.UTF-8: wcstof128 (L"NAN(r)")
PASS: tr_TR.UTF-8: wcstof32x (L"NAN(r)")
PASS: tr_TR.UTF-8: wcstof64x (L"NAN(r)")
PASS: tr_TR.UTF-8: wcstof (L"NAN(S)")
PASS: tr_TR.UTF-8: wcstod (L"NAN(S)")
PASS: tr_TR.UTF-8: wcstold (L"NAN(S)")
PASS: tr_TR.UTF-8: wcstof32 (L"NAN(S)")
PASS: tr_TR.UTF-8: wcstof64 (L"NAN(S)")
PASS: tr_TR.UTF-8: wcstof128 (L"NAN(S)")
PASS: tr_TR.UTF-8: wcstof32x (L"NAN(S)")
PASS: tr_TR.UTF-8: wcstof64x (L"NAN(S)")
PASS: tr_TR.UTF-8: wcstof (L"NAN(s)")
PASS: tr_TR.UTF-8: wcstod (L"NAN(s)")
PASS: tr_TR.UTF-8: wcstold (L"NAN(s)")
PASS: tr_TR.UTF-8: wcstof32 (L"NAN(s)")
PASS: tr_TR.UTF-8: wcstof64 (L"NAN(s)")
PASS: tr_TR.UTF-8: wcstof128 (L"NAN(s)")
PASS: tr_TR.UTF-8: wcstof32x (L"NAN(s)")
PASS: tr_TR.UTF-8: wcstof64x (L"NAN(s)")
PASS: tr_TR.UTF-8: wcstof (L"NAN(T)")
PASS: tr_TR.UTF-8: wcstod (L"NAN(T)")
PASS: tr_TR.UTF-8: wcstold (L"NAN(T)")
PASS: tr_TR.UTF-8: wcstof32 (L"NAN(T)")
PASS: tr_TR.UTF-8: wcstof64 (L"NAN(T)")
PASS: tr_TR.UTF-8: wcstof128 (L"NAN(T)")
PASS: tr_TR.UTF-8: wcstof32x (L"NAN(T)")
PASS: tr_TR.UTF-8: wcstof64x (L"NAN(T)")
PASS: tr_TR.UTF-8: wcstof (L"NAN(t)")
PASS: tr_TR.UTF-8: wcstod (L"NAN(t)")
PASS: tr_TR.UTF-8: wcstold (L"NAN(t)")
PASS: tr_TR.UTF-8: wcstof32 (L"NAN(t)")
PASS: tr_TR.UTF-8: wcstof64 (L"NAN(t)")
PASS: tr_TR.UTF-8: wcstof128 (L"NAN(t)")
PASS: tr_TR.UTF-8: wcstof32x (L"NAN(t)")
PASS: tr_TR.UTF-8: wcstof64x (L"NAN(t)")
PASS: tr_TR.UTF-8: wcstof (L"NAN(U)")
PASS: tr_TR.UTF-8: wcstod (L"NAN(U)")
PASS: tr_TR.UTF-8: wcstold (L"NAN(U)")
PASS: tr_TR.UTF-8: wcstof32 (L"NAN(U)")
PASS: tr_TR.UTF-8: wcstof64 (L"NAN(U)")
PASS: tr_TR.UTF-8: wcstof128 (L"NAN(U)")
PASS: tr_TR.UTF-8: wcstof32x (L"NAN(U)")
PASS: tr_TR.UTF-8: wcstof64x (L"NAN(U)")
PASS: tr_TR.UTF-8: wcstof (L"NAN(u)")
PASS: tr_TR.UTF-8: wcstod (L"NAN(u)")
PASS: tr_TR.UTF-8: wcstold (L"NAN(u)")
PASS: tr_TR.UTF-8: wcstof32 (L"NAN(u)")
PASS: tr_TR.UTF-8: wcstof64 (L"NAN(u)")
PASS: tr_TR.UTF-8: wcstof128 (L"NAN(u)")
PASS: tr_TR.UTF-8: wcstof32x (L"NAN(u)")
PASS: tr_TR.UTF-8: wcstof64x (L"NAN(u)")
PASS: tr_TR.UTF-8: wcstof (L"NAN(V)")
PASS: tr_TR.UTF-8: wcstod (L"NAN(V)")
PASS: tr_TR.UTF-8: wcstold (L"NAN(V)")
PASS: tr_TR.UTF-8: wcstof32 (L"NAN(V)")
PASS: tr_TR.UTF-8: wcstof64 (L"NAN(V)")
PASS: tr_TR.UTF-8: wcstof128 (L"NAN(V)")
PASS: tr_TR.UTF-8: wcstof32x (L"NAN(V)")
PASS: tr_TR.UTF-8: wcstof64x (L"NAN(V)")
PASS: tr_TR.UTF-8: wcstof (L"NAN(v)")
PASS: tr_TR.UTF-8: wcstod (L"NAN(v)")
PASS: tr_TR.UTF-8: wcstold (L"NAN(v)")
PASS: tr_TR.UTF-8: wcstof32 (L"NAN(v)")
PASS: tr_TR.UTF-8: wcstof64 (L"NAN(v)")
PASS: tr_TR.UTF-8: wcstof128 (L"NAN(v)")
PASS: tr_TR.UTF-8: wcstof32x (L"NAN(v)")
PASS: tr_TR.UTF-8: wcstof64x (L"NAN(v)")
PASS: tr_TR.UTF-8: wcstof (L"NAN(W)")
PASS: tr_TR.UTF-8: wcstod (L"NAN(W)")
PASS: tr_TR.UTF-8: wcstold (L"NAN(W)")
PASS: tr_TR.UTF-8: wcstof32 (L"NAN(W)")
PASS: tr_TR.UTF-8: wcstof64 (L"NAN(W)")
PASS: tr_TR.UTF-8: wcstof128 (L"NAN(W)")
PASS: tr_TR.UTF-8: wcstof32x (L"NAN(W)")
PASS: tr_TR.UTF-8: wcstof64x (L"NAN(W)")
PASS: tr_TR.UTF-8: wcstof (L"NAN(w)")
PASS: tr_TR.UTF-8: wcstod (L"NAN(w)")
PASS: tr_TR.UTF-8: wcstold (L"NAN(w)")
PASS: tr_TR.UTF-8: wcstof32 (L"NAN(w)")
PASS: tr_TR.UTF-8: wcstof64 (L"NAN(w)")
PASS: tr_TR.UTF-8: wcstof128 (L"NAN(w)")
PASS: tr_TR.UTF-8: wcstof32x (L"NAN(w)")
PASS: tr_TR.UTF-8: wcstof64x (L"NAN(w)")
PASS: tr_TR.UTF-8: wcstof (L"NAN(X)")
PASS: tr_TR.UTF-8: wcstod (L"NAN(X)")
PASS: tr_TR.UTF-8: wcstold (L"NAN(X)")
PASS: tr_TR.UTF-8: wcstof32 (L"NAN(X)")
PASS: tr_TR.UTF-8: wcstof64 (L"NAN(X)")
PASS: tr_TR.UTF-8: wcstof128 (L"NAN(X)")
PASS: tr_TR.UTF-8: wcstof32x (L"NAN(X)")
PASS: tr_TR.UTF-8: wcstof64x (L"NAN(X)")
PASS: tr_TR.UTF-8: wcstof (L"NAN(x)")
PASS: tr_TR.UTF-8: wcstod (L"NAN(x)")
PASS: tr_TR.UTF-8: wcstold (L"NAN(x)")
PASS: tr_TR.UTF-8: wcstof32 (L"NAN(x)")
PASS: tr_TR.UTF-8: wcstof64 (L"NAN(x)")
PASS: tr_TR.UTF-8: wcstof128 (L"NAN(x)")
PASS: tr_TR.UTF-8: wcstof32x (L"NAN(x)")
PASS: tr_TR.UTF-8: wcstof64x (L"NAN(x)")
PASS: tr_TR.UTF-8: wcstof (L"NAN(Y)")
PASS: tr_TR.UTF-8: wcstod (L"NAN(Y)")
PASS: tr_TR.UTF-8: wcstold (L"NAN(Y)")
PASS: tr_TR.UTF-8: wcstof32 (L"NAN(Y)")
PASS: tr_TR.UTF-8: wcstof64 (L"NAN(Y)")
PASS: tr_TR.UTF-8: wcstof128 (L"NAN(Y)")
PASS: tr_TR.UTF-8: wcstof32x (L"NAN(Y)")
PASS: tr_TR.UTF-8: wcstof64x (L"NAN(Y)")
PASS: tr_TR.UTF-8: wcstof (L"NAN(y)")
PASS: tr_TR.UTF-8: wcstod (L"NAN(y)")
PASS: tr_TR.UTF-8: wcstold (L"NAN(y)")
PASS: tr_TR.UTF-8: wcstof32 (L"NAN(y)")
PASS: tr_TR.UTF-8: wcstof64 (L"NAN(y)")
PASS: tr_TR.UTF-8: wcstof128 (L"NAN(y)")
PASS: tr_TR.UTF-8: wcstof32x (L"NAN(y)")
PASS: tr_TR.UTF-8: wcstof64x (L"NAN(y)")
PASS: tr_TR.UTF-8: wcstof (L"NAN(Z)")
PASS: tr_TR.UTF-8: wcstod (L"NAN(Z)")
PASS: tr_TR.UTF-8: wcstold (L"NAN(Z)")
PASS: tr_TR.UTF-8: wcstof32 (L"NAN(Z)")
PASS: tr_TR.UTF-8: wcstof64 (L"NAN(Z)")
PASS: tr_TR.UTF-8: wcstof128 (L"NAN(Z)")
PASS: tr_TR.UTF-8: wcstof32x (L"NAN(Z)")
PASS: tr_TR.UTF-8: wcstof64x (L"NAN(Z)")
PASS: tr_TR.UTF-8: wcstof (L"NAN(z)")
PASS: tr_TR.UTF-8: wcstod (L"NAN(z)")
PASS: tr_TR.UTF-8: wcstold (L"NAN(z)")
PASS: tr_TR.UTF-8: wcstof32 (L"NAN(z)")
PASS: tr_TR.UTF-8: wcstof64 (L"NAN(z)")
PASS: tr_TR.UTF-8: wcstof128 (L"NAN(z)")
PASS: tr_TR.UTF-8: wcstof32x (L"NAN(z)")
PASS: tr_TR.UTF-8: wcstof64x (L"NAN(z)")
PASS: tr_TR.ISO-8859-9: wcstof (L"NAN(A)")
PASS: tr_TR.ISO-8859-9: wcstod (L"NAN(A)")
PASS: tr_TR.ISO-8859-9: wcstold (L"NAN(A)")
PASS: tr_TR.ISO-8859-9: wcstof32 (L"NAN(A)")
PASS: tr_TR.ISO-8859-9: wcstof64 (L"NAN(A)")
PASS: tr_TR.ISO-8859-9: wcstof128 (L"NAN(A)")
PASS: tr_TR.ISO-8859-9: wcstof32x (L"NAN(A)")
PASS: tr_TR.ISO-8859-9: wcstof64x (L"NAN(A)")
PASS: tr_TR.ISO-8859-9: wcstof (L"NAN(a)")
PASS: tr_TR.ISO-8859-9: wcstod (L"NAN(a)")
PASS: tr_TR.ISO-8859-9: wcstold (L"NAN(a)")
PASS: tr_TR.ISO-8859-9: wcstof32 (L"NAN(a)")
PASS: tr_TR.ISO-8859-9: wcstof64 (L"NAN(a)")
PASS: tr_TR.ISO-8859-9: wcstof128 (L"NAN(a)")
PASS: tr_TR.ISO-8859-9: wcstof32x (L"NAN(a)")
PASS: tr_TR.ISO-8859-9: wcstof64x (L"NAN(a)")
PASS: tr_TR.ISO-8859-9: wcstof (L"NAN(B)")
PASS: tr_TR.ISO-8859-9: wcstod (L"NAN(B)")
PASS: tr_TR.ISO-8859-9: wcstold (L"NAN(B)")
PASS: tr_TR.ISO-8859-9: wcstof32 (L"NAN(B)")
PASS: tr_TR.ISO-8859-9: wcstof64 (L"NAN(B)")
PASS: tr_TR.ISO-8859-9: wcstof128 (L"NAN(B)")
PASS: tr_TR.ISO-8859-9: wcstof32x (L"NAN(B)")
PASS: tr_TR.ISO-8859-9: wcstof64x (L"NAN(B)")
PASS: tr_TR.ISO-8859-9: wcstof (L"NAN(b)")
PASS: tr_TR.ISO-8859-9: wcstod (L"NAN(b)")
PASS: tr_TR.ISO-8859-9: wcstold (L"NAN(b)")
PASS: tr_TR.ISO-8859-9: wcstof32 (L"NAN(b)")
PASS: tr_TR.ISO-8859-9: wcstof64 (L"NAN(b)")
PASS: tr_TR.ISO-8859-9: wcstof128 (L"NAN(b)")
PASS: tr_TR.ISO-8859-9: wcstof32x (L"NAN(b)")
PASS: tr_TR.ISO-8859-9: wcstof64x (L"NAN(b)")
PASS: tr_TR.ISO-8859-9: wcstof (L"NAN(C)")
PASS: tr_TR.ISO-8859-9: wcstod (L"NAN(C)")
PASS: tr_TR.ISO-8859-9: wcstold (L"NAN(C)")
PASS: tr_TR.ISO-8859-9: wcstof32 (L"NAN(C)")
PASS: tr_TR.ISO-8859-9: wcstof64 (L"NAN(C)")
PASS: tr_TR.ISO-8859-9: wcstof128 (L"NAN(C)")
PASS: tr_TR.ISO-8859-9: wcstof32x (L"NAN(C)")
PASS: tr_TR.ISO-8859-9: wcstof64x (L"NAN(C)")
PASS: tr_TR.ISO-8859-9: wcstof (L"NAN(c)")
PASS: tr_TR.ISO-8859-9: wcstod (L"NAN(c)")
PASS: tr_TR.ISO-8859-9: wcstold (L"NAN(c)")
PASS: tr_TR.ISO-8859-9: wcstof32 (L"NAN(c)")
PASS: tr_TR.ISO-8859-9: wcstof64 (L"NAN(c)")
PASS: tr_TR.ISO-8859-9: wcstof128 (L"NAN(c)")
PASS: tr_TR.ISO-8859-9: wcstof32x (L"NAN(c)")
PASS: tr_TR.ISO-8859-9: wcstof64x (L"NAN(c)")
PASS: tr_TR.ISO-8859-9: wcstof (L"NAN(D)")
PASS: tr_TR.ISO-8859-9: wcstod (L"NAN(D)")
PASS: tr_TR.ISO-8859-9: wcstold (L"NAN(D)")
PASS: tr_TR.ISO-8859-9: wcstof32 (L"NAN(D)")
PASS: tr_TR.ISO-8859-9: wcstof64 (L"NAN(D)")
PASS: tr_TR.ISO-8859-9: wcstof128 (L"NAN(D)")
PASS: tr_TR.ISO-8859-9: wcstof32x (L"NAN(D)")
PASS: tr_TR.ISO-8859-9: wcstof64x (L"NAN(D)")
PASS: tr_TR.ISO-8859-9: wcstof (L"NAN(d)")
PASS: tr_TR.ISO-8859-9: wcstod (L"NAN(d)")
PASS: tr_TR.ISO-8859-9: wcstold (L"NAN(d)")
PASS: tr_TR.ISO-8859-9: wcstof32 (L"NAN(d)")
PASS: tr_TR.ISO-8859-9: wcstof64 (L"NAN(d)")
PASS: tr_TR.ISO-8859-9: wcstof128 (L"NAN(d)")
PASS: tr_TR.ISO-8859-9: wcstof32x (L"NAN(d)")
PASS: tr_TR.ISO-8859-9: wcstof64x (L"NAN(d)")
PASS: tr_TR.ISO-8859-9: wcstof (L"NAN(E)")
PASS: tr_TR.ISO-8859-9: wcstod (L"NAN(E)")
PASS: tr_TR.ISO-8859-9: wcstold (L"NAN(E)")
PASS: tr_TR.ISO-8859-9: wcstof32 (L"NAN(E)")
PASS: tr_TR.ISO-8859-9: wcstof64 (L"NAN(E)")
PASS: tr_TR.ISO-8859-9: wcstof128 (L"NAN(E)")
PASS: tr_TR.ISO-8859-9: wcstof32x (L"NAN(E)")
PASS: tr_TR.ISO-8859-9: wcstof64x (L"NAN(E)")
PASS: tr_TR.ISO-8859-9: wcstof (L"NAN(e)")
PASS: tr_TR.ISO-8859-9: wcstod (L"NAN(e)")
PASS: tr_TR.ISO-8859-9: wcstold (L"NAN(e)")
PASS: tr_TR.ISO-8859-9: wcstof32 (L"NAN(e)")
PASS: tr_TR.ISO-8859-9: wcstof64 (L"NAN(e)")
PASS: tr_TR.ISO-8859-9: wcstof128 (L"NAN(e)")
PASS: tr_TR.ISO-8859-9: wcstof32x (L"NAN(e)")
PASS: tr_TR.ISO-8859-9: wcstof64x (L"NAN(e)")
PASS: tr_TR.ISO-8859-9: wcstof (L"NAN(F)")
PASS: tr_TR.ISO-8859-9: wcstod (L"NAN(F)")
PASS: tr_TR.ISO-8859-9: wcstold (L"NAN(F)")
PASS: tr_TR.ISO-8859-9: wcstof32 (L"NAN(F)")
PASS: tr_TR.ISO-8859-9: wcstof64 (L"NAN(F)")
PASS: tr_TR.ISO-8859-9: wcstof128 (L"NAN(F)")
PASS: tr_TR.ISO-8859-9: wcstof32x (L"NAN(F)")
PASS: tr_TR.ISO-8859-9: wcstof64x (L"NAN(F)")
PASS: tr_TR.ISO-8859-9: wcstof (L"NAN(f)")
PASS: tr_TR.ISO-8859-9: wcstod (L"NAN(f)")
PASS: tr_TR.ISO-8859-9: wcstold (L"NAN(f)")
PASS: tr_TR.ISO-8859-9: wcstof32 (L"NAN(f)")
PASS: tr_TR.ISO-8859-9: wcstof64 (L"NAN(f)")
PASS: tr_TR.ISO-8859-9: wcstof128 (L"NAN(f)")
PASS: tr_TR.ISO-8859-9: wcstof32x (L"NAN(f)")
PASS: tr_TR.ISO-8859-9: wcstof64x (L"NAN(f)")
PASS: tr_TR.ISO-8859-9: wcstof (L"NAN(G)")
PASS: tr_TR.ISO-8859-9: wcstod (L"NAN(G)")
PASS: tr_TR.ISO-8859-9: wcstold (L"NAN(G)")
PASS: tr_TR.ISO-8859-9: wcstof32 (L"NAN(G)")
PASS: tr_TR.ISO-8859-9: wcstof64 (L"NAN(G)")
PASS: tr_TR.ISO-8859-9: wcstof128 (L"NAN(G)")
PASS: tr_TR.ISO-8859-9: wcstof32x (L"NAN(G)")
PASS: tr_TR.ISO-8859-9: wcstof64x (L"NAN(G)")
PASS: tr_TR.ISO-8859-9: wcstof (L"NAN(g)")
PASS: tr_TR.ISO-8859-9: wcstod (L"NAN(g)")
PASS: tr_TR.ISO-8859-9: wcstold (L"NAN(g)")
PASS: tr_TR.ISO-8859-9: wcstof32 (L"NAN(g)")
PASS: tr_TR.ISO-8859-9: wcstof64 (L"NAN(g)")
PASS: tr_TR.ISO-8859-9: wcstof128 (L"NAN(g)")
PASS: tr_TR.ISO-8859-9: wcstof32x (L"NAN(g)")
PASS: tr_TR.ISO-8859-9: wcstof64x (L"NAN(g)")
PASS: tr_TR.ISO-8859-9: wcstof (L"NAN(H)")
PASS: tr_TR.ISO-8859-9: wcstod (L"NAN(H)")
PASS: tr_TR.ISO-8859-9: wcstold (L"NAN(H)")
PASS: tr_TR.ISO-8859-9: wcstof32 (L"NAN(H)")
PASS: tr_TR.ISO-8859-9: wcstof64 (L"NAN(H)")
PASS: tr_TR.ISO-8859-9: wcstof128 (L"NAN(H)")
PASS: tr_TR.ISO-8859-9: wcstof32x (L"NAN(H)")
PASS: tr_TR.ISO-8859-9: wcstof64x (L"NAN(H)")
PASS: tr_TR.ISO-8859-9: wcstof (L"NAN(h)")
PASS: tr_TR.ISO-8859-9: wcstod (L"NAN(h)")
PASS: tr_TR.ISO-8859-9: wcstold (L"NAN(h)")
PASS: tr_TR.ISO-8859-9: wcstof32 (L"NAN(h)")
PASS: tr_TR.ISO-8859-9: wcstof64 (L"NAN(h)")
PASS: tr_TR.ISO-8859-9: wcstof128 (L"NAN(h)")
PASS: tr_TR.ISO-8859-9: wcstof32x (L"NAN(h)")
PASS: tr_TR.ISO-8859-9: wcstof64x (L"NAN(h)")
PASS: tr_TR.ISO-8859-9: wcstof (L"NAN(I)")
PASS: tr_TR.ISO-8859-9: wcstod (L"NAN(I)")
PASS: tr_TR.ISO-8859-9: wcstold (L"NAN(I)")
PASS: tr_TR.ISO-8859-9: wcstof32 (L"NAN(I)")
PASS: tr_TR.ISO-8859-9: wcstof64 (L"NAN(I)")
PASS: tr_TR.ISO-8859-9: wcstof128 (L"NAN(I)")
PASS: tr_TR.ISO-8859-9: wcstof32x (L"NAN(I)")
PASS: tr_TR.ISO-8859-9: wcstof64x (L"NAN(I)")
PASS: tr_TR.ISO-8859-9: wcstof (L"NAN(i)")
PASS: tr_TR.ISO-8859-9: wcstod (L"NAN(i)")
PASS: tr_TR.ISO-8859-9: wcstold (L"NAN(i)")
PASS: tr_TR.ISO-8859-9: wcstof32 (L"NAN(i)")
PASS: tr_TR.ISO-8859-9: wcstof64 (L"NAN(i)")
PASS: tr_TR.ISO-8859-9: wcstof128 (L"NAN(i)")
PASS: tr_TR.ISO-8859-9: wcstof32x (L"NAN(i)")
PASS: tr_TR.ISO-8859-9: wcstof64x (L"NAN(i)")
PASS: tr_TR.ISO-8859-9: wcstof (L"NAN(J)")
PASS: tr_TR.ISO-8859-9: wcstod (L"NAN(J)")
PASS: tr_TR.ISO-8859-9: wcstold (L"NAN(J)")
PASS: tr_TR.ISO-8859-9: wcstof32 (L"NAN(J)")
PASS: tr_TR.ISO-8859-9: wcstof64 (L"NAN(J)")
PASS: tr_TR.ISO-8859-9: wcstof128 (L"NAN(J)")
PASS: tr_TR.ISO-8859-9: wcstof32x (L"NAN(J)")
PASS: tr_TR.ISO-8859-9: wcstof64x (L"NAN(J)")
PASS: tr_TR.ISO-8859-9: wcstof (L"NAN(j)")
PASS: tr_TR.ISO-8859-9: wcstod (L"NAN(j)")
PASS: tr_TR.ISO-8859-9: wcstold (L"NAN(j)")
PASS: tr_TR.ISO-8859-9: wcstof32 (L"NAN(j)")
PASS: tr_TR.ISO-8859-9: wcstof64 (L"NAN(j)")
PASS: tr_TR.ISO-8859-9: wcstof128 (L"NAN(j)")
PASS: tr_TR.ISO-8859-9: wcstof32x (L"NAN(j)")
PASS: tr_TR.ISO-8859-9: wcstof64x (L"NAN(j)")
PASS: tr_TR.ISO-8859-9: wcstof (L"NAN(K)")
PASS: tr_TR.ISO-8859-9: wcstod (L"NAN(K)")
PASS: tr_TR.ISO-8859-9: wcstold (L"NAN(K)")
PASS: tr_TR.ISO-8859-9: wcstof32 (L"NAN(K)")
PASS: tr_TR.ISO-8859-9: wcstof64 (L"NAN(K)")
PASS: tr_TR.ISO-8859-9: wcstof128 (L"NAN(K)")
PASS: tr_TR.ISO-8859-9: wcstof32x (L"NAN(K)")
PASS: tr_TR.ISO-8859-9: wcstof64x (L"NAN(K)")
PASS: tr_TR.ISO-8859-9: wcstof (L"NAN(k)")
PASS: tr_TR.ISO-8859-9: wcstod (L"NAN(k)")
PASS: tr_TR.ISO-8859-9: wcstold (L"NAN(k)")
PASS: tr_TR.ISO-8859-9: wcstof32 (L"NAN(k)")
PASS: tr_TR.ISO-8859-9: wcstof64 (L"NAN(k)")
PASS: tr_TR.ISO-8859-9: wcstof128 (L"NAN(k)")
PASS: tr_TR.ISO-8859-9: wcstof32x (L"NAN(k)")
PASS: tr_TR.ISO-8859-9: wcstof64x (L"NAN(k)")
PASS: tr_TR.ISO-8859-9: wcstof (L"NAN(L)")
PASS: tr_TR.ISO-8859-9: wcstod (L"NAN(L)")
PASS: tr_TR.ISO-8859-9: wcstold (L"NAN(L)")
PASS: tr_TR.ISO-8859-9: wcstof32 (L"NAN(L)")
PASS: tr_TR.ISO-8859-9: wcstof64 (L"NAN(L)")
PASS: tr_TR.ISO-8859-9: wcstof128 (L"NAN(L)")
PASS: tr_TR.ISO-8859-9: wcstof32x (L"NAN(L)")
PASS: tr_TR.ISO-8859-9: wcstof64x (L"NAN(L)")
PASS: tr_TR.ISO-8859-9: wcstof (L"NAN(l)")
PASS: tr_TR.ISO-8859-9: wcstod (L"NAN(l)")
PASS: tr_TR.ISO-8859-9: wcstold (L"NAN(l)")
PASS: tr_TR.ISO-8859-9: wcstof32 (L"NAN(l)")
PASS: tr_TR.ISO-8859-9: wcstof64 (L"NAN(l)")
PASS: tr_TR.ISO-8859-9: wcstof128 (L"NAN(l)")
PASS: tr_TR.ISO-8859-9: wcstof32x (L"NAN(l)")
PASS: tr_TR.ISO-8859-9: wcstof64x (L"NAN(l)")
PASS: tr_TR.ISO-8859-9: wcstof (L"NAN(M)")
PASS: tr_TR.ISO-8859-9: wcstod (L"NAN(M)")
PASS: tr_TR.ISO-8859-9: wcstold (L"NAN(M)")
PASS: tr_TR.ISO-8859-9: wcstof32 (L"NAN(M)")
PASS: tr_TR.ISO-8859-9: wcstof64 (L"NAN(M)")
PASS: tr_TR.ISO-8859-9: wcstof128 (L"NAN(M)")
PASS: tr_TR.ISO-8859-9: wcstof32x (L"NAN(M)")
PASS: tr_TR.ISO-8859-9: wcstof64x (L"NAN(M)")
PASS: tr_TR.ISO-8859-9: wcstof (L"NAN(m)")
PASS: tr_TR.ISO-8859-9: wcstod (L"NAN(m)")
PASS: tr_TR.ISO-8859-9: wcstold (L"NAN(m)")
PASS: tr_TR.ISO-8859-9: wcstof32 (L"NAN(m)")
PASS: tr_TR.ISO-8859-9: wcstof64 (L"NAN(m)")
PASS: tr_TR.ISO-8859-9: wcstof128 (L"NAN(m)")
PASS: tr_TR.ISO-8859-9: wcstof32x (L"NAN(m)")
PASS: tr_TR.ISO-8859-9: wcstof64x (L"NAN(m)")
PASS: tr_TR.ISO-8859-9: wcstof (L"NAN(N)")
PASS: tr_TR.ISO-8859-9: wcstod (L"NAN(N)")
PASS: tr_TR.ISO-8859-9: wcstold (L"NAN(N)")
PASS: tr_TR.ISO-8859-9: wcstof32 (L"NAN(N)")
PASS: tr_TR.ISO-8859-9: wcstof64 (L"NAN(N)")
PASS: tr_TR.ISO-8859-9: wcstof128 (L"NAN(N)")
PASS: tr_TR.ISO-8859-9: wcstof32x (L"NAN(N)")
PASS: tr_TR.ISO-8859-9: wcstof64x (L"NAN(N)")
PASS: tr_TR.ISO-8859-9: wcstof (L"NAN(n)")
PASS: tr_TR.ISO-8859-9: wcstod (L"NAN(n)")
PASS: tr_TR.ISO-8859-9: wcstold (L"NAN(n)")
PASS: tr_TR.ISO-8859-9: wcstof32 (L"NAN(n)")
PASS: tr_TR.ISO-8859-9: wcstof64 (L"NAN(n)")
PASS: tr_TR.ISO-8859-9: wcstof128 (L"NAN(n)")
PASS: tr_TR.ISO-8859-9: wcstof32x (L"NAN(n)")
PASS: tr_TR.ISO-8859-9: wcstof64x (L"NAN(n)")
PASS: tr_TR.ISO-8859-9: wcstof (L"NAN(O)")
PASS: tr_TR.ISO-8859-9: wcstod (L"NAN(O)")
PASS: tr_TR.ISO-8859-9: wcstold (L"NAN(O)")
PASS: tr_TR.ISO-8859-9: wcstof32 (L"NAN(O)")
PASS: tr_TR.ISO-8859-9: wcstof64 (L"NAN(O)")
PASS: tr_TR.ISO-8859-9: wcstof128 (L"NAN(O)")
PASS: tr_TR.ISO-8859-9: wcstof32x (L"NAN(O)")
PASS: tr_TR.ISO-8859-9: wcstof64x (L"NAN(O)")
PASS: tr_TR.ISO-8859-9: wcstof (L"NAN(o)")
PASS: tr_TR.ISO-8859-9: wcstod (L"NAN(o)")
PASS: tr_TR.ISO-8859-9: wcstold (L"NAN(o)")
PASS: tr_TR.ISO-8859-9: wcstof32 (L"NAN(o)")
PASS: tr_TR.ISO-8859-9: wcstof64 (L"NAN(o)")
PASS: tr_TR.ISO-8859-9: wcstof128 (L"NAN(o)")
PASS: tr_TR.ISO-8859-9: wcstof32x (L"NAN(o)")
PASS: tr_TR.ISO-8859-9: wcstof64x (L"NAN(o)")
PASS: tr_TR.ISO-8859-9: wcstof (L"NAN(P)")
PASS: tr_TR.ISO-8859-9: wcstod (L"NAN(P)")
PASS: tr_TR.ISO-8859-9: wcstold (L"NAN(P)")
PASS: tr_TR.ISO-8859-9: wcstof32 (L"NAN(P)")
PASS: tr_TR.ISO-8859-9: wcstof64 (L"NAN(P)")
PASS: tr_TR.ISO-8859-9: wcstof128 (L"NAN(P)")
PASS: tr_TR.ISO-8859-9: wcstof32x (L"NAN(P)")
PASS: tr_TR.ISO-8859-9: wcstof64x (L"NAN(P)")
PASS: tr_TR.ISO-8859-9: wcstof (L"NAN(p)")
PASS: tr_TR.ISO-8859-9: wcstod (L"NAN(p)")
PASS: tr_TR.ISO-8859-9: wcstold (L"NAN(p)")
PASS: tr_TR.ISO-8859-9: wcstof32 (L"NAN(p)")
PASS: tr_TR.ISO-8859-9: wcstof64 (L"NAN(p)")
PASS: tr_TR.ISO-8859-9: wcstof128 (L"NAN(p)")
PASS: tr_TR.ISO-8859-9: wcstof32x (L"NAN(p)")
PASS: tr_TR.ISO-8859-9: wcstof64x (L"NAN(p)")
PASS: tr_TR.ISO-8859-9: wcstof (L"NAN(Q)")
PASS: tr_TR.ISO-8859-9: wcstod (L"NAN(Q)")
PASS: tr_TR.ISO-8859-9: wcstold (L"NAN(Q)")
PASS: tr_TR.ISO-8859-9: wcstof32 (L"NAN(Q)")
PASS: tr_TR.ISO-8859-9: wcstof64 (L"NAN(Q)")
PASS: tr_TR.ISO-8859-9: wcstof128 (L"NAN(Q)")
PASS: tr_TR.ISO-8859-9: wcstof32x (L"NAN(Q)")
PASS: tr_TR.ISO-8859-9: wcstof64x (L"NAN(Q)")
PASS: tr_TR.ISO-8859-9: wcstof (L"NAN(q)")
PASS: tr_TR.ISO-8859-9: wcstod (L"NAN(q)")
PASS: tr_TR.ISO-8859-9: wcstold (L"NAN(q)")
PASS: tr_TR.ISO-8859-9: wcstof32 (L"NAN(q)")
PASS: tr_TR.ISO-8859-9: wcstof64 (L"NAN(q)")
PASS: tr_TR.ISO-8859-9: wcstof128 (L"NAN(q)")
PASS: tr_TR.ISO-8859-9: wcstof32x (L"NAN(q)")
PASS: tr_TR.ISO-8859-9: wcstof64x (L"NAN(q)")
PASS: tr_TR.ISO-8859-9: wcstof (L"NAN(R)")
PASS: tr_TR.ISO-8859-9: wcstod (L"NAN(R)")
PASS: tr_TR.ISO-8859-9: wcstold (L"NAN(R)")
PASS: tr_TR.ISO-8859-9: wcstof32 (L"NAN(R)")
PASS: tr_TR.ISO-8859-9: wcstof64 (L"NAN(R)")
PASS: tr_TR.ISO-8859-9: wcstof128 (L"NAN(R)")
PASS: tr_TR.ISO-8859-9: wcstof32x (L"NAN(R)")
PASS: tr_TR.ISO-8859-9: wcstof64x (L"NAN(R)")
PASS: tr_TR.ISO-8859-9: wcstof (L"NAN(r)")
PASS: tr_TR.ISO-8859-9: wcstod (L"NAN(r)")
PASS: tr_TR.ISO-8859-9: wcstold (L"NAN(r)")
PASS: tr_TR.ISO-8859-9: wcstof32 (L"NAN(r)")
PASS: tr_TR.ISO-8859-9: wcstof64 (L"NAN(r)")
PASS: tr_TR.ISO-8859-9: wcstof128 (L"NAN(r)")
PASS: tr_TR.ISO-8859-9: wcstof32x (L"NAN(r)")
PASS: tr_TR.ISO-8859-9: wcstof64x (L"NAN(r)")
PASS: tr_TR.ISO-8859-9: wcstof (L"NAN(S)")
PASS: tr_TR.ISO-8859-9: wcstod (L"NAN(S)")
PASS: tr_TR.ISO-8859-9: wcstold (L"NAN(S)")
PASS: tr_TR.ISO-8859-9: wcstof32 (L"NAN(S)")
PASS: tr_TR.ISO-8859-9: wcstof64 (L"NAN(S)")
PASS: tr_TR.ISO-8859-9: wcstof128 (L"NAN(S)")
PASS: tr_TR.ISO-8859-9: wcstof32x (L"NAN(S)")
PASS: tr_TR.ISO-8859-9: wcstof64x (L"NAN(S)")
PASS: tr_TR.ISO-8859-9: wcstof (L"NAN(s)")
PASS: tr_TR.ISO-8859-9: wcstod (L"NAN(s)")
PASS: tr_TR.ISO-8859-9: wcstold (L"NAN(s)")
PASS: tr_TR.ISO-8859-9: wcstof32 (L"NAN(s)")
PASS: tr_TR.ISO-8859-9: wcstof64 (L"NAN(s)")
PASS: tr_TR.ISO-8859-9: wcstof128 (L"NAN(s)")
PASS: tr_TR.ISO-8859-9: wcstof32x (L"NAN(s)")
PASS: tr_TR.ISO-8859-9: wcstof64x (L"NAN(s)")
PASS: tr_TR.ISO-8859-9: wcstof (L"NAN(T)")
PASS: tr_TR.ISO-8859-9: wcstod (L"NAN(T)")
PASS: tr_TR.ISO-8859-9: wcstold (L"NAN(T)")
PASS: tr_TR.ISO-8859-9: wcstof32 (L"NAN(T)")
PASS: tr_TR.ISO-8859-9: wcstof64 (L"NAN(T)")
PASS: tr_TR.ISO-8859-9: wcstof128 (L"NAN(T)")
PASS: tr_TR.ISO-8859-9: wcstof32x (L"NAN(T)")
PASS: tr_TR.ISO-8859-9: wcstof64x (L"NAN(T)")
PASS: tr_TR.ISO-8859-9: wcstof (L"NAN(t)")
PASS: tr_TR.ISO-8859-9: wcstod (L"NAN(t)")
PASS: tr_TR.ISO-8859-9: wcstold (L"NAN(t)")
PASS: tr_TR.ISO-8859-9: wcstof32 (L"NAN(t)")
PASS: tr_TR.ISO-8859-9: wcstof64 (L"NAN(t)")
PASS: tr_TR.ISO-8859-9: wcstof128 (L"NAN(t)")
PASS: tr_TR.ISO-8859-9: wcstof32x (L"NAN(t)")
PASS: tr_TR.ISO-8859-9: wcstof64x (L"NAN(t)")
PASS: tr_TR.ISO-8859-9: wcstof (L"NAN(U)")
PASS: tr_TR.ISO-8859-9: wcstod (L"NAN(U)")
PASS: tr_TR.ISO-8859-9: wcstold (L"NAN(U)")
PASS: tr_TR.ISO-8859-9: wcstof32 (L"NAN(U)")
PASS: tr_TR.ISO-8859-9: wcstof64 (L"NAN(U)")
PASS: tr_TR.ISO-8859-9: wcstof128 (L"NAN(U)")
PASS: tr_TR.ISO-8859-9: wcstof32x (L"NAN(U)")
PASS: tr_TR.ISO-8859-9: wcstof64x (L"NAN(U)")
PASS: tr_TR.ISO-8859-9: wcstof (L"NAN(u)")
PASS: tr_TR.ISO-8859-9: wcstod (L"NAN(u)")
PASS: tr_TR.ISO-8859-9: wcstold (L"NAN(u)")
PASS: tr_TR.ISO-8859-9: wcstof32 (L"NAN(u)")
PASS: tr_TR.ISO-8859-9: wcstof64 (L"NAN(u)")
PASS: tr_TR.ISO-8859-9: wcstof128 (L"NAN(u)")
PASS: tr_TR.ISO-8859-9: wcstof32x (L"NAN(u)")
PASS: tr_TR.ISO-8859-9: wcstof64x (L"NAN(u)")
PASS: tr_TR.ISO-8859-9: wcstof (L"NAN(V)")
PASS: tr_TR.ISO-8859-9: wcstod (L"NAN(V)")
PASS: tr_TR.ISO-8859-9: wcstold (L"NAN(V)")
PASS: tr_TR.ISO-8859-9: wcstof32 (L"NAN(V)")
PASS: tr_TR.ISO-8859-9: wcstof64 (L"NAN(V)")
PASS: tr_TR.ISO-8859-9: wcstof128 (L"NAN(V)")
PASS: tr_TR.ISO-8859-9: wcstof32x (L"NAN(V)")
PASS: tr_TR.ISO-8859-9: wcstof64x (L"NAN(V)")
PASS: tr_TR.ISO-8859-9: wcstof (L"NAN(v)")
PASS: tr_TR.ISO-8859-9: wcstod (L"NAN(v)")
PASS: tr_TR.ISO-8859-9: wcstold (L"NAN(v)")
PASS: tr_TR.ISO-8859-9: wcstof32 (L"NAN(v)")
PASS: tr_TR.ISO-8859-9: wcstof64 (L"NAN(v)")
PASS: tr_TR.ISO-8859-9: wcstof128 (L"NAN(v)")
PASS: tr_TR.ISO-8859-9: wcstof32x (L"NAN(v)")
PASS: tr_TR.ISO-8859-9: wcstof64x (L"NAN(v)")
PASS: tr_TR.ISO-8859-9: wcstof (L"NAN(W)")
PASS: tr_TR.ISO-8859-9: wcstod (L"NAN(W)")
PASS: tr_TR.ISO-8859-9: wcstold (L"NAN(W)")
PASS: tr_TR.ISO-8859-9: wcstof32 (L"NAN(W)")
PASS: tr_TR.ISO-8859-9: wcstof64 (L"NAN(W)")
PASS: tr_TR.ISO-8859-9: wcstof128 (L"NAN(W)")
PASS: tr_TR.ISO-8859-9: wcstof32x (L"NAN(W)")
PASS: tr_TR.ISO-8859-9: wcstof64x (L"NAN(W)")
PASS: tr_TR.ISO-8859-9: wcstof (L"NAN(w)")
PASS: tr_TR.ISO-8859-9: wcstod (L"NAN(w)")
PASS: tr_TR.ISO-8859-9: wcstold (L"NAN(w)")
PASS: tr_TR.ISO-8859-9: wcstof32 (L"NAN(w)")
PASS: tr_TR.ISO-8859-9: wcstof64 (L"NAN(w)")
PASS: tr_TR.ISO-8859-9: wcstof128 (L"NAN(w)")
PASS: tr_TR.ISO-8859-9: wcstof32x (L"NAN(w)")
PASS: tr_TR.ISO-8859-9: wcstof64x (L"NAN(w)")
PASS: tr_TR.ISO-8859-9: wcstof (L"NAN(X)")
PASS: tr_TR.ISO-8859-9: wcstod (L"NAN(X)")
PASS: tr_TR.ISO-8859-9: wcstold (L"NAN(X)")
PASS: tr_TR.ISO-8859-9: wcstof32 (L"NAN(X)")
PASS: tr_TR.ISO-8859-9: wcstof64 (L"NAN(X)")
PASS: tr_TR.ISO-8859-9: wcstof128 (L"NAN(X)")
PASS: tr_TR.ISO-8859-9: wcstof32x (L"NAN(X)")
PASS: tr_TR.ISO-8859-9: wcstof64x (L"NAN(X)")
PASS: tr_TR.ISO-8859-9: wcstof (L"NAN(x)")
PASS: tr_TR.ISO-8859-9: wcstod (L"NAN(x)")
PASS: tr_TR.ISO-8859-9: wcstold (L"NAN(x)")
PASS: tr_TR.ISO-8859-9: wcstof32 (L"NAN(x)")
PASS: tr_TR.ISO-8859-9: wcstof64 (L"NAN(x)")
PASS: tr_TR.ISO-8859-9: wcstof128 (L"NAN(x)")
PASS: tr_TR.ISO-8859-9: wcstof32x (L"NAN(x)")
PASS: tr_TR.ISO-8859-9: wcstof64x (L"NAN(x)")
PASS: tr_TR.ISO-8859-9: wcstof (L"NAN(Y)")
PASS: tr_TR.ISO-8859-9: wcstod (L"NAN(Y)")
PASS: tr_TR.ISO-8859-9: wcstold (L"NAN(Y)")
PASS: tr_TR.ISO-8859-9: wcstof32 (L"NAN(Y)")
PASS: tr_TR.ISO-8859-9: wcstof64 (L"NAN(Y)")
PASS: tr_TR.ISO-8859-9: wcstof128 (L"NAN(Y)")
PASS: tr_TR.ISO-8859-9: wcstof32x (L"NAN(Y)")
PASS: tr_TR.ISO-8859-9: wcstof64x (L"NAN(Y)")
PASS: tr_TR.ISO-8859-9: wcstof (L"NAN(y)")
PASS: tr_TR.ISO-8859-9: wcstod (L"NAN(y)")
PASS: tr_TR.ISO-8859-9: wcstold (L"NAN(y)")
PASS: tr_TR.ISO-8859-9: wcstof32 (L"NAN(y)")
PASS: tr_TR.ISO-8859-9: wcstof64 (L"NAN(y)")
PASS: tr_TR.ISO-8859-9: wcstof128 (L"NAN(y)")
PASS: tr_TR.ISO-8859-9: wcstof32x (L"NAN(y)")
PASS: tr_TR.ISO-8859-9: wcstof64x (L"NAN(y)")
PASS: tr_TR.ISO-8859-9: wcstof (L"NAN(Z)")
PASS: tr_TR.ISO-8859-9: wcstod (L"NAN(Z)")
PASS: tr_TR.ISO-8859-9: wcstold (L"NAN(Z)")
PASS: tr_TR.ISO-8859-9: wcstof32 (L"NAN(Z)")
PASS: tr_TR.ISO-8859-9: wcstof64 (L"NAN(Z)")
PASS: tr_TR.ISO-8859-9: wcstof128 (L"NAN(Z)")
PASS: tr_TR.ISO-8859-9: wcstof32x (L"NAN(Z)")
PASS: tr_TR.ISO-8859-9: wcstof64x (L"NAN(Z)")
PASS: tr_TR.ISO-8859-9: wcstof (L"NAN(z)")
PASS: tr_TR.ISO-8859-9: wcstod (L"NAN(z)")
PASS: tr_TR.ISO-8859-9: wcstold (L"NAN(z)")
PASS: tr_TR.ISO-8859-9: wcstof32 (L"NAN(z)")
PASS: tr_TR.ISO-8859-9: wcstof64 (L"NAN(z)")
PASS: tr_TR.ISO-8859-9: wcstof128 (L"NAN(z)")
PASS: tr_TR.ISO-8859-9: wcstof32x (L"NAN(z)")
PASS: tr_TR.ISO-8859-9: wcstof64x (L"NAN(z)")
