getconf AIO_LISTIO_MAX: undefined
getconf AIO_MAX: undefined
getconf AIO_PRIO_DELTA_MAX: 20
getconf ARG_MAX: 2097152
getconf ATEXIT_MAX: 2147483647
getconf BC_BASE_MAX: 99
getconf BC_DIM_MAX: 2048
getconf BC_SCALE_MAX: 99
getconf BC_STRING_MAX: 1000
getconf CHILD_MAX: 30842
getconf COLL_WEIGHTS_MAX: 255
getconf DELAYTIMER_MAX: 2147483647
getconf EXPR_NEST_MAX: 32
getconf HOST_NAME_MAX: 64
getconf IOV_MAX: 1024
getconf LINE_MAX: 2048
getconf LOGIN_NAME_MAX: 256
getconf NGROUPS_MAX: 65536
getconf MQ_OPEN_MAX: undefined
getconf MQ_PRIO_MAX: 32768
getconf OPEN_MAX: 1024
getconf _POSIX_ADVISORY_INFO: 200809
getconf _POSIX_BARRIERS: 200809
getconf _POSIX_ASYNCHRONOUS_IO: 200809
getconf _POSIX_BASE: undefined
getconf _POSIX_C_LANG_SUPPORT: undefined
getconf _POSIX_C_LANG_SUPPORT_R: undefined
getconf _POSIX_CLOCK_SELECTION: 200809
getconf _POSIX_CPUTIME: 200809
getconf _POSIX_DEVICE_IO: undefined
getconf _POSIX_DEVICE_SPECIFIC: undefined
getconf _POSIX_DEVICE_SPECIFIC_R: undefined
getconf _POSIX_FD_MGMT: undefined
getconf _POSIX_FIFO: undefined
getconf _POSIX_FILE_ATTRIBUTES: undefined
getconf _POSIX_FILE_LOCKING: undefined
getconf _POSIX_FILE_SYSTEM: undefined
getconf _POSIX_FSYNC: 200809
getconf _POSIX_JOB_CONTROL: 1
getconf _POSIX_MAPPED_FILES: 200809
getconf _POSIX_MEMLOCK: 200809
getconf _POSIX_MEMLOCK_RANGE: 200809
getconf _POSIX_MEMORY_PROTECTION: 200809
getconf _POSIX_MESSAGE_PASSING: 200809
getconf _POSIX_MONOTONIC_CLOCK: 200809
getconf _POSIX_MULTI_PROCESS: undefined
getconf _POSIX_NETWORKING: undefined
getconf _POSIX_PIPE: undefined
getconf _POSIX_PRIORITIZED_IO: 200809
getconf _POSIX_PRIORITY_SCHEDULING: 200809
getconf _POSIX_READER_WRITER_LOCKS: 200809
getconf _POSIX_REALTIME_SIGNALS: 200809
getconf _POSIX_REGEXP: 1
getconf _POSIX_SAVED_IDS: 1
getconf _POSIX_SEMAPHORES: 200809
getconf _POSIX_SHARED_MEMORY_OBJECTS: 200809
getconf _POSIX_SHELL: 1
getconf _POSIX_SIGNALS: undefined
getconf _POSIX_SINGLE_PROCESS: undefined
getconf _POSIX_SPAWN: 200809
getconf _POSIX_SPIN_LOCKS: 200809
getconf _POSIX_SPORADIC_SERVER: undefined
getconf _POSIX_SYNCHRONIZED_IO: 200809
getconf _POSIX_SYSTEM_DATABASE: undefined
getconf _POSIX_SYSTEM_DATABASE_R: undefined
getconf _POSIX_THREAD_ATTR_STACKADDR: 200809
getconf _POSIX_THREAD_ATTR_STACKSIZE: 200809
getconf _POSIX_THREAD_CPUTIME: 200809
getconf _POSIX_THREAD_PRIO_INHERIT: 200809
getconf _POSIX_THREAD_PRIO_PROTECT: 200809
getconf _POSIX_THREAD_PRIORITY_SCHEDULING: 200809
getconf _POSIX_THREAD_PROCESS_SHARED: 200809
getconf _POSIX_THREAD_SAFE_FUNCTIONS: 200809
getconf _POSIX_THREAD_SPORADIC_SERVER: undefined
getconf _POSIX_THREADS: 200809
getconf _POSIX_TIMEOUTS: 200809
getconf _POSIX_TIMERS: 200809
getconf _POSIX_TRACE: undefined
getconf _POSIX_TRACE_EVENT_FILTER: undefined
getconf _POSIX_TRACE_INHERIT: undefined
getconf _POSIX_TRACE_LOG: undefined
getconf _POSIX_TYPED_MEMORY_OBJECTS: undefined
getconf _POSIX_USER_GROUPS: undefined
getconf _POSIX_USER_GROUPS_R: undefined
getconf _POSIX_VERSION: 200809
getconf _POSIX_V6_ILP32_OFF32: undefined
getconf _POSIX_V6_ILP32_OFFBIG: undefined
getconf _POSIX_V6_LP64_OFF64: 1
getconf _POSIX_V6_LPBIG_OFFBIG: undefined
getconf _POSIX_V6_WIDTH_RESTRICTED_ENVS: POSIX_V6_LP64_OFF64
getconf POSIX2_C_BIND: 200809
getconf POSIX2_C_DEV: 200809
getconf POSIX2_C_VERSION: 200809
getconf POSIX2_CHAR_TERM: 200809
getconf POSIX2_FORT_DEV: undefined
getconf POSIX2_FORT_RUN: undefined
getconf POSIX2_LOCALEDEF: 200809
getconf POSIX2_PBS: undefined
getconf POSIX2_PBS_ACCOUNTING: undefined
getconf POSIX2_PBS_LOCATE: undefined
getconf POSIX2_PBS_MESSAGE: undefined
getconf POSIX2_PBS_TRACK: undefined
getconf POSIX2_SW_DEV: 200809
getconf POSIX2_UPE: undefined
getconf POSIX2_VERSION: 200809
getconf _REGEX_VERSION: undefined
getconf PAGE_SIZE: 4096
getconf PAGESIZE: 4096
getconf PTHREAD_DESTRUCTOR_ITERATIONS: 4
getconf PTHREAD_KEYS_MAX: 1024
getconf PTHREAD_STACK_MIN: 16384
getconf PTHREAD_THREADS_MAX: undefined
getconf RE_DUP_MAX: 32767
getconf RTSIG_MAX: 32
getconf SEM_NSEMS_MAX: undefined
getconf SEM_VALUE_MAX: 2147483647
getconf SIGQUEUE_MAX: 30842
getconf STREAM_MAX: 16
getconf SYMLOOP_MAX: undefined
getconf TIMER_MAX: undefined
getconf TTY_NAME_MAX: 32
getconf TZNAME_MAX: undefined
getconf _XBS5_ILP32_OFF32: undefined
getconf _XBS5_ILP32_OFFBIG: undefined
getconf _XBS5_LP64_OFF64: 1
getconf _XBS5_LPBIG_OFFBIG: undefined
getconf _XOPEN_CRYPT: undefined
getconf _XOPEN_ENH_I18N: 1
getconf _XOPEN_LEGACY: 1
getconf _XOPEN_REALTIME: 1
getconf _XOPEN_REALTIME_THREADS: 1
getconf _XOPEN_SHM: 1
getconf _XOPEN_UNIX: 1
getconf _XOPEN_VERSION: 700
getconf _XOPEN_XCU_VERSION: 4
getconf PATH: /bin:/usr/bin
getconf POSIX_V6_ILP32_OFF32_CFLAGS: 
getconf POSIX_V6_ILP32_OFF32_LDFLAGS: 
getconf POSIX_V6_ILP32_OFF32_LIBS: 
getconf POSIX_V6_ILP32_OFF32_LINTFLAGS: 
getconf POSIX_V6_ILP32_OFFBIG_CFLAGS: 
getconf POSIX_V6_ILP32_OFFBIG_LDFLAGS: 
getconf POSIX_V6_ILP32_OFFBIG_LIBS: 
getconf POSIX_V6_ILP32_OFFBIG_LINTFLAGS: 
getconf POSIX_V6_LP64_OFF64_CFLAGS: -m64
getconf POSIX_V6_LP64_OFF64_LDFLAGS: -m64
getconf POSIX_V6_LP64_OFF64_LIBS: 
getconf POSIX_V6_LP64_OFF64_LINTFLAGS: 
getconf POSIX_V6_LPBIG_OFFBIG_CFLAGS: 
getconf POSIX_V6_LPBIG_OFFBIG_LDFLAGS: 
getconf POSIX_V6_LPBIG_OFFBIG_LIBS: 
getconf POSIX_V6_LPBIG_OFFBIG_LINTFLAGS: 
getconf XBS5_ILP32_OFF32_CFLAGS: 
getconf XBS5_ILP32_OFF32_LDFLAGS: 
getconf XBS5_ILP32_OFF32_LIBS: 
getconf XBS5_ILP32_OFF32_LINTFLAGS: 
getconf XBS5_ILP32_OFFBIG_CFLAGS: 
getconf XBS5_ILP32_OFFBIG_LDFLAGS: 
getconf XBS5_ILP32_OFFBIG_LIBS: 
getconf XBS5_ILP32_OFFBIG_LINTFLAGS: 
getconf XBS5_LP64_OFF64_CFLAGS: -m64
getconf XBS5_LP64_OFF64_LDFLAGS: -m64
getconf XBS5_LP64_OFF64_LIBS: 
getconf XBS5_LP64_OFF64_LINTFLAGS: 
getconf XBS5_LPBIG_OFFBIG_CFLAGS: 
getconf XBS5_LPBIG_OFFBIG_LDFLAGS: 
getconf XBS5_LPBIG_OFFBIG_LIBS: 
getconf XBS5_LPBIG_OFFBIG_LINTFLAGS: 
getconf FILESIZEBITS /: 64
getconf LINK_MAX /: 65000
getconf MAX_CANON /: 255
getconf MAX_INPUT /: 255
getconf NAME_MAX /: 255
getconf PATH_MAX /: 4096
getconf PIPE_BUF /: 4096
getconf POSIX_ALLOC_SIZE_MIN /: 4096
getconf POSIX_REC_INCR_XFER_SIZE /: undefined
getconf POSIX_REC_MAX_XFER_SIZE /: undefined
getconf POSIX_REC_MIN_XFER_SIZE /: 4096
getconf POSIX_REC_XFER_ALIGN /: 4096
getconf SYMLINK_MAX /: undefined
getconf _POSIX_CHOWN_RESTRICTED /: 1
getconf _POSIX_NO_TRUNC /: 1
getconf _POSIX_VDISABLE /: 0
getconf _POSIX_ASYNC_IO /: undefined
getconf _POSIX_PRIO_IO /: undefined
getconf _POSIX_SYNC_IO /: undefined
