:: netinet/ether.h
::::
:::: -D_DEFAULT_SOURCE=1
:::: -D_GNU_SOURCE=1
:::: -D_XOPEN_SOURCE=700
:::: -std=c++98
:::: -std=c++98 -D_DEFAULT_SOURCE=1
:::: -std=c++98 -D_GNU_SOURCE=1
:::: -std=c++98 -D_XOPEN_SOURCE=700
:::: -std=gnu++98
:::: -std=gnu++98 -D_DEFAULT_SOURCE=1
:::: -std=gnu++98 -D_GNU_SOURCE=1
:::: -std=gnu++98 -D_XOPEN_SOURCE=700
:::: -std=c++11
:::: -std=c++11 -D_DEFAULT_SOURCE=1
:::: -std=c++11 -D_GNU_SOURCE=1
:::: -std=c++11 -D_XOPEN_SOURCE=700
:::: -std=gnu++11
:::: -std=gnu++11 -D_DEFAULT_SOURCE=1
:::: -std=gnu++11 -D_GNU_SOURCE=1
:::: -std=gnu++11 -D_XOPEN_SOURCE=700
:: netinet/in.h
::::
:::: -D_DEFAULT_SOURCE=1
:::: -D_GNU_SOURCE=1
:::: -D_XOPEN_SOURCE=700
:::: -std=c++98
:::: -std=c++98 -D_DEFAULT_SOURCE=1
:::: -std=c++98 -D_GNU_SOURCE=1
:::: -std=c++98 -D_XOPEN_SOURCE=700
:::: -std=gnu++98
:::: -std=gnu++98 -D_DEFAULT_SOURCE=1
:::: -std=gnu++98 -D_GNU_SOURCE=1
:::: -std=gnu++98 -D_XOPEN_SOURCE=700
:::: -std=c++11
:::: -std=c++11 -D_DEFAULT_SOURCE=1
:::: -std=c++11 -D_GNU_SOURCE=1
:::: -std=c++11 -D_XOPEN_SOURCE=700
:::: -std=gnu++11
:::: -std=gnu++11 -D_DEFAULT_SOURCE=1
:::: -std=gnu++11 -D_GNU_SOURCE=1
:::: -std=gnu++11 -D_XOPEN_SOURCE=700
:: netinet/in_systm.h
::::
:::: -D_DEFAULT_SOURCE=1
:::: -D_GNU_SOURCE=1
:::: -D_XOPEN_SOURCE=700
:::: -std=c++98
:::: -std=c++98 -D_DEFAULT_SOURCE=1
:::: -std=c++98 -D_GNU_SOURCE=1
:::: -std=c++98 -D_XOPEN_SOURCE=700
:::: -std=gnu++98
:::: -std=gnu++98 -D_DEFAULT_SOURCE=1
:::: -std=gnu++98 -D_GNU_SOURCE=1
:::: -std=gnu++98 -D_XOPEN_SOURCE=700
:::: -std=c++11
:::: -std=c++11 -D_DEFAULT_SOURCE=1
:::: -std=c++11 -D_GNU_SOURCE=1
:::: -std=c++11 -D_XOPEN_SOURCE=700
:::: -std=gnu++11
:::: -std=gnu++11 -D_DEFAULT_SOURCE=1
:::: -std=gnu++11 -D_GNU_SOURCE=1
:::: -std=gnu++11 -D_XOPEN_SOURCE=700
:: netinet/if_ether.h
::::
:::: -D_DEFAULT_SOURCE=1
:::: -D_GNU_SOURCE=1
:::: -D_XOPEN_SOURCE=700
:::: -std=c++98
:::: -std=c++98 -D_DEFAULT_SOURCE=1
:::: -std=c++98 -D_GNU_SOURCE=1
:::: -std=c++98 -D_XOPEN_SOURCE=700
:::: -std=gnu++98
:::: -std=gnu++98 -D_DEFAULT_SOURCE=1
:::: -std=gnu++98 -D_GNU_SOURCE=1
:::: -std=gnu++98 -D_XOPEN_SOURCE=700
:::: -std=c++11
:::: -std=c++11 -D_DEFAULT_SOURCE=1
:::: -std=c++11 -D_GNU_SOURCE=1
:::: -std=c++11 -D_XOPEN_SOURCE=700
:::: -std=gnu++11
:::: -std=gnu++11 -D_DEFAULT_SOURCE=1
:::: -std=gnu++11 -D_GNU_SOURCE=1
:::: -std=gnu++11 -D_XOPEN_SOURCE=700
:: netinet/igmp.h
::::
:::: -D_DEFAULT_SOURCE=1
:::: -D_GNU_SOURCE=1
:::: -D_XOPEN_SOURCE=700
:::: -std=c++98
:::: -std=c++98 -D_DEFAULT_SOURCE=1
:::: -std=c++98 -D_GNU_SOURCE=1
:::: -std=c++98 -D_XOPEN_SOURCE=700
:::: -std=gnu++98
:::: -std=gnu++98 -D_DEFAULT_SOURCE=1
:::: -std=gnu++98 -D_GNU_SOURCE=1
:::: -std=gnu++98 -D_XOPEN_SOURCE=700
:::: -std=c++11
:::: -std=c++11 -D_DEFAULT_SOURCE=1
:::: -std=c++11 -D_GNU_SOURCE=1
:::: -std=c++11 -D_XOPEN_SOURCE=700
:::: -std=gnu++11
:::: -std=gnu++11 -D_DEFAULT_SOURCE=1
:::: -std=gnu++11 -D_GNU_SOURCE=1
:::: -std=gnu++11 -D_XOPEN_SOURCE=700
:: netinet/tcp.h
::::
:::: -D_DEFAULT_SOURCE=1
:::: -D_GNU_SOURCE=1
:::: -D_XOPEN_SOURCE=700
:::: -std=c++98
:::: -std=c++98 -D_DEFAULT_SOURCE=1
:::: -std=c++98 -D_GNU_SOURCE=1
:::: -std=c++98 -D_XOPEN_SOURCE=700
:::: -std=gnu++98
:::: -std=gnu++98 -D_DEFAULT_SOURCE=1
:::: -std=gnu++98 -D_GNU_SOURCE=1
:::: -std=gnu++98 -D_XOPEN_SOURCE=700
:::: -std=c++11
:::: -std=c++11 -D_DEFAULT_SOURCE=1
:::: -std=c++11 -D_GNU_SOURCE=1
:::: -std=c++11 -D_XOPEN_SOURCE=700
:::: -std=gnu++11
:::: -std=gnu++11 -D_DEFAULT_SOURCE=1
:::: -std=gnu++11 -D_GNU_SOURCE=1
:::: -std=gnu++11 -D_XOPEN_SOURCE=700
:: netinet/ip.h
::::
:::: -D_DEFAULT_SOURCE=1
:::: -D_GNU_SOURCE=1
:::: -D_XOPEN_SOURCE=700
:::: -std=c++98
:::: -std=c++98 -D_DEFAULT_SOURCE=1
:::: -std=c++98 -D_GNU_SOURCE=1
:::: -std=c++98 -D_XOPEN_SOURCE=700
:::: -std=gnu++98
:::: -std=gnu++98 -D_DEFAULT_SOURCE=1
:::: -std=gnu++98 -D_GNU_SOURCE=1
:::: -std=gnu++98 -D_XOPEN_SOURCE=700
:::: -std=c++11
:::: -std=c++11 -D_DEFAULT_SOURCE=1
:::: -std=c++11 -D_GNU_SOURCE=1
:::: -std=c++11 -D_XOPEN_SOURCE=700
:::: -std=gnu++11
:::: -std=gnu++11 -D_DEFAULT_SOURCE=1
:::: -std=gnu++11 -D_GNU_SOURCE=1
:::: -std=gnu++11 -D_XOPEN_SOURCE=700
:: arpa/telnet.h
::::
:::: -D_DEFAULT_SOURCE=1
:::: -D_GNU_SOURCE=1
:::: -D_XOPEN_SOURCE=700
:::: -std=c++98
:::: -std=c++98 -D_DEFAULT_SOURCE=1
:::: -std=c++98 -D_GNU_SOURCE=1
:::: -std=c++98 -D_XOPEN_SOURCE=700
:::: -std=gnu++98
:::: -std=gnu++98 -D_DEFAULT_SOURCE=1
:::: -std=gnu++98 -D_GNU_SOURCE=1
:::: -std=gnu++98 -D_XOPEN_SOURCE=700
:::: -std=c++11
:::: -std=c++11 -D_DEFAULT_SOURCE=1
:::: -std=c++11 -D_GNU_SOURCE=1
:::: -std=c++11 -D_XOPEN_SOURCE=700
:::: -std=gnu++11
:::: -std=gnu++11 -D_DEFAULT_SOURCE=1
:::: -std=gnu++11 -D_GNU_SOURCE=1
:::: -std=gnu++11 -D_XOPEN_SOURCE=700
:: arpa/inet.h
::::
:::: -D_DEFAULT_SOURCE=1
:::: -D_GNU_SOURCE=1
:::: -D_XOPEN_SOURCE=700
:::: -std=c++98
:::: -std=c++98 -D_DEFAULT_SOURCE=1
:::: -std=c++98 -D_GNU_SOURCE=1
:::: -std=c++98 -D_XOPEN_SOURCE=700
:::: -std=gnu++98
:::: -std=gnu++98 -D_DEFAULT_SOURCE=1
:::: -std=gnu++98 -D_GNU_SOURCE=1
:::: -std=gnu++98 -D_XOPEN_SOURCE=700
:::: -std=c++11
:::: -std=c++11 -D_DEFAULT_SOURCE=1
:::: -std=c++11 -D_GNU_SOURCE=1
:::: -std=c++11 -D_XOPEN_SOURCE=700
:::: -std=gnu++11
:::: -std=gnu++11 -D_DEFAULT_SOURCE=1
:::: -std=gnu++11 -D_GNU_SOURCE=1
:::: -std=gnu++11 -D_XOPEN_SOURCE=700
:: arpa/ftp.h
::::
:::: -D_DEFAULT_SOURCE=1
:::: -D_GNU_SOURCE=1
:::: -D_XOPEN_SOURCE=700
:::: -std=c++98
:::: -std=c++98 -D_DEFAULT_SOURCE=1
:::: -std=c++98 -D_GNU_SOURCE=1
:::: -std=c++98 -D_XOPEN_SOURCE=700
:::: -std=gnu++98
:::: -std=gnu++98 -D_DEFAULT_SOURCE=1
:::: -std=gnu++98 -D_GNU_SOURCE=1
:::: -std=gnu++98 -D_XOPEN_SOURCE=700
:::: -std=c++11
:::: -std=c++11 -D_DEFAULT_SOURCE=1
:::: -std=c++11 -D_GNU_SOURCE=1
:::: -std=c++11 -D_XOPEN_SOURCE=700
:::: -std=gnu++11
:::: -std=gnu++11 -D_DEFAULT_SOURCE=1
:::: -std=gnu++11 -D_GNU_SOURCE=1
:::: -std=gnu++11 -D_XOPEN_SOURCE=700
:: arpa/tftp.h
::::
:::: -D_DEFAULT_SOURCE=1
:::: -D_GNU_SOURCE=1
:::: -D_XOPEN_SOURCE=700
:::: -std=c++98
:::: -std=c++98 -D_DEFAULT_SOURCE=1
:::: -std=c++98 -D_GNU_SOURCE=1
:::: -std=c++98 -D_XOPEN_SOURCE=700
:::: -std=gnu++98
:::: -std=gnu++98 -D_DEFAULT_SOURCE=1
:::: -std=gnu++98 -D_GNU_SOURCE=1
:::: -std=gnu++98 -D_XOPEN_SOURCE=700
:::: -std=c++11
:::: -std=c++11 -D_DEFAULT_SOURCE=1
:::: -std=c++11 -D_GNU_SOURCE=1
:::: -std=c++11 -D_XOPEN_SOURCE=700
:::: -std=gnu++11
:::: -std=gnu++11 -D_DEFAULT_SOURCE=1
:::: -std=gnu++11 -D_GNU_SOURCE=1
:::: -std=gnu++11 -D_XOPEN_SOURCE=700
:: protocols/routed.h
::::
:::: -D_DEFAULT_SOURCE=1
:::: -D_GNU_SOURCE=1
:::: -D_XOPEN_SOURCE=700
:::: -std=c++98
:::: -std=c++98 -D_DEFAULT_SOURCE=1
:::: -std=c++98 -D_GNU_SOURCE=1
:::: -std=c++98 -D_XOPEN_SOURCE=700
:::: -std=gnu++98
:::: -std=gnu++98 -D_DEFAULT_SOURCE=1
:::: -std=gnu++98 -D_GNU_SOURCE=1
:::: -std=gnu++98 -D_XOPEN_SOURCE=700
:::: -std=c++11
:::: -std=c++11 -D_DEFAULT_SOURCE=1
:::: -std=c++11 -D_GNU_SOURCE=1
:::: -std=c++11 -D_XOPEN_SOURCE=700
:::: -std=gnu++11
:::: -std=gnu++11 -D_DEFAULT_SOURCE=1
:::: -std=gnu++11 -D_GNU_SOURCE=1
:::: -std=gnu++11 -D_XOPEN_SOURCE=700
:: protocols/timed.h
::::
:::: -D_DEFAULT_SOURCE=1
:::: -D_GNU_SOURCE=1
:::: -D_XOPEN_SOURCE=700
:::: -std=c++98
:::: -std=c++98 -D_DEFAULT_SOURCE=1
:::: -std=c++98 -D_GNU_SOURCE=1
:::: -std=c++98 -D_XOPEN_SOURCE=700
:::: -std=gnu++98
:::: -std=gnu++98 -D_DEFAULT_SOURCE=1
:::: -std=gnu++98 -D_GNU_SOURCE=1
:::: -std=gnu++98 -D_XOPEN_SOURCE=700
:::: -std=c++11
:::: -std=c++11 -D_DEFAULT_SOURCE=1
:::: -std=c++11 -D_GNU_SOURCE=1
:::: -std=c++11 -D_XOPEN_SOURCE=700
:::: -std=gnu++11
:::: -std=gnu++11 -D_DEFAULT_SOURCE=1
:::: -std=gnu++11 -D_GNU_SOURCE=1
:::: -std=gnu++11 -D_XOPEN_SOURCE=700
:: protocols/rwhod.h
::::
:::: -D_DEFAULT_SOURCE=1
:::: -D_GNU_SOURCE=1
:::: -D_XOPEN_SOURCE=700
:::: -std=c++98
:::: -std=c++98 -D_DEFAULT_SOURCE=1
:::: -std=c++98 -D_GNU_SOURCE=1
:::: -std=c++98 -D_XOPEN_SOURCE=700
:::: -std=gnu++98
:::: -std=gnu++98 -D_DEFAULT_SOURCE=1
:::: -std=gnu++98 -D_GNU_SOURCE=1
:::: -std=gnu++98 -D_XOPEN_SOURCE=700
:::: -std=c++11
:::: -std=c++11 -D_DEFAULT_SOURCE=1
:::: -std=c++11 -D_GNU_SOURCE=1
:::: -std=c++11 -D_XOPEN_SOURCE=700
:::: -std=gnu++11
:::: -std=gnu++11 -D_DEFAULT_SOURCE=1
:::: -std=gnu++11 -D_GNU_SOURCE=1
:::: -std=gnu++11 -D_XOPEN_SOURCE=700
:: protocols/talkd.h
::::
:::: -D_DEFAULT_SOURCE=1
:::: -D_GNU_SOURCE=1
:::: -D_XOPEN_SOURCE=700
:::: -std=c++98
:::: -std=c++98 -D_DEFAULT_SOURCE=1
:::: -std=c++98 -D_GNU_SOURCE=1
:::: -std=c++98 -D_XOPEN_SOURCE=700
:::: -std=gnu++98
:::: -std=gnu++98 -D_DEFAULT_SOURCE=1
:::: -std=gnu++98 -D_GNU_SOURCE=1
:::: -std=gnu++98 -D_XOPEN_SOURCE=700
:::: -std=c++11
:::: -std=c++11 -D_DEFAULT_SOURCE=1
:::: -std=c++11 -D_GNU_SOURCE=1
:::: -std=c++11 -D_XOPEN_SOURCE=700
:::: -std=gnu++11
:::: -std=gnu++11 -D_DEFAULT_SOURCE=1
:::: -std=gnu++11 -D_GNU_SOURCE=1
:::: -std=gnu++11 -D_XOPEN_SOURCE=700
:: aliases.h
::::
:::: -D_DEFAULT_SOURCE=1
:::: -D_GNU_SOURCE=1
:::: -D_XOPEN_SOURCE=700
:::: -std=c++98
:::: -std=c++98 -D_DEFAULT_SOURCE=1
:::: -std=c++98 -D_GNU_SOURCE=1
:::: -std=c++98 -D_XOPEN_SOURCE=700
:::: -std=gnu++98
:::: -std=gnu++98 -D_DEFAULT_SOURCE=1
:::: -std=gnu++98 -D_GNU_SOURCE=1
:::: -std=gnu++98 -D_XOPEN_SOURCE=700
:::: -std=c++11
:::: -std=c++11 -D_DEFAULT_SOURCE=1
:::: -std=c++11 -D_GNU_SOURCE=1
:::: -std=c++11 -D_XOPEN_SOURCE=700
:::: -std=gnu++11
:::: -std=gnu++11 -D_DEFAULT_SOURCE=1
:::: -std=gnu++11 -D_GNU_SOURCE=1
:::: -std=gnu++11 -D_XOPEN_SOURCE=700
:: ifaddrs.h
::::
:::: -D_DEFAULT_SOURCE=1
:::: -D_GNU_SOURCE=1
:::: -D_XOPEN_SOURCE=700
:::: -std=c++98
:::: -std=c++98 -D_DEFAULT_SOURCE=1
:::: -std=c++98 -D_GNU_SOURCE=1
:::: -std=c++98 -D_XOPEN_SOURCE=700
:::: -std=gnu++98
:::: -std=gnu++98 -D_DEFAULT_SOURCE=1
:::: -std=gnu++98 -D_GNU_SOURCE=1
:::: -std=gnu++98 -D_XOPEN_SOURCE=700
:::: -std=c++11
:::: -std=c++11 -D_DEFAULT_SOURCE=1
:::: -std=c++11 -D_GNU_SOURCE=1
:::: -std=c++11 -D_XOPEN_SOURCE=700
:::: -std=gnu++11
:::: -std=gnu++11 -D_DEFAULT_SOURCE=1
:::: -std=gnu++11 -D_GNU_SOURCE=1
:::: -std=gnu++11 -D_XOPEN_SOURCE=700
:: netinet/ip6.h
::::
:::: -D_DEFAULT_SOURCE=1
:::: -D_GNU_SOURCE=1
:::: -D_XOPEN_SOURCE=700
:::: -std=c++98
:::: -std=c++98 -D_DEFAULT_SOURCE=1
:::: -std=c++98 -D_GNU_SOURCE=1
:::: -std=c++98 -D_XOPEN_SOURCE=700
:::: -std=gnu++98
:::: -std=gnu++98 -D_DEFAULT_SOURCE=1
:::: -std=gnu++98 -D_GNU_SOURCE=1
:::: -std=gnu++98 -D_XOPEN_SOURCE=700
:::: -std=c++11
:::: -std=c++11 -D_DEFAULT_SOURCE=1
:::: -std=c++11 -D_GNU_SOURCE=1
:::: -std=c++11 -D_XOPEN_SOURCE=700
:::: -std=gnu++11
:::: -std=gnu++11 -D_DEFAULT_SOURCE=1
:::: -std=gnu++11 -D_GNU_SOURCE=1
:::: -std=gnu++11 -D_XOPEN_SOURCE=700
:: netinet/icmp6.h
::::
:::: -D_DEFAULT_SOURCE=1
:::: -D_GNU_SOURCE=1
:::: -D_XOPEN_SOURCE=700
:::: -std=c++98
:::: -std=c++98 -D_DEFAULT_SOURCE=1
:::: -std=c++98 -D_GNU_SOURCE=1
:::: -std=c++98 -D_XOPEN_SOURCE=700
:::: -std=gnu++98
:::: -std=gnu++98 -D_DEFAULT_SOURCE=1
:::: -std=gnu++98 -D_GNU_SOURCE=1
:::: -std=gnu++98 -D_XOPEN_SOURCE=700
:::: -std=c++11
:::: -std=c++11 -D_DEFAULT_SOURCE=1
:::: -std=c++11 -D_GNU_SOURCE=1
:::: -std=c++11 -D_XOPEN_SOURCE=700
:::: -std=gnu++11
:::: -std=gnu++11 -D_DEFAULT_SOURCE=1
:::: -std=gnu++11 -D_GNU_SOURCE=1
:::: -std=gnu++11 -D_XOPEN_SOURCE=700
:: rpc/netdb.h
::::
:::: -D_DEFAULT_SOURCE=1
:::: -D_GNU_SOURCE=1
:::: -D_XOPEN_SOURCE=700
:::: -std=c++98
:::: -std=c++98 -D_DEFAULT_SOURCE=1
:::: -std=c++98 -D_GNU_SOURCE=1
:::: -std=c++98 -D_XOPEN_SOURCE=700
:::: -std=gnu++98
:::: -std=gnu++98 -D_DEFAULT_SOURCE=1
:::: -std=gnu++98 -D_GNU_SOURCE=1
:::: -std=gnu++98 -D_XOPEN_SOURCE=700
:::: -std=c++11
:::: -std=c++11 -D_DEFAULT_SOURCE=1
:::: -std=c++11 -D_GNU_SOURCE=1
:::: -std=c++11 -D_XOPEN_SOURCE=700
:::: -std=gnu++11
:::: -std=gnu++11 -D_DEFAULT_SOURCE=1
:::: -std=gnu++11 -D_GNU_SOURCE=1
:::: -std=gnu++11 -D_XOPEN_SOURCE=700
:: netinet/if_fddi.h
::::
:::: -D_DEFAULT_SOURCE=1
:::: -D_GNU_SOURCE=1
:::: -D_XOPEN_SOURCE=700
:::: -std=c++98
:::: -std=c++98 -D_DEFAULT_SOURCE=1
:::: -std=c++98 -D_GNU_SOURCE=1
:::: -std=c++98 -D_XOPEN_SOURCE=700
:::: -std=gnu++98
:::: -std=gnu++98 -D_DEFAULT_SOURCE=1
:::: -std=gnu++98 -D_GNU_SOURCE=1
:::: -std=gnu++98 -D_XOPEN_SOURCE=700
:::: -std=c++11
:::: -std=c++11 -D_DEFAULT_SOURCE=1
:::: -std=c++11 -D_GNU_SOURCE=1
:::: -std=c++11 -D_XOPEN_SOURCE=700
:::: -std=gnu++11
:::: -std=gnu++11 -D_DEFAULT_SOURCE=1
:::: -std=gnu++11 -D_GNU_SOURCE=1
:::: -std=gnu++11 -D_XOPEN_SOURCE=700
:: netinet/if_tr.h
::::
:::: -D_DEFAULT_SOURCE=1
:::: -D_GNU_SOURCE=1
:::: -D_XOPEN_SOURCE=700
:::: -std=c++98
:::: -std=c++98 -D_DEFAULT_SOURCE=1
:::: -std=c++98 -D_GNU_SOURCE=1
:::: -std=c++98 -D_XOPEN_SOURCE=700
:::: -std=gnu++98
:::: -std=gnu++98 -D_DEFAULT_SOURCE=1
:::: -std=gnu++98 -D_GNU_SOURCE=1
:::: -std=gnu++98 -D_XOPEN_SOURCE=700
:::: -std=c++11
:::: -std=c++11 -D_DEFAULT_SOURCE=1
:::: -std=c++11 -D_GNU_SOURCE=1
:::: -std=c++11 -D_XOPEN_SOURCE=700
:::: -std=gnu++11
:::: -std=gnu++11 -D_DEFAULT_SOURCE=1
:::: -std=gnu++11 -D_GNU_SOURCE=1
:::: -std=gnu++11 -D_XOPEN_SOURCE=700
:: netipx/ipx.h
::::
:::: -D_DEFAULT_SOURCE=1
:::: -D_GNU_SOURCE=1
:::: -D_XOPEN_SOURCE=700
:::: -std=c++98
:::: -std=c++98 -D_DEFAULT_SOURCE=1
:::: -std=c++98 -D_GNU_SOURCE=1
:::: -std=c++98 -D_XOPEN_SOURCE=700
:::: -std=gnu++98
:::: -std=gnu++98 -D_DEFAULT_SOURCE=1
:::: -std=gnu++98 -D_GNU_SOURCE=1
:::: -std=gnu++98 -D_XOPEN_SOURCE=700
:::: -std=c++11
:::: -std=c++11 -D_DEFAULT_SOURCE=1
:::: -std=c++11 -D_GNU_SOURCE=1
:::: -std=c++11 -D_XOPEN_SOURCE=700
:::: -std=gnu++11
:::: -std=gnu++11 -D_DEFAULT_SOURCE=1
:::: -std=gnu++11 -D_GNU_SOURCE=1
:::: -std=gnu++11 -D_XOPEN_SOURCE=700
:: netash/ash.h
::::
:::: -D_DEFAULT_SOURCE=1
:::: -D_GNU_SOURCE=1
:::: -D_XOPEN_SOURCE=700
:::: -std=c++98
:::: -std=c++98 -D_DEFAULT_SOURCE=1
:::: -std=c++98 -D_GNU_SOURCE=1
:::: -std=c++98 -D_XOPEN_SOURCE=700
:::: -std=gnu++98
:::: -std=gnu++98 -D_DEFAULT_SOURCE=1
:::: -std=gnu++98 -D_GNU_SOURCE=1
:::: -std=gnu++98 -D_XOPEN_SOURCE=700
:::: -std=c++11
:::: -std=c++11 -D_DEFAULT_SOURCE=1
:::: -std=c++11 -D_GNU_SOURCE=1
:::: -std=c++11 -D_XOPEN_SOURCE=700
:::: -std=gnu++11
:::: -std=gnu++11 -D_DEFAULT_SOURCE=1
:::: -std=gnu++11 -D_GNU_SOURCE=1
:::: -std=gnu++11 -D_XOPEN_SOURCE=700
:: netax25/ax25.h
::::
:::: -D_DEFAULT_SOURCE=1
:::: -D_GNU_SOURCE=1
:::: -D_XOPEN_SOURCE=700
:::: -std=c++98
:::: -std=c++98 -D_DEFAULT_SOURCE=1
:::: -std=c++98 -D_GNU_SOURCE=1
:::: -std=c++98 -D_XOPEN_SOURCE=700
:::: -std=gnu++98
:::: -std=gnu++98 -D_DEFAULT_SOURCE=1
:::: -std=gnu++98 -D_GNU_SOURCE=1
:::: -std=gnu++98 -D_XOPEN_SOURCE=700
:::: -std=c++11
:::: -std=c++11 -D_DEFAULT_SOURCE=1
:::: -std=c++11 -D_GNU_SOURCE=1
:::: -std=c++11 -D_XOPEN_SOURCE=700
:::: -std=gnu++11
:::: -std=gnu++11 -D_DEFAULT_SOURCE=1
:::: -std=gnu++11 -D_GNU_SOURCE=1
:::: -std=gnu++11 -D_XOPEN_SOURCE=700
:: netatalk/at.h
::::
:::: -D_DEFAULT_SOURCE=1
:::: -D_GNU_SOURCE=1
:::: -D_XOPEN_SOURCE=700
:::: -std=c++98
:::: -std=c++98 -D_DEFAULT_SOURCE=1
:::: -std=c++98 -D_GNU_SOURCE=1
:::: -std=c++98 -D_XOPEN_SOURCE=700
:::: -std=gnu++98
:::: -std=gnu++98 -D_DEFAULT_SOURCE=1
:::: -std=gnu++98 -D_GNU_SOURCE=1
:::: -std=gnu++98 -D_XOPEN_SOURCE=700
:::: -std=c++11
:::: -std=c++11 -D_DEFAULT_SOURCE=1
:::: -std=c++11 -D_GNU_SOURCE=1
:::: -std=c++11 -D_XOPEN_SOURCE=700
:::: -std=gnu++11
:::: -std=gnu++11 -D_DEFAULT_SOURCE=1
:::: -std=gnu++11 -D_GNU_SOURCE=1
:::: -std=gnu++11 -D_XOPEN_SOURCE=700
:: netrom/netrom.h
::::
:::: -D_DEFAULT_SOURCE=1
:::: -D_GNU_SOURCE=1
:::: -D_XOPEN_SOURCE=700
:::: -std=c++98
:::: -std=c++98 -D_DEFAULT_SOURCE=1
:::: -std=c++98 -D_GNU_SOURCE=1
:::: -std=c++98 -D_XOPEN_SOURCE=700
:::: -std=gnu++98
:::: -std=gnu++98 -D_DEFAULT_SOURCE=1
:::: -std=gnu++98 -D_GNU_SOURCE=1
:::: -std=gnu++98 -D_XOPEN_SOURCE=700
:::: -std=c++11
:::: -std=c++11 -D_DEFAULT_SOURCE=1
:::: -std=c++11 -D_GNU_SOURCE=1
:::: -std=c++11 -D_XOPEN_SOURCE=700
:::: -std=gnu++11
:::: -std=gnu++11 -D_DEFAULT_SOURCE=1
:::: -std=gnu++11 -D_GNU_SOURCE=1
:::: -std=gnu++11 -D_XOPEN_SOURCE=700
:: netpacket/packet.h
::::
:::: -D_DEFAULT_SOURCE=1
:::: -D_GNU_SOURCE=1
:::: -D_XOPEN_SOURCE=700
:::: -std=c++98
:::: -std=c++98 -D_DEFAULT_SOURCE=1
:::: -std=c++98 -D_GNU_SOURCE=1
:::: -std=c++98 -D_XOPEN_SOURCE=700
:::: -std=gnu++98
:::: -std=gnu++98 -D_DEFAULT_SOURCE=1
:::: -std=gnu++98 -D_GNU_SOURCE=1
:::: -std=gnu++98 -D_XOPEN_SOURCE=700
:::: -std=c++11
:::: -std=c++11 -D_DEFAULT_SOURCE=1
:::: -std=c++11 -D_GNU_SOURCE=1
:::: -std=c++11 -D_XOPEN_SOURCE=700
:::: -std=gnu++11
:::: -std=gnu++11 -D_DEFAULT_SOURCE=1
:::: -std=gnu++11 -D_GNU_SOURCE=1
:::: -std=gnu++11 -D_XOPEN_SOURCE=700
:: netrose/rose.h
::::
:::: -D_DEFAULT_SOURCE=1
:::: -D_GNU_SOURCE=1
:::: -D_XOPEN_SOURCE=700
:::: -std=c++98
:::: -std=c++98 -D_DEFAULT_SOURCE=1
:::: -std=c++98 -D_GNU_SOURCE=1
:::: -std=c++98 -D_XOPEN_SOURCE=700
:::: -std=gnu++98
:::: -std=gnu++98 -D_DEFAULT_SOURCE=1
:::: -std=gnu++98 -D_GNU_SOURCE=1
:::: -std=gnu++98 -D_XOPEN_SOURCE=700
:::: -std=c++11
:::: -std=c++11 -D_DEFAULT_SOURCE=1
:::: -std=c++11 -D_GNU_SOURCE=1
:::: -std=c++11 -D_XOPEN_SOURCE=700
:::: -std=gnu++11
:::: -std=gnu++11 -D_DEFAULT_SOURCE=1
:::: -std=gnu++11 -D_GNU_SOURCE=1
:::: -std=gnu++11 -D_XOPEN_SOURCE=700
:: neteconet/ec.h
::::
:::: -D_DEFAULT_SOURCE=1
:::: -D_GNU_SOURCE=1
:::: -D_XOPEN_SOURCE=700
:::: -std=c++98
:::: -std=c++98 -D_DEFAULT_SOURCE=1
:::: -std=c++98 -D_GNU_SOURCE=1
:::: -std=c++98 -D_XOPEN_SOURCE=700
:::: -std=gnu++98
:::: -std=gnu++98 -D_DEFAULT_SOURCE=1
:::: -std=gnu++98 -D_GNU_SOURCE=1
:::: -std=gnu++98 -D_XOPEN_SOURCE=700
:::: -std=c++11
:::: -std=c++11 -D_DEFAULT_SOURCE=1
:::: -std=c++11 -D_GNU_SOURCE=1
:::: -std=c++11 -D_XOPEN_SOURCE=700
:::: -std=gnu++11
:::: -std=gnu++11 -D_DEFAULT_SOURCE=1
:::: -std=gnu++11 -D_GNU_SOURCE=1
:::: -std=gnu++11 -D_XOPEN_SOURCE=700
:: netiucv/iucv.h
::::
:::: -D_DEFAULT_SOURCE=1
:::: -D_GNU_SOURCE=1
:::: -D_XOPEN_SOURCE=700
:::: -std=c++98
:::: -std=c++98 -D_DEFAULT_SOURCE=1
:::: -std=c++98 -D_GNU_SOURCE=1
:::: -std=c++98 -D_XOPEN_SOURCE=700
:::: -std=gnu++98
:::: -std=gnu++98 -D_DEFAULT_SOURCE=1
:::: -std=gnu++98 -D_GNU_SOURCE=1
:::: -std=gnu++98 -D_XOPEN_SOURCE=700
:::: -std=c++11
:::: -std=c++11 -D_DEFAULT_SOURCE=1
:::: -std=c++11 -D_GNU_SOURCE=1
:::: -std=c++11 -D_XOPEN_SOURCE=700
:::: -std=gnu++11
:::: -std=gnu++11 -D_DEFAULT_SOURCE=1
:::: -std=gnu++11 -D_GNU_SOURCE=1
:::: -std=gnu++11 -D_XOPEN_SOURCE=700
:: netinet/udp.h
::::
:::: -D_DEFAULT_SOURCE=1
:::: -D_GNU_SOURCE=1
:::: -D_XOPEN_SOURCE=700
:::: -std=c++98
:::: -std=c++98 -D_DEFAULT_SOURCE=1
:::: -std=c++98 -D_GNU_SOURCE=1
:::: -std=c++98 -D_XOPEN_SOURCE=700
:::: -std=gnu++98
:::: -std=gnu++98 -D_DEFAULT_SOURCE=1
:::: -std=gnu++98 -D_GNU_SOURCE=1
:::: -std=gnu++98 -D_XOPEN_SOURCE=700
:::: -std=c++11
:::: -std=c++11 -D_DEFAULT_SOURCE=1
:::: -std=c++11 -D_GNU_SOURCE=1
:::: -std=c++11 -D_XOPEN_SOURCE=700
:::: -std=gnu++11
:::: -std=gnu++11 -D_DEFAULT_SOURCE=1
:::: -std=gnu++11 -D_GNU_SOURCE=1
:::: -std=gnu++11 -D_XOPEN_SOURCE=700
:: netinet/ip_icmp.h
::::
:::: -D_DEFAULT_SOURCE=1
:::: -D_GNU_SOURCE=1
:::: -D_XOPEN_SOURCE=700
:::: -std=c++98
:::: -std=c++98 -D_DEFAULT_SOURCE=1
:::: -std=c++98 -D_GNU_SOURCE=1
:::: -std=c++98 -D_XOPEN_SOURCE=700
:::: -std=gnu++98
:::: -std=gnu++98 -D_DEFAULT_SOURCE=1
:::: -std=gnu++98 -D_GNU_SOURCE=1
:::: -std=gnu++98 -D_XOPEN_SOURCE=700
:::: -std=c++11
:::: -std=c++11 -D_DEFAULT_SOURCE=1
:::: -std=c++11 -D_GNU_SOURCE=1
:::: -std=c++11 -D_XOPEN_SOURCE=700
:::: -std=gnu++11
:::: -std=gnu++11 -D_DEFAULT_SOURCE=1
:::: -std=gnu++11 -D_GNU_SOURCE=1
:::: -std=gnu++11 -D_XOPEN_SOURCE=700
