[ja_JP.UTF-8]
1910-04-01	"%EY"	"明治43年"	OK
1911-12-31	"%EY"	"明治44年"	OK
1912-01-01	"%EY"	"明治45年"	OK
1913-04-01	"%EY"	"大正02年"	OK
1988-04-01	"%EY"	"昭和63年"	OK
1989-01-07	"%EY"	"昭和64年"	OK
1989-01-08	"%EY"	"平成元年"	OK
1990-04-01	"%EY"	"平成02年"	OK
1997-04-01	"%EY"	"平成09年"	OK
1998-04-01	"%EY"	"平成10年"	OK
2010-04-01	"%EY"	"平成22年"	OK
2011-04-01	"%EY"	"平成23年"	OK
2019-04-30	"%EY"	"平成31年"	OK
2019-05-01	"%EY"	"令和元年"	OK

1910-04-01	"%_EY"	"明治43年"	OK
1911-12-31	"%_EY"	"明治44年"	OK
1912-01-01	"%_EY"	"明治45年"	OK
1913-04-01	"%_EY"	"大正 2年"	OK
1988-04-01	"%_EY"	"昭和63年"	OK
1989-01-07	"%_EY"	"昭和64年"	OK
1989-01-08	"%_EY"	"平成元年"	OK
1990-04-01	"%_EY"	"平成 2年"	OK
1997-04-01	"%_EY"	"平成 9年"	OK
1998-04-01	"%_EY"	"平成10年"	OK
2010-04-01	"%_EY"	"平成22年"	OK
2011-04-01	"%_EY"	"平成23年"	OK
2019-04-30	"%_EY"	"平成31年"	OK
2019-05-01	"%_EY"	"令和元年"	OK

1910-04-01	"%-EY"	"明治43年"	OK
1911-12-31	"%-EY"	"明治44年"	OK
1912-01-01	"%-EY"	"明治45年"	OK
1913-04-01	"%-EY"	"大正2年"	OK
1988-04-01	"%-EY"	"昭和63年"	OK
1989-01-07	"%-EY"	"昭和64年"	OK
1989-01-08	"%-EY"	"平成元年"	OK
1990-04-01	"%-EY"	"平成2年"	OK
1997-04-01	"%-EY"	"平成9年"	OK
1998-04-01	"%-EY"	"平成10年"	OK
2010-04-01	"%-EY"	"平成22年"	OK
2011-04-01	"%-EY"	"平成23年"	OK
2019-04-30	"%-EY"	"平成31年"	OK
2019-05-01	"%-EY"	"令和元年"	OK

[lo_LA.UTF-8]
1910-04-01	"%EY"	"ພ.ສ. 2453"	OK
1911-12-31	"%EY"	"ພ.ສ. 2454"	OK
1912-01-01	"%EY"	"ພ.ສ. 2455"	OK
1913-04-01	"%EY"	"ພ.ສ. 2456"	OK
1988-04-01	"%EY"	"ພ.ສ. 2531"	OK
1989-01-07	"%EY"	"ພ.ສ. 2532"	OK
1989-01-08	"%EY"	"ພ.ສ. 2532"	OK
1990-04-01	"%EY"	"ພ.ສ. 2533"	OK
1997-04-01	"%EY"	"ພ.ສ. 2540"	OK
1998-04-01	"%EY"	"ພ.ສ. 2541"	OK
2010-04-01	"%EY"	"ພ.ສ. 2553"	OK
2011-04-01	"%EY"	"ພ.ສ. 2554"	OK
2019-04-30	"%EY"	"ພ.ສ. 2562"	OK
2019-05-01	"%EY"	"ພ.ສ. 2562"	OK

1910-04-01	"%_EY"	"ພ.ສ. 2453"	OK
1911-12-31	"%_EY"	"ພ.ສ. 2454"	OK
1912-01-01	"%_EY"	"ພ.ສ. 2455"	OK
1913-04-01	"%_EY"	"ພ.ສ. 2456"	OK
1988-04-01	"%_EY"	"ພ.ສ. 2531"	OK
1989-01-07	"%_EY"	"ພ.ສ. 2532"	OK
1989-01-08	"%_EY"	"ພ.ສ. 2532"	OK
1990-04-01	"%_EY"	"ພ.ສ. 2533"	OK
1997-04-01	"%_EY"	"ພ.ສ. 2540"	OK
1998-04-01	"%_EY"	"ພ.ສ. 2541"	OK
2010-04-01	"%_EY"	"ພ.ສ. 2553"	OK
2011-04-01	"%_EY"	"ພ.ສ. 2554"	OK
2019-04-30	"%_EY"	"ພ.ສ. 2562"	OK
2019-05-01	"%_EY"	"ພ.ສ. 2562"	OK

1910-04-01	"%-EY"	"ພ.ສ. 2453"	OK
1911-12-31	"%-EY"	"ພ.ສ. 2454"	OK
1912-01-01	"%-EY"	"ພ.ສ. 2455"	OK
1913-04-01	"%-EY"	"ພ.ສ. 2456"	OK
1988-04-01	"%-EY"	"ພ.ສ. 2531"	OK
1989-01-07	"%-EY"	"ພ.ສ. 2532"	OK
1989-01-08	"%-EY"	"ພ.ສ. 2532"	OK
1990-04-01	"%-EY"	"ພ.ສ. 2533"	OK
1997-04-01	"%-EY"	"ພ.ສ. 2540"	OK
1998-04-01	"%-EY"	"ພ.ສ. 2541"	OK
2010-04-01	"%-EY"	"ພ.ສ. 2553"	OK
2011-04-01	"%-EY"	"ພ.ສ. 2554"	OK
2019-04-30	"%-EY"	"ພ.ສ. 2562"	OK
2019-05-01	"%-EY"	"ພ.ສ. 2562"	OK

[th_TH.UTF-8]
1910-04-01	"%EY"	"พ.ศ. 2453"	OK
1911-12-31	"%EY"	"พ.ศ. 2454"	OK
1912-01-01	"%EY"	"พ.ศ. 2455"	OK
1913-04-01	"%EY"	"พ.ศ. 2456"	OK
1988-04-01	"%EY"	"พ.ศ. 2531"	OK
1989-01-07	"%EY"	"พ.ศ. 2532"	OK
1989-01-08	"%EY"	"พ.ศ. 2532"	OK
1990-04-01	"%EY"	"พ.ศ. 2533"	OK
1997-04-01	"%EY"	"พ.ศ. 2540"	OK
1998-04-01	"%EY"	"พ.ศ. 2541"	OK
2010-04-01	"%EY"	"พ.ศ. 2553"	OK
2011-04-01	"%EY"	"พ.ศ. 2554"	OK
2019-04-30	"%EY"	"พ.ศ. 2562"	OK
2019-05-01	"%EY"	"พ.ศ. 2562"	OK

1910-04-01	"%_EY"	"พ.ศ. 2453"	OK
1911-12-31	"%_EY"	"พ.ศ. 2454"	OK
1912-01-01	"%_EY"	"พ.ศ. 2455"	OK
1913-04-01	"%_EY"	"พ.ศ. 2456"	OK
1988-04-01	"%_EY"	"พ.ศ. 2531"	OK
1989-01-07	"%_EY"	"พ.ศ. 2532"	OK
1989-01-08	"%_EY"	"พ.ศ. 2532"	OK
1990-04-01	"%_EY"	"พ.ศ. 2533"	OK
1997-04-01	"%_EY"	"พ.ศ. 2540"	OK
1998-04-01	"%_EY"	"พ.ศ. 2541"	OK
2010-04-01	"%_EY"	"พ.ศ. 2553"	OK
2011-04-01	"%_EY"	"พ.ศ. 2554"	OK
2019-04-30	"%_EY"	"พ.ศ. 2562"	OK
2019-05-01	"%_EY"	"พ.ศ. 2562"	OK

1910-04-01	"%-EY"	"พ.ศ. 2453"	OK
1911-12-31	"%-EY"	"พ.ศ. 2454"	OK
1912-01-01	"%-EY"	"พ.ศ. 2455"	OK
1913-04-01	"%-EY"	"พ.ศ. 2456"	OK
1988-04-01	"%-EY"	"พ.ศ. 2531"	OK
1989-01-07	"%-EY"	"พ.ศ. 2532"	OK
1989-01-08	"%-EY"	"พ.ศ. 2532"	OK
1990-04-01	"%-EY"	"พ.ศ. 2533"	OK
1997-04-01	"%-EY"	"พ.ศ. 2540"	OK
1998-04-01	"%-EY"	"พ.ศ. 2541"	OK
2010-04-01	"%-EY"	"พ.ศ. 2553"	OK
2011-04-01	"%-EY"	"พ.ศ. 2554"	OK
2019-04-30	"%-EY"	"พ.ศ. 2562"	OK
2019-05-01	"%-EY"	"พ.ศ. 2562"	OK

[zh_TW.UTF-8]
1910-04-01	"%EY"	"民前02年"	OK
1911-12-31	"%EY"	"民前01年"	OK
1912-01-01	"%EY"	"民國元年"	OK
1913-04-01	"%EY"	"民國02年"	OK
1988-04-01	"%EY"	"民國77年"	OK
1989-01-07	"%EY"	"民國78年"	OK
1989-01-08	"%EY"	"民國78年"	OK
1990-04-01	"%EY"	"民國79年"	OK
1997-04-01	"%EY"	"民國86年"	OK
1998-04-01	"%EY"	"民國87年"	OK
2010-04-01	"%EY"	"民國99年"	OK
2011-04-01	"%EY"	"民國100年"	OK
2019-04-30	"%EY"	"民國108年"	OK
2019-05-01	"%EY"	"民國108年"	OK

1910-04-01	"%_EY"	"民前 2年"	OK
1911-12-31	"%_EY"	"民前 1年"	OK
1912-01-01	"%_EY"	"民國元年"	OK
1913-04-01	"%_EY"	"民國 2年"	OK
1988-04-01	"%_EY"	"民國77年"	OK
1989-01-07	"%_EY"	"民國78年"	OK
1989-01-08	"%_EY"	"民國78年"	OK
1990-04-01	"%_EY"	"民國79年"	OK
1997-04-01	"%_EY"	"民國86年"	OK
1998-04-01	"%_EY"	"民國87年"	OK
2010-04-01	"%_EY"	"民國99年"	OK
2011-04-01	"%_EY"	"民國100年"	OK
2019-04-30	"%_EY"	"民國108年"	OK
2019-05-01	"%_EY"	"民國108年"	OK

1910-04-01	"%-EY"	"民前2年"	OK
1911-12-31	"%-EY"	"民前1年"	OK
1912-01-01	"%-EY"	"民國元年"	OK
1913-04-01	"%-EY"	"民國2年"	OK
1988-04-01	"%-EY"	"民國77年"	OK
1989-01-07	"%-EY"	"民國78年"	OK
1989-01-08	"%-EY"	"民國78年"	OK
1990-04-01	"%-EY"	"民國79年"	OK
1997-04-01	"%-EY"	"民國86年"	OK
1998-04-01	"%-EY"	"民國87年"	OK
2010-04-01	"%-EY"	"民國99年"	OK
2011-04-01	"%-EY"	"民國100年"	OK
2019-04-30	"%-EY"	"民國108年"	OK
2019-05-01	"%-EY"	"民國108年"	OK

[cmn_TW.UTF-8]
1910-04-01	"%EY"	"民前02年"	OK
1911-12-31	"%EY"	"民前01年"	OK
1912-01-01	"%EY"	"民國元年"	OK
1913-04-01	"%EY"	"民國02年"	OK
1988-04-01	"%EY"	"民國77年"	OK
1989-01-07	"%EY"	"民國78年"	OK
1989-01-08	"%EY"	"民國78年"	OK
1990-04-01	"%EY"	"民國79年"	OK
1997-04-01	"%EY"	"民國86年"	OK
1998-04-01	"%EY"	"民國87年"	OK
2010-04-01	"%EY"	"民國99年"	OK
2011-04-01	"%EY"	"民國100年"	OK
2019-04-30	"%EY"	"民國108年"	OK
2019-05-01	"%EY"	"民國108年"	OK

1910-04-01	"%_EY"	"民前 2年"	OK
1911-12-31	"%_EY"	"民前 1年"	OK
1912-01-01	"%_EY"	"民國元年"	OK
1913-04-01	"%_EY"	"民國 2年"	OK
1988-04-01	"%_EY"	"民國77年"	OK
1989-01-07	"%_EY"	"民國78年"	OK
1989-01-08	"%_EY"	"民國78年"	OK
1990-04-01	"%_EY"	"民國79年"	OK
1997-04-01	"%_EY"	"民國86年"	OK
1998-04-01	"%_EY"	"民國87年"	OK
2010-04-01	"%_EY"	"民國99年"	OK
2011-04-01	"%_EY"	"民國100年"	OK
2019-04-30	"%_EY"	"民國108年"	OK
2019-05-01	"%_EY"	"民國108年"	OK

1910-04-01	"%-EY"	"民前2年"	OK
1911-12-31	"%-EY"	"民前1年"	OK
1912-01-01	"%-EY"	"民國元年"	OK
1913-04-01	"%-EY"	"民國2年"	OK
1988-04-01	"%-EY"	"民國77年"	OK
1989-01-07	"%-EY"	"民國78年"	OK
1989-01-08	"%-EY"	"民國78年"	OK
1990-04-01	"%-EY"	"民國79年"	OK
1997-04-01	"%-EY"	"民國86年"	OK
1998-04-01	"%-EY"	"民國87年"	OK
2010-04-01	"%-EY"	"民國99年"	OK
2011-04-01	"%-EY"	"民國100年"	OK
2019-04-30	"%-EY"	"民國108年"	OK
2019-05-01	"%-EY"	"民國108年"	OK

[hak_TW.UTF-8]
1910-04-01	"%EY"	"民前02年"	OK
1911-12-31	"%EY"	"民前01年"	OK
1912-01-01	"%EY"	"民國元年"	OK
1913-04-01	"%EY"	"民國02年"	OK
1988-04-01	"%EY"	"民國77年"	OK
1989-01-07	"%EY"	"民國78年"	OK
1989-01-08	"%EY"	"民國78年"	OK
1990-04-01	"%EY"	"民國79年"	OK
1997-04-01	"%EY"	"民國86年"	OK
1998-04-01	"%EY"	"民國87年"	OK
2010-04-01	"%EY"	"民國99年"	OK
2011-04-01	"%EY"	"民國100年"	OK
2019-04-30	"%EY"	"民國108年"	OK
2019-05-01	"%EY"	"民國108年"	OK

1910-04-01	"%_EY"	"民前 2年"	OK
1911-12-31	"%_EY"	"民前 1年"	OK
1912-01-01	"%_EY"	"民國元年"	OK
1913-04-01	"%_EY"	"民國 2年"	OK
1988-04-01	"%_EY"	"民國77年"	OK
1989-01-07	"%_EY"	"民國78年"	OK
1989-01-08	"%_EY"	"民國78年"	OK
1990-04-01	"%_EY"	"民國79年"	OK
1997-04-01	"%_EY"	"民國86年"	OK
1998-04-01	"%_EY"	"民國87年"	OK
2010-04-01	"%_EY"	"民國99年"	OK
2011-04-01	"%_EY"	"民國100年"	OK
2019-04-30	"%_EY"	"民國108年"	OK
2019-05-01	"%_EY"	"民國108年"	OK

1910-04-01	"%-EY"	"民前2年"	OK
1911-12-31	"%-EY"	"民前1年"	OK
1912-01-01	"%-EY"	"民國元年"	OK
1913-04-01	"%-EY"	"民國2年"	OK
1988-04-01	"%-EY"	"民國77年"	OK
1989-01-07	"%-EY"	"民國78年"	OK
1989-01-08	"%-EY"	"民國78年"	OK
1990-04-01	"%-EY"	"民國79年"	OK
1997-04-01	"%-EY"	"民國86年"	OK
1998-04-01	"%-EY"	"民國87年"	OK
2010-04-01	"%-EY"	"民國99年"	OK
2011-04-01	"%-EY"	"民國100年"	OK
2019-04-30	"%-EY"	"民國108年"	OK
2019-05-01	"%-EY"	"民國108年"	OK

[nan_TW.UTF-8]
1910-04-01	"%EY"	"民前02年"	OK
1911-12-31	"%EY"	"民前01年"	OK
1912-01-01	"%EY"	"民國元年"	OK
1913-04-01	"%EY"	"民國02年"	OK
1988-04-01	"%EY"	"民國77年"	OK
1989-01-07	"%EY"	"民國78年"	OK
1989-01-08	"%EY"	"民國78年"	OK
1990-04-01	"%EY"	"民國79年"	OK
1997-04-01	"%EY"	"民國86年"	OK
1998-04-01	"%EY"	"民國87年"	OK
2010-04-01	"%EY"	"民國99年"	OK
2011-04-01	"%EY"	"民國100年"	OK
2019-04-30	"%EY"	"民國108年"	OK
2019-05-01	"%EY"	"民國108年"	OK

1910-04-01	"%_EY"	"民前 2年"	OK
1911-12-31	"%_EY"	"民前 1年"	OK
1912-01-01	"%_EY"	"民國元年"	OK
1913-04-01	"%_EY"	"民國 2年"	OK
1988-04-01	"%_EY"	"民國77年"	OK
1989-01-07	"%_EY"	"民國78年"	OK
1989-01-08	"%_EY"	"民國78年"	OK
1990-04-01	"%_EY"	"民國79年"	OK
1997-04-01	"%_EY"	"民國86年"	OK
1998-04-01	"%_EY"	"民國87年"	OK
2010-04-01	"%_EY"	"民國99年"	OK
2011-04-01	"%_EY"	"民國100年"	OK
2019-04-30	"%_EY"	"民國108年"	OK
2019-05-01	"%_EY"	"民國108年"	OK

1910-04-01	"%-EY"	"民前2年"	OK
1911-12-31	"%-EY"	"民前1年"	OK
1912-01-01	"%-EY"	"民國元年"	OK
1913-04-01	"%-EY"	"民國2年"	OK
1988-04-01	"%-EY"	"民國77年"	OK
1989-01-07	"%-EY"	"民國78年"	OK
1989-01-08	"%-EY"	"民國78年"	OK
1990-04-01	"%-EY"	"民國79年"	OK
1997-04-01	"%-EY"	"民國86年"	OK
1998-04-01	"%-EY"	"民國87年"	OK
2010-04-01	"%-EY"	"民國99年"	OK
2011-04-01	"%-EY"	"民國100年"	OK
2019-04-30	"%-EY"	"民國108年"	OK
2019-05-01	"%-EY"	"民國108年"	OK

[lzh_TW.UTF-8]
1910-04-01	"%EY"	"民前02年"	OK
1911-12-31	"%EY"	"民前01年"	OK
1912-01-01	"%EY"	"民國元年"	OK
1913-04-01	"%EY"	"民國02年"	OK
1988-04-01	"%EY"	"民國77年"	OK
1989-01-07	"%EY"	"民國78年"	OK
1989-01-08	"%EY"	"民國78年"	OK
1990-04-01	"%EY"	"民國79年"	OK
1997-04-01	"%EY"	"民國86年"	OK
1998-04-01	"%EY"	"民國87年"	OK
2010-04-01	"%EY"	"民國99年"	OK
2011-04-01	"%EY"	"民國100年"	OK
2019-04-30	"%EY"	"民國108年"	OK
2019-05-01	"%EY"	"民國108年"	OK

1910-04-01	"%_EY"	"民前 2年"	OK
1911-12-31	"%_EY"	"民前 1年"	OK
1912-01-01	"%_EY"	"民國元年"	OK
1913-04-01	"%_EY"	"民國 2年"	OK
1988-04-01	"%_EY"	"民國77年"	OK
1989-01-07	"%_EY"	"民國78年"	OK
1989-01-08	"%_EY"	"民國78年"	OK
1990-04-01	"%_EY"	"民國79年"	OK
1997-04-01	"%_EY"	"民國86年"	OK
1998-04-01	"%_EY"	"民國87年"	OK
2010-04-01	"%_EY"	"民國99年"	OK
2011-04-01	"%_EY"	"民國100年"	OK
2019-04-30	"%_EY"	"民國108年"	OK
2019-05-01	"%_EY"	"民國108年"	OK

1910-04-01	"%-EY"	"民前2年"	OK
1911-12-31	"%-EY"	"民前1年"	OK
1912-01-01	"%-EY"	"民國元年"	OK
1913-04-01	"%-EY"	"民國2年"	OK
1988-04-01	"%-EY"	"民國77年"	OK
1989-01-07	"%-EY"	"民國78年"	OK
1989-01-08	"%-EY"	"民國78年"	OK
1990-04-01	"%-EY"	"民國79年"	OK
1997-04-01	"%-EY"	"民國86年"	OK
1998-04-01	"%-EY"	"民國87年"	OK
2010-04-01	"%-EY"	"民國99年"	OK
2011-04-01	"%-EY"	"民國100年"	OK
2019-04-30	"%-EY"	"民國108年"	OK
2019-05-01	"%-EY"	"民國108年"	OK

