1: "." -> OK
2: "./chmod.c" -> OK
3: "./ppoll.c" -> OK
4: "./fchmod.c" -> OK
5: "./statx.c" -> OK
6: "./symlinkat.c" -> OK
7: "./readlink.c" -> OK
8: "./statfs.c" -> OK
9: "./tst-futimes.c" -> OK
10: "./tst-utimensat.c" -> OK
11: "./tst-posix_fallocate-common.c" -> OK
12: "./dup.c" -> OK
13: "./chdir.c" -> OK
14: "./file_change_detection.c" -> OK
15: "./fchdir.c" -> OK
16: "./getcwd.c" -> OK
17: "./fchmodat.c" -> OK
18: "./tst-getcwd.c" -> OK
19: "./getdirname.c" -> OK
20: "./tst-lutimes.c" -> OK
21: "./fstatvfs.c" -> OK
22: "./tst-symlinkat.c" -> OK
23: "./tst-open-tmpfile.c" -> OK
24: "./dup3.c" -> OK
25: "./statvfs64.c" -> OK
26: "./ftwtest-time64.c" -> OK
27: "./tst-faccessat.c" -> OK
28: "./tst-fts-time64.c" -> OK
29: "./tst-file_change_detection.c" -> OK
30: "./tst-ftw-bz26353.c" -> OK
31: "./stat.c" -> OK
32: "./tst-readlinkat.c" -> OK
33: "./open.c" -> OK
34: "./close.c" -> OK
35: "./tst-ftw-lnk.c" -> OK
36: "./ftw64-time64.c" -> OK
37: "./link.c" -> OK
38: "./dup2.c" -> OK
39: "./unlinkat.c" -> OK
40: "./fcntl.c" -> OK
41: "./lstat64.c" -> OK
42: "./posix_fallocate.c" -> OK
43: "./tst-lchmod.c" -> OK
44: "./fts64-time64.c" -> OK
45: "./fstatfs64.c" -> OK
46: "./fcntl.h" -> OK
47: "./ftwtest.c" -> OK
48: "./linkat.c" -> OK
49: "./tst-posix_fallocate64.c" -> OK
50: "./tst-futimens-time64.c" -> OK
51: "./flock.c" -> OK
52: "./getwd.c" -> OK
53: "./tst-futimens.c" -> OK
54: "./openat64.c" -> OK
55: "./fstatat64.c" -> OK
56: "./test-stat.c" -> OK
57: "./lockf64.c" -> OK
58: "./test-lfs.c" -> OK
59: "./tst-statvfs.c" -> OK
60: "./tst-mkdirat.c" -> OK
61: "./utimensat.c" -> OK
62: "./faccessat.c" -> OK
63: "./utime.c" -> OK
64: "./creat64.c" -> OK
65: "./tst-copy_file_range.c" -> OK
66: "./tst-getcwd-abspath.c" -> OK
67: "./tst-futimesat.c" -> OK
68: "./fcntl64.c" -> OK
69: "./openat.c" -> OK
70: "./tst-utimensat-skeleton.c" -> OK
71: "./statvfs.c" -> OK
72: "./tst-mkfifoat.c" -> OK
73: "./tst-closefrom.c" -> OK
74: "./tst-linkat.c" -> OK
75: "./bug-ftw5.c" -> OK
76: "./posix_fadvise64.c" -> OK
77: "./fstatvfs64.c" -> OK
78: "./mkdirat.c" -> OK
79: "./lseek64.c" -> OK
80: "./fchown.c" -> OK
81: "./fts.h" -> OK
82: "./statx_generic.c" -> OK
83: "./tst-utimes-time64.c" -> OK
84: "./mknodat.c" -> OK
85: "./bug-ftw2.c" -> OK
86: "./fts.c" -> OK
87: "./isatty.c" -> OK
88: "./pipe.c" -> OK
89: "./Makefile" -> OK
90: "./bits" -> OK
91: "./bits/fcntl2.h" -> OK
92: "./bits/poll2.h" -> OK
93: "./bits/statx.h" -> OK
94: "./bits/statx-generic.h" -> OK
95: "./bits/types" -> OK
96: "./bits/types/struct_statx.h" -> OK
97: "./bits/types/struct_statx_timestamp.h" -> OK
98: "./sendfile.c" -> OK
99: "./tst-fts-lfs.c" -> OK
100: "./tst-unlinkat.c" -> OK
101: "./futimens.c" -> OK
102: "./creat.c" -> OK
103: "./tst-fcntl-time64.c" -> OK
104: "./fstatat.c" -> OK
105: "./fstatfs.c" -> OK
106: "./access.c" -> OK
107: "./tst-mknodat.c" -> OK
108: "./tst-openat.c" -> OK
109: "./tst-renameat.c" -> OK
110: "./lockf.c" -> OK
111: "./tst-stat-time64.c" -> OK
112: "./tst-futimesat-time64.c" -> OK
113: "./copy_file_range.c" -> OK
114: "./sendfile64.c" -> OK
115: "./euidaccess.c" -> OK
116: "./ttyname.c" -> OK
117: "./tst-statx.c" -> OK
118: "./Versions" -> OK
119: "./fts64.c" -> OK
120: "./tst-stat-lfs.c" -> OK
121: "./test-utime.c" -> OK
122: "./lchown.c" -> OK
123: "./unlink.c" -> OK
124: "./tst-fchownat.c" -> OK
125: "./bug-ftw4.c" -> OK
126: "./bug-ftw3.c" -> OK
127: "./lchmod.c" -> OK
128: "./closefrom.c" -> OK
129: "./tst-fchmodat.c" -> OK
130: "./pipe2.c" -> OK
131: "./umask.c" -> OK
132: "./tst-futimes-time64.c" -> OK
133: "./fstat.c" -> OK
134: "./pwd.c" -> OK
135: "./tst-lutimes-time64.c" -> OK
136: "./fstat64.c" -> OK
137: "./tst-fcntl.c" -> OK
138: "./statfs64.c" -> OK
139: "./poll.h" -> OK
140: "./tst-fstatat.c" -> OK
141: "./rmdir.c" -> OK
142: "./openat_2.c" -> OK
143: "./write.c" -> OK
144: "./fchownat.c" -> OK
145: "./mkfifoat.c" -> OK
146: "./tst-fts.c" -> OK
147: "./tst-lockf.c" -> OK
148: "./sys" -> OK
149: "./sys/stat.h" -> OK
150: "./sys/fcntl.h" -> OK
151: "./sys/sendfile.h" -> OK
152: "./sys/vfs.h" -> OK
153: "./sys/statvfs.h" -> OK
154: "./sys/poll.h" -> OK
155: "./sys/statfs.h" -> OK
156: "./posix_fallocate64.c" -> OK
157: "./utime.h" -> OK
158: "./lseek.c" -> OK
159: "./tst-posix_fallocate.c" -> OK
160: "./open_2.c" -> OK
161: "./bug-ftw1.c" -> OK
162: "./open64.c" -> OK
163: "./test-stat2.c" -> OK
164: "./chown.c" -> OK
165: "./mknod.c" -> OK
166: "./tst-stat.c" -> OK
167: "./symlink.c" -> OK
168: "./tst-utime.c" -> OK
169: "./open64_2.c" -> OK
170: "./tst-utimes.c" -> OK
171: "./tst-ttyname_r.c" -> OK
172: "./posix_fadvise.c" -> OK
173: "./stat64.c" -> OK
174: "./readlinkat.c" -> OK
175: "./ttyname_r.c" -> OK
176: "./ftw64.c" -> OK
177: "./mkdir.c" -> OK
178: "./tst-utimensat-time64.c" -> OK
179: "./ftw.c" -> OK
180: "./poll.c" -> OK
181: "./lstat.c" -> OK
182: "./tst-utime-time64.c" -> OK
183: "./read.c" -> OK
184: "./ftw.h" -> OK
185: "./mkfifo.c" -> OK
186: "./ftwtest-sh" -> OK
187: "./openat64_2.c" -> OK
