:: sys/stat.h
::::
:::: -D_DEFAULT_SOURCE=1
:::: -D_GNU_SOURCE=1
:::: -D_XOPEN_SOURCE=700
:::: -std=c89
:::: -std=c89 -D_DEFAULT_SOURCE=1
:::: -std=c89 -D_GNU_SOURCE=1
:::: -std=c89 -D_XOPEN_SOURCE=700
:::: -std=gnu89
:::: -std=gnu89 -D_DEFAULT_SOURCE=1
:::: -std=gnu89 -D_GNU_SOURCE=1
:::: -std=gnu89 -D_XOPEN_SOURCE=700
:::: -std=c11
:::: -std=c11 -D_DEFAULT_SOURCE=1
:::: -std=c11 -D_GNU_SOURCE=1
:::: -std=c11 -D_XOPEN_SOURCE=700
:::: -std=gnu11
:::: -std=gnu11 -D_DEFAULT_SOURCE=1
:::: -std=gnu11 -D_GNU_SOURCE=1
:::: -std=gnu11 -D_XOPEN_SOURCE=700
:: sys/statfs.h
::::
:::: -D_DEFAULT_SOURCE=1
:::: -D_GNU_SOURCE=1
:::: -D_XOPEN_SOURCE=700
:::: -std=c89
:::: -std=c89 -D_DEFAULT_SOURCE=1
:::: -std=c89 -D_GNU_SOURCE=1
:::: -std=c89 -D_XOPEN_SOURCE=700
:::: -std=gnu89
:::: -std=gnu89 -D_DEFAULT_SOURCE=1
:::: -std=gnu89 -D_GNU_SOURCE=1
:::: -std=gnu89 -D_XOPEN_SOURCE=700
:::: -std=c11
:::: -std=c11 -D_DEFAULT_SOURCE=1
:::: -std=c11 -D_GNU_SOURCE=1
:::: -std=c11 -D_XOPEN_SOURCE=700
:::: -std=gnu11
:::: -std=gnu11 -D_DEFAULT_SOURCE=1
:::: -std=gnu11 -D_GNU_SOURCE=1
:::: -std=gnu11 -D_XOPEN_SOURCE=700
:: sys/vfs.h
::::
:::: -D_DEFAULT_SOURCE=1
:::: -D_GNU_SOURCE=1
:::: -D_XOPEN_SOURCE=700
:::: -std=c89
:::: -std=c89 -D_DEFAULT_SOURCE=1
:::: -std=c89 -D_GNU_SOURCE=1
:::: -std=c89 -D_XOPEN_SOURCE=700
:::: -std=gnu89
:::: -std=gnu89 -D_DEFAULT_SOURCE=1
:::: -std=gnu89 -D_GNU_SOURCE=1
:::: -std=gnu89 -D_XOPEN_SOURCE=700
:::: -std=c11
:::: -std=c11 -D_DEFAULT_SOURCE=1
:::: -std=c11 -D_GNU_SOURCE=1
:::: -std=c11 -D_XOPEN_SOURCE=700
:::: -std=gnu11
:::: -std=gnu11 -D_DEFAULT_SOURCE=1
:::: -std=gnu11 -D_GNU_SOURCE=1
:::: -std=gnu11 -D_XOPEN_SOURCE=700
:: sys/statvfs.h
::::
:::: -D_DEFAULT_SOURCE=1
:::: -D_GNU_SOURCE=1
:::: -D_XOPEN_SOURCE=700
:::: -std=c89
:::: -std=c89 -D_DEFAULT_SOURCE=1
:::: -std=c89 -D_GNU_SOURCE=1
:::: -std=c89 -D_XOPEN_SOURCE=700
:::: -std=gnu89
:::: -std=gnu89 -D_DEFAULT_SOURCE=1
:::: -std=gnu89 -D_GNU_SOURCE=1
:::: -std=gnu89 -D_XOPEN_SOURCE=700
:::: -std=c11
:::: -std=c11 -D_DEFAULT_SOURCE=1
:::: -std=c11 -D_GNU_SOURCE=1
:::: -std=c11 -D_XOPEN_SOURCE=700
:::: -std=gnu11
:::: -std=gnu11 -D_DEFAULT_SOURCE=1
:::: -std=gnu11 -D_GNU_SOURCE=1
:::: -std=gnu11 -D_XOPEN_SOURCE=700
:: fcntl.h
::::
:::: -D_DEFAULT_SOURCE=1
:::: -D_GNU_SOURCE=1
:::: -D_XOPEN_SOURCE=700
:::: -std=c89
:::: -std=c89 -D_DEFAULT_SOURCE=1
:::: -std=c89 -D_GNU_SOURCE=1
:::: -std=c89 -D_XOPEN_SOURCE=700
:::: -std=gnu89
:::: -std=gnu89 -D_DEFAULT_SOURCE=1
:::: -std=gnu89 -D_GNU_SOURCE=1
:::: -std=gnu89 -D_XOPEN_SOURCE=700
:::: -std=c11
:::: -std=c11 -D_DEFAULT_SOURCE=1
:::: -std=c11 -D_GNU_SOURCE=1
:::: -std=c11 -D_XOPEN_SOURCE=700
:::: -std=gnu11
:::: -std=gnu11 -D_DEFAULT_SOURCE=1
:::: -std=gnu11 -D_GNU_SOURCE=1
:::: -std=gnu11 -D_XOPEN_SOURCE=700
:: sys/fcntl.h
::::
:::: -D_DEFAULT_SOURCE=1
:::: -D_GNU_SOURCE=1
:::: -D_XOPEN_SOURCE=700
:::: -std=c89
:::: -std=c89 -D_DEFAULT_SOURCE=1
:::: -std=c89 -D_GNU_SOURCE=1
:::: -std=c89 -D_XOPEN_SOURCE=700
:::: -std=gnu89
:::: -std=gnu89 -D_DEFAULT_SOURCE=1
:::: -std=gnu89 -D_GNU_SOURCE=1
:::: -std=gnu89 -D_XOPEN_SOURCE=700
:::: -std=c11
:::: -std=c11 -D_DEFAULT_SOURCE=1
:::: -std=c11 -D_GNU_SOURCE=1
:::: -std=c11 -D_XOPEN_SOURCE=700
:::: -std=gnu11
:::: -std=gnu11 -D_DEFAULT_SOURCE=1
:::: -std=gnu11 -D_GNU_SOURCE=1
:::: -std=gnu11 -D_XOPEN_SOURCE=700
:: poll.h
::::
:::: -D_DEFAULT_SOURCE=1
:::: -D_GNU_SOURCE=1
:::: -D_XOPEN_SOURCE=700
:::: -std=c89
:::: -std=c89 -D_DEFAULT_SOURCE=1
:::: -std=c89 -D_GNU_SOURCE=1
:::: -std=c89 -D_XOPEN_SOURCE=700
:::: -std=gnu89
:::: -std=gnu89 -D_DEFAULT_SOURCE=1
:::: -std=gnu89 -D_GNU_SOURCE=1
:::: -std=gnu89 -D_XOPEN_SOURCE=700
:::: -std=c11
:::: -std=c11 -D_DEFAULT_SOURCE=1
:::: -std=c11 -D_GNU_SOURCE=1
:::: -std=c11 -D_XOPEN_SOURCE=700
:::: -std=gnu11
:::: -std=gnu11 -D_DEFAULT_SOURCE=1
:::: -std=gnu11 -D_GNU_SOURCE=1
:::: -std=gnu11 -D_XOPEN_SOURCE=700
:: sys/poll.h
::::
:::: -D_DEFAULT_SOURCE=1
:::: -D_GNU_SOURCE=1
:::: -D_XOPEN_SOURCE=700
:::: -std=c89
:::: -std=c89 -D_DEFAULT_SOURCE=1
:::: -std=c89 -D_GNU_SOURCE=1
:::: -std=c89 -D_XOPEN_SOURCE=700
:::: -std=gnu89
:::: -std=gnu89 -D_DEFAULT_SOURCE=1
:::: -std=gnu89 -D_GNU_SOURCE=1
:::: -std=gnu89 -D_XOPEN_SOURCE=700
:::: -std=c11
:::: -std=c11 -D_DEFAULT_SOURCE=1
:::: -std=c11 -D_GNU_SOURCE=1
:::: -std=c11 -D_XOPEN_SOURCE=700
:::: -std=gnu11
:::: -std=gnu11 -D_DEFAULT_SOURCE=1
:::: -std=gnu11 -D_GNU_SOURCE=1
:::: -std=gnu11 -D_XOPEN_SOURCE=700
:: utime.h
::::
:::: -D_DEFAULT_SOURCE=1
:::: -D_GNU_SOURCE=1
:::: -D_XOPEN_SOURCE=700
:::: -std=c89
:::: -std=c89 -D_DEFAULT_SOURCE=1
:::: -std=c89 -D_GNU_SOURCE=1
:::: -std=c89 -D_XOPEN_SOURCE=700
:::: -std=gnu89
:::: -std=gnu89 -D_DEFAULT_SOURCE=1
:::: -std=gnu89 -D_GNU_SOURCE=1
:::: -std=gnu89 -D_XOPEN_SOURCE=700
:::: -std=c11
:::: -std=c11 -D_DEFAULT_SOURCE=1
:::: -std=c11 -D_GNU_SOURCE=1
:::: -std=c11 -D_XOPEN_SOURCE=700
:::: -std=gnu11
:::: -std=gnu11 -D_DEFAULT_SOURCE=1
:::: -std=gnu11 -D_GNU_SOURCE=1
:::: -std=gnu11 -D_XOPEN_SOURCE=700
:: ftw.h
::::
:::: -D_DEFAULT_SOURCE=1
:::: -D_GNU_SOURCE=1
:::: -D_XOPEN_SOURCE=700
:::: -std=c89
:::: -std=c89 -D_DEFAULT_SOURCE=1
:::: -std=c89 -D_GNU_SOURCE=1
:::: -std=c89 -D_XOPEN_SOURCE=700
:::: -std=gnu89
:::: -std=gnu89 -D_DEFAULT_SOURCE=1
:::: -std=gnu89 -D_GNU_SOURCE=1
:::: -std=gnu89 -D_XOPEN_SOURCE=700
:::: -std=c11
:::: -std=c11 -D_DEFAULT_SOURCE=1
:::: -std=c11 -D_GNU_SOURCE=1
:::: -std=c11 -D_XOPEN_SOURCE=700
:::: -std=gnu11
:::: -std=gnu11 -D_DEFAULT_SOURCE=1
:::: -std=gnu11 -D_GNU_SOURCE=1
:::: -std=gnu11 -D_XOPEN_SOURCE=700
:: fts.h
::::
:::: -D_DEFAULT_SOURCE=1
:::: -D_GNU_SOURCE=1
:::: -D_XOPEN_SOURCE=700
:::: -std=c89
:::: -std=c89 -D_DEFAULT_SOURCE=1
:::: -std=c89 -D_GNU_SOURCE=1
:::: -std=c89 -D_XOPEN_SOURCE=700
:::: -std=gnu89
:::: -std=gnu89 -D_DEFAULT_SOURCE=1
:::: -std=gnu89 -D_GNU_SOURCE=1
:::: -std=gnu89 -D_XOPEN_SOURCE=700
:::: -std=c11
:::: -std=c11 -D_DEFAULT_SOURCE=1
:::: -std=c11 -D_GNU_SOURCE=1
:::: -std=c11 -D_XOPEN_SOURCE=700
:::: -std=gnu11
:::: -std=gnu11 -D_DEFAULT_SOURCE=1
:::: -std=gnu11 -D_GNU_SOURCE=1
:::: -std=gnu11 -D_XOPEN_SOURCE=700
:: sys/sendfile.h
::::
:::: -D_DEFAULT_SOURCE=1
:::: -D_GNU_SOURCE=1
:::: -D_XOPEN_SOURCE=700
:::: -std=c89
:::: -std=c89 -D_DEFAULT_SOURCE=1
:::: -std=c89 -D_GNU_SOURCE=1
:::: -std=c89 -D_XOPEN_SOURCE=700
:::: -std=gnu89
:::: -std=gnu89 -D_DEFAULT_SOURCE=1
:::: -std=gnu89 -D_GNU_SOURCE=1
:::: -std=gnu89 -D_XOPEN_SOURCE=700
:::: -std=c11
:::: -std=c11 -D_DEFAULT_SOURCE=1
:::: -std=c11 -D_GNU_SOURCE=1
:::: -std=c11 -D_XOPEN_SOURCE=700
:::: -std=gnu11
:::: -std=gnu11 -D_DEFAULT_SOURCE=1
:::: -std=gnu11 -D_GNU_SOURCE=1
:::: -std=gnu11 -D_XOPEN_SOURCE=700
