PASS: Availability of <setjmp.h>
PASS: Combined <setjmp.h> test
PASSCOMBINED: Availability of type jmp_buf
PASSCOMBINED: Availability of type sigjmp_buf
PASSCOMBINED: Availability of function longjmp
PASSCOMBINED: Type of function longjmp
PASSCOMBINED: Availability of function siglongjmp
PASSCOMBINED: Type of function siglongjmp
PASSCOMBINED: Availability of function _longjmp
PASSCOMBINED: Type of function _longjmp
PASSCOMBINED: Availability of macro setjmp
PASSCOMBINED: Type of macro setjmp
PASSCOMBINED: Availability of macro sigsetjmp
PASSCOMBINED: Type of macro sigsetjmp
PASSCOMBINED: Availability of macro _setjmp
PASSCOMBINED: Type of macro _setjmp
PASS: Namespace of <setjmp.h>
----------------------------------------------------------------------------
  Total number of tests   :   16
  Number of failed tests  :    0
  Number of xfailed tests :    0
  Number of skipped tests :    0
