_thread_db_pthread_eventbuf_eventmask_event_bits ok
_thread_db_pthread_start_routine ok
_thread_db_sizeof_list_t ok
_thread_db_pthread_schedparam_sched_priority ok
_thread_db_td_eventbuf_t_eventdata ok
_thread_db_list_t_prev ok
_thread_db_sizeof_dtv_slotinfo ok
_thread_db_pthread_cancelhandling ok
_thread_db___pthread_keys ok
_thread_db_rtld_global__dl_tls_dtv_slotinfo_list ok
__nptl_create_event ok
_thread_db_sizeof_pthread ok
__nptl_death_event ok
_thread_db_dtv_slotinfo_gen ok
__nptl_last_event ok
_thread_db_pthread_key_data_seq ok
__nptl_nthreads ok
_thread_db_pthread_schedpolicy ok
_thread_db_sizeof_pthread_key_data_level2 ok
_thread_db_td_thr_events_t_event_bits ok
_thread_db_link_map_l_tls_modid ok
_thread_db_pthread_eventbuf_eventmask ok
_thread_db_sizeof_pthread_key_struct ok
_thread_db_dtv_slotinfo_list_next ok
_thread_db_list_t_next ok
_thread_db_pthread_key_struct_seq ok
_thread_db_dtv_t_counter ok
_thread_db_dtv_dtv ok
_thread_db_pthread_tid ok
__nptl_version ok
_thread_db___nptl_last_event ok
_thread_db___nptl_nthreads ok
_thread_db_dtv_slotinfo_map ok
_thread_db_sizeof_pthread_key_data ok
_thread_db_pthread_key_struct_destr ok
__nptl_rtld_global ok
_thread_db_sizeof_td_thr_events_t ok
_thread_db_link_map_l_tls_offset ok
__pthread_keys ok
_thread_db_pthread_key_data_level2_data ok
_thread_db_pthread_key_data_data ok
_thread_db_dtv_t_pointer_val ok
__nptl_threads_events ok
_thread_db_pthread_specific ok
_thread_db_sizeof_dtv_slotinfo_list ok
_thread_db_pthread_report_events ok
_thread_db_pthread_eventbuf ok
_thread_db_pthread_list ok
_thread_db_dtv_slotinfo_list_slotinfo ok
_thread_db_pthread_nextevent ok
_thread_db_pthread_dtvp ok
_thread_db_dtv_slotinfo_list_len ok
_thread_db_sizeof_td_eventbuf_t ok
_thread_db_rtld_global__dl_stack_used ok
_thread_db_td_eventbuf_t_eventnum ok
_thread_db_rtld_global__dl_stack_user ok
_thread_db___nptl_rtld_global ok
th_unique: _thread_db_const_thread_area
