round 1
round 2
round 3
round 4
round 5
round 6
round 7
round 8
round 9
round 10
round 11
round 12
round 13
round 14
round 15
round 16
round 17
round 18
round 19
round 20
round 21
round 22
round 23
round 24
round 25
round 26
round 27
round 28
round 29
round 30
round 31
round 32
round 33
round 34
round 35
round 36
round 37
round 38
round 39
round 40
round 41
round 42
round 43
round 44
round 45
round 46
round 47
round 48
round 49
round 50
round 51
round 52
round 53
round 54
round 55
round 56
round 57
round 58
round 59
round 60
round 61
round 62
round 63
round 64
round 65
round 66
round 67
round 68
round 69
round 70
round 71
round 72
round 73
round 74
round 75
round 76
round 77
round 78
round 79
round 80
round 81
round 82
round 83
round 84
round 85
round 86
round 87
round 88
round 89
round 90
round 91
round 92
round 93
round 94
round 95
round 96
round 97
round 98
round 99
round 100
