.
dirent.h	file number 9048753
tst-fdopendir2.c	file number 9049601
tst-fdopendir.c	file number 9049600
tst-seekdir.c	file number 9049610
tst-scandir.c	file number 9049604
versionsort.c	file number 9049612
opendir.c	file number 9048760
scandir-cancel.c	file number 9048766
list.c	file number 9048758
bug-readdir1.c	file number 9048751
opendir-tst1.c	file number 9048759
..	file number 8917829
telldir.c	file number 9049429
alphasort.c	file number 9048749
scandir-tail.c	file number 9048768
readdir64_r.c	file number 9048763
rewinddir.c	file number 9048765
fdopendir.c	file number 9048755
Makefile	file number 9048747
scandir64-tail.c	file number 9049424
scandir.c	file number 9048769
closedir.c	file number 9048752
seekdir.c	file number 9049428
dirfd.c	file number 9048754
scandirat.c	file number 9049426
tst-scandir64.c	file number 9049607
Versions	file number 9048748
getdents64.c	file number 9048757
.	file number 9048746
scandir-tail-common.c	file number 9048767
versionsort64.c	file number 9049615
scandir64.c	file number 9049425
alphasort64.c	file number 9048750
scandirat64.c	file number 9049427
getdents.c	file number 9048756
readdir.c	file number 9048761
readdir_r.c	file number 9048764
readdir64.c	file number 9048762
