dirent.h
tst-fdopendir2.c
tst-fdopendir.c
tst-seekdir.c
tst-scandir.c
versionsort.c
opendir.c
scandir-cancel.c
list.c
bug-readdir1.c
opendir-tst1.c
..
telldir.c
alphasort.c
scandir-tail.c
readdir64_r.c
rewinddir.c
fdopendir.c
Makefile
scandir64-tail.c
scandir.c
closedir.c
seekdir.c
dirfd.c
scandirat.c
tst-scandir64.c
Versions
getdents64.c
.
scandir-tail-common.c
versionsort64.c
scandir64.c
alphasort64.c
scandirat64.c
getdents.c
readdir.c
readdir_r.c
readdir64.c
going back past 4-th entry...
tst-scandir.c
versionsort.c
opendir.c
scandir-cancel.c
list.c
bug-readdir1.c
opendir-tst1.c
..
telldir.c
alphasort.c
scandir-tail.c
readdir64_r.c
rewinddir.c
fdopendir.c
Makefile
scandir64-tail.c
scandir.c
closedir.c
seekdir.c
dirfd.c
scandirat.c
tst-scandir64.c
Versions
getdents64.c
.
scandir-tail-common.c
versionsort64.c
scandir64.c
alphasort64.c
scandirat64.c
getdents.c
readdir.c
readdir_r.c
readdir64.c
