This file contains any messages produced by compilers while
running configure, to aid debugging if configure makes a mistake.

It was created by GNU C Library configure (see version.h), which was
generated by GNU Autoconf 2.69.  Invocation command line was

  $ ./../configure --prefix=/home/mritunjya/rooms/cryptography/crypto-hack/crackmes-one

## --------- ##
## Platform. ##
## --------- ##

hostname = mritunjya-Predator-PH315-51
uname -m = x86_64
uname -r = 5.15.0-56-generic
uname -s = Linux
uname -v = #62~20.04.1-Ubuntu SMP Tue Nov 22 21:24:20 UTC 2022

/usr/bin/uname -p = x86_64
/bin/uname -X     = unknown

/bin/arch              = x86_64
/usr/bin/arch -k       = unknown
/usr/convex/getsysinfo = unknown
/usr/bin/hostinfo      = unknown
/bin/machine           = unknown
/usr/bin/oslevel       = unknown
/bin/universe          = unknown

PATH: /home/mritunjya/.cargo/bin
PATH: /home/mritunjya/.local/bin
PATH: /usr/local/sbin
PATH: /usr/local/bin
PATH: /usr/sbin
PATH: /usr/bin
PATH: /sbin
PATH: /bin
PATH: /usr/games
PATH: /usr/local/games
PATH: /snap/bin


## ----------- ##
## Core tests. ##
## ----------- ##

configure:2246: checking build system type
configure:2260: result: x86_64-pc-linux-gnu
configure:2280: checking host system type
configure:2293: result: x86_64-pc-linux-gnu
configure:2362: checking for gcc
configure:2378: found /usr/bin/gcc
configure:2389: result: gcc
configure:2618: checking for C compiler version
configure:2627: gcc --version >&5
gcc (Ubuntu 8.4.0-3ubuntu2) 8.4.0
Copyright (C) 2018 Free Software Foundation, Inc.
This is free software; see the source for copying conditions.  There is NO
warranty; not even for MERCHANTABILITY or FITNESS FOR A PARTICULAR PURPOSE.

configure:2638: $? = 0
configure:2627: gcc -v >&5
Using built-in specs.
COLLECT_GCC=gcc
COLLECT_LTO_WRAPPER=/usr/lib/gcc/x86_64-linux-gnu/8/lto-wrapper
OFFLOAD_TARGET_NAMES=nvptx-none
OFFLOAD_TARGET_DEFAULT=1
Target: x86_64-linux-gnu
Configured with: ../src/configure -v --with-pkgversion='Ubuntu 8.4.0-3ubuntu2' --with-bugurl=file:///usr/share/doc/gcc-8/README.Bugs --enable-languages=c,ada,c++,go,brig,d,fortran,objc,obj-c++ --prefix=/usr --with-gcc-major-version-only --program-suffix=-8 --program-prefix=x86_64-linux-gnu- --enable-shared --enable-linker-build-id --libexecdir=/usr/lib --without-included-gettext --enable-threads=posix --libdir=/usr/lib --enable-nls --enable-bootstrap --enable-clocale=gnu --enable-libstdcxx-debug --enable-libstdcxx-time=yes --with-default-libstdcxx-abi=new --enable-gnu-unique-object --disable-vtable-verify --enable-libmpx --enable-plugin --enable-default-pie --with-system-zlib --with-target-system-zlib=auto --enable-objc-gc=auto --enable-multiarch --disable-werror --with-arch-32=i686 --with-abi=m64 --with-multilib-list=m32,m64,mx32 --enable-multilib --with-tune=generic --enable-offload-targets=nvptx-none --without-cuda-driver --enable-checking=release --build=x86_64-linux-gnu --host=x86_64-linux-gnu --target=x86_64-linux-gnu
Thread model: posix
gcc version 8.4.0 (Ubuntu 8.4.0-3ubuntu2) 
configure:2638: $? = 0
configure:2627: gcc -V >&5
gcc: error: unrecognized command line option '-V'
gcc: fatal error: no input files
compilation terminated.
configure:2638: $? = 1
configure:2627: gcc -qversion >&5
gcc: error: unrecognized command line option '-qversion'; did you mean '--version'?
gcc: fatal error: no input files
compilation terminated.
configure:2638: $? = 1
configure:2643: checking for suffix of object files
configure:2665: gcc -c   conftest.c >&5
configure:2669: $? = 0
configure:2690: result: o
configure:2694: checking whether we are using the GNU C compiler
configure:2713: gcc -c   conftest.c >&5
configure:2713: $? = 0
configure:2722: result: yes
configure:2731: checking whether gcc accepts -g
configure:2751: gcc -c -g  conftest.c >&5
configure:2751: $? = 0
configure:2792: result: yes
configure:2912: checking for readelf
configure:2928: found /usr/bin/readelf
configure:2939: result: readelf
configure:3021: checking for g++
configure:3037: found /usr/bin/g++
configure:3048: result: g++
configure:3075: checking for C++ compiler version
configure:3084: g++ --version >&5
g++ (Ubuntu 9.4.0-1ubuntu1~20.04.1) 9.4.0
Copyright (C) 2019 Free Software Foundation, Inc.
This is free software; see the source for copying conditions.  There is NO
warranty; not even for MERCHANTABILITY or FITNESS FOR A PARTICULAR PURPOSE.

configure:3095: $? = 0
configure:3084: g++ -v >&5
Using built-in specs.
COLLECT_GCC=g++
COLLECT_LTO_WRAPPER=/usr/lib/gcc/x86_64-linux-gnu/9/lto-wrapper
OFFLOAD_TARGET_NAMES=nvptx-none:hsa
OFFLOAD_TARGET_DEFAULT=1
Target: x86_64-linux-gnu
Configured with: ../src/configure -v --with-pkgversion='Ubuntu 9.4.0-1ubuntu1~20.04.1' --with-bugurl=file:///usr/share/doc/gcc-9/README.Bugs --enable-languages=c,ada,c++,go,brig,d,fortran,objc,obj-c++,gm2 --prefix=/usr --with-gcc-major-version-only --program-suffix=-9 --program-prefix=x86_64-linux-gnu- --enable-shared --enable-linker-build-id --libexecdir=/usr/lib --without-included-gettext --enable-threads=posix --libdir=/usr/lib --enable-nls --enable-clocale=gnu --enable-libstdcxx-debug --enable-libstdcxx-time=yes --with-default-libstdcxx-abi=new --enable-gnu-unique-object --disable-vtable-verify --enable-plugin --enable-default-pie --with-system-zlib --with-target-system-zlib=auto --enable-objc-gc=auto --enable-multiarch --disable-werror --with-arch-32=i686 --with-abi=m64 --with-multilib-list=m32,m64,mx32 --enable-multilib --with-tune=generic --enable-offload-targets=nvptx-none=/build/gcc-9-Av3uEd/gcc-9-9.4.0/debian/tmp-nvptx/usr,hsa --without-cuda-driver --enable-checking=release --build=x86_64-linux-gnu --host=x86_64-linux-gnu --target=x86_64-linux-gnu
Thread model: posix
gcc version 9.4.0 (Ubuntu 9.4.0-1ubuntu1~20.04.1) 
configure:3095: $? = 0
configure:3084: g++ -V >&5
g++: error: unrecognized command line option '-V'
g++: fatal error: no input files
compilation terminated.
configure:3095: $? = 1
configure:3084: g++ -qversion >&5
g++: error: unrecognized command line option '-qversion'; did you mean '--version'?
g++: fatal error: no input files
compilation terminated.
configure:3095: $? = 1
configure:3099: checking whether we are using the GNU C++ compiler
configure:3118: g++ -c   conftest.cpp >&5
configure:3118: $? = 0
configure:3127: result: yes
configure:3136: checking whether g++ accepts -g
configure:3156: g++ -c -g  conftest.cpp >&5
configure:3156: $? = 0
configure:3197: result: yes
configure:3222: checking whether g++ can link programs
configure:3245: g++ -o conftest -g -O2   conftest.cpp  >&5
configure:3245: $? = 0
configure:3268: g++ -o conftest -g -O2   -static conftest.cpp  >&5
configure:3268: $? = 0
configure:3283: result: yes
configure:3801: gcc -E  conftest.c
configure:3801: $? = 0
configure:3873: checking for sysdeps preconfigure fragments
configure:6: checking for grep that handles long lines and -e
configure:64: result: /usr/bin/grep
configure:69: checking for egrep
configure:131: result: /usr/bin/grep -E
configure:6: checking for grep that handles long lines and -e
configure:64: result: /usr/bin/grep
configure:69: checking for egrep
configure:131: result: /usr/bin/grep -E
configure:9: checking whether gcc compiles in -mx32 mode by default
configure:27: gcc -c -g -O2  conftest.c >&5
conftest.c:14:3: error: #error not x32
 # error not x32
   ^~~~~
configure:27: $? = 1
configure: failed program was:
| /* confdefs.h */
| #define PACKAGE_NAME "GNU C Library"
| #define PACKAGE_TARNAME "glibc"
| #define PACKAGE_VERSION "(see version.h)"
| #define PACKAGE_STRING "GNU C Library (see version.h)"
| #define PACKAGE_BUGREPORT "https://sourceware.org/bugzilla/"
| #define PACKAGE_URL "https://www.gnu.org/software/glibc/"
| #define PKGVERSION "(GNU libc) "
| #define REPORT_BUGS_TO "<https://www.gnu.org/software/libc/bugs.html>"
| #define HAVE_TUNABLES 1
| #define USE_PPC_SCV 1
| /* end confdefs.h.  */
| #ifndef __ILP32__
| # error not x32
| #endif
| int
| main ()
| {
| 
|   ;
|   return 0;
| }
configure:34: result: no
configure:3880: result: 
configure:3910: checking for use of fpu sysdeps directories
configure:3929: result: yes
configure:3933: checking for -fstack-protector
configure:3939: gcc -g -O2  -Werror -fstack-protector -xc /dev/null -S -o /dev/null
configure:3942: $? = 0
configure:3950: result: yes
configure:3953: checking for -fstack-protector-strong
configure:3959: gcc -g -O2  -Werror -fstack-protector-strong -xc /dev/null -S -o /dev/null
configure:3962: $? = 0
configure:3970: result: yes
configure:3973: checking for -fstack-protector-all
configure:3979: gcc -g -O2  -Werror -fstack-protector-all -xc /dev/null -S -o /dev/null
configure:3982: $? = 0
configure:3990: result: yes
configure:4033: checking for assembler and linker STT_GNU_IFUNC support

Relocation section '.rela.dyn' at offset 0x248 contains 1 entry:
  Offset          Info           Type           Sym. Value    Sym. Name + Addend
000000002000  000000000025 R_X86_64_IRELATIV                    1000
configure:4064: result: yes
configure:4068: checking for gcc attribute ifunc support
configure:4094: result: yes
configure:4099: checking whether the linker supports textrels along with ifunc
configure:4129: gcc -g -O2   -nostartfiles -nostdlib -fno-stack-protector -pie -o conftest conftest.S
configure:4132: $? = 0
configure:4139: result: yes
configure:4144: checking for GNU attribute retain support
conftest.c:1:1: error: 'retain' attribute directive ignored [-Werror=attributes]
 static int var  __attribute__ ((used, retain, section ("__libc_atexit")));
 ^~~~~~
cc1: all warnings being treated as errors
configure:4159: result: no
configure:4169: checking if compiler warns about alias for function with incompatible types
conftest.c:9:34: error: 'foo_alias' alias between functions of incompatible types 'int(const void *, int)' and 'int (*(void))(const void *, int)' [-Werror=attribute-alias]
 extern __typeof (__redirect_foo) foo_alias __attribute__ ((alias ("foo")));
                                  ^~~~~~~~~
conftest.c:4:28: note: aliased declaration here
 __typeof (__redirect_foo) *foo_impl (void)
                            ^~~~~~~~
cc1: all warnings being treated as errors
configure:4191: result: yes
configure:4229: checking sysdep dirs
configure:4427: result: sysdeps/generic
configure:4447: checking for a BSD-compatible install
configure:4515: result: /usr/bin/install -c
configure:4530: checking whether ln -s works
configure:4534: result: yes
configure:4560: checking whether as is GNU as
configure:4574: result: yes
configure:4579: checking whether ld is GNU ld
configure:4593: result: yes
configure:4603: checking for as
configure:4630: result: as
configure:4645: checking version of as
configure:4655: result: 2.34, ok
configure:4733: checking for ld
configure:4760: result: ld
configure:4775: checking version of ld
configure:4785: result: 2.34, ok
configure:4799: checking for gnumake
configure:4829: result: no
configure:4799: checking for gmake
configure:4829: result: no
configure:4799: checking for make
configure:4815: found /usr/bin/make
configure:4826: result: make
configure:4841: checking version of make
configure:4851: result: 4.2.1, ok
configure:4863: checking for gnumsgfmt
configure:4893: result: no
configure:4863: checking for gmsgfmt
configure:4893: result: no
configure:4863: checking for msgfmt
configure:4893: result: no
configure:4926: checking for makeinfo
configure:4956: result: no
configure:4989: checking for sed
configure:5005: found /usr/bin/sed
configure:5016: result: sed
configure:5031: checking version of sed
configure:5041: result: 4.7, ok
configure:5052: checking for gawk
configure:5068: found /usr/bin/gawk
configure:5079: result: gawk
configure:5094: checking version of gawk
configure:5104: result: 5.0.1, ok
configure:5115: checking for bison
configure:5131: found /usr/bin/bison
configure:5142: result: bison
configure:5157: checking version of bison
configure:5167: result: 3.5.1, ok
configure:5175: checking if gcc is sufficient to build libc
configure:5195: gcc -E  conftest.c
configure:5195: $? = 0
configure:5202: result: yes
configure:5251: checking for nm
configure:5267: found /usr/bin/nm
configure:5278: result: nm
configure:5376: checking for python3
configure:5392: found /usr/bin/python3
configure:5403: result: python3
configure:5418: checking version of python3
configure:5428: result: 3.8.10, ok
configure:5445: WARNING:
*** These auxiliary programs are missing or incompatible versions: msgfmt makeinfo
*** some features or tests will be disabled.
*** Check the INSTALL file for required versions.
configure:5496: checking LD_LIBRARY_PATH variable
configure:5506: result: ok
configure:5517: checking for bash
configure:5535: found /usr/bin/bash
configure:5548: result: /usr/bin/bash
configure:5559: checking for perl
configure:5577: found /usr/bin/perl
configure:5590: result: /usr/bin/perl
configure:5604: checking for install-info
configure:5623: found /usr/bin/install-info
configure:5636: result: /usr/bin/install-info
configure:5645: checking for .set assembler directive
configure:5671: result: yes
configure:5678: checking linker support for protected data symbol
configure:5688: gcc -nostdlib -nostartfiles -fno-stack-protector -fPIC -shared conftest.c -o conftest.so
configure:5691: $? = 0
configure:5698: gcc -nostdlib -nostartfiles -fno-stack-protector conftest.c -o conftest conftest.so
/usr/bin/ld: warning: cannot find entry symbol _start; defaulting to 0000000000001000
configure:5701: $? = 0
configure:5709: result: yes
configure:5713: checking linker support for INSERT in linker script
configure:5731: gcc -nostdlib -nostartfiles -fno-stack-protector -fPIC -shared conftest.c -Wl,-T,conftest.t -o conftest.so
configure:5734: $? = 0
configure:5741: result: yes
configure:5745: checking for broken __attribute__((alias()))
configure:5760: gcc -Werror -S conftest.c -o conftest.s 1>&5
configure:5763: $? = 0
configure:5773: result: no
configure:5779: checking whether to put _rtld_local into .sdata section
configure:5793: result: no
configure:5800: checking for libunwind-support in compiler
configure:5817: result: no
configure:5826: checking whether --noexecstack is desirable for .S files
configure:5836: gcc -g -O2 
		   -S -o conftest.s conftest.c 1>&5
configure:5839: $? = 0
configure:5844: gcc  -Wa,--noexecstack
		      -c -o conftest.o conftest.s 1>&5
configure:5847: $? = 0
configure:5856: result: yes
configure:5863: checking for -z combreloc
configure:5877: gcc -g -O2  
			-fPIC -shared -fno-stack-protector -o conftest.so conftest.c
			-nostdlib -nostartfiles
			-Wl,-z,combreloc 1>&5
configure:5880: $? = 0
configure:5893: result: yes
configure:5901: checking for linker that supports -z execstack
configure:5914: gcc -g -O2   -fno-stack-protector
				-Wl,-z,execstack -nostdlib -nostartfiles
				-fPIC -shared -o conftest.so conftest.c
				1>&5
configure:5917: $? = 0
configure:5930: result: yes
configure:5934: checking for linker that supports -z start-stop-gc
configure:5963: result: no
configure:5968: checking for linker that supports --no-dynamic-linker
configure:5981: gcc -g -O2   -fno-stack-protector
				-Wl,--no-dynamic-linker -nostdlib -nostartfiles
				-fPIC -shared -o conftest.so conftest.c
				1>&5
configure:5984: $? = 0
configure:5997: result: yes
configure:6002: checking for -static-pie
configure:6008: gcc -static-pie -xc /dev/null -S -o /dev/null
configure:6011: $? = 0
configure:6019: result: yes
configure:6024: checking for -fpie
configure:6030: gcc -fpie -xc /dev/null -S -o /dev/null
configure:6033: $? = 0
configure:6041: result: yes
configure:6046: checking for --hash-style option
configure:6057: gcc -g -O2   -fno-stack-protector
			    -fPIC -shared -o conftest.so conftest.c
			    -Wl,--hash-style=both -nostdlib 1>&5
configure:6060: $? = 0
configure:6069: result: yes
configure:6077: checking for sufficient default -shared layout
configure:6096:   gcc  -shared -o conftest.so conftest.s 1>&5
configure:6099: $? = 0
configure:6131: result: yes
configure:6136: checking for GLOB_DAT reloc
configure:6149: gcc -g -O2  
			-fPIC -shared -o conftest.so conftest.c
			-nostdlib -nostartfiles -fno-stack-protector
			1>&5
configure:6152: $? = 0
configure:6165: result: yes
configure:6169: checking for -fno-toplevel-reorder -fno-section-anchors
configure:6179: gcc -g -O2  -S -fno-toplevel-reorder -fno-section-anchors
			    conftest.c 1>&5
configure:6182: $? = 0
configure:6191: result: yes
configure:6200: checking for -mtls-dialect=gnu2
configure:6214: gcc -g -O2  -S -fPIC -mtls-dialect=gnu2
		   conftest.c 1>&5
configure:6217: $? = 0
configure:6226: result: yes
configure:6232: checking whether cc puts quotes around section names
configure:6253: result: no
configure:6260: checking for __builtin_memset
configure:6272: gcc -O3 -S conftest.c -o - | grep -F memset > /dev/null
configure:6275: $? = 1
configure:6284: result: yes
configure:6291: checking for redirection of built-in functions
configure:6304: gcc -O3 -S conftest.c -o - | grep -F my_strstr > /dev/null
configure:6307: $? = 0
configure:6316: result: yes
configure:6322: checking for compiler option to disable generation of FMA instructions
configure:6330: gcc -ffp-contract=off -xc /dev/null -S -o /dev/null
configure:6333: $? = 0
configure:6339: result: -ffp-contract=off
configure:6372: checking if gcc accepts -fno-tree-loop-distribute-patterns with __attribute__ ((__optimize__))
configure:6385: gcc -g -O2  -c conftest.c
configure:6388: $? = 0
configure:6395: result: yes
configure:6403: checking for libgd
configure:6423: gcc -o conftest -g -O2     conftest.c  -lgd -lpng -lz -lm >&5
conftest.c:20:10: fatal error: gd.h: No such file or directory
 #include <gd.h>
          ^~~~~~
compilation terminated.
configure:6423: $? = 1
configure: failed program was:
| /* confdefs.h */
| #define PACKAGE_NAME "GNU C Library"
| #define PACKAGE_TARNAME "glibc"
| #define PACKAGE_VERSION "(see version.h)"
| #define PACKAGE_STRING "GNU C Library (see version.h)"
| #define PACKAGE_BUGREPORT "https://sourceware.org/bugzilla/"
| #define PACKAGE_URL "https://www.gnu.org/software/glibc/"
| #define PKGVERSION "(GNU libc) "
| #define REPORT_BUGS_TO "<https://www.gnu.org/software/libc/bugs.html>"
| #define HAVE_TUNABLES 1
| #define USE_PPC_SCV 1
| #define HAVE_CC_NO_STACK_PROTECTOR 1
| #define STACK_PROTECTOR_LEVEL 0
| #define USE_MULTIARCH 1
| #define HAVE_ASM_SET_DIRECTIVE 1
| #define HAVE_Z_COMBRELOC 1
| #define HAVE_BUILTIN_MEMSET 1
| #define HAVE_CC_INHIBIT_LOOP_TO_LIBCALL 1
| /* end confdefs.h.  */
| #include <gd.h>
| int
| main ()
| {
| gdImagePng (0, 0)
|   ;
|   return 0;
| }
configure:6436: result: no
configure:6445: checking for is_selinux_enabled in -lselinux
configure:6470: gcc -o conftest -g -O2   conftest.c -lselinux   >&5
/usr/bin/ld: cannot find -lselinux
collect2: error: ld returned 1 exit status
configure:6470: $? = 1
configure: failed program was:
| /* confdefs.h */
| #define PACKAGE_NAME "GNU C Library"
| #define PACKAGE_TARNAME "glibc"
| #define PACKAGE_VERSION "(see version.h)"
| #define PACKAGE_STRING "GNU C Library (see version.h)"
| #define PACKAGE_BUGREPORT "https://sourceware.org/bugzilla/"
| #define PACKAGE_URL "https://www.gnu.org/software/glibc/"
| #define PKGVERSION "(GNU libc) "
| #define REPORT_BUGS_TO "<https://www.gnu.org/software/libc/bugs.html>"
| #define HAVE_TUNABLES 1
| #define USE_PPC_SCV 1
| #define HAVE_CC_NO_STACK_PROTECTOR 1
| #define STACK_PROTECTOR_LEVEL 0
| #define USE_MULTIARCH 1
| #define HAVE_ASM_SET_DIRECTIVE 1
| #define HAVE_Z_COMBRELOC 1
| #define HAVE_BUILTIN_MEMSET 1
| #define HAVE_CC_INHIBIT_LOOP_TO_LIBCALL 1
| /* end confdefs.h.  */
| 
| /* Override any GCC internal prototype to avoid an error.
|    Use char because int might match the return type of a GCC
|    builtin and then its argument prototype would still apply.  */
| #ifdef __cplusplus
| extern "C"
| #endif
| char is_selinux_enabled ();
| int
| main ()
| {
| return is_selinux_enabled ();
|   ;
|   return 0;
| }
configure:6479: result: no
configure:6602: checking for _FORTIFY_SOURCE predefine
configure:6621: gcc -c -g -O2  conftest.c >&5
conftest.c: In function 'main':
conftest.c:26:3: error: #error bogon
 # error bogon
   ^~~~~
configure:6621: $? = 1
configure: failed program was:
| /* confdefs.h */
| #define PACKAGE_NAME "GNU C Library"
| #define PACKAGE_TARNAME "glibc"
| #define PACKAGE_VERSION "(see version.h)"
| #define PACKAGE_STRING "GNU C Library (see version.h)"
| #define PACKAGE_BUGREPORT "https://sourceware.org/bugzilla/"
| #define PACKAGE_URL "https://www.gnu.org/software/glibc/"
| #define PKGVERSION "(GNU libc) "
| #define REPORT_BUGS_TO "<https://www.gnu.org/software/libc/bugs.html>"
| #define HAVE_TUNABLES 1
| #define USE_PPC_SCV 1
| #define HAVE_CC_NO_STACK_PROTECTOR 1
| #define STACK_PROTECTOR_LEVEL 0
| #define USE_MULTIARCH 1
| #define HAVE_ASM_SET_DIRECTIVE 1
| #define HAVE_Z_COMBRELOC 1
| #define HAVE_BUILTIN_MEMSET 1
| #define HAVE_CC_INHIBIT_LOOP_TO_LIBCALL 1
| /* end confdefs.h.  */
| 
| int
| main ()
| {
| 
| #ifdef _FORTIFY_SOURCE
| # error bogon
| #endif
|   ;
|   return 0;
| }
configure:6628: result: yes
configure:6638: checking whether the linker provides working __ehdr_start
configure:6661: gcc -o conftest -g -O2 -fPIC   -nostdlib -nostartfiles -shared -fno-stack-protector conftest.c  >&5
configure:6661: $? = 0
configure:6677: result: yes
configure:6687: checking whether the assembler requires one version per symbol
conftest.s: Assembler messages:
conftest.s:5: Error: multiple versions [`testfunc1@VERSION2'|`testfunc1@VERSION1'] for symbol `testfunc'
configure:6708: result: yes
configure:6715: checking for __builtin_trap with no external dependencies
configure:6732: gcc -c -g -O2  conftest.c >&5
configure:6732: $? = 0
libc_undefs=''
configure:6746: result: yes
configure:6760: checking whether the C++ compiler supports thread_local
configure:6788: g++ -c -g -O2 -std=gnu++11  conftest.cpp >&5
configure:6788: $? = 0
configure:6797: result: yes
configure:6828: result: running configure fragment for sysdeps/unix/sysv/linux/x86_64/64
configure:6828: result: running configure fragment for sysdeps/unix/sysv/linux/x86_64
configure:6828: result: running configure fragment for sysdeps/unix/sysv/linux
configure:10: checking installed Linux kernel header files
configure:29: gcc -E  conftest.c
configure:29: $? = 0
configure:36: result: 3.2.0 or later
configure:70: checking for kernel header at least 3.2.0
configure:88: gcc -E  conftest.c
configure:88: $? = 0
configure:94: result: ok
configure:143: checking for symlinks in /home/mritunjya/rooms/cryptography/crypto-hack/crackmes-one/include
configure:160: result: ok
configure:6828: result: running configure fragment for sysdeps/gnu
configure:6828: result: running configure fragment for sysdeps/x86_64
configure:4: checking for AVX512DQ support in assembler
configure:13: gcc -c  conftest.s 1>&5
configure:16: $? = 0
configure:24: result: yes
configure:31: checking for AVX512 support
configure:37: gcc -mavx512f -xc /dev/null -S -o /dev/null
configure:40: $? = 0
configure:48: result: yes
configure:57: checking -mprefer-vector-width=128
configure:63: gcc -mprefer-vector-width=128 -xc /dev/null -S -o /dev/null
configure:66: $? = 0
configure:74: result: yes
configure:79: checking for Intel MPX support
configure:88: gcc -c  conftest.s 1>&5
configure:91: $? = 0
configure:99: result: yes
configure:6828: result: running configure fragment for sysdeps/x86
configure:6: checking whether CET can be enabled
configure:17: gcc -c -g -O2 -fcf-protection -include cet.h conftest.c 1>&5
conftest.c:2:16: warning: missing terminating ' character
 # error CET isn't available.
                ^
configure:20: $? = 0
configure:28: result: yes
configure:36: checking whether as supports CET
configure:45: gcc -c -g -O2 conftest.s -o conftest.o 1>&5
configure:48: $? = 0
configure:56: result: yes
configure:73: checking for linker x86 ISA level support
configure:132: gcc -g -O2  -nostartfiles -nostdlib -r -o conftest conftest1.S conftest2.S
configure:135: $? = 0
configure:143: gcc -g -O2  -fverbose-asm -S -o - conftest.c
configure:146: $? = 0
configure:151: gcc -g -O2  -fverbose-asm -S -o - conftest.c
configure:154: $? = 0
configure:162: result: yes
configure:6893: checking whether -fPIC is default
conftest.c:2:3: error: #error PIC is default.
 # error PIC is default.
   ^~~~~
configure:6909: result: yes
configure:6913: checking whether -fPIE is default
conftest.c:2:3: error: #error PIE is default.
 # error PIE is default.
   ^~~~~
configure:6929: result: yes
configure:7094: creating ./config.status

## ---------------------- ##
## Running config.status. ##
## ---------------------- ##

This file was extended by GNU C Library config.status (see version.h), which was
generated by GNU Autoconf 2.69.  Invocation command line was

  CONFIG_FILES    = 
  CONFIG_HEADERS  = 
  CONFIG_LINKS    = 
  CONFIG_COMMANDS = 
  $ ./config.status 

on mritunjya-Predator-PH315-51

config.status:959: creating config.make
config.status:959: creating Makefile
config.status:959: creating config.h
config.status:1119: config.h is unchanged
config.status:1133: executing default commands

## ---------------- ##
## Cache variables. ##
## ---------------- ##

ac_cv_build=x86_64-pc-linux-gnu
ac_cv_c_compiler_gnu=yes
ac_cv_cxx_compiler_gnu=yes
ac_cv_env_CCC_set=
ac_cv_env_CCC_value=
ac_cv_env_CC_set=
ac_cv_env_CC_value=
ac_cv_env_CFLAGS_set=
ac_cv_env_CFLAGS_value=
ac_cv_env_CPPFLAGS_set=
ac_cv_env_CPPFLAGS_value=
ac_cv_env_CPP_set=
ac_cv_env_CPP_value=
ac_cv_env_CXXFLAGS_set=
ac_cv_env_CXXFLAGS_value=
ac_cv_env_CXX_set=
ac_cv_env_CXX_value=
ac_cv_env_LDFLAGS_set=
ac_cv_env_LDFLAGS_value=
ac_cv_env_LIBS_set=
ac_cv_env_LIBS_value=
ac_cv_env_build_alias_set=
ac_cv_env_build_alias_value=
ac_cv_env_host_alias_set=
ac_cv_env_host_alias_value=
ac_cv_env_target_alias_set=
ac_cv_env_target_alias_value=
ac_cv_host=x86_64-pc-linux-gnu
ac_cv_lib_selinux_is_selinux_enabled=no
ac_cv_objext=o
ac_cv_path_BASH_SHELL=/usr/bin/bash
ac_cv_path_EGREP='/usr/bin/grep -E'
ac_cv_path_GREP=/usr/bin/grep
ac_cv_path_INSTALL_INFO=/usr/bin/install-info
ac_cv_path_PERL=/usr/bin/perl
ac_cv_path_install='/usr/bin/install -c'
ac_cv_prog_AS=as
ac_cv_prog_AWK=gawk
ac_cv_prog_BISON=bison
ac_cv_prog_LD=ld
ac_cv_prog_MAKE=make
ac_cv_prog_PYTHON_PROG=python3
ac_cv_prog_SED=sed
ac_cv_prog_ac_ct_CC=gcc
ac_cv_prog_ac_ct_CXX=g++
ac_cv_prog_ac_ct_NM=nm
ac_cv_prog_ac_ct_READELF=readelf
ac_cv_prog_cc_g=yes
ac_cv_prog_cxx_g=yes
libc_cv_as_noexecstack=yes
libc_cv_asm_avx512dq=yes
libc_cv_asm_mpx=yes
libc_cv_asm_set_directive=yes
libc_cv_broken_alias_attribute=no
libc_cv_builtin_trap=yes
libc_cv_cc_avx512=yes
libc_cv_cc_loop_to_function=yes
libc_cv_cc_mprefer_vector_width=yes
libc_cv_cc_nofma=-ffp-contract=off
libc_cv_cc_pie_default=yes
libc_cv_cc_with_libunwind=no
libc_cv_compiler_default_cet=yes
libc_cv_compiler_ok=yes
libc_cv_cxx_link_ok=yes
libc_cv_cxx_thread_local=yes
libc_cv_ehdr_start=yes
libc_cv_fno_toplevel_reorder=yes
libc_cv_fpie=yes
libc_cv_gcc_builtin_memset=yes
libc_cv_gcc_builtin_redirection=yes
libc_cv_gcc_incompatible_alias=yes
libc_cv_gcc_indirect_function=yes
libc_cv_gcc_unwind_find_fde=no
libc_cv_gnu_retain=no
libc_cv_has_glob_dat=yes
libc_cv_hashstyle=yes
libc_cv_have_sdata_section=no
libc_cv_have_section_quotes=no
libc_cv_have_x86_lahf_sahf=no
libc_cv_have_x86_movbe=no
libc_cv_idn=no
libc_cv_include_x86_isa_level=yes
libc_cv_insert=yes
libc_cv_ld_gnu_indirect_function=yes
libc_cv_linux320='3.2.0 or later'
libc_cv_localstatedir='${prefix}/var'
libc_cv_mtls_dialect_gnu2=yes
libc_cv_multidir=.
libc_cv_no_dynamic_linker=yes
libc_cv_nss_crypt=no
libc_cv_pic_default=yes
libc_cv_pie_default=yes
libc_cv_predef_fortify_source=yes
libc_cv_prog_as_gnu=yes
libc_cv_prog_ld_gnu=yes
libc_cv_protected_data=yes
libc_cv_ssp=yes
libc_cv_ssp_all=yes
libc_cv_ssp_strong=yes
libc_cv_static_nss_crypt=no
libc_cv_static_pie=yes
libc_cv_symver_needs_alias=yes
libc_cv_sysconfdir='${prefix}/etc'
libc_cv_textrel_ifunc=yes
libc_cv_use_default_link=yes
libc_cv_with_fp=yes
libc_cv_x32=no
libc_cv_x86_cet_as=yes
libc_cv_x86_cet_available=yes
libc_cv_z_combreloc=yes
libc_cv_z_execstack=yes
libc_cv_z_start_stop_gc=no

## ----------------- ##
## Output variables. ##
## ----------------- ##

AR='ar'
AS='as'
ASFLAGS_config=' -Wa,--noexecstack'
AUTOCONF='no'
AWK='gawk'
BASH_SHELL='/usr/bin/bash'
BISON='bison'
BUILD_CC=''
CC='gcc'
CFLAGS='-g -O2'
CPP='gcc -E'
CPPFLAGS=''
CPPUNDEFS='-U_FORTIFY_SOURCE'
CXX='g++'
CXXFLAGS='-g -O2'
CXX_BITS_STD_ABS_H='/usr/include/c++/9/bits/std_abs.h'
CXX_CMATH_HEADER='/usr/include/c++/9/cmath'
CXX_CSTDLIB_HEADER='/usr/include/c++/9/cstdlib'
CXX_SYSINCLUDES=''
DEFINES=''
DEFS='-DHAVE_CONFIG_H'
ECHO_C=''
ECHO_N='-n'
ECHO_T=''
GPROF='gprof'
INSTALL_DATA='${INSTALL} -m 644'
INSTALL_INFO='/usr/bin/install-info'
INSTALL_PROGRAM='${INSTALL}'
INSTALL_SCRIPT='${INSTALL}'
LD='ld'
LDFLAGS=''
LIBGD='no'
LIBOBJS=''
LIBS=''
LN_S='ln -s'
LTLIBOBJS=''
MAKE='make'
MAKEINFO=':'
MSGFMT=':'
NM='nm'
OBJCOPY='objcopy'
OBJDUMP='objdump'
OBJEXT='o'
PACKAGE_BUGREPORT='https://sourceware.org/bugzilla/'
PACKAGE_NAME='GNU C Library'
PACKAGE_STRING='GNU C Library (see version.h)'
PACKAGE_TARNAME='glibc'
PACKAGE_URL='https://www.gnu.org/software/glibc/'
PACKAGE_VERSION='(see version.h)'
PATH_SEPARATOR=':'
PERL='/usr/bin/perl'
PKGVERSION='(GNU libc) '
PKGVERSION_TEXI='(GNU libc) '
PYTHON='python3 -B'
PYTHON_PROG='python3'
READELF='readelf'
RELEASE='stable'
REPORT_BUGS_TEXI='@uref{https://www.gnu.org/software/libc/bugs.html}'
REPORT_BUGS_TO='<https://www.gnu.org/software/libc/bugs.html>'
SED='sed'
SHELL='/bin/bash'
SYSINCLUDES=''
VERSION='2.34'
ac_ct_CC='gcc'
ac_ct_CXX='g++'
all_warnings=''
base_machine='x86_64'
bindir='${exec_prefix}/bin'
bindnow='no'
build='x86_64-pc-linux-gnu'
build_alias=''
build_cpu='x86_64'
build_crypt='yes'
build_nscd='yes'
build_os='linux-gnu'
build_pt_chown='no'
build_vendor='pc'
cross_compiling='no'
datadir='${datarootdir}'
datarootdir='${prefix}/share'
docdir='${datarootdir}/doc/${PACKAGE_TARNAME}'
dvidir='${docdir}'
enable_timezone_tools='yes'
enable_werror='yes'
exec_prefix='${prefix}'
experimental_malloc='yes'
extra_nonshared_cflags=''
fno_unit_at_a_time='-fno-toplevel-reorder -fno-section-anchors'
force_install='yes'
hardcoded_path_in_tests='no'
have_libaudit=''
have_libcap=''
have_selinux='no'
have_tunables='yes'
host='x86_64-pc-linux-gnu'
host_alias=''
host_cpu='x86_64'
host_os='linux-gnu'
host_vendor='pc'
htmldir='${docdir}'
includedir='${prefix}/include'
infodir='${datarootdir}/info'
ldd_rewrite_script='sysdeps/unix/sysv/linux/x86_64/ldd-rewrite.sed'
libc_cv_cc_loop_to_function='yes'
libc_cv_cc_nofma='-ffp-contract=off'
libc_cv_cc_pie_default='yes'
libc_cv_cc_submachine=''
libc_cv_cc_with_libunwind='no'
libc_cv_complocaledir=''
libc_cv_cxx_thread_local='yes'
libc_cv_fpie='yes'
libc_cv_gcc_unwind_find_fde='no'
libc_cv_has_glob_dat='yes'
libc_cv_hashstyle='yes'
libc_cv_insert='yes'
libc_cv_localstatedir='${prefix}/var'
libc_cv_mtls_dialect_gnu2='yes'
libc_cv_multidir='.'
libc_cv_nss_crypt='no'
libc_cv_pic_default='yes'
libc_cv_pie_default='yes'
libc_cv_protected_data='yes'
libc_cv_rootsbindir=''
libc_cv_rtlddir=''
libc_cv_slibdir=''
libc_cv_ssp='yes'
libc_cv_static_nss_crypt='no'
libc_cv_sysconfdir='${prefix}/etc'
libc_cv_textrel_ifunc='yes'
libc_cv_with_fp='yes'
libc_cv_z_combreloc='yes'
libc_cv_z_execstack='yes'
libc_extra_cflags=''
libc_extra_cppflags=''
libdir='${exec_prefix}/lib'
libexecdir='${exec_prefix}/libexec'
localedir='${datarootdir}/locale'
localstatedir='${prefix}/var'
mach_interface_list=''
mandir='${datarootdir}/man'
memory_tagging='no'
multi_arch='default'
no_stack_protector='-fno-stack-protector -DSTACK_PROTECTOR_LEVEL=0'
oldincludedir='/usr/include'
pdfdir='${docdir}'
prefix='/home/mritunjya/rooms/cryptography/crypto-hack/crackmes-one'
profile='no'
program_transform_name='s,x,x,'
psdir='${docdir}'
pthread_in_libc='yes'
sbindir='${exec_prefix}/sbin'
shared='yes'
sharedstatedir='${prefix}/com'
stack_protector='-fno-stack-protector'
static=''
static_nss='no'
subdirs=' '
submachine=''
sysconfdir='${prefix}/etc'
sysheaders=''
sysnames=' sysdeps/unix/sysv/linux/x86_64/64 sysdeps/unix/sysv/linux/x86_64 sysdeps/unix/sysv/linux/x86 sysdeps/x86/nptl sysdeps/unix/sysv/linux/wordsize-64 sysdeps/x86_64/nptl sysdeps/unix/sysv/linux sysdeps/nptl sysdeps/pthread sysdeps/gnu sysdeps/unix/inet sysdeps/unix/sysv sysdeps/unix/x86_64 sysdeps/unix sysdeps/posix sysdeps/x86_64/64 sysdeps/x86_64/fpu/multiarch sysdeps/x86_64/fpu sysdeps/x86/fpu sysdeps/x86_64/multiarch sysdeps/x86_64 sysdeps/x86 sysdeps/ieee754/float128 sysdeps/ieee754/ldbl-96 sysdeps/ieee754/dbl-64 sysdeps/ieee754/flt-32 sysdeps/wordsize-64 sysdeps/ieee754 sysdeps/generic'
target_alias=''
use_default_link='yes'
use_ldconfig='yes'
use_nscd='yes'

## ----------- ##
## confdefs.h. ##
## ----------- ##

/* confdefs.h */
#define PACKAGE_NAME "GNU C Library"
#define PACKAGE_TARNAME "glibc"
#define PACKAGE_VERSION "(see version.h)"
#define PACKAGE_STRING "GNU C Library (see version.h)"
#define PACKAGE_BUGREPORT "https://sourceware.org/bugzilla/"
#define PACKAGE_URL "https://www.gnu.org/software/glibc/"
#define PKGVERSION "(GNU libc) "
#define REPORT_BUGS_TO "<https://www.gnu.org/software/libc/bugs.html>"
#define HAVE_TUNABLES 1
#define USE_PPC_SCV 1
#define HAVE_CC_NO_STACK_PROTECTOR 1
#define STACK_PROTECTOR_LEVEL 0
#define USE_MULTIARCH 1
#define HAVE_ASM_SET_DIRECTIVE 1
#define HAVE_Z_COMBRELOC 1
#define HAVE_BUILTIN_MEMSET 1
#define HAVE_CC_INHIBIT_LOOP_TO_LIBCALL 1
#define HAVE_EHDR_START 1
#define SYMVER_NEEDS_ALIAS 1
#define HAVE_BUILTIN_TRAP 1
#define __LINUX_KERNEL_VERSION (3 * 65536 + 2 * 256 + 0)
#define __ABI_TAG_VERSION 3,2,0
#define HAVE_INLINED_SYSCALLS 1
#define HAVE_AVX512DQ_ASM_SUPPORT 1
#define HAVE_AVX512_SUPPORT 1
#define HAVE_MPX_SUPPORT 1
#define PI_STATIC_AND_HIDDEN 1
#define SUPPORT_STATIC_PIE 1
#define DEFAULT_DL_X86_CET_CONTROL cet_elf_property
#define INCLUDE_X86_ISA_LEVEL 1
#define HAVE_IFUNC 1
#define HAVE_GCC_IFUNC 1
#define USE_NSCD 1
#define USE_LDCONFIG 1
#define PTHREAD_IN_LIBC 1

configure: exit 0
