:: sys/socket.h
::::
:::: -D_DEFAULT_SOURCE=1
:::: -D_GNU_SOURCE=1
:::: -D_XOPEN_SOURCE=700
:::: -std=c++98
:::: -std=c++98 -D_DEFAULT_SOURCE=1
:::: -std=c++98 -D_GNU_SOURCE=1
:::: -std=c++98 -D_XOPEN_SOURCE=700
:::: -std=gnu++98
:::: -std=gnu++98 -D_DEFAULT_SOURCE=1
:::: -std=gnu++98 -D_GNU_SOURCE=1
:::: -std=gnu++98 -D_XOPEN_SOURCE=700
:::: -std=c++11
:::: -std=c++11 -D_DEFAULT_SOURCE=1
:::: -std=c++11 -D_GNU_SOURCE=1
:::: -std=c++11 -D_XOPEN_SOURCE=700
:::: -std=gnu++11
:::: -std=gnu++11 -D_DEFAULT_SOURCE=1
:::: -std=gnu++11 -D_GNU_SOURCE=1
:::: -std=gnu++11 -D_XOPEN_SOURCE=700
:: sys/un.h
::::
:::: -D_DEFAULT_SOURCE=1
:::: -D_GNU_SOURCE=1
:::: -D_XOPEN_SOURCE=700
:::: -std=c++98
:::: -std=c++98 -D_DEFAULT_SOURCE=1
:::: -std=c++98 -D_GNU_SOURCE=1
:::: -std=c++98 -D_XOPEN_SOURCE=700
:::: -std=gnu++98
:::: -std=gnu++98 -D_DEFAULT_SOURCE=1
:::: -std=gnu++98 -D_GNU_SOURCE=1
:::: -std=gnu++98 -D_XOPEN_SOURCE=700
:::: -std=c++11
:::: -std=c++11 -D_DEFAULT_SOURCE=1
:::: -std=c++11 -D_GNU_SOURCE=1
:::: -std=c++11 -D_XOPEN_SOURCE=700
:::: -std=gnu++11
:::: -std=gnu++11 -D_DEFAULT_SOURCE=1
:::: -std=gnu++11 -D_GNU_SOURCE=1
:::: -std=gnu++11 -D_XOPEN_SOURCE=700
:: sys/socketvar.h
::::
:::: -D_DEFAULT_SOURCE=1
:::: -D_GNU_SOURCE=1
:::: -D_XOPEN_SOURCE=700
:::: -std=c++98
:::: -std=c++98 -D_DEFAULT_SOURCE=1
:::: -std=c++98 -D_GNU_SOURCE=1
:::: -std=c++98 -D_XOPEN_SOURCE=700
:::: -std=gnu++98
:::: -std=gnu++98 -D_DEFAULT_SOURCE=1
:::: -std=gnu++98 -D_GNU_SOURCE=1
:::: -std=gnu++98 -D_XOPEN_SOURCE=700
:::: -std=c++11
:::: -std=c++11 -D_DEFAULT_SOURCE=1
:::: -std=c++11 -D_GNU_SOURCE=1
:::: -std=c++11 -D_XOPEN_SOURCE=700
:::: -std=gnu++11
:::: -std=gnu++11 -D_DEFAULT_SOURCE=1
:::: -std=gnu++11 -D_GNU_SOURCE=1
:::: -std=gnu++11 -D_XOPEN_SOURCE=700
:: net/if.h
::::
:::: -D_DEFAULT_SOURCE=1
:::: -D_GNU_SOURCE=1
:::: -D_XOPEN_SOURCE=700
:::: -std=c++98
:::: -std=c++98 -D_DEFAULT_SOURCE=1
:::: -std=c++98 -D_GNU_SOURCE=1
:::: -std=c++98 -D_XOPEN_SOURCE=700
:::: -std=gnu++98
:::: -std=gnu++98 -D_DEFAULT_SOURCE=1
:::: -std=gnu++98 -D_GNU_SOURCE=1
:::: -std=gnu++98 -D_XOPEN_SOURCE=700
:::: -std=c++11
:::: -std=c++11 -D_DEFAULT_SOURCE=1
:::: -std=c++11 -D_GNU_SOURCE=1
:::: -std=c++11 -D_XOPEN_SOURCE=700
:::: -std=gnu++11
:::: -std=gnu++11 -D_DEFAULT_SOURCE=1
:::: -std=gnu++11 -D_GNU_SOURCE=1
:::: -std=gnu++11 -D_XOPEN_SOURCE=700
:: net/if_ppp.h
::::
:::: -D_DEFAULT_SOURCE=1
:::: -D_GNU_SOURCE=1
:::: -D_XOPEN_SOURCE=700
:::: -std=c++98
:::: -std=c++98 -D_DEFAULT_SOURCE=1
:::: -std=c++98 -D_GNU_SOURCE=1
:::: -std=c++98 -D_XOPEN_SOURCE=700
:::: -std=gnu++98
:::: -std=gnu++98 -D_DEFAULT_SOURCE=1
:::: -std=gnu++98 -D_GNU_SOURCE=1
:::: -std=gnu++98 -D_XOPEN_SOURCE=700
:::: -std=c++11
:::: -std=c++11 -D_DEFAULT_SOURCE=1
:::: -std=c++11 -D_GNU_SOURCE=1
:::: -std=c++11 -D_XOPEN_SOURCE=700
:::: -std=gnu++11
:::: -std=gnu++11 -D_DEFAULT_SOURCE=1
:::: -std=gnu++11 -D_GNU_SOURCE=1
:::: -std=gnu++11 -D_XOPEN_SOURCE=700
:: net/ppp-comp.h
::::
:::: -D_DEFAULT_SOURCE=1
:::: -D_GNU_SOURCE=1
:::: -D_XOPEN_SOURCE=700
:::: -std=c++98
:::: -std=c++98 -D_DEFAULT_SOURCE=1
:::: -std=c++98 -D_GNU_SOURCE=1
:::: -std=c++98 -D_XOPEN_SOURCE=700
:::: -std=gnu++98
:::: -std=gnu++98 -D_DEFAULT_SOURCE=1
:::: -std=gnu++98 -D_GNU_SOURCE=1
:::: -std=gnu++98 -D_XOPEN_SOURCE=700
:::: -std=c++11
:::: -std=c++11 -D_DEFAULT_SOURCE=1
:::: -std=c++11 -D_GNU_SOURCE=1
:::: -std=c++11 -D_XOPEN_SOURCE=700
:::: -std=gnu++11
:::: -std=gnu++11 -D_DEFAULT_SOURCE=1
:::: -std=gnu++11 -D_GNU_SOURCE=1
:::: -std=gnu++11 -D_XOPEN_SOURCE=700
:: net/ppp_defs.h
::::
:::: -D_DEFAULT_SOURCE=1
:::: -D_GNU_SOURCE=1
:::: -D_XOPEN_SOURCE=700
:::: -std=c++98
:::: -std=c++98 -D_DEFAULT_SOURCE=1
:::: -std=c++98 -D_GNU_SOURCE=1
:::: -std=c++98 -D_XOPEN_SOURCE=700
:::: -std=gnu++98
:::: -std=gnu++98 -D_DEFAULT_SOURCE=1
:::: -std=gnu++98 -D_GNU_SOURCE=1
:::: -std=gnu++98 -D_XOPEN_SOURCE=700
:::: -std=c++11
:::: -std=c++11 -D_DEFAULT_SOURCE=1
:::: -std=c++11 -D_GNU_SOURCE=1
:::: -std=c++11 -D_XOPEN_SOURCE=700
:::: -std=gnu++11
:::: -std=gnu++11 -D_DEFAULT_SOURCE=1
:::: -std=gnu++11 -D_GNU_SOURCE=1
:::: -std=gnu++11 -D_XOPEN_SOURCE=700
:: net/if_arp.h
::::
:::: -D_DEFAULT_SOURCE=1
:::: -D_GNU_SOURCE=1
:::: -D_XOPEN_SOURCE=700
:::: -std=c++98
:::: -std=c++98 -D_DEFAULT_SOURCE=1
:::: -std=c++98 -D_GNU_SOURCE=1
:::: -std=c++98 -D_XOPEN_SOURCE=700
:::: -std=gnu++98
:::: -std=gnu++98 -D_DEFAULT_SOURCE=1
:::: -std=gnu++98 -D_GNU_SOURCE=1
:::: -std=gnu++98 -D_XOPEN_SOURCE=700
:::: -std=c++11
:::: -std=c++11 -D_DEFAULT_SOURCE=1
:::: -std=c++11 -D_GNU_SOURCE=1
:::: -std=c++11 -D_XOPEN_SOURCE=700
:::: -std=gnu++11
:::: -std=gnu++11 -D_DEFAULT_SOURCE=1
:::: -std=gnu++11 -D_GNU_SOURCE=1
:::: -std=gnu++11 -D_XOPEN_SOURCE=700
:: net/route.h
::::
:::: -D_DEFAULT_SOURCE=1
:::: -D_GNU_SOURCE=1
:::: -D_XOPEN_SOURCE=700
:::: -std=c++98
:::: -std=c++98 -D_DEFAULT_SOURCE=1
:::: -std=c++98 -D_GNU_SOURCE=1
:::: -std=c++98 -D_XOPEN_SOURCE=700
:::: -std=gnu++98
:::: -std=gnu++98 -D_DEFAULT_SOURCE=1
:::: -std=gnu++98 -D_GNU_SOURCE=1
:::: -std=gnu++98 -D_XOPEN_SOURCE=700
:::: -std=c++11
:::: -std=c++11 -D_DEFAULT_SOURCE=1
:::: -std=c++11 -D_GNU_SOURCE=1
:::: -std=c++11 -D_XOPEN_SOURCE=700
:::: -std=gnu++11
:::: -std=gnu++11 -D_DEFAULT_SOURCE=1
:::: -std=gnu++11 -D_GNU_SOURCE=1
:::: -std=gnu++11 -D_XOPEN_SOURCE=700
:: net/ethernet.h
::::
:::: -D_DEFAULT_SOURCE=1
:::: -D_GNU_SOURCE=1
:::: -D_XOPEN_SOURCE=700
:::: -std=c++98
:::: -std=c++98 -D_DEFAULT_SOURCE=1
:::: -std=c++98 -D_GNU_SOURCE=1
:::: -std=c++98 -D_XOPEN_SOURCE=700
:::: -std=gnu++98
:::: -std=gnu++98 -D_DEFAULT_SOURCE=1
:::: -std=gnu++98 -D_GNU_SOURCE=1
:::: -std=gnu++98 -D_XOPEN_SOURCE=700
:::: -std=c++11
:::: -std=c++11 -D_DEFAULT_SOURCE=1
:::: -std=c++11 -D_GNU_SOURCE=1
:::: -std=c++11 -D_XOPEN_SOURCE=700
:::: -std=gnu++11
:::: -std=gnu++11 -D_DEFAULT_SOURCE=1
:::: -std=gnu++11 -D_GNU_SOURCE=1
:::: -std=gnu++11 -D_XOPEN_SOURCE=700
:: net/if_slip.h
::::
:::: -D_DEFAULT_SOURCE=1
:::: -D_GNU_SOURCE=1
:::: -D_XOPEN_SOURCE=700
:::: -std=c++98
:::: -std=c++98 -D_DEFAULT_SOURCE=1
:::: -std=c++98 -D_GNU_SOURCE=1
:::: -std=c++98 -D_XOPEN_SOURCE=700
:::: -std=gnu++98
:::: -std=gnu++98 -D_DEFAULT_SOURCE=1
:::: -std=gnu++98 -D_GNU_SOURCE=1
:::: -std=gnu++98 -D_XOPEN_SOURCE=700
:::: -std=c++11
:::: -std=c++11 -D_DEFAULT_SOURCE=1
:::: -std=c++11 -D_GNU_SOURCE=1
:::: -std=c++11 -D_XOPEN_SOURCE=700
:::: -std=gnu++11
:::: -std=gnu++11 -D_DEFAULT_SOURCE=1
:::: -std=gnu++11 -D_GNU_SOURCE=1
:::: -std=gnu++11 -D_XOPEN_SOURCE=700
:: net/if_packet.h
::::
:::: -D_DEFAULT_SOURCE=1
:::: -D_GNU_SOURCE=1
:::: -D_XOPEN_SOURCE=700
:::: -std=c++98
:::: -std=c++98 -D_DEFAULT_SOURCE=1
:::: -std=c++98 -D_GNU_SOURCE=1
:::: -std=c++98 -D_XOPEN_SOURCE=700
:::: -std=gnu++98
:::: -std=gnu++98 -D_DEFAULT_SOURCE=1
:::: -std=gnu++98 -D_GNU_SOURCE=1
:::: -std=gnu++98 -D_XOPEN_SOURCE=700
:::: -std=c++11
:::: -std=c++11 -D_DEFAULT_SOURCE=1
:::: -std=c++11 -D_GNU_SOURCE=1
:::: -std=c++11 -D_XOPEN_SOURCE=700
:::: -std=gnu++11
:::: -std=gnu++11 -D_DEFAULT_SOURCE=1
:::: -std=gnu++11 -D_GNU_SOURCE=1
:::: -std=gnu++11 -D_XOPEN_SOURCE=700
:: net/if_shaper.h
::::
:::: -D_DEFAULT_SOURCE=1
:::: -D_GNU_SOURCE=1
:::: -D_XOPEN_SOURCE=700
:::: -std=c++98
:::: -std=c++98 -D_DEFAULT_SOURCE=1
:::: -std=c++98 -D_GNU_SOURCE=1
:::: -std=c++98 -D_XOPEN_SOURCE=700
:::: -std=gnu++98
:::: -std=gnu++98 -D_DEFAULT_SOURCE=1
:::: -std=gnu++98 -D_GNU_SOURCE=1
:::: -std=gnu++98 -D_XOPEN_SOURCE=700
:::: -std=c++11
:::: -std=c++11 -D_DEFAULT_SOURCE=1
:::: -std=c++11 -D_GNU_SOURCE=1
:::: -std=c++11 -D_XOPEN_SOURCE=700
:::: -std=gnu++11
:::: -std=gnu++11 -D_DEFAULT_SOURCE=1
:::: -std=gnu++11 -D_GNU_SOURCE=1
:::: -std=gnu++11 -D_XOPEN_SOURCE=700
